752023734
727438774
317295319
408463148
781744633
612481512
924745280
549959591
796276212
275084594
539368852
922400419
403388372
471205349
875010583
426398324
345657219
757706520
324088647
551878027
252355037
198746369
985741761
174191324
210733818
952137730
739263553
295833424
716313811
423825379
175778893
580998729
269561813
428262914
214540231
39695683
814753559
509103914
972127681
351268592
468006888
170708610
451320206
148548354
876233212
782618195
387154538
2558498
258667346
391653243
126173561
585312835
317872924
52405825
678844420
808978732
953619080
591778690
393307944
452716114
56949954
422524071
571169653
285097436
427394778
625120549
169848445
115900072
911376978
612746689
217260112
834844828
625458088
35910574
644341526
246044511
999912738
641293187
474186932
564156452
223169552
251079499
94596366
281737525
749946315
384641483
215739035
279966447
366659086
222425084
30820083
223267260
306036071
601650376
584209762
330848418
766514472
680313009
151528361
90047706
