871853002
962650201
119112789
971528166
959670088
417744070
883502147
810428672
421685079
643701446
46255935
834520001
206843864
483194030
948511850
710614474
369004065
807898239
393188454
15119627
770526649
356170360
593144153
363916095
989107581
191433669
894559810
845819185
298166939
142399343
35585895
27346460
126405345
527374581
799748201
152453685
680168563
634404018
185619923
37622252
937397965
234249309
280376364
771130882
143777621
427227021
710132181
869975753
481163646
647703314
237479831
914347115
288913167
2758795
909555021
929545568
626060940
909692712
621663316
201916314
649293142
756731663
103226988
314067377
177452258
993280526
998026966
126284247
147659947
943000884
527981036
851644200
893596680
452419579
562621498
380513850
680562030
712582179
835528057
89358080
127842352
842112404
293743778
733283561
572252060
339653828
936375629
179166392
420552806
512349466
792281155
742738118
581808187
243362325
583496071
61145138
190726237
489361768
182885985
974720295
