535276440
947391952
933474642
165899794
720440379
621865819
358726399
804604582
142181973
541325035
182206316
485583540
661512175
378886734
874362172
597839598
481133887
885591780
375034538
922852186
323988293
942144202
128554584
846668748
487369333
801471827
112625729
128164707
921550939
253290952
137115552
900000381
910156505
703965901
258418326
874524963
438557496
40047330
448825270
882015065
793635065
584462387
598113851
451440789
83008219
914821626
440842361
329422821
655077601
464687241
412827863
684964899
235537233
28694688
132870634
757472239
806677169
240411270
186702134
441630878
484041720
242576639
280146674
923048977
199188378
121729032
365923671
775067863
354845376
796778283
442858086
516330268
150342422
842771998
559305213
897005953
95322081
300312300
544300901
732597705
584849782
306437621
266374234
599184534
405137252
328575706
687432901
706938520
937983715
589169483
643279686
655464746
341319297
730099699
586102866
243641601
47984315
73434896
29892178
298844419
