145385846
644700744
628511006
745135688
254529060
127130173
333590275
17719430
245281190
642377567
494784972
648443213
360156569
752361630
654913516
809489179
842828367
82761825
767847319
711044105
138076329
902103710
539397727
31500247
537445079
680120496
52234310
432638743
105094217
402642427
698675190
732982210
642272445
238453151
550678801
972064284
751029860
163983710
436822166
44327208
957809432
11573481
1731
294525257
746026672
386412557
66784067
572631475
226227755
827644120
480976515
361906652
678092604
421184378
885112420
863240643
765777955
669109737
406363330
60877605
585124654
948616258
981581669
330873236
137250991
95846500
788266513
721592733
644582382
291364416
708955662
481502179
50564535
746220680
634376955
996411920
914073952
998086799
587232582
450439408
744338533
975787709
423125573
105275108
980763992
29882736
986760162
47734437
678673207
16691107
687296851
757789128
392692448
379092213
786715233
353837414
856179437
262201827
973994764
620928232
