623686167
669905291
589241760
303355498
361636309
891161811
608574633
708856521
826256453
804763532
314419743
776731149
659745905
427913538
828676349
986491695
172155143
149083856
238447796
36062427
98790216
421216768
891724417
427275650
228045674
923376783
553427769
271237316
268699441
202175646
916480317
199105423
920682956
313091745
551393587
484841122
550618499
622125946
486005992
735971769
686574891
867191837
843563540
1439056
330552456
707109486
359442981
575034686
602623229
304914487
853498654
311101828
83920066
543075410
984423584
986722743
453137026
163523871
365707753
294549836
295821673
852008073
415117914
705415664
403940551
455509924
971765529
841267077
228713867
183936200
532860811
657310620
717359485
32872759
244160917
463865539
783578301
178937245
108653291
991520766
206541919
669534857
886650927
962303797
817913838
509898614
352596537
229290032
442646187
828422978
793611043
809798595
641739442
936210348
784169640
524780374
300347463
263330484
642461744
357945430
