555720661
348388226
953431387
185094492
970371308
782863553
313138331
365222085
240089403
804545364
461831942
24829125
126723871
913736020
600412738
888934839
487421151
943418788
384637500
253907769
534532634
472721822
319813815
751662203
614643117
746723302
632808799
924010694
594773072
902692052
535021828
101679385
368429479
269282668
147404181
412284442
134149393
807096403
259657239
386323964
989499447
482762006
560139075
618056087
286469302
571748837
108348137
59393474
129428527
228002195
979978946
722774408
188723652
453491234
931412277
784391137
29189832
625689452
60540589
792090201
190127551
303814073
844928004
90258702
875192145
690155923
53980023
77956256
318512708
39169984
72051362
867904546
208686192
268102357
443425787
644173902
250702567
616640143
124752115
724166406
389140561
139916069
16282360
270076607
705958153
657024954
463951049
997777088
631620864
357696175
550358610
144645771
735966854
743166403
290965386
18236818
259004201
289661364
853370490
237956733
