0
-14383
4461
215297316
-23172
41292
130984620
1
0
14659
584420928
459204106
145271171
154495258
7234
1
4
-9142
137193554
-16651
7081
34238
0
1
40752
-15673
-8883
8811
1
378410939
-13745
257286082
0
1
134274850
0
40004
542451416
43336
6208
2
36657
33688
17584
11332
0
2786
29610
-18043
47760
0
6
38511
32083560
0
45712
0
735390843
0
507618428
-18533
-7841
40218352
22324
56785344
21036
135820124
-14234
15400
321182792
2
19702
-23802
0
1
26214
1
2
-7805
0
1
23226
0
222525400
88835816
217560
58742
13305
178538932
-5603
-1877
18158528
1050805204
12815
19539243
67689980
-13652
0
41387
266315590
-27379
25451
-9892
22404
-8087
0
2
142685240
32561086
0
-10746
6
-14223
32560
730406610
34107
891115722
1
41702
-6364
17
18289
18619
4159
1165
110203648
1
-5467
1
-12637
-15559
1
0
1
38326
2174887
-2116
3
38474
249810176
58164477
564874981
36728
37617
157564938
1
35465
124187924
14968
350263355
11770
31327
316926759
1
20576
40286
3
25534
0
16505
35859
-20412
7009
-1321
44237
0
28631
33127
0
56264
-4109
5974
12594
-3650
2
18373
471397647
0
35752
8093
12792
3538300
32927
-12819
-9018
0
9598
380720873
205308222
333725240
1
0
25036
47696
30016
59279255
409557765
27927000
5767
6608
120949045
17203
0
10019
10996
0
336459944
24707
6704
8851275
0
1
29453
29672
16136
233361810
245661211
28370
1
59
438628630
1
0
-18884
22278
799483211
8409
12752
0
-28554
34886
55540
0
1
63004096
1
217033920
10004
14442
24537
1
25065
-18370
40644544
-3813
13263
0
17211875
24466
3537
-13542
5298
-1597
30802
0
-1813
39228
138106584
295854984
-5215
0
1
1
21190578
-11796
23415
346937658
1
2
246703106
35409
2094
-20017
6952
18016750
-15534
41371
1671
0
280346352
17888
0
-11303
-6259
-12665
47934
0
23883
0
36993
-22773
0
-13485
850475325
5
51369
28805
38679
8
34973009
21732
0
348194891
19506
0
60674
575522379
0
1084980
45963
15242
53608
-25273
8425
19215
49380
12295
53559
535181031
0
19872
13989
1
24410
4613
631603104
-1460
29660
-15003
37455
32490
699108466
-4043
34330
6110
3
0
12717
29087
384772003
174409920
14080
-12983
11342
0
55053
235246088
59230
828739765
1
-10546
429065460
658452494
4556
6015
318183186
1
54458
-9156
47880
557328875
28291
0
-4347
95176510
42829
1
1
95
7632
13351
1456
4117
30516200
1
-5932
803534040
45580
0
0
26360030
141302304
42654
25188
407398766
20261
46682
43171
0
23826
1
4
12575
7535
121108018
-23042
11276
18967
22731
34450
342399807
35866
-6275
20644
345455280
10119
0
16944
0
32318
501825888
27799
14342
5676
0
161541078
264467260
13972
106835982
351987042
46902800
-10184
34395348
-5451
398785354
103303776
471136884
47038
0
6
148621392
0
4219
-5188
22461
1
-16916
329376020
25591
0
-6196
13428
22019
572619000
-2333
0
-15371
27527
-9526
35836
1
23160
45058
24358
27513
63034048
27269
37153
4
-7082
-18887
908163871
43155
191485752
1
-11708
72512600
233429364
32203910
20909
1
34941
24478
-1297
-14424
0
0
35407
32258
0
10942
77615616
1
444728016
0
13442
5
103907420
1
209306968
35461
18023
36411
-3651
20896
1
39081
10
0
5187
44599407
4355
21097
-16838
-13744
0
439549344
537507222
-27269
229122696
877452875
0
7933
147941596
246040614
34637
-2115
59112060
36770
-4241
4
8187
268829228
3851
0
0
797759646
50874
18253
49629
83690339
22518
29053
477581952
0
21073
1
2697
51763
0
2
303710103
50045
42147
0
389674800
29715
2261612
19229
13271
39312806
3
-22659
-1914
61670220
0
1
53556
1
0
42060
0
22109
4
50455
3650
24807
1
554422700
43437
257818386
46837875
35431429
0
4296498
97743698
0
0
779
-31203
13788
846382540
1
23269
24607
-5895
55986899
29471
0
1164
31038
502892226
0
-7952
5755
334556400
0
19669959
247450833
9076
0
0
196175255
2
-17661
1
2900
655751740
0
7918
24460
1
-15846
9367
-11860
28965
15385
849721366
523795585
23281
0
13455366
-1936
2
17012
431009810
12708
66011211
36838
8169
0
-16044
7387
0
204926400
688952014
32877
166423424
-21009
291847391
196371840
308461860
779132406
-4921
25933
770
431860968
8
5640780
0
23971
-27252
1
33977320
11226
6138
1
269
1
-19453
2
43947
8961
21390
20440
40076
5
0
57283
-22052
0
2
44715
29980
0
40946
-22039
45487078
51489
33480096
19222
22922
451019557
26063
11382
136552416
-2331
35898
41759
40595742
8626
27378
8944
14615049
1344
2122
-1310
15555
-998
456023095
48028
43708
33049
308328587
502290630
36735
0
26989759
1615
-13871
0
13
7313
0
14850069
-6312
9359
24221
-16524
29479
44633
0
-2474
25390
17186
7208
361516475
440059504
0
53465986
54692
3
11141
55283928
10242
-4315
1
43588391
4770
3119
0
238691520
13146
27948
24682572
217703772
610353987
18879
3
17307
-1179
-7914
32591
-9311
24135
1
0
2110
243753400
2
235149899
14750
3
1
16145
4
-18728
81144200
0
3
2
1
3
-5355
47868
1
7378
18127
8
51814440
28896
1
-20329
0
1
0
326157264
0
0
1
1
0
324448516
7
0
28344
29132
16179
167599094
0
218357822
1
0
26609576
39546097
44503
582966720
256828518
2298
4387
40467
-3031
493424230
-2039
24287
18368896
2581
0
290774841
0
133375500
1
611423956
916875036
28979
0
35046
46539
868599473
10869
693618192
13214946
21926
-207
118903695
-847
0
283141232
-1510
24711
32
519234342
0
1
15583
319094370
0
142007631
1
-22399
530250903
0
0
14138
1
-9878
0
0
511316400
15289
29471
40393656
65043447
37045251
62115
30519852
39376
2
98377463
293
132701823
6617
-5188
0
71990856
427813260
1
0
85977000
3
2
345689463
28681
342358528
3
0
267319390
655506725
6217
0
10065
-7745
343552176
620417479
313555488
19603488
-10977
-21448
-28484
27552591
28539
315614404
63405
15735
18967063
6935
186260243
42668
241684209
38143
-6280
4479920
39888
54420178
-11541
330176574
-28783
1
0
10704665
25536195
23473
15557
368899818
10232
9949
290822770
42065
234010134
0
44537
6508
28091
52332
18452
1
0
0
1
1
-8820
30212
53049
23493
0
13167
1700
198672760
8451
9368
-17939
-23928
22024
150346266
-10305
908412708
376775406
41197
593981928
0
275390388
25817
272343708
51024
258726742
3
0
-6012
365068500
115211164
-18069
-4054
13812
27965
1
-22712
248478900
4457
0
385964072
0
-13621
20729
11315
-22322
60764
313398281
44421
-1266
1
1326
1
232013140
0
0
0
0
3883
1
83152250
51638164
25438
70
-27971
7144
27260
-2631
0
30956
25964
17422
201621585
24012
235388727
20892
-13094
0
473970718
49391
40275
22962
8980
-5610
36412
9578
53179
0
865200241
614736336
6
-8214
19489910
1
4083
0
10
-10168
2
4
606003130
-15031
343832125
3457
205888625
1
-14088
1
140621892
10567098
8539344
9
177470910
0
0
36401
716883618
67687994
15582
457208206
1883
0
35607
-14755
9436
320979540
192224499
0
0
347794645
21671
-26267
-4314
16594296
41311578
42856
0
41375
14770
9147
16630128
796106948
3794
62023105
825492689
1
31942
339901534
-16064
17545
1
51877
789
258763296
60552544
0
0
85829955
1
17410
-7487
2
0
1
434831928
765407580
-14236
266327944
0
34118
102578330
12143
52862
30628
647121150
3
40261
0
-7878
-22662
281929575
20463
20635
26188
28192
20103
-764
285525744
54566
0
11369
364299660
881
30395
-17501
8990
12635
443859824
0
0
0
154899125
493156844
32788950
25642876
0
1
58048
22820
2
256472810
36167
1
201
40148
0
1
32544
165583821
1
-3207
550314900
0
16861
3
2946
251171280
560712881
10413569
48008
0
16
0
79786720
0
12872
0
0
56238
383366080
66217223
45221
82101340
7671374
-14149
13602
1
6561
11
1
3937
215712560
50593
509937120
51363355
44334
0
0
0
2
586231239
612172544
255623364
17189
38551
-2009
-608
155464128
2
14654
59408954
10485
15252318
-735
-3217
38771
-9077
0
1
27039907
36367964
1
13499
0
604479160
0
6355
30252
16077
-21911
1
55432
4
23629
7
161615250
23257
784709912
-4932
-21623
403459752
3
-1746
13696
25804
679023428
22370
382376304
-1202
6249
0
-19798
364397227
1
0
647871037
35782
-2020
-8183
9460
364962520
0
2
158
2713
42370
2
104741676
955
2138
2
-22719
30396
23302
32333
-991
6710
24780
54
40250
2
241126506
-23920
49553
-21056
33536
126138135
60546720
49471
14328
15207
0
26020
472433214
2
-5899
52368
45057
10691
2648
388537344
310264823
16387776
3
-1923
-6665
54782
329877716
0
88743760
15315
3343
3885
25991641
198701280
15467
-10988
35878
2
36599
37395
35539636
59568154
7930
20933
4367
157676805
11573144
51775
1
636123180
1
107659452
323224468
247541571
10320
4052
40665
24179
23084
1
12613
7
0
-6390
218920884
-1797
-4798
-9911
342312750
715039380
47412
0
-2174
53447
-4186
0
53610
23540
730999703
393323795
29155884
151
1
0
43629
1268
24014260
32138
46898
-22337
0
283198080
871244924
32638
14144
872417179
-15256
1
25855
35838
61412994
665236460
134394403
17163
-19217
555087222
-7526
0
26328
108662048
42086666
29993
39145
37031
32557052
28798
6516
47085
-3800
304599645
554020342
0
1
2
-3042
-4984
4736
0
28230
4
-2503
26268
-8086
2
17439169
21814
218657772
-24065
12729408
860375304
48113
50504
683854980
0
-6659
1302
33473
-19168
24033
94792351
0
51044
28564
-11810
0
-16878
39370
1364691
217554600
1919168
116379905
120490468
101492187
28506
-9406
0
1
14384
46463
9944
33093
0
13379
214648286
211923530
1
223313139
0
5941
417282712
-6053
29176
109676854
37134
26813
1
41665
202195784
56975
124378480
439437384
398259000
1
0
11625
29832
-25331
3
1
3700
16671
40265
0
9096867
16879
40839786
11373
-21193
4879
12750
12080
93
21709
-15874
23967
45641
99578920
111970980
0
-10294
0
110361240
0
1
0
0
0
23671
68108229
493468510
34855
96708560
197
29174
394137184
472303806
172884987
1
23572
4
42255
3423
0
25856
283553535
2
0
149533280
14286
685933248
26976662
-3040
2
-15616
0
-10293
1
353352795
36840
42358
206515305
-12825
0
2
2
-30421
0
23491
1
2
38373
1
1
21127
1727
-13743
576650250
0
1
18614
46807
18594006
24580
35549
56457
34872
1
6762
167349898
0
39994
26070
28399
1
37135
1
0
0
19847
551398130
42254
268479288
1
53438
1334
357266364
9748
16434888
11271
42746
872209035
41096
98997942
0
186975648
2210
34037
481619916
3
51714
8266
7
151741365
-16564
-1211
62963901
615412236
180491604
29353
19577
68357296
-17499
305916820
-3512
1007161308
-5067
525144284
168567190
34217
1
1094
3
1
38189
36536
58098
1
4610
8476
50230
16739475
104345480
44315600
-2381
13803
12089
47452
18514440
0
15866
895583360
47931
-17134
65564775
16751
43793
19812
4238
161507304
48455
174994164
7765
17998
0
-30
1
24752
79515639
17782
14531
1
-2611
63531290
30260
14
43998354
52073
-12858
-5413
22074
-14365
247765648
119451234
1
49910
11749
4
25044420
22
54939
692302940
-7802
218378440
13816764
23879
-22755
-9265
15126
6308095
-6832
11335
-7267
33638
281697080
-4883
0
8057
-20359
0
5567100
58337
33210
-26783
47732833
8
0
431
284396840
78391671
38326
-5367
-14571
-9761
-16321
17111
16
12702
18110
1
48675130
33664
40750
16852
288719804
292880874
1
38061
44159
1
1
-15260
580097420
365455779
15588
2
451300992
-14577
26
221730708
440988256
15492
1786
1
0
7
2
39721
4899
1
2704
0
26861
7544
0
-20305
-5176
37793
3
0
23222
84146192
11154
242
10
224789760
24847
357585410
46270
41382
18743
28137
0
12455
291926972
18457
338742918
-25563
42888
-11282
4
0
23512
17868
34472
-7566
48114
503366133
158343720
0
1
366937088
26468
-24454
0
5041
0
16427
8324
17294
17256209
9054
-18112
1
30603576
26518
0
196033530
327777318
310131885
0
21424
27132
6270
40715
50740
0
40279
33113
-14352
417247593
19392834
188586253
-11137
1
149053830
26066
0
38878
-508
242752280
1
47304000
1
2
0
24233
31870
0
18357
1
72796736
-531
0
109862046
115035468
15990431
-261
39664
40031
630906980
41043
2
14049
13215
1
41315
0
9222
14675
-2784
31130
476885640
30281
356312124
3
174893898
0
2
27377
132417600
-15921
10445
15404
259775685
-31709
26934
18611
17943
18638
13672
22040
30273
10287
12
15402
0
-11978
-3181
0
0
63759
628618298
14165
0
4
9853
24365
-5936
25261
1070
-12417
275165872
167346510
9098
17908
4428
-2425
11136
1
5142312
6431
0
0
802318433
27919
38989
44826
-12188
1
21754
0
-2722
80625084
543154362
-17828
2558
0
112765878
363036952
12839
491161608
39609
358883979
23281
0
-8237
130770410
378304344
25286
0
0
14966
0
2560
21
1809
23001600
23777
36219
0
15669
19368
7283948
16964
25456
1
0
-12199
405267096
0
20724
-19063
-4580
95669728
5
0
6015
37962816
21035
1
713950377
4195
5106
24072
0
0
49723
19163
36384
144393197
17134
33568
0
-22638
38086
3
30263
25121
0
0
87940417
0
506547096
22902112
-29562
94540000
-9687
32902
33271
30887
2110
13171
35802000
4
4432
515608659
451659828
1
19784960
10302
1
-3689
280084014
55951
49194
0
7451
26567
2
-2021
2953782
115762880
16163
796241510
18224
0
177604007
45791
2
67197650
1197
27619
23943
1
88010082
1411
22788
-14822
92913975
0
223675340
11674
0
0
1
31465
13486
1142536
211503224
15727
22814
594530790
10
0
31871
27986
0
2980
0
8
6029
5
-582
35516
18286
50991962
51178
1
-2120
4079
35680
-2302
0
1
41196
0
14515
38915
162164340
178483264
461708016
16960625
479272446
22016
80513244
154335497
888151704
-8585
46690
32264
-6680
-5943
0
0
12521
46572288
0
390
7287
42821632
58448
0
2
11
-14343
7888
248797542
-5427
403388160
15785
5
1
766932838
0
26504
-17724
2
69354820
223415775
-1538
392176706
1
49116
11210
341019503
62067
48586
11828
20692
127576800
13710
31084
483465280
0
-20946
32315
-22008
0
22781
-21715
19354
23054396
24228
13543
29876
530215650
20075
381491616
1
1
0
-17968
-31438
0
33440
0
5774
2
46732
20000
590891480
8952
23462
267460215
18162765
46346
51280
0
42163345
270544586
1
0
5113680
15434
47331
3929
243064236
36409
-9940
0
3821
18151914
577141108
1
66270072
0
-14877
36983
-12057
218037410
0
-23186
0
0
247415092
-16241
36033
0
8085
510279
61192
-2270
1
0
22536
1
-3571
-25091
28080
48902
-12061
10404
333928920
0
0
45915
57762
38401
577844502
68061030
33352
16680
0
9
0
37724
130271350
0
-12458
28587
20345
41769
17646
6709
42914
139170210
0
40457
-29045
465531834
40893
0
19112
5720454
-11941
-7603
395909318
10440
26
4979
16502
64642860
26897
14517
138813184
272947920
149447528
0
13338
65300220
48198
217518588
-2200
-1799
1030
11061432
51219060
5889498
0
459192849
-13446
3424
30270
18901
-645
49353
103458420
10733
1
26647
42674
18
2
60614
3132
-28385
51368
400445155
18680
4589
1
22022
-20326
-16074
0
4257
1
0
34260
41553
546396411
30494654
48198
20514
51137
13719
137110992
-4897
-6373
465224312
-1569
0
-8443
16472
2
19030
337698551
0
2
1
5
431227680
42077
1
22530
867822885
21828
34749
13846420
-10104
0
17767
46673755
3
44295
3599
155315440
1
2765
19
0
14467
8298
34045
-12487
23727
29169
0
2
51335
58171855
-6119
27994
6896
51158
-3145
708726207
5185
755229496
484623180
3
0
0
0
568537920
312798045
0
2
36374
53061
0
-12233
0
411482295
56894
-19384
-5474
31935
-13278
43038
7767
-8097
41530
36613
14219
418336950
118626024
21433
2
-11142
69702080
36774
-25080
643516650
27395
47698
0
749702262
124719087
-21749
-7446
51981
22015
1
-9406
52111
3
-18445
1
12746
34249
304674075
314444400
-1271
82312148
-4127
2679
419116725
0
1
-19500
0
18490
39783
-4071
7262
352641464
191219847
59662
31105
2168
28054
178242932
845349120
0
9749
140602387
3
3019
19868
34165705
-13425
0
1
13142
22009
51435
56839355
25257
16682
1
284672790
10540332
0
0
0
271672716
30082
-7917
29
-13179
4
20371
824053188
562938210
0
77375180
224734360
-3091
39456
-25153
-19796
887182800
182950676
0
18000
911663236
36224
226937102
33864
530649264
162308745
476106087
23569
-23606
0
14287
82253890
11161
126653072
11870
-10194
417907944
21506
70
31181
-17152
1
0
36889
595770945
1
117331110
7943136
63288
38641
8
16265756
5436
2
1
15771
29988
17718321
47447
32425
116064181
621208944
64264
1
9
0
21115
24457851
6816
2
25606
0
0
10002
0
94878918
10344
0
6694
59903039
0
8916480
-9977
5910
0
1608
6316
22589
7802
34875
41703
2
25998511
265405168
-2535
2
25251
-11832
1681
-16923
25591224
50624
38997
0
-25262
288
99927516
50463
1
-26614
461769255
21463
30982
-26788
1
863455645
88127065
0
211308756
732500048
739994544
-6389
35078
150647200
32101
27477
17377
1
494053282
0
2
386386642
54972
-10659
163076314
27057
356560014
5023
59363
1
0
12756
21431
1
1318
7734
34874371
4538
719042288
-26
0
18091
16621
21497
63014247
-6819
19064
4
30817
275983056
-12538
608973898
-7926
13367
1
-1979
0
579320915
0
99507630
10234
-2694
359560432
-3697
-4577
16736
25779
-11015
49648632
115417476
469279590
281981175
0
24856
30056
60432508
0
6175
0
33753
0
0
137017200
-8912
16985
97723296
734472274
-12109
-27646
5632
192109902
0
12235
4
1
55285
48808
-7962
14500
50305527
1
12602
710537967
228317232
56978
12675
0
1
189810784
44058
46134
21267382
1
33213
45940
-29498
4317
-2521
-7104
35852
0
237403386
9753
-14973
1673908
11204
51688616
44784
32958
45579
51273586
0
-215
710735872
35545147
0
6402
2
-7721
270444478
-21211
2
0
32496984
-612
45890
1
429739244
864489900
360386400
-8536
1
26869
0
40904
0
1
53308
0
76420610
449594230
0
22691
10363
1
-3944
0
327695416
42687
77638476
418732983
0
103546677
0
20814
0
620
5
2
0
16977
-16716
2123
415569440
11791
-10774
-882
0
0
808488846
0
-23305
250579365
45039
-19829
0
36257571
216890571
22495
490623513
34012
-6588
61246197
63731
7
459239360
9873
39095238
0
1092
7207
32637
180159336
0
4618
29650
396360848
4936
145646902
-30494
10308
5789
-25473
563298912
1
9681
3
60504032
1
144298000
885193946
-7999
26727
554037000
7692
2094560
383480416
1852590
0
0
365835863
570908544
123
5
462411666
47776456
-17210
68445441
3
-26885
164397540
27618894
2
0
5245
41451
0
33981
97483558
-12112
0
2
0
1
15985
-16383
28051
50650
0
-1887
53374
14320
30517
897136700
8623
8683
710069890
0
69035022
0
1
1
218726466
12593880
1
9866090
47842
57724
41037
0
44882380
2387
21223
235406535
18435
-20044
1
6946
0
29915
25585
15060
189419367
40193
2
-16821
3
11319
4
0
31341
37744
39058
54316626
155
56267
74759684
27278
13078
16947
0
56051
2
308126030
38028
37000
27550
3
0
54978
8490
470198475
0
2968
36399
189744640
25222
5
149295366
669
-4632
50686
-1116
34292
24960
13764
0
10088
31694
42289
20005
23732
20742
-2904
264464200
1
0
7
337488138
46187
11953269
21492
-1638
0
786561920
9802
0
-23943
0
50347
20080975
29564
22836
14290
0
23591
29604
313339653
23604
2721
27631
530989298
174828972
-16382
1
6835
698222470
-4553
0
5916
-741
-17136
-1872
0
10034
0
0
59024
-13984
-1663
0
6599
11828
203600868
1
1472100
-16422
27095
47119
19583
5457900
56189264
48232
697
53056334
2
0
36066
44924
0
17771
18608
-28697
11928
0
14
3795
-879
117
32590
-26654
0
86960576
40605
0
21249
33660
-16631
1
4
21
0
194428030
0
566641152
32370
27870
0
-9574
527822100
7051110
176964740
553664265
347320098
20731
-6921
332671588
1
38056
519560835
-15084
50084
0
339769703
33889260
1
25225
178330527
3270
0
732595608
-13580
3
8
-6083
318138687
30
0
-602
7732
407432505
0
91346661
-5778
20934
188626152
59594
41447
22491
-19078
207158596
-22198
0
26084
35773
0
27430
27355
29733
28370
96
0
16159
19958
315816528
12593
19248
4
1
447108000
37068
5
31602
6
25822
11348
0
42928
2436
0
68287659
0
0
1
69
-275
0
126217854
36674
17514
36191
21633
2811
-6528
46758
5470
-2321
216280150
401987124
1
42670088
79504020
-14470
0
0
256985066
80000592
529192675
27476
20998
-7538
184594254
30829
0
50628
1
95289012
-19429
24192
57486969
-12378
62433
-2478
4
-7850
-6942
59629
0
44415
5715
0
288207720
4
28530
48656
6697
19467
37868
25373014
3
-13850
407768630
909220554
28140
749198235
36868
19428
22754636
39763
4825
24478
34372
5611
1
299104070
35702
9992
0
15876
28348
258775515
-13735
42954
0
55818
36793
361574598
-15557
61980
13116
39800
7098
296549370
187479550
1
-1427
17786
5941
1
13757
-10120
-10619
123070948
0
163097480
23810
-28928
4227
1
4
25983
35738
-11045
0
22044
0
0
174
63163474
446894955
3778
20513
31748031
0
16046
35427
46286
3
8544
48036
526859096
27848
35494
53555790
466898628
26585
-2588
303866755
765394432
162279040
-18
-5392
12316
24180
0
-16321
1
3054
-16092
0
-22634
17463
52334
-6127
21550446
212970510
34827
32426
760071630
0
623064705
36114
29551
0
0
51396576
-18555
244708032
653732760
167097550
106
28441
2
6446
13059002
54044
-16429
15732
420279244
164767400
63562158
308218800
58857400
1249
27681
1
0
13075
3983
1
41102
42718
1
-6253
-9909
32476
31100
1
357883400
50689136
11333
20042
570504330
0
3
0
0
0
0
-5007
39748
71514312
332
466457593
3036
0
37420
3731
75956102
14489
470862430
1
395340142
26848
34566
0
33822798
26502
29153
0
-5671
55361
-17779
1
191160970
365381146
8521
1128
-1913
1044
11412
186062206
-12103
48141
25192
59517946
218839530
311776672
25083
10213
43400280
27208
8179
-1585
-3188
0
-24339
140394177
58282200
2315092
0
29058
0
0
44037
20161
45999
354980885
-7098
583782176
1
55812
1
23025
437444490
-3270
4654
7202
106997184
0
0
20930
0
244158950
280343360
14928795
31992
78127843
-1290
516621844
-8355
0
12525
4401
558058959
31492
4362
51673
1
153648762
2
0
15356
11409789
27684
8861
117562416
28594
-17772
-15322
51856
14701
0
0
-24902
38455
404716170
52561
0
-15652
11003875
2
38295
438259933
-2538
21994
10646
718306563
123066216
0
1
5
154571412
-10255
0
0
-20514
5054
-7572
438053616
27262
-2967
44426
6377
-6494
-9057
-17353
99802733
152541184
-13673
0
0
825209592
109395006
4350
45381
41148
404681604
-8397
80965009
936271245
-3982
18226
56089
-7214
567329392
12850878
14948
10705425
0
28588
128910998
-25941
-12213
0
1
46148
247509720
191867168
6687
0
1
2
11158
168586110
21927
0
2661
620944000
0
56042
1
0
0
0
155881724
198027288
52363
-4242
50794
1
196452514
4957
-10343
150651360
16867
44449
24745560
782216505
136710000
11491
37583
12664
18628
0
78398856
15344
3564
0
42849
1
30883
28729
106247659
1
0
0
-6739
0
3364
3384
12989
21788
148815312
0
78234093
2298
44330
0
3
6200
-24738
36050
32281
46016
5
59033
0
1989
6
1
972098652
0
27104
35014
1
58353
418865688
10533
26455
-30170
7549
45020
33581
45106
2
4
8674062
160
36656
63566
-3201
30268329
0
37172751
31646
0
9911
-7903
0
5610
11677
85149328
631646085
-21422
419140260
238662620
4721
22
-4424
1
24648
48434
9385
20941
0
39361
-4034
0
-13722
25216
10125
6790
-10451
7139
26495
51352
19084
22080
12423474
108662466
0
0
1995
33391
8421
10
39
544830154
40753
28033
51147264
1
35756
33669
9057
-18242
376119432
23253
37497
68569251
307866831
55050
-8149
248771684
268620698
278245734
25342
21990
0
9717
1
9649
6
292662700
-6820
784968093
5
0
44232
8296
241354393
363074400
1
18615
6017
14305
-821
-4040
39759
29825
20904
15323
566344830
31067640
-22359
0
-8190
36281
1
13884
633
0
480103266
-8830
314517450
-2644
26
0
1
441870275
692574480
1396
33294
0
0
1
509853101
53889840
16566
244453638
91669224
40916
-11790
366684408
26521
19754
-11161
5395518
42723184
15059
-20271
0
28740
632939220
0
36609
16191
27456
585833216
33051
-15468
1
2
22943
1156
494
105171219
0
60588
20763
-12148
39971
34952
1
2
0
10089
55007
249254442
0
52518
7
0
760170096
3
1139
540367767
17428480
3
805146180
61768624
1
20571152
40379
45355
12438
318499047
2155
0
3352
1
0
22524
-16943
11392
0
0
0
15183
0
629865247
326521000
0
1
0
0
1
162593400
33782
-13999
-1064
18213
8578440
184957920
44657749
0
70332072
509
833855664
0
25449
9
270859137
1
-9496
1
5478
256510570
0
3
97454152
15477
240987600
49808
523
7901
401523960
35689290
0
1
0
49949
423604740
411976145
53476
-13477
46119
372914280
3
2
1
0
12048
0
12369
40429
52148
30787
-15791
21298
6362
12252816
0
2197
0
34545
1
55095
-6407
-17017
27039
-9173
38703
1
0
9349
1
53815600
4984
2
18886
2
4461
28822
1
54647
39038245
-1005
57253920
30102
23457
3
2
47958
489208464
8930
47821
0
26832
85540243
126937590
122598528
3360
41925
19705
0
1
575157968
0
96
24804
784644826
107692626
71036784
714829940
29622
-1536
2412249
89898302
29069
30697
2
14496
304976778
1
266022647
0
0
23432
1
71421709
15014
0
23734
0
0
-5686
0
5
3
4314
0
277219680
12551
41379
15312759
0
2151
57661490
495281493
40583
1
373973026
109289088
1
26262
0
0
35576
53786
23805
123918000
19943
337421268
1
47499
377107250
14982
24187
1
1
29429
0
0
0
364769600
84619004
4818723
453889150
18368
1
0
283157082
692959860
14446032
99186270
919654590
12900615
17654
2
75415830
8718
633495165
4816
421418364
-15981
-4140
27256
20384
-9823
534980226
51152
39031624
-10504
191794642
102188642
116587780
1
22541
0
0
-3145
177882320
366252811
27414
2
35032
5362
5634
20320
33937
0
53157
528399522
1
0
-5372
111560010
1
127651572
-12473
0
167591580
22594
3933
1274789
317506240
42083
0
440206287
85336440
2
120693340
1
24055
35342528
1
18650
0
23363
-26304
315636030
9942
-9593
48591
14560
0
16590
-2896
41481
9021
353296933
-24327
722893960
0
140094405
0
1
29236
139709835
4068
29664
1
11473
74712638
13876
105832494
1
0
0
-15747
630269066
23559012
49478
-7322
0
41532848
26590
40002
25070
0
-16364
40515
0
651088648
192403776
1
22040
-4972
24251
138007452
193775778
152059180
48025
-28863
-24770
2
134946933
195768944
-18033
0
157483388
8528
0
0
10014
0
5216
0
0
15113
42763
73239750
0
0
-24880
0
9
-13137
202269764
32135940
21209
705676580
107496837
42345
26323
43782
30197
621410713
245420550
787580513
-3218
0
102854560
0
58840
0
1
178893588
118817442
0
1233
0
-4471
0
1
-19132
42032
-3580
43137
-11662
35098
0
41974
610841760
433589850
0
300874462
67048345
6087
53
24226
6720
295949805
-15400
0
198719550
-7261
1
11977
85458179
273927820
27044
319442032
31337
50061
2943
22404
144963394
1541
41696
15331680
0
69240405
15794
46883
19295
10334
306399947
1
44182
36912
13455
22573
638919516
19885
16305003
8787
1868
1
362100284
25187
0
10364
239287672
-30117
8481
-1674
17179
27582
47529756
1
1
-28127
4
14797
32486
43374
375043994
1
3
0
869693510
162756377
1840
-6486
214587750
41019
1135
0
41810
-8516
-12434
25802
-21301
27233
-7187
35113
28442168
13434
0
15075
-9817
18797020
0
21434
4163
11030
58206
1
214779320
918
73060512
942551190
33158
420612960
384751125
7098
108004975
24168
30297
14622822
140312664
0
1
39738972
12720
110852225
0
-11491
48324
0
453221472
-17428
46881
0
1
20601
8610
33107
1
0
0
8429
20196
0
1
15625
-8522
-19151
2761
0
0
211131456
0
60594226
12113
27077522
-20608
1
0
-5532
19058
57303
48370911
8110346
20813
6302
34361
0
0
21578
161720118
356872716
-20068
-4265
-8012
34622
-761
-20299
-931
19539
0
151207738
0
0
-31773
4533
0
274741650
124037129
35411
459571896
44559
454277937
2
7284
27635
5392
5041
-2125
-9493
1
16267
43656
-24754
34855
22888
6352
0
14525
25471
1
-13789
62006
0
32457
7148
-6288
26805
26785
49925584
6274
20427
1
-16867
21954
30878
35825
-12670
-5474
51613
0
22042
-3252
22183
286940826
49380
49838
1
847981518
-8430
939261752
13337
3
25207
51684
16231
12097
0
0
1
-1938
38954685
13015
0
35875
55796851
176935005
1
467362980
22349
30105
97965798
14648
33910
518260008
-7919
0
2536296
-4379
-14968
0
434369856
-12387
145
32947
20039
3
8104
0
381239352
6558
0
-18985
19311
-3374
135725964
630473844
21135
0
-6272
21658
41860
20638
-12190
22598
-24813
57532
32809584
26722
9914
0
87257600
12275
20362
28064
756704650
0
754716207
-7677
33826100
-1126
753481848
31294228
0
9829
23942
475702238
35979
0
3
-19179
8275
-95
20847168
545810227
206696340
40239
623197012
5157
0
-1447
1
97441767
211984944
1
43877
295038693
2
0
646511844
707081942
49001
28100
2
1
41879
9420
31136
18799
17135
0
41597
5
0
2
106034364
6408138
37114
11026
37622
6
-18455
3667
-5565
348153260
78268428
0
6011
28890
7059
11360
41316
0
6
2
-13575
-13473
12354
6
2
11466
35
-21986
1
10506
39985
0
1
43449
13
-29265
52517
29029
4
-6044
1
26967
-19799
128819880
-28176
16030
2603853
54229
0
142143750
60340
0
0
444322494
191196372
67843200
168812676
237753921
6640
364910848
62375580
0
0
49061
0
63979461
1
83429376
1
1
-14773
49850
18644
575389906
9963
0
38611
1
-12887
-18315
-7045
53645
51692719
13371
0
-8424
0
15025
37968
28180
39426
412246150
0
6396
45435
306581824
27749
0
31500
21185
25066
0
2
0
905476990
-19184
778757408
55846188
590035664
268006360
362980632
0
6234
878747835
2278410
-4928
7
-24737
15127
7550
1
4
2
33613
12
1
0
3
0
0
21207
140279138
474599334
597510489
298356575
28371
36520
537443690
3
4213
60829636
7662
248218632
6
20453
324018305
171114024
4
16646
38046
1
3
-8567
0
-24666
41156
311056812
24556
-7477
-29871
35695
453210912
30633
8892
22435
0
151865595
0
23088
50751
1
209281552
67719344
38577
26446
10553
25251
856294968
41670
-10854
335107654
-18012
-13625
1
1
38079
48075928
12449
27057
1
14412
30904
0
37705
574541010
22502
0
212973786
-21982
25361
94555696
362586776
2
-2389
46899
0
11737
39699
-3017
44185
41603
36917
35658
26882
44483
33266
22983
46236294
79693776
-7908
38401
-10024
25366
17269
29859
-12440
-1210
-11015
1
1
8791
450147249
1
215519176
48835305
2
7087
0
0
-20174
0
1516502
30351
0
17426
517
0
0
202553091
23267
170410446
565302606
36361
0
905
1
196762293
9476440
-12083
34518231
45847
90612690
3480
1
0
0
37360
26772
24392
207093890
13959
35
4
0
253396740
1
36704
32280
131754460
0
48697
-16807
173
23237
205002096
263841343
6246
12509
235745284
-13378
0
1
6336954
2
38347232
0
24469
16910
301339984
1
2
-9267
0
0
-968
0
-3712
29731
-1067
-19581
9021495
81792032
7533
3
0
484199100
4
34437
-105
28408
17437
0
124407040
2923
17248
93229598
66412710
1
25355
4
2
36733
49825
-12971
17325
-12323
9112
347212690
242587240
-20748
0
5149
256517375
-1297
79135791
-15043
4931
616811937
323226255
0
3612
14439
34704
3138
599650781
7
0
1
1
44963091
31456
0
1
5847
57262
35593
-12799
48732
0
38844
1311
943402566
8428
394746450
136130736
0
1
-5268
81401600
16332
8677
5386
2
-21535
109627888
-26235
0
559996420
2
1
-9579
-3124
23588
22457
0
1
0
41692
0
43274
15
-22752
3
9488
25753
487
0
52742
33331
12270
47270000
8966
84628262
32214
14990
30007
1528
-17421
2700261
-4464
16902
19284
5276085
18634
0
27578688
187720804
13375
-4050
0
30247
203798672
15287
-6616
35046
1
10460
0
1
358891776
95
0
461115224
14047
1
68444320
21164768
0
474900570
10
801320
5508
93841056
34783
22098
54772079
0
-22801
36514
-16973
542132512
0
495100290
205477776
0
24097
-4652
0
788554135
295735440
-16554
408847582
4762
2412
-20592
3
14693328
19564
0
-12646
-5759
1489
17013
385986294
21505
1066
0
0
3001362
255180123
758364980
1
6218
0
19144
2
30841
113672590
2425
0
33352
20594
74569446
2
-3386
8488
1
17980
60366
44043
1
28425
198844224
116467425
0
2
63089
16959
24151
35958
16332
1
0
25387
21823
0
0
396242620
2
0
-18785
0
0
1
14064
0
7876
259076034
33128
0
28710
1
64020
51366
-17229
5339
