2840 3941 3941 3941 3941 3941 3941 3851 3841 3551
1201 2220 2219 2219 1311 1219 1219 1219 1219 1211
322 493 333 323 323 323 323 323 323 323
379 890 481 481 390 381 381 381 381 380
428 1224 539 539 539 538 523 438 433 428
2232 3341 3340 3340 3340 3340 3340 2944 2240 2240
2188 3299 3299 3298 3281 3198 3198 2681 2191 2188
115 221 221 221 221 220 125 120 120 120
1040 2141 2141 1851 1141 1141 1141 1051 1041 1041
1025 2136 2135 1787 1135 1127 1077 1025 1025 1025
2244 3355 3354 3354 3346 3344 3344 3028 2244 2244
2584 3695 3695 3695 3693 3685 3685 3685 3632 2632
2142 3253 3166 3142 3142 3142 3142 2364 2142 2142
2634 3713 3713 3704 3703 3703 3703 3703 3703 2734
741 1852 1562 842 842 842 842 762 742 742
922 1961 1931 1051 923 923 923 923 922 922
164 275 274 274 266 264 264 264 206 164
2846 3957 3957 3957 3957 3957 3954 3913 3846 3613
446 1320 557 556 556 556 549 509 446 446
985 2096 2096 1556 1056 996 986 986 986 986
1823 2868 2834 2828 2823 2823 1957 1823 1823 1823
1269 2380 2380 2380 1680 1280 1280 1280 1280 1280
67 177 177 148 77 77 77 68 67 67
2197 3301 3301 3301 3301 3208 3201 2707 2200 2200
2229 3340 3340 3339 3339 3339 3332 2932 2239 2232
2183 3294 3294 3293 3223 3184 3184 2623 2184 2183
583 1618 694 618 618 618 617 613 607 607
666 1777 1144 744 677 677 674 666 666 666
2204 3315 3315 3314 3307 3247 3204 2747 2204 2204
1969 3080 3080 3080 3080 3080 2975 2079 2075 1975
1028 2139 2139 1821 1138 1138 1121 1038 1031 1028
987 2098 2098 1575 1075 998 998 994 987 987
402 1040 510 503 503 430 403 402 402 402
2418 3429 3421 3421 3421 3421 3421 3421 2528 2420
1064 2175 2175 2025 1175 1165 1165 1165 1115 1065
1388 2499 2499 2499 2484 1498 1498 1498 1493 1473
1323 2433 2433 2424 2054 1423 1354 1323 1323 1323
1604 2715 2714 2714 2706 2188 1604 1604 1604 1604
2148 3259 3240 3158 3158 3158 3158 2440 2150 2148
765 1876 1729 875 875 868 865 865 818 765
1227 2317 2238 2238 1417 1238 1238 1237 1228 1227
24 75 34 34 25 24 24 24 24 24
7 18 18 18 18 17 17 12 7 7
427 1212 538 538 537 537 511 431 427 427
1586 2697 2697 2697 2663 2063 1592 1586 1586 1586
89 200 200 200 196 100 99 99 99 95
724 1835 1483 835 833 825 773 725 724 724
2572 3681 3680 3680 3680 3680 3680 3680 3582 2582
428 1225 539 539 539 539 524 438 434 428
1022 2133 2133 1753 1123 1123 1053 1023 1023 1023
2526 3637 3637 3637 3636 3636 3594 3526 3190 2526
2421 3442 3422 3422 3422 3421 3421 3421 2536 2421
349 752 451 359 359 359 359 359 359 351
828 1913 1909 929 903 903 902 902 902 902
2809 3920 3920 3920 3920 3920 3820 3820 3820 3420
2689 3718 3718 3718 3718 3718 3718 3718 3709 2789
2825 3936 3935 3935 3935 3927 3877 3825 3825 3477
965 2076 2075 1379 975 967 965 965 965 965
1902 3013 3006 3002 3002 2925 2425 1902 1902 1902
781 1887 1797 882 882 881 881 881 881 796
1008 2119 2119 1709 1119 1109 1019 1019 1019 1009
1306 2417 2417 2417 1985 1385 1315 1307 1306 1306
1061 2164 2161 1973 1161 1161 1161 1161 1073 1061
2862 3973 3972 3963 3963 3963 3963 3963 3892 3691
2848 3959 3959 3958 3958 3958 3958 3941 3851 3631
922 1960 1930 1050 923 923 923 922 922 922
2875 3981 3981 3981 3981 3980 3980 3980 3980 3790
1967 3078 3078 3078 3078 3078 2953 2073 2043 1967
2164 3275 3274 3216 3166 3164 3164 2506 2164 2164
1541 2648 2558 2542 2542 1758 1541 1541 1541 1541
383 928 494 488 417 383 383 383 383 383
216 322 302 302 302 301 301 301 301 301
2165 3276 3276 3236 3176 3176 3166 2526 2166 2166
152 261 260 260 260 260 260 260 162 160
429 1237 540 540 540 540 537 439 439 436
127 238 238 238 238 237 212 132 127 127
1041 2146 2142 1856 1141 1141 1141 1055 1041 1041
449 1354 560 560 559 559 559 553 459 453
1689 2800 2800 2800 2800 2800 1800 1800 1800 1800
942 2053 1977 1170 943 943 943 942 942 942
1881 2989 2982 2982 2899 2882 2299 1881 1881 1881
2187 3298 3297 3297 3269 3197 3197 2661 2187 2187
1905 3016 3016 3015 3015 2961 2458 1905 1905 1905
236 347 314 306 303 303 303 303 303 303
1343 2453 2453 2444 2174 1443 1443 1374 1343 1343
559 1616 670 616 615 609 605 605 605 605
2169 3280 3280 3272 3179 3179 3179 2572 2179 2172
442 1282 552 543 543 543 543 472 443 442
2544 3655 3655 3654 3647 3644 3644 3587 3287 2544
2459 3561 3561 3470 3461 3461 3461 3461 2770 2460
2573 3681 3681 3680 3680 3680 3680 3680 3583 2583
15 26 21 21 21 20 20 20 20 20
2846 3957 3957 3956 3956 3956 3949 3909 3846 3609
366 847 477 447 377 377 377 367 367 367
1724 2813 2804 2802 2802 2802 1824 1802 1802 1802
2561 3664 3661 3661 3661 3661 3661 3661 3385 2561
2846 3957 3957 3957 3957 3957 3957 3917 3847 3617
2209 3320 3320 3320 3320 3318 3220 2818 2219 2217
942 2053 1983 1173 943 943 943 943 943 943
2378 3417 3417 3417 3417 3417 3417 3408 2478 2407
2192 3301 3300 3300 3300 3202 3200 2702 2200 2200
109 220 219 219 219 211 119 119 119 111
960 2061 2061 1281 961 961 961 961 961 961
1628 2738 2738 2738 2738 2419 1719 1638 1629 1628
2722 3753 3723 3722 3722 3722 3722 3722 3722 2843
556 1615 666 615 615 606 605 605 605 605
2803 3914 3914 3912 3904 3842 3804 3804 3803 3341
196 304 301 300 300 300 300 300 300 300
1225 2288 2235 2235 1387 1227 1225 1225 1225 1225
2483 3594 3594 3588 3517 3483 3483 3483 2917 2483
8 19 18 18 18 18 18 18 10 8
2482 3593 3588 3583 3508 3482 3482 3482 2907 2482
1082 2193 2191 2111 1183 1183 1183 1183 1182 1110
482 1520 590 583 583 583 583 582 582 509
2287 3398 3398 3398 3398 3398 3398 3376 2388 2366
641 1745 868 641 641 641 641 641 641 641
404 1055 514 514 505 445 404 404 404 404
125 235 235 235 235 226 176 125 125 125
2887 3998 3998 3998 3998 3998 3998 3998 3988 3948
2763 3874 3874 3806 3764 3764 3763 3763 3763 3099
1526 2599 2536 2536 2536 1698 1528 1526 1526 1526
1573 2681 2681 2680 2583 1983 1580 1580 1580 1580
1727 2813 2808 2803 2803 2802 1827 1802 1802 1802
2526 3637 3637 3637 3637 3637 3598 3526 3192 2526
2224 3335 3335 3335 3330 3324 3269 2869 2224 2224
23 74 34 34 24 24 24 24 24 24
1901 3011 3002 3002 3002 2921 2421 1902 1902 1901
596 1619 707 619 619 619 619 619 616 608
2572 3681 3680 3680 3680 3680 3680 3680 3582 2582
2081 3118 3118 3118 3117 3117 3117 2185 2107 2107
1648 2759 2759 2759 2759 2543 1758 1743 1653 1648
1988 3099 3099 3099 3098 3098 3082 2098 2092 2072
2185 3296 3296 3296 3251 3190 3185 2640 2185 2185
2888 3999 3999 3999 3999 3999 3999 3999 3996 3964
963 2074 2074 1351 964 964 964 964 964 963
38 141 49 41 41 41 41 41 40 40
1349 2460 2460 2460 2260 1460 1460 1460 1360 1360
2561 3664 3661 3661 3661 3661 3661 3661 3385 2561
4 15 15 15 11 5 4 4 4 4
1798 2819 2819 2819 2819 2819 1909 1819 1819 1809
969 2080 2080 1472 980 980 979 979 979 975
64 175 174 116 66 64 64 64 64 64
1104 2201 2201 2201 1208 1201 1201 1200 1200 1200
1362 2473 2467 2463 2286 1462 1462 1462 1386 1362
1357 2461 2461 2461 2268 1461 1461 1460 1367 1360
1347 2458 2458 2458 2234 1458 1457 1429 1347 1347
786 1897 1861 897 896 896 890 886 886 850
725 1836 1492 836 836 832 781 725 725 725
2102 3120 3120 3119 3119 3119 3119 2212 2119 2112
1366 2477 2477 2477 2344 1477 1474 1466 1433 1366
321 457 322 322 322 321 321 321 321 321
1668 2779 2779 2779 2779 2668 1779 1779 1767 1668
486 1567 597 597 597 597 597 587 587 557
123 233 233 224 223 223 154 123 123 123
1389 2500 2500 2500 2493 1499 1499 1499 1499 1487
2244 3355 3355 3355 3348 3344 3344 3032 2244 2244
763 1874 1707 866 863 863 863 863 796 763
1266 2377 2376 2338 1638 1276 1268 1266 1266 1266
1385 2496 2496 2496 2456 1496 1486 1486 1486 1446
328 600 338 338 338 338 338 338 329 328
1583 2694 2694 2686 2616 2016 1583 1583 1583 1583
1542 2653 2573 2543 2543 1767 1542 1542 1542 1542
2425 3492 3436 3436 3436 3432 3425 3425 2581 2425
105 216 216 216 216 170 106 105 105 105
2421 3438 3422 3421 3421 3421 3421 3421 2534 2421
2749 3860 3854 3760 3759 3759 3759 3759 3759 3047
2404 3420 3420 3420 3420 3419 3419 3419 2514 2414
626 1706 806 637 637 637 636 627 627 626
2846 3957 3957 3957 3957 3957 3952 3912 3846 3612
668 1779 1169 769 679 679 679 679 679 669
1626 2737 2736 2736 2736 2398 1690 1626 1626 1626
1621 2722 2721 2721 2721 2332 1632 1621 1621 1621
2807 3918 3918 3918 3917 3891 3817 3811 3807 3381
1381 2492 2482 2482 2402 1482 1482 1482 1482 1402
2766 3877 3877 3839 3776 3776 3769 3766 3766 3129
1044 2155 2155 1903 1153 1145 1145 1093 1044 1044
704 1815 1363 815 813 753 705 705 704 704
369 872 479 471 379 379 379 379 379 371
1301 2408 2402 2402 1918 1318 1301 1301 1301 1301
978 2081 2081 1489 989 981 981 981 980 980
1548 2659 2646 2559 2559 1846 1559 1558 1555 1548
1303 2414 2414 2413 1943 1343 1304 1304 1304 1303
643 1754 928 651 644 644 644 643 643 643
1588 2699 2699 2699 2682 2082 1598 1598 1592 1588
448 1347 559 559 559 559 559 547 456 448
989 2100 2100 1600 1100 1000 1000 1000 1000 1000
763 1874 1712 872 864 864 864 864 801 763
2841 3944 3941 3941 3941 3941 3941 3853 3841 3553
542 1614 653 613 604 604 604 604 604 603
1825 2888 2835 2835 2835 2827 1977 1825 1825 1825
253 364 315 315 314 305 305 305 305 304
2469 3579 3579 3570 3479 3479 3479 3479 2870 2470
1905 3016 3016 3016 3016 2965 2460 1905 1905 1905
2846 3957 3957 3957 3957 3957 3954 3913 3846 3613
2884 3995 3995 3995 3995 3985 3985 3985 3985 3885
761 1865 1675 861 861 861 861 861 774 761
1906 3017 3017 3017 3017 2987 2487 1907 1907 1907
1962 3073 3073 3063 3063 3063 2893 2063 1993 1963
2435 3541 3446 3441 3441 3440 3440 3440 2645 2440
2245 3356 3356 3356 3356 3354 3346 3062 2245 2245
1262 2373 2364 2284 1584 1262 1262 1262 1262 1262
1307 2418 2418 2418 1998 1398 1318 1318 1308 1308
1437 2514 2514 2508 2503 1537 1503 1503 1503 1503
2502 3612 3603 3602 3602 3523 3502 3502 3023 2502
2163 3274 3274 3212 3164 3164 3164 2503 2164 2163
1383 2494 2494 2486 2416 1483 1483 1483 1483 1416
2248 3359 3359 3359 3359 3359 3358 3130 2254 2248
2221 3324 3321 3321 3321 3321 3233 2833 2221 2221
1363 2474 2474 2471 2301 1464 1464 1463 1400 1363
2444 3555 3499 3455 3448 3444 3444 3444 2688 2444
1309 2420 2420 2420 2016 1416 1319 1319 1319 1315
2569 3679 3679 3679 3679 3679 3679 3679 3561 2570
443 1291 554 551 544 544 544 480 443 443
1384 2495 2495 2494 2430 1484 1484 1484 1484 1427
667 1778 1153 753 678 677 677 672 667 667
1337 2441 2441 2441 2148 1441 1441 1347 1340 1340
181 288 282 282 282 282 281 281 281 197
1305 2416 2416 2416 1974 1372 1306 1306 1305 1305
1545 2656 2614 2556 2556 1812 1546 1546 1545 1545
368 869 479 469 379 379 379 379 379 369
108 219 218 218 218 200 118 118 110 108
1883 2994 2994 2993 2923 2884 2323 1884 1884 1883
362 795 464 384 362 362 362 362 362 362
649 1760 1054 660 660 660 660 659 659 656
947 2057 2028 1228 957 957 957 948 947 947
324 529 335 335 332 325 325 324 324 324
1945 3055 3055 3055 3055 3046 2796 1996 1945 1945
1865 2976 2976 2933 2876 2873 2223 1865 1865 1865
927 2008 1937 1108 937 937 937 928 927 927
1437 2514 2514 2508 2503 1537 1503 1503 1503 1503
1592 2701 2700 2700 2700 2104 1600 1600 1600 1600
1248 2359 2348 2259 1548 1259 1259 1259 1258 1248
1542 2653 2571 2543 2542 1766 1542 1542 1542 1542
1908 3019 3019 3019 3019 3005 2504 1918 1914 1908
2502 3613 3606 3602 3602 3525 3502 3502 3025 2502
1061 2172 2162 1982 1162 1162 1162 1162 1082 1062
748 1859 1647 859 859 859 859 847 756 748
103 214 214 209 204 138 103 103 103 103
186 297 297 296 296 296 289 286 286 249
2807 3918 3918 3918 3918 3894 3817 3813 3807 3383
169 280 280 280 280 280 280 280 277 177
703 1814 1349 809 804 738 703 703 703 703
1581 2684 2681 2681 2593 1993 1581 1581 1581 1581
44 155 100 55 50 44 44 44 44 44
447 1336 558 558 558 558 558 534 447 447
2581 3682 3681 3681 3681 3681 3681 3681 3592 2592
1387 2498 2497 2497 2469 1497 1497 1489 1487 1459
2503 3614 3614 3613 3604 3543 3504 3504 3043 2503
676 1781 1187 781 687 681 680 680 680 680
2262 3373 3366 3362 3362 3362 3362 3185 2285 2262
2704 3720 3720 3720 3720 3719 3719 3719 3719 2809
2442 3553 3481 3443 3443 3443 3443 3443 2672 2442
2881 3991 3982 3982 3982 3982 3982 3982 3982 3819
1688 2799 2799 2799 2799 2789 1799 1799 1799 1779
2247 3357 3357 3357 3357 3357 3357 3090 2247 2247
2447 3558 3536 3458 3458 3458 3458 3456 2725 2447
1326 2437 2437 2437 2107 1437 1407 1327 1327 1327
120 221 221 221 221 221 131 121 121 121
1046 2157 2157 1921 1156 1156 1150 1110 1046 1046
720 1821 1431 821 821 821 731 721 721 721
1949 3060 3060 3060 3060 3060 2855 2055 1959 1955
2566 3677 3677 3677 3677 3677 3672 3666 3498 2566
1964 3075 3075 3075 3068 3064 2908 2064 2008 1964
2260 3361 3361 3361 3361 3361 3361 3171 2271 2261
2709 3720 3720 3720 3720 3720 3720 3720 3720 2820
2422 3462 3432 3423 3423 3423 3423 3423 2552 2422
1007 2118 2118 1697 1118 1097 1018 1017 1008 1007
704 1815 1360 815 810 749 704 704 704 704
1969 3079 3079 3079 3079 3079 2970 2079 2070 1970
2184 3295 3295 3294 3230 3184 3184 2627 2184 2184
2568 3679 3679 3679 3679 3678 3678 3678 3543 2568
1753 2815 2815 2815 2814 2805 1854 1805 1805 1804
1028 2139 2139 1821 1138 1138 1121 1038 1031 1028
145 255 255 255 255 246 245 196 145 145
1968 3079 3079 3079 3079 3078 2963 2078 2058 1968
1904 3015 3015 3015 3012 2952 2452 1904 1904 1904
1082 2193 2189 2109 1183 1183 1182 1182 1182 1108
1008 2118 2118 1699 1118 1099 1018 1018 1009 1008
2168 3279 3279 3261 3178 3178 3178 2561 2171 2168
1642 2753 2748 2743 2743 2467 1742 1667 1642 1642
759 1861 1670 861 861 861 861 861 770 760
280 391 318 317 317 317 317 310 307 307
1628 2739 2739 2739 2739 2429 1729 1639 1639 1629
1126 2213 2207 2203 1226 1202 1202 1202 1202 1202
2868 3979 3979 3979 3978 3978 3978 3978 3956 3752
1082 2193 2192 2112 1183 1183 1183 1183 1183 1111
2206 3317 3317 3317 3317 3284 3214 2773 2206 2206
1922 3033 3029 3023 3023 3023 2574 1922 1922 1922
924 1982 1935 1082 932 925 925 924 924 924
981 2092 2082 1502 1002 982 982 982 982 982
2882 3993 3992 3983 3983 3983 3983 3983 3983 3840
2807 3917 3917 3917 3917 3888 3817 3808 3807 3378
2801 3902 3901 3901 3901 3812 3801 3801 3801 3312
966 2077 2077 1417 977 977 977 967 967 967
1017 2121 2121 1728 1121 1121 1028 1020 1020 1020
469 1478 580 580 580 580 580 580 577 477
2525 3635 3635 3635 3635 3626 3576 3525 3176 2525
1901 3006 3002 3002 3001 2915 2415 1901 1901 1901
184 295 295 295 291 285 284 284 284 230
1004 2115 2115 1660 1110 1049 1004 1004 1004 1004
1905 3016 3016 3016 3015 2963 2459 1905 1905 1905
141 246 242 242 241 241 241 155 141 141
703 1814 1354 814 804 744 704 704 704 704
1563 2674 2674 2612 2564 1903 1564 1564 1564 1563
1552 2661 2660 2562 2560 1862 1560 1560 1560 1560
1936 3041 3041 3041 3041 3041 2746 1946 1940 1940
1842 2953 2881 2843 2843 2843 2072 1843 1843 1842
2727 3814 3738 3738 3738 3738 3737 3733 3727 2903
2244 3355 3355 3355 3350 3344 3344 3034 2244 2244
645 1756 976 656 656 656 646 646 646 646
2382 3418 3418 3418 3418 3417 3417 3412 2482 2407
467 1451 578 577 577 577 577 570 540 467
1367 2478 2477 2477 2349 1477 1477 1469 1439 1367
1586 2697 2697 2697 2660 2060 1590 1586 1586 1586
1008 2119 2119 1701 1118 1101 1018 1018 1011 1008
2146 3257 3226 3157 3157 3157 3156 2416 2147 2146
1 7 2 2 2 1 1 1 1 1
1846 2957 2927 2857 2857 2857 2127 1847 1847 1847
483 1524 593 584 583 583 583 583 583 514
2164 3275 3275 3220 3170 3164 3164 2509 2164 2164
18 29 21 21 21 21 21 21 20 20
58 161 161 69 61 61 61 61 60 60
2509 3620 3620 3620 3619 3613 3519 3519 3113 2513
721 1828 1438 822 822 822 737 721 721 721
1901 3004 3001 3001 3001 2913 2413 1901 1901 1901
466 1437 576 576 576 576 567 566 527 466
1161 2216 2216 2216 1272 1212 1205 1205 1205 1205
2423 3467 3434 3426 3423 3423 3423 3423 2556 2423
1764 2816 2816 2816 2816 2815 1865 1806 1806 1805
2695 3719 3719 3719 3719 3719 3719 3718 3715 2795
1883 2994 2994 2993 2923 2884 2323 1884 1884 1883
343 686 385 345 343 343 343 343 343 343
2885 3995 3995 3995 3995 3986 3985 3985 3985 3887
1281 2389 2382 2382 1716 1282 1282 1281 1281 1281
445 1311 556 556 556 550 545 500 445 445
1562 2673 2664 2584 2562 1884 1562 1562 1562 1562
1547 2658 2635 2558 2558 1835 1558 1554 1547 1547
667 1777 1148 748 677 677 677 668 667 667
3 14 14 9 4 3 3 3 3 3
1646 2756 2756 2756 2756 2517 1747 1707 1646 1646
1301 2407 2402 2402 1917 1316 1301 1301 1301 1301
2188 3299 3299 3298 3281 3198 3198 2681 2191 2188
1861 2967 2962 2877 2862 2861 2176 1861 1861 1861
101 212 202 202 202 122 102 102 102 102
2852 3961 3960 3960 3960 3960 3960 3960 3862 3662
1486 2518 2518 2518 2518 1597 1518 1517 1508 1507
984 2095 2095 1537 1030 984 984 984 984 984
1668 2779 2778 2778 2778 2660 1778 1778 1752 1668
2785 3896 3895 3895 3847 3787 3785 3785 3785 3237
1305 2416 2416 2416 1976 1376 1306 1306 1306 1306
2868 3979 3979 3979 3978 3978 3978 3978 3956 3752
1631 2740 2740 2740 2740 2441 1740 1641 1640 1640
1364 2475 2475 2475 2323 1465 1465 1465 1414 1364
2443 3553 3484 3444 3443 3443 3443 3443 2674 2443
1965 3076 3075 3075 3075 3067 2917 2065 2017 1965
2262 3373 3368 3363 3363 3362 3362 3187 2287 2262
73 181 181 180 83 80 80 80 80 80
1289 2399 2399 2399 1881 1299 1299 1299 1299 1290
1244 2355 2302 2255 1499 1245 1245 1244 1244 1244
1965 3075 3075 3075 3075 3066 2916 2065 2016 1965
421 1138 522 521 521 521 434 421 421 421
1880 2981 2981 2981 2891 2881 2291 1881 1881 1881
2070 3117 3117 3117 3116 3116 3110 2170 2106 2106
2849 3960 3959 3959 3959 3959 3959 3951 3859 3643
2882 3993 3984 3982 3982 3982 3982 3982 3982 3826
216 322 302 302 302 301 301 301 301 301
1062 2173 2172 1992 1163 1163 1163 1163 1092 1062
765 1876 1736 876 876 876 866 866 826 766
2163 3273 3273 3195 3163 3163 3163 2494 2163 2163
424 1184 535 535 534 525 474 425 425 424
16 27 21 21 21 21 20 20 20 20
1683 2794 2794 2789 2784 2718 1783 1783 1783 1718
1664 2775 2775 2774 2767 2607 1764 1764 1707 1664
2826 3937 3937 3937 3937 3937 3901 3826 3826 3493
1043 2154 2154 1888 1144 1144 1144 1080 1043 1043
1089 2200 2200 2197 1200 1200 1200 1199 1199 1193
788 1899 1887 899 899 899 899 899 896 876
748 1859 1648 859 859 859 859 848 758 748
2516 3621 3621 3621 3621 3621 3526 3520 3126 2520
401 1016 501 501 501 413 401 401 401 401
142 253 244 242 242 242 242 164 142 142
2169 3280 3280 3280 3180 3180 3180 2580 2180 2180
2568 3679 3679 3679 3679 3678 3678 3678 3543 2568
629 1736 836 640 640 640 639 639 639 635
718 1821 1429 821 821 821 729 721 720 720
163 274 274 271 264 264 264 263 200 163
144 255 255 254 247 244 244 187 144 144
1323 2434 2434 2432 2062 1424 1362 1324 1323 1323
105 216 216 216 216 176 106 106 106 106
2483 3594 3594 3594 3524 3484 3484 3484 2924 2484
1687 2798 2798 2798 2798 2778 1798 1798 1788 1768
344 703 403 355 353 345 345 345 344 344
967 2078 2077 1421 977 977 977 969 967 967
2568 3679 3679 3679 3679 3679 3679 3678 3549 2568
713 1821 1424 820 820 820 723 720 720 720
2504 3615 3615 3615 3610 3549 3504 3504 3049 2504
2749 3860 3860 3760 3760 3760 3760 3760 3760 3060
2168 3279 3279 3264 3179 3178 3178 2563 2173 2168
1041 2152 2142 1862 1142 1142 1142 1062 1042 1042
2337 3414 3414 3408 3403 3403 3403 3403 2437 2403
1983 3093 3093 3084 3083 3083 3014 2083 2083 2014
1430 2513 2511 2503 2503 1531 1503 1503 1502 1502
1047 2158 2158 1934 1158 1158 1157 1129 1047 1047
1318 2421 2421 2421 2029 1421 1329 1321 1320 1320
927 2012 1938 1112 937 937 937 931 927 927
2194 3301 3301 3301 3300 3204 3200 2704 2200 2200
683 1794 1233 793 723 684 684 684 684 683
85 196 196 196 151 90 85 85 85 85
2863 3974 3973 3965 3963 3963 3963 3963 3895 3695
1355 2461 2461 2461 2266 1460 1460 1460 1365 1360
1603 2714 2714 2713 2704 2182 1604 1604 1604 1603
987 2098 2098 1575 1075 998 998 994 987 987
1484 2518 2518 2518 2518 1595 1518 1514 1507 1507
748 1859 1648 859 859 859 859 848 758 748
122 233 226 222 222 222 145 122 122 122
1998 3101 3101 3101 3100 3100 3100 2104 2100 2100
763 1874 1708 868 863 863 863 863 797 763
149 260 260 260 259 259 259 253 159 153
925 1991 1936 1091 936 930 925 925 925 925
27 112 38 38 37 37 37 31 27 27
127 238 238 238 238 238 213 133 127 127
1909 3020 3020 3020 3019 3013 2513 1919 1919 1913
1821 2840 2822 2822 2821 2821 1935 1821 1821 1821
788 1899 1884 899 899 898 898 898 893 873
1909 3020 3020 3020 3020 3019 2519 1920 1920 1918
1033 2141 2141 1843 1140 1140 1140 1043 1040 1040
2488 3599 3599 3599 3588 3499 3499 3499 2987 2488
1328 2439 2438 2438 2120 1438 1420 1338 1330 1328
1949 3060 3060 3059 3059 3059 2852 2052 1959 1952
2264 3375 3375 3375 3375 3365 3365 3215 2315 2265
704 1815 1356 814 806 746 704 704 704 704
1243 2354 2288 2248 1477 1243 1243 1243 1243 1243
368 859 478 459 378 378 378 378 369 368
914 1925 1921 1025 920 920 920 920 920 920
2177 3281 3281 3281 3188 3181 3181 2587 2180 2180
2772 3881 3880 3880 3782 3780 3780 3780 3780 3182
1137 2214 2214 2208 1237 1203 1203 1203 1203 1203
67 178 178 157 78 78 78 77 68 67
1664 2775 2775 2775 2768 2608 1764 1764 1708 1664
2863 3974 3974 3973 3964 3964 3964 3964 3903 3702
1641 2748 2742 2742 2742 2458 1741 1657 1641 1641
181 291 282 282 282 282 282 282 282 200
1127 2213 2208 2203 1228 1202 1202 1202 1202 1202
272 383 317 317 317 317 312 306 306 306
1921 3025 3022 3021 3021 3021 2547 1921 1921 1921
1139 2214 2214 2210 1240 1204 1203 1203 1203 1203
775 1881 1786 881 881 880 880 880 880 785
1943 3054 3054 3048 3043 3043 2777 1977 1943 1943
443 1292 554 552 544 544 544 482 443 443
2168 3279 3279 3263 3178 3178 3178 2562 2172 2168
1962 3073 3070 3063 3063 3063 2890 2062 1989 1962
857 1916 1915 967 915 907 905 905 905 905
1007 2118 2118 1694 1118 1094 1017 1013 1007 1007
685 1795 1246 795 746 686 685 685 685 685
966 2077 2077 1411 977 977 974 966 966 966
427 1218 538 538 538 538 518 438 428 428
165 276 276 275 275 268 265 265 218 165
1379 2481 2481 2481 2390 1481 1481 1481 1481 1389
2444 3555 3502 3455 3452 3445 3445 3444 2691 2444
746 1857 1626 857 857 857 856 816 747 746
1522 2561 2531 2523 2523 1651 1523 1523 1522 1522
2208 3319 3319 3319 3318 3302 3218 2802 2212 2208
419 1130 521 521 521 521 430 421 421 420
1605 2716 2716 2716 2716 2236 1606 1606 1606 1606
2485 3596 3596 3596 3551 3490 3485 3485 2940 2485
1309 2420 2420 2420 2015 1414 1319 1319 1319 1314
711 1820 1421 820 820 820 721 720 720 720
345 715 415 356 356 355 346 346 346 345
765 1876 1735 876 876 875 866 866 825 765
2724 3784 3735 3735 3734 3725 3725 3725 3725 2873
1644 2754 2754 2754 2745 2485 1744 1685 1644 1644
2147 3258 3236 3158 3158 3158 3158 2434 2147 2147
673 1781 1184 780 683 680 680 680 680 680
2744 3854 3795 3754 3745 3744 3744 3744 3744 2985
2281 3389 3382 3382 3382 3382 3382 3298 2381 2298
1942 3053 3048 3043 3043 3042 2767 1967 1942 1942
95 201 201 201 201 105 100 100 100 100
2072 3117 3117 3117 3117 3117 3112 2172 2106 2106
563 1616 674 616 616 614 606 606 605 605
1622 2733 2726 2722 2722 2345 1645 1622 1622 1622
967 2078 2077 1421 977 977 977 969 967 967
622 1663 763 623 623 623 623 623 623 623
4 15 14 14 6 4 4 4 4 4
423 1168 534 528 523 523 457 423 423 423
7 18 18 18 17 17 17 11 7 7
2126 3202 3137 3137 3137 3136 3131 2291 2126 2126
928 2025 1939 1125 939 939 938 938 934 928
1905 3015 3015 3015 3015 2957 2456 1905 1905 1905
182 293 290 283 283 283 283 282 282 209
498 1601 605 601 600 600 600 600 600 600
1645 2756 2756 2755 2755 2501 1745 1698 1645 1645
42 153 83 43 43 43 43 43 43 43
1523 2573 2534 2533 2524 1663 1524 1524 1524 1523
366 844 477 444 377 377 374 366 366 366
1567 2678 2678 2657 2578 1957 1578 1577 1568 1567
2829 3940 3940 3940 3939 3939 3933 3839 3839 3527
668 1779 1162 761 678 678 678 678 671 668
2782 3893 3884 3882 3804 3782 3782 3782 3782 3204
984 2095 2095 1542 1039 985 985 984 984 984
727 1838 1514 838 838 838 813 733 727 727
723 1834 1467 826 823 823 756 723 723 723
1988 3099 3098 3098 3098 3098 3080 2098 2090 2070
284 395 318 318 318 318 318 314 307 307
321 448 321 321 321 321 321 321 321 321
1524 2577 2534 2534 2526 1666 1524 1524 1524 1524
1663 2773 2773 2764 2763 2594 1763 1763 1694 1663
2123 3167 3134 3126 3123 3123 3123 2256 2123 2123
323 514 334 334 324 324 324 324 324 324
1545 2656 2612 2556 2556 1808 1545 1545 1545 1545
1213 2224 2221 2220 1323 1220 1220 1220 1220 1220
749 1860 1660 860 860 860 860 860 760 760
1927 3038 3037 3037 3037 3037 2681 1929 1927 1927
421 1146 522 522 522 522 439 421 421 421
1527 2617 2538 2538 2538 1717 1538 1537 1528 1527
124 234 234 234 225 224 165 124 124 124
65 175 175 126 75 66 65 65 65 65
1891 3000 3000 3000 3000 2901 2401 1900 1900 1900
656 1761 1067 667 661 661 660 660 660 660
103 214 214 212 204 142 104 104 103 103
1547 2658 2638 2558 2558 1838 1558 1558 1548 1548
1026 2137 2137 1807 1137 1137 1107 1027 1027 1027
2729 3835 3740 3740 3740 3739 3739 3739 3739 2929
2271 3380 3380 3380 3380 3380 3380 3281 2380 2281
1829 2937 2840 2840 2840 2840 2037 1839 1839 1836
2071 3117 3117 3117 3117 3116 3111 2171 2106 2106
2869 3980 3980 3980 3980 3980 3980 3979 3976 3773
329 634 340 340 340 340 340 339 339 336
781 1889 1799 882 882 882 882 881 881 798
165 276 276 276 276 272 265 265 221 165
1985 3096 3096 3096 3096 3096 3046 2086 2086 2046
647 1758 1014 658 658 658 658 656 647 647
2249 3360 3360 3360 3360 3359 3359 3149 2259 2254
2809 3920 3920 3920 3920 3920 3820 3820 3820 3420
1541 2647 2557 2542 2542 1756 1541 1541 1541 1541
2422 3456 3426 3422 3422 3422 3422 3422 2545 2422
748 1859 1649 859 859 859 859 849 759 749
1588 2699 2699 2699 2689 2089 1599 1599 1599 1589
1825 2896 2836 2836 2836 2836 1986 1826 1826 1826
1621 2728 2722 2722 2722 2338 1637 1621 1621 1621
985 2096 2096 1554 1054 994 986 986 985 985
1065 2176 2176 2031 1176 1170 1165 1165 1120 1065
1969 3080 3080 3080 3080 3079 2974 2079 2074 1974
49 160 155 60 60 59 59 59 59 54
1044 2154 2154 1895 1145 1144 1144 1085 1044 1044
2728 3821 3738 3738 3738 3738 3738 3738 3730 2910
1924 3035 3034 3034 3026 3024 2608 1924 1924 1924
442 1273 543 542 542 542 542 463 442 442
2449 3559 3550 3459 3459 3459 3459 3459 2750 2450
1600 2701 2701 2701 2701 2121 1601 1601 1601 1601
2522 3633 3624 3622 3622 3622 3544 3522 3144 2522
1318 2421 2421 2421 2029 1421 1329 1321 1320 1320
1568 2678 2678 2659 2578 1959 1578 1578 1569 1568
1668 2779 2779 2779 2779 2667 1779 1779 1764 1668
1175 2217 2217 2217 1286 1217 1216 1207 1207 1206
1684 2795 2795 2795 2795 2735 1785 1785 1785 1735
166 277 277 277 277 276 271 266 231 166
371 881 480 480 381 380 380 380 380 380
2203 3314 3313 3305 3303 3235 3203 2735 2203 2203
2177 3281 3281 3281 3188 3181 3181 2587 2180 2180
1884 2994 2994 2994 2926 2884 2325 1884 1884 1884
1083 2193 2193 2115 1183 1183 1183 1183 1183 1114
1212 2223 2220 2220 1322 1220 1220 1220 1220 1220
101 205 202 201 201 114 101 101 101 101
1507 2520 2520 2520 2520 1618 1520 1520 1519 1517
787 1897 1868 897 897 897 897 888 887 858
1658 2761 2761 2761 2761 2569 1761 1761 1668 1660
2095 3119 3119 3119 3119 3119 3119 2205 2115 2108
1973 3081 3081 3080 3080 3080 2983 2080 2080 1983
2777 3881 3881 3881 3788 3781 3781 3780 3780 3187
1866 2977 2977 2944 2877 2877 2241 1866 1866 1866
1901 3006 3002 3002 3001 2915 2415 1901 1901 1901
1048 2159 2159 1947 1159 1159 1159 1147 1056 1048
464 1420 575 575 570 564 564 564 509 464
2789 3900 3899 3899 3891 3799 3799 3799 3799 3283
2482 3593 3592 3583 3512 3483 3483 3483 2912 2482
1346 2457 2457 2457 2223 1457 1452 1412 1346 1346
641 1749 876 642 642 642 642 641 641 641
743 1854 1590 850 844 844 843 779 743 743
2207 3318 3318 3317 3317 3290 3217 2783 2207 2207
2467 3578 3578 3556 3478 3478 3478 3476 2845 2467
2501 3608 3602 3602 3602 3518 3501 3501 3017 2501
617 1628 728 621 621 621 621 620 620 620
1246 2357 2324 2257 1524 1257 1254 1246 1246 1246
181 286 282 282 281 281 281 281 281 195
389 994 500 500 493 399 399 399 399 393
2749 3860 3853 3759 3759 3759 3759 3759 3759 3045
1382 2493 2490 2483 2410 1483 1483 1482 1482 1409
1602 2713 2707 2703 2702 2150 1602 1602 1602 1602
926 2004 1937 1104 937 937 934 926 926 926
749 1860 1653 859 859 859 859 852 759 752
283 394 318 318 318 318 317 313 307 307
63 173 173 95 63 63 63 63 63 63
1822 2863 2833 2823 2823 2823 1953 1823 1823 1823
1162 2216 2216 2216 1273 1213 1206 1205 1205 1205
1343 2454 2454 2448 2177 1443 1443 1377 1343 1343
744 1855 1596 854 846 844 844 786 744 744
1669 2780 2779 2779 2779 2671 1779 1779 1771 1671
2768 3879 3879 3867 3779 3779 3779 3779 3776 3156
1164 2216 2216 2216 1275 1215 1206 1206 1206 1205
1244 2355 2304 2255 1503 1245 1245 1245 1245 1244
1185 2218 2218 2218 1296 1218 1218 1216 1207 1207
467 1453 578 578 578 577 577 572 542 467
645 1755 957 655 655 646 645 645 645 645
2588 3699 3699 3698 3698 3698 3698 3698 3674 2671
105 216 216 216 216 170 106 105 105 105
2096 3119 3119 3119 3119 3119 3119 2207 2116 2108
1968 3079 3079 3079 3078 3078 2962 2078 2056 1968
1622 2733 2729 2723 2723 2349 1648 1622 1622 1622
2037 3114 3114 3108 3103 3103 3103 2137 2103 2103
1673 2781 2781 2780 2780 2683 1780 1780 1780 1683
428 1228 539 539 539 539 528 439 438 428
2206 3316 3316 3316 3316 3277 3207 2767 2206 2206
2324 3413 3404 3402 3402 3402 3402 3402 2424 2402
2427 3508 3437 3437 3437 3437 3437 3428 2598 2427
371 881 480 480 381 380 380 380 380 380
2547 3657 3657 3657 3657 3657 3657 3619 3318 2547
2569 3680 3679 3679 3679 3679 3679 3679 3563 2571
689 1800 1291 799 791 699 699 699 699 691
1389 2500 2500 2500 2496 1500 1499 1499 1499 1491
1369 2480 2480 2480 2373 1479 1479 1479 1473 1373
1846 2957 2926 2857 2857 2857 2125 1847 1847 1846
2433 3541 3444 3440 3440 3440 3440 3440 2643 2440
1164 2216 2216 2216 1275 1215 1206 1206 1206 1205
384 943 495 495 441 385 385 385 384 384
401 1018 502 501 501 414 401 401 401 401
422 1156 526 522 522 522 445 422 422 422
2019 3110 3102 3102 3102 3102 3102 2120 2101 2101
184 295 294 294 286 284 284 284 284 226
987 2098 2098 1573 1073 997 997 992 987 987
668 1779 1164 764 679 678 678 678 673 668
1419 2510 2502 2502 2502 1520 1502 1502 1501 1501
1908 3019 3019 3019 3019 3009 2509 1919 1919 1909
928 2022 1939 1121 938 938 938 938 931 928
2586 3697 3697 3697 3697 3697 3697 3687 3657 2657
1668 2779 2779 2778 2778 2661 1778 1778 1754 1668
188 299 299 299 299 298 298 298 293 273
2828 3939 3939 3939 3939 3939 3929 3839 3839 3519
1643 2754 2754 2748 2743 2477 1743 1677 1643 1643
328 615 339 339 339 339 339 339 336 328
2071 3117 3117 3117 3117 3116 3111 2171 2106 2106
2522 3633 3628 3623 3623 3622 3547 3522 3147 2522
1066 2177 2177 2042 1177 1176 1171 1166 1131 1066
1667 2778 2778 2778 2778 2654 1777 1773 1743 1667
1683 2794 2794 2788 2783 2717 1783 1783 1783 1717
56 161 161 67 61 61 60 60 60 60
483 1531 594 591 584 584 584 583 583 520
1026 2137 2136 1798 1136 1136 1090 1026 1026 1026
2424 3483 3435 3435 3433 3425 3425 3425 2572 2424
2228 3339 3339 3339 3339 3339 3326 2925 2235 2228
688 1799 1282 798 781 698 698 698 691 688
67 178 178 155 78 78 78 74 67 67
1280 2381 2381 2381 1701 1281 1281 1281 1281 1281
1561 2670 2662 2580 2562 1880 1562 1562 1561 1561
2596 3701 3701 3700 3700 3700 3700 3700 3700 2703
2529 3640 3640 3639 3639 3639 3632 3539 3232 2532
1359 2461 2461 2461 2270 1461 1461 1461 1370 1360
2282 3392 3383 3382 3382 3382 3382 3303 2382 2303
1047 2157 2157 1928 1157 1157 1157 1119 1047 1047
2544 3654 3654 3654 3645 3644 3644 3585 3285 2544
1604 2715 2715 2715 2713 2201 1605 1605 1604 1604
406 1083 517 517 517 483 412 406 406 406
1922 3033 3031 3023 3023 3023 2579 1923 1922 1922
1901 3002 3001 3001 3001 2912 2412 1901 1901 1901
404 1059 515 515 508 448 404 404 404 404
325 554 336 336 336 335 326 326 326 325
702 1812 1324 802 802 723 702 702 702 702
1907 3018 3018 3018 3017 2991 2491 1911 1907 1907
187 298 297 297 297 297 297 289 287 259
44 155 105 55 55 45 45 45 45 45
2125 3196 3136 3136 3136 3136 3126 2286 2126 2126
2787 3898 3898 3897 3870 3797 3797 3790 3787 3260
661 1772 1082 682 662 662 662 662 662 662
2143 3254 3191 3151 3144 3144 3144 2380 2143 2143
379 890 481 481 390 381 381 381 381 380
388 989 499 499 489 399 399 399 399 389
220 330 302 302 302 302 302 302 302 301
404 1059 515 515 508 448 404 404 404 404
749 1860 1660 860 860 860 860 860 760 760
87 198 198 198 174 98 97 93 87 87
708 1819 1409 819 819 809 719 719 719 709
1124 2213 2204 2202 1224 1202 1202 1202 1202 1202
404 1059 515 515 508 448 404 404 404 404
2181 3282 3281 3281 3192 3181 3181 2592 2181 2181
2064 3116 3116 3116 3116 3115 3106 2165 2106 2105
2824 3935 3935 3934 3927 3924 3867 3824 3824 3467
1317 2421 2421 2421 2028 1421 1328 1320 1320 1320
0 1 1 1 0 0 0 0 0 0
540 1614 651 611 604 604 604 603 603 603
345 706 406 355 355 346 345 345 345 345
2579 3681 3681 3681 3681 3681 3681 3681 3590 2589
2789 3900 3900 3900 3899 3800 3800 3800 3800 3297
685 1795 1246 795 746 686 685 685 685 685
741 1845 1555 841 841 841 841 754 741 741
1798 2819 2819 2819 2819 2819 1909 1819 1819 1809
2889 4000 4000 4000 4000 4000 4000 3999 3999 3990
2729 3838 3740 3740 3740 3740 3740 3740 3739 2935
1887 2997 2997 2997 2968 2897 2368 1888 1887 1887
1907 3018 3018 3018 3018 2996 2496 1916 1907 1907
2228 3338 3338 3338 3338 3338 3319 2919 2229 2228
1583 2694 2693 2685 2615 2015 1583 1583 1583 1583
448 1348 559 559 559 559 559 548 458 448
1396 2501 2501 2500 2500 1503 1500 1500 1500 1500
2186 3297 3297 3296 3259 3196 3189 2649 2186 2186
2549 3660 3660 3660 3659 3659 3659 3653 3353 2553
2184 3295 3295 3295 3241 3185 3185 2633 2184 2184
487 1572 598 598 597 597 597 591 587 561
688 1799 1282 798 781 698 698 698 691 688
1963 3074 3074 3071 3064 3064 2901 2063 2000 1963
464 1422 575 575 572 565 565 564 511 464
767 1878 1751 877 877 877 877 870 840 767
1182 2218 2218 2218 1293 1217 1217 1212 1207 1207
1302 2412 2403 2402 1923 1323 1302 1302 1302 1302
550 1615 661 615 611 605 604 604 604 604
1063 2174 2174 2012 1164 1164 1164 1164 1103 1063
1679 2781 2781 2781 2781 2690 1781 1781 1781 1689
1921 3028 3022 3022 3022 3022 2553 1921 1921 1921
1228 2325 2239 2239 1425 1239 1238 1238 1234 1228
2723 3769 3734 3729 3724 3723 3723 3723 3723 2858
69 180 180 176 80 80 79 79 79 75
1481 2518 2518 2518 2517 1591 1517 1511 1507 1507
1869 2980 2980 2977 2880 2880 2277 1879 1879 1876
2767 3878 3878 3853 3778 3777 3777 3772 3767 3142
1048 2159 2159 1943 1158 1158 1158 1142 1052 1048
196 304 301 300 300 300 300 300 300 300
148 259 259 259 259 259 259 247 156 148
1547 2658 2636 2558 2558 1836 1558 1556 1547 1547
368 863 479 463 378 378 378 378 372 368
2727 3812 3738 3738 3737 3737 3737 3731 3727 2901
2868 3979 3979 3979 3979 3979 3978 3978 3960 3754
345 708 407 355 355 347 345 345 345 345
1685 2796 2796 2796 2796 2745 1785 1785 1785 1740
2826 3937 3937 3937 3936 3936 3894 3826 3826 3490
2589 3700 3699 3699 3699 3699 3699 3699 3691 2683
1323 2434 2433 2425 2055 1423 1355 1323 1323 1323
344 699 399 355 348 344 344 344 344 344
984 2095 2095 1545 1045 985 985 985 985 985
324 516 334 334 325 324 324 324 324 324
1902 3013 3013 3003 3003 2933 2433 1903 1903 1903
2723 3766 3733 3725 3723 3723 3723 3723 3723 2855
523 1612 624 602 602 602 602 602 602 602
1555 2661 2661 2566 2561 1865 1560 1560 1560 1560
726 1837 1505 837 837 837 803 727 726 726
2695 3719 3719 3719 3719 3719 3719 3718 3715 2795
1203 2220 2220 2220 1313 1219 1219 1219 1219 1213
1749 2815 2815 2815 2810 2804 1849 1804 1804 1804
1588 2699 2699 2699 2689 2089 1599 1599 1599 1589
427 1211 538 537 537 537 510 430 427 427
1567 2678 2678 2655 2578 1955 1578 1574 1567 1567
2264 3375 3375 3375 3368 3364 3364 3208 2308 2264
1061 2162 2161 1972 1161 1161 1161 1161 1072 1061
2748 3859 3848 3759 3759 3759 3759 3759 3758 3037
1901 3005 3002 3001 3001 2914 2414 1901 1901 1901
874 1917 1917 985 917 917 915 907 906 906
928 2028 1939 1128 939 939 939 939 938 928
258 369 316 315 315 308 305 305 305 305
25 86 35 35 35 26 25 25 25 25
1145 2214 2214 2214 1246 1204 1204 1204 1204 1204
167 278 277 277 277 277 277 269 239 167
1018 2121 2121 1729 1121 1121 1029 1021 1020 1020
1740 2814 2814 2811 2804 2804 1841 1803 1803 1803
69 180 180 176 80 80 79 79 79 75
2748 3859 3845 3759 3759 3759 3758 3758 3754 3034
2221 3327 3322 3322 3322 3321 3236 2836 2221 2221
2263 3374 3374 3368 3363 3363 3363 3197 2297 2263
426 1201 537 537 536 536 494 426 426 426
43 154 93 53 44 44 44 44 44 43
741 1849 1559 842 842 842 842 758 741 741
1688 2799 2799 2798 2798 2781 1798 1798 1791 1771
2846 3957 3957 3957 3957 3957 3954 3913 3846 3613
2265 3376 3376 3376 3376 3376 3366 3226 2326 2266
1349 2460 2460 2459 2252 1459 1459 1452 1359 1352
2808 3919 3918 3918 3918 3900 3818 3818 3810 3390
48 158 139 58 58 58 58 58 49 48
629 1733 833 639 639 639 639 639 639 632
722 1833 1455 823 823 823 748 722 722 722
1417 2508 2502 2502 2502 1518 1501 1501 1501 1501
1349 2460 2460 2460 2255 1459 1459 1454 1359 1354
654 1761 1065 665 660 660 660 660 660 660
1382 2493 2491 2483 2411 1483 1483 1483 1482 1410
1947 3058 3058 3058 3058 3058 2833 2029 1947 1947
1465 2516 2516 2516 2516 1576 1506 1506 1506 1506
742 1852 1564 842 842 842 842 763 742 742
1643 2753 2753 2744 2743 2474 1743 1674 1643 1643
425 1194 536 536 536 534 484 426 425 425
2545 3656 3656 3656 3656 3654 3646 3604 3303 2545
727 1838 1517 838 838 838 817 737 728 727
2501 3609 3602 3602 3602 3519 3502 3501 3018 2501
344 700 400 355 350 344 344 344 344 344
1045 2156 2156 1916 1156 1156 1146 1106 1046 1046
2546 3657 3657 3656 3656 3656 3649 3609 3309 2546
2304 3401 3401 3401 3401 3401 3401 3400 2407 2400
442 1273 543 542 542 542 542 463 442 442
668 1779 1164 764 679 678 678 678 673 668
1363 2474 2474 2472 2302 1464 1464 1464 1401 1363
1002 2113 2109 1629 1103 1029 1002 1002 1002 1002
21 50 22 22 22 22 22 22 22 21
1834 2941 2845 2841 2840 2840 2044 1840 1840 1840
764 1875 1722 875 872 865 865 864 811 764
2422 3456 3426 3422 3422 3422 3422 3422 2545 2422
723 1834 1468 828 823 823 757 723 723 723
2124 3175 3134 3134 3125 3124 3124 2265 2124 2124
1087 2198 2198 2178 1198 1198 1198 1198 1188 1168
1367 2478 2478 2478 2353 1477 1477 1472 1442 1367
942 2053 1981 1172 943 943 943 943 943 942
1663 2773 2773 2764 2763 2594 1763 1763 1694 1663
2443 3554 3489 3449 3444 3443 3443 3443 2678 2443
623 1666 765 625 623 623 623 623 623 623
2887 3997 3997 3997 3997 3997 3997 3988 3987 3929
1547 2658 2636 2558 2558 1836 1558 1556 1547 1547
2444 3555 3502 3455 3452 3445 3445 3444 2691 2444
2488 3599 3598 3598 3580 3498 3498 3498 2972 2488
2424 3483 3435 3435 3433 3425 3425 3425 2572 2424
343 694 394 354 344 344 344 344 344 344
2146 3257 3218 3156 3156 3156 3148 2408 2146 2146
1329 2440 2440 2440 2140 1440 1440 1340 1340 1340
1286 2397 2397 2397 1831 1297 1294 1286 1286 1286
1067 2178 2178 2054 1178 1178 1177 1173 1143 1067
161 269 262 262 262 262 262 261 178 161
1042 2153 2152 1872 1143 1143 1143 1072 1043 1042
2543 3654 3654 3646 3643 3643 3643 3576 3276 2543
1877 2981 2981 2981 2888 2881 2288 1880 1880 1880
1247 2358 2334 2258 1534 1258 1257 1253 1247 1247
1633 2741 2741 2740 2740 2443 1740 1643 1640 1640
2216 3321 3321 3321 3321 3321 3226 2826 2220 2220
2097 3119 3119 3119 3119 3119 3119 2208 2118 2108
1345 2456 2455 2455 2207 1447 1445 1397 1345 1345
2651 3715 3715 3715 3712 3705 3705 3704 3704 2751
2803 3914 3914 3914 3904 3844 3804 3804 3804 3344
2747 3858 3829 3757 3757 3757 3757 3749 3747 3019
387 970 497 497 469 397 397 389 387 387
1848 2959 2944 2859 2859 2858 2143 1858 1853 1848
2748 3859 3847 3759 3759 3759 3759 3759 3756 3036
1281 2382 2381 2381 1703 1281 1281 1281 1281 1281
946 2057 2024 1224 957 957 954 946 946 946
388 985 499 499 485 399 398 398 394 388
1828 2924 2839 2839 2839 2838 2023 1838 1833 1828
1668 2779 2778 2778 2778 2660 1778 1778 1752 1668
1645 2756 2756 2755 2755 2501 1745 1698 1645 1645
2168 3279 3279 3266 3179 3179 3179 2565 2175 2168
425 1192 536 536 536 532 481 425 425 425
1224 2277 2234 2234 1368 1224 1224 1224 1224 1224
979 2081 2081 1490 990 981 981 981 981 980
269 380 317 316 316 316 309 306 306 306
1302 2413 2404 2402 1924 1324 1302 1302 1302 1302
1046 2156 2156 1917 1156 1156 1147 1107 1046 1046
487 1577 598 598 598 598 598 597 588 566
1227 2311 2238 2237 1410 1237 1237 1230 1227 1227
1048 2159 2159 1941 1158 1158 1158 1141 1051 1048
1325 2436 2436 2436 2089 1429 1379 1325 1325 1325
1636 2741 2741 2741 2741 2447 1740 1646 1640 1640
1301 2411 2402 2402 1921 1321 1302 1302 1302 1301
666 1777 1141 741 676 676 670 666 666 666
2884 3995 3994 3994 3986 3984 3984 3984 3984 3868
1983 3094 3094 3088 3083 3083 3017 2083 2083 2017
1081 2186 2182 2096 1181 1181 1181 1181 1181 1095
1257 2361 2361 2268 1568 1261 1261 1260 1260 1260
129 239 239 239 239 239 230 139 139 130
188 299 299 299 299 299 299 299 296 276
2501 3611 3602 3602 3602 3521 3502 3502 3021 2501
1627 2738 2737 2737 2737 2409 1709 1629 1627 1627
2019 3110 3102 3102 3102 3102 3102 2120 2101 2101
626 1706 806 637 637 637 636 627 627 626
1309 2420 2420 2420 2015 1414 1319 1319 1319 1314
485 1546 595 595 595 586 585 585 585 536
995 2101 2101 1606 1101 1005 1000 1000 1000 1000
427 1215 538 538 538 538 515 434 427 427
2431 3540 3441 3440 3440 3440 3440 3440 2641 2440
1644 2755 2755 2755 2752 2492 1745 1691 1644 1644
2485 3596 3596 3596 3556 3496 3486 3486 2946 2486
2784 3895 3895 3895 3843 3785 3785 3785 3785 3233
2227 3338 3338 3338 3338 3338 3316 2914 2227 2227
762 1873 1689 862 862 862 862 862 785 762
122 233 228 223 223 222 147 122 122 122
2766 3877 3877 3839 3776 3776 3769 3766 3766 3129
1524 2585 2535 2535 2535 1675 1525 1525 1525 1525
1881 2992 2982 2982 2902 2882 2302 1882 1882 1882
1474 2517 2517 2517 2517 1585 1515 1507 1506 1506
1420 2511 2502 2502 2502 1521 1502 1502 1502 1501
1682 2793 2784 2782 2782 2704 1782 1782 1782 1704
23 66 33 25 23 23 23 23 23 23
2572 3681 3680 3680 3680 3680 3680 3680 3582 2582
685 1796 1252 796 752 692 685 685 685 685
127 238 238 238 238 238 213 133 127 127
1543 2654 2590 2550 2544 1780 1543 1543 1543 1543
2362 3416 3416 3416 3416 3413 3406 3405 2462 2405
2882 3992 3983 3982 3982 3982 3982 3982 3982 3824
147 258 258 258 257 257 257 225 147 147
1543 2654 2590 2550 2544 1780 1543 1543 1543 1543
2864 3975 3974 3974 3966 3964 3964 3964 3906 3706
2528 3639 3639 3639 3639 3639 3626 3538 3222 2528
1042 2153 2147 1867 1142 1142 1142 1066 1042 1042
944 2055 1996 1196 946 944 944 944 944 944
1022 2132 2123 1743 1122 1122 1043 1022 1022 1022
480 1491 581 581 581 581 581 581 581 491
2209 3320 3320 3320 3320 3314 3219 2814 2219 2214
2 13 9 3 3 3 2 2 2 2
665 1776 1132 732 676 672 665 665 665 665
217 324 302 302 302 302 301 301 301 301
1965 3076 3076 3076 3076 3070 2920 2065 2020 1965
144 255 254 254 246 244 244 186 144 144
9 20 19 19 19 19 19 19 19 11
166 277 277 277 277 277 277 267 237 167
126 237 237 237 237 237 207 127 127 127
2221 3326 3322 3322 3321 3321 3235 2835 2221 2221
668 1779 1166 766 679 679 679 678 675 668
2802 3913 3907 3903 3902 3826 3802 3802 3802 3326
2747 3858 3837 3758 3758 3758 3758 3757 3748 3026
1988 3099 3099 3099 3098 3098 3082 2098 2092 2072
1909 3020 3020 3020 3019 3013 2513 1919 1919 1913
409 1120 520 520 520 520 420 420 420 420
1284 2394 2394 2394 1767 1284 1284 1284 1284 1284
2862 3973 3971 3963 3963 3963 3963 3963 3890 3690
2242 3353 3352 3343 3343 3343 3343 3001 2243 2242
1040 2141 2141 1851 1141 1141 1141 1051 1041 1041
2464 3575 3575 3525 3475 3465 3465 3465 2815 2465
665 1776 1135 735 676 675 666 666 666 665
64 175 175 122 72 65 65 64 64 64
1561 2667 2662 2577 2562 1876 1561 1561 1561 1561
688 1799 1283 799 782 698 698 698 692 688
22 55 24 22 22 22 22 22 22 22
1043 2154 2154 1879 1143 1143 1143 1076 1043 1043
65 176 176 135 76 75 66 66 66 65
701 1805 1315 801 801 714 701 701 701 701
1347 2458 2458 2458 2233 1457 1457 1427 1347 1347
162 272 263 262 262 262 262 262 183 162
147 258 258 258 258 257 257 227 147 147
1643 2754 2754 2752 2744 2482 1744 1682 1643 1643
2825 3936 3936 3936 3935 3929 3879 3825 3825 3479
2268 3379 3379 3379 3379 3379 3379 3268 2367 2268
1043 2154 2154 1892 1144 1144 1144 1083 1044 1043
69 179 179 170 79 79 79 79 79 70
1267 2378 2378 2355 1655 1278 1278 1274 1267 1267
1685 2796 2796 2796 2796 2756 1786 1786 1786 1746
1225 2286 2235 2235 1386 1226 1225 1225 1225 1225
2424 3485 3435 3435 3435 3425 3425 3425 2575 2425
2766 3877 3877 3844 3777 3777 3774 3766 3766 3133
2424 3485 3435 3435 3435 3425 3425 3425 2575 2425
2893 4001 4000 4000 4000 4000 4000 4000 4000 4000
49 160 160 60 60 60 60 60 60 60
1224 2285 2235 2235 1385 1225 1225 1225 1225 1225
1306 2417 2417 2417 1986 1386 1316 1307 1307 1306
2608 3701 3701 3701 3701 3701 3701 3701 3701 2709
2884 3995 3995 3995 3992 3985 3985 3984 3984 3878
1024 2135 2135 1781 1131 1125 1070 1024 1024 1024
2189 3300 3300 3300 3298 3200 3200 2698 2199 2197
1521 2550 2522 2522 2522 1641 1522 1522 1522 1521
1648 2759 2759 2759 2759 2547 1759 1747 1656 1648
923 1970 1934 1066 924 924 923 923 923 923
1685 2796 2796 2796 2796 2752 1786 1786 1785 1743
721 1828 1438 822 822 822 737 721 721 721
311 422 320 320 320 320 320 320 320 320
1064 2175 2175 2017 1167 1164 1164 1164 1107 1064
1344 2455 2455 2455 2195 1444 1444 1389 1344 1344
1628 2739 2739 2739 2739 2428 1728 1639 1638 1628
1682 2792 2783 2782 2782 2703 1782 1782 1782 1703
1627 2737 2737 2737 2737 2408 1708 1628 1627 1627
2236 3341 3341 3341 3341 3341 3340 2952 2240 2240
2282 3393 3384 3382 3382 3382 3382 3304 2382 2304
2563 3674 3673 3665 3663 3663 3663 3663 3427 2563
1324 2435 2435 2435 2081 1425 1373 1325 1324 1324
2884 3995 3995 3995 3990 3984 3984 3984 3984 3874
382 915 484 482 404 382 382 382 382 382
622 1657 751 623 622 622 622 622 622 622
1625 2736 2736 2736 2736 2392 1684 1626 1625 1625
1566 2677 2677 2639 2576 1939 1569 1566 1566 1566
1541 2644 2553 2541 2541 1753 1541 1541 1541 1541
86 197 197 197 163 97 92 86 86 86
1947 3057 3057 3057 3057 3057 2828 2019 1947 1947
5 15 15 15 15 6 5 5 5 5
927 2018 1938 1118 938 938 938 938 928 928
2563 3674 3674 3671 3664 3664 3664 3663 3437 2563
1027 2138 2137 1809 1137 1137 1109 1029 1027 1027
253 364 315 315 314 305 305 305 305 304
2792 3901 3900 3900 3900 3802 3800 3800 3800 3302
2071 3117 3117 3117 3117 3116 3111 2171 2106 2106
1301 2404 2401 2401 1913 1313 1301 1301 1301 1301
2149 3260 3258 3160 3160 3160 3160 2458 2159 2157
462 1400 570 563 563 563 563 562 489 462
2656 3715 3715 3715 3715 3706 3705 3705 3705 2756
2786 3897 3897 3897 3862 3796 3791 3786 3786 3251
63 174 173 97 63 63 63 63 63 63
321 463 322 322 322 322 322 321 321 321
1968 3079 3079 3079 3079 3079 2969 2079 2069 1969
1715 2806 2802 2802 2801 2801 1815 1801 1801 1801
404 1060 515 515 510 449 404 404 404 404
942 2053 1969 1165 942 942 942 942 942 942
2547 3658 3658 3657 3657 3657 3657 3623 3320 2547
1621 2728 2722 2722 2722 2338 1637 1621 1621 1621
2441 3546 3456 3442 3441 3441 3441 3441 2655 2441
685 1796 1254 796 754 694 686 686 685 685
84 195 195 195 135 84 84 84 84 84
1884 2995 2995 2995 2937 2885 2330 1884 1884 1884
487 1573 598 598 598 597 597 592 587 562
1643 2754 2754 2749 2744 2478 1743 1678 1643 1643
21 33 21 21 21 21 21 21 21 21
1683 2794 2794 2790 2784 2720 1783 1783 1783 1719
2129 3238 3140 3140 3140 3140 3140 2338 2139 2137
165 276 276 276 276 276 266 266 226 166
2148 3259 3248 3159 3159 3159 3159 2448 2158 2148
1546 2657 2621 2557 2556 1820 1550 1546 1546 1546
984 2095 2095 1540 1035 984 984 984 984 984
1988 3099 3098 3098 3098 3098 3080 2098 2090 2070
63 174 174 106 64 64 63 63 63 63
1086 2197 2197 2159 1196 1196 1189 1186 1186 1149
911 1921 1920 1021 920 920 920 920 920 920
1566 2677 2677 2639 2576 1939 1569 1566 1566 1566
2702 3720 3720 3719 3719 3719 3719 3719 3719 2805
1561 2664 2661 2573 2561 1873 1561 1561 1561 1561
162 273 272 263 263 263 263 263 192 162
707 1817 1388 817 817 788 717 708 707 707
2445 3556 3512 3456 3456 3452 3445 3445 2701 2445
2242 3353 3351 3343 3343 3343 3343 2999 2242 2242
2809 3920 3920 3920 3920 3916 3819 3819 3819 3411
2469 3580 3580 3572 3479 3479 3479 3479 2872 2472
404 1055 514 514 505 445 404 404 404 404
1343 2454 2454 2454 2184 1444 1444 1384 1344 1344
2121 3138 3122 3121 3121 3121 3121 2234 2121 2121
355 766 461 366 361 360 360 360 360 360
1827 2910 2837 2837 2837 2837 2009 1829 1827 1827
2884 3995 3995 3995 3990 3984 3984 3984 3984 3874
1583 2694 2694 2688 2617 2017 1583 1583 1583 1583
2165 3276 3276 3234 3176 3174 3166 2524 2165 2165
949 2060 2055 1255 960 959 959 959 959 954
2281 3387 3382 3382 3382 3381 3381 3296 2381 2296
1262 2373 2366 2285 1585 1262 1262 1262 1262 1262
784 1895 1841 895 891 885 884 884 884 830
2795 3901 3901 3901 3901 3805 3800 3800 3800 3305
2319 3410 3402 3402 3402 3402 3402 3402 2419 2401
986 2097 2096 1558 1058 996 988 986 986 986
2889 4000 4000 4000 4000 4000 4000 4000 4000 3996
2507 3618 3618 3618 3618 3595 3518 3514 3084 2507
2479 3581 3581 3581 3490 3481 3481 3481 2890 2480
2229 3340 3340 3340 3339 3339 3333 2933 2239 2233
2282 3393 3389 3383 3383 3383 3382 3308 2382 2308
2439 3541 3450 3441 3441 3441 3441 3441 2650 2440
4 15 14 14 6 4 4 4 4 4
406 1077 516 516 516 477 407 406 406 406
669 1780 1179 779 680 680 680 680 680 678
1881 2990 2982 2982 2900 2882 2300 1882 1881 1881
2414 3425 3421 3421 3420 3420 3420 3420 2524 2420
2802 3912 3903 3902 3902 3823 3802 3802 3802 3323
2229 3340 3340 3340 3340 3340 3340 2940 2240 2240
1516 2527 2521 2521 2521 1627 1520 1520 1520 1520
724 1835 1478 834 827 824 767 724 724 724
1871 2980 2980 2980 2881 2880 2281 1880 1880 1880
1063 2174 2174 2004 1164 1163 1163 1163 1098 1063
2441 3542 3452 3441 3441 3441 3441 3441 2652 2441
139 241 241 241 241 241 241 150 141 140
923 1968 1934 1062 923 923 923 923 923 923
681 1788 1198 782 698 682 681 681 681 681
2503 3614 3613 3605 3603 3535 3503 3503 3035 2503
422 1155 524 522 522 522 444 422 422 422
2569 3680 3680 3680 3679 3679 3679 3679 3567 2573
1965 3076 3076 3076 3076 3070 2920 2065 2020 1965
2485 3596 3596 3596 3555 3495 3486 3486 2945 2485
728 1839 1523 839 838 838 822 738 732 728
2526 3637 3637 3637 3637 3637 3601 3526 3193 2526
1668 2779 2779 2779 2779 2663 1778 1778 1758 1668
706 1817 1382 817 817 781 711 706 706 706
1929 3040 3040 3040 3040 3039 2729 1939 1939 1934
943 2054 1985 1177 943 943 943 943 943 943
1223 2272 2234 2232 1362 1224 1224 1224 1223 1223
391 1001 500 500 500 401 400 400 400 400
904 1920 1920 1015 920 919 919 919 919 914
1685 2796 2796 2796 2796 2752 1786 1786 1785 1743
748 1858 1639 858 858 858 858 839 749 748
467 1458 578 578 578 578 578 578 548 468
1649 2760 2760 2760 2760 2558 1760 1758 1659 1657
1907 3018 3018 3018 3018 2992 2492 1912 1907 1907
482 1515 584 582 582 582 582 582 582 504
2546 3657 3657 3657 3657 3656 3651 3611 3311 2546
97 201 201 201 201 108 101 100 100 100
1864 2975 2975 2920 2870 2864 2209 1864 1864 1864
1435 2514 2513 2505 2503 1535 1503 1503 1503 1503
765 1876 1734 876 876 874 866 866 823 765
1649 2760 2760 2760 2760 2556 1759 1755 1659 1655
887 1918 1918 998 918 918 918 918 908 908
1082 2193 2190 2110 1183 1183 1183 1182 1182 1109
2494 3601 3601 3601 3600 3504 3500 3500 3004 2500
1225 2292 2236 2236 1392 1232 1225 1225 1225 1225
789 1900 1898 900 900 900 900 900 899 895
468 1461 578 578 578 578 578 578 552 468
2461 3572 3562 3482 3462 3462 3462 3462 2782 2462
948 2059 2040 1240 958 958 958 958 950 948
2149 3260 3254 3160 3159 3159 3159 2453 2159 2153
1046 2157 2157 1923 1157 1157 1152 1112 1046 1046
406 1081 517 517 516 480 410 406 406 406
2208 3319 3319 3319 3319 3305 3218 2804 2214 2208
997 2101 2101 1608 1101 1008 1001 1000 1000 1000
1266 2376 2376 2337 1637 1276 1267 1266 1266 1266
103 214 214 206 203 136 103 103 103 103
1902 3013 3009 3003 3003 2929 2428 1902 1902 1902
1009 2120 2120 1720 1120 1120 1020 1020 1020 1020
1002 2113 2106 1625 1102 1025 1002 1002 1002 1002
783 1894 1830 890 884 884 883 883 883 819
462 1400 570 563 563 563 563 562 489 462
2669 3717 3717 3716 3716 3716 3709 3706 3706 2769
2744 3855 3805 3755 3755 3745 3745 3745 3745 2995
694 1801 1305 801 800 704 700 700 700 700
2725 3790 3736 3736 3735 3729 3725 3725 3725 2879
382 913 483 482 403 382 382 382 382 382
1880 2981 2981 2981 2891 2881 2291 1881 1881 1881
984 2095 2095 1542 1039 985 985 984 984 984
89 200 200 200 195 99 99 99 99 94
1063 2174 2173 1997 1163 1163 1163 1163 1095 1063
1823 2868 2834 2828 2823 2823 1957 1823 1823 1823
433 1244 541 540 540 540 540 443 440 440
2723 3767 3734 3726 3723 3723 3723 3723 3723 2856
2885 3996 3996 3996 3996 3990 3985 3985 3985 3895
1245 2356 2312 2256 1512 1252 1245 1245 1245 1245
86 197 197 196 159 96 89 86 86 86
1386 2497 2497 2497 2464 1497 1494 1486 1486 1453
2861 3970 3962 3962 3962 3962 3962 3962 3879 3679
142 253 246 242 242 242 242 165 142 142
1645 2756 2756 2756 2756 2516 1746 1706 1646 1646
2563 3674 3674 3672 3664 3664 3664 3664 3439 2563
1542 2652 2564 2542 2542 1763 1542 1542 1542 1542
2805 3915 3915 3915 3915 3857 3805 3805 3805 3356
1906 3017 3017 3017 3016 2980 2474 1906 1906 1906
188 298 298 298 298 298 298 298 289 269
2487 3598 3598 3598 3578 3498 3498 3498 2968 2488
2567 3678 3678 3678 3678 3678 3677 3673 3519 2567
2073 3117 3117 3117 3117 3117 3114 2173 2106 2106
2527 3638 3638 3638 3638 3638 3617 3537 3207 2527
1621 2730 2722 2722 2722 2340 1640 1622 1621 1621
2438 3541 3449 3441 3441 3441 3441 3441 2648 2440
1479 2518 2517 2517 2517 1589 1517 1509 1507 1507
2561 3671 3662 3662 3662 3662 3662 3662 3400 2561
1385 2495 2495 2495 2446 1486 1485 1485 1485 1436
2123 3164 3133 3124 3123 3123 3123 2254 2123 2123
1883 2994 2994 2991 2921 2884 2321 1883 1883 1883
927 2016 1938 1116 938 938 938 936 927 927
1983 3094 3094 3092 3084 3084 3022 2084 2083 2021
688 1799 1280 798 780 698 698 698 690 688
1463 2516 2516 2516 2516 1572 1506 1506 1505 1505
2469 3580 3580 3577 3480 3480 3480 3479 2876 2476
1665 2776 2776 2776 2776 2625 1765 1765 1720 1665
1823 2867 2834 2826 2823 2823 1956 1823 1823 1823
642 1753 910 643 643 643 643 643 643 642
2221 3325 3322 3321 3321 3321 3234 2834 2221 2221
43 154 90 50 44 44 43 43 43 43
2422 3455 3424 3422 3422 3422 3422 3422 2544 2422
2108 3120 3120 3120 3120 3120 3120 2219 2120 2118
2506 3617 3617 3617 3617 3586 3516 3507 3076 2506
961 2070 2062 1298 962 962 962 962 961 961
2123 3172 3134 3132 3124 3124 3124 2262 2123 2123
2548 3659 3659 3659 3659 3659 3659 3648 3347 2548
1646 2757 2757 2757 2756 2520 1750 1710 1646 1646
1911 3020 3020 3020 3020 3020 2522 1920 1920 1920
716 1821 1427 821 821 821 726 720 720 720
2546 3657 3657 3657 3657 3657 3657 3617 3317 2547
107 218 217 217 217 189 117 109 107 107
2383 3418 3418 3418 3418 3418 3417 3413 2483 2407
1951 3060 3060 3060 3060 3060 2861 2060 1961 1960
2829 3940 3940 3940 3940 3939 3934 3839 3839 3529
2121 3138 3122 3121 3121 3121 3121 2234 2121 2121
2823 3934 3934 3930 3924 3924 3859 3823 3823 3459
967 2078 2078 1423 977 977 977 970 967 967
621 1646 739 622 622 622 622 621 621 621
485 1555 596 596 596 595 586 586 586 544
1524 2577 2534 2534 2526 1666 1524 1524 1524 1524
188 299 298 298 298 298 298 298 290 270
1604 2715 2715 2715 2711 2197 1604 1604 1604 1604
162 273 273 263 263 263 263 263 193 163
243 354 314 314 304 304 304 304 304 304
748 1859 1644 859 859 858 858 843 753 748
1587 2698 2698 2698 2674 2074 1597 1593 1587 1587
665 1775 1126 726 675 666 665 665 665 665
684 1795 1238 794 730 684 684 684 684 684
1243 2354 2293 2253 1483 1244 1244 1244 1244 1243
324 527 335 335 331 325 324 324 324 324
174 281 281 281 280 280 280 280 280 184
2586 3697 3697 3696 3696 3696 3689 3686 3649 2649
2422 3453 3423 3422 3422 3422 3422 3422 2543 2422
2707 3720 3720 3720 3720 3720 3720 3720 3719 2815
963 2074 2074 1351 964 964 964 964 964 963
128 239 239 239 239 238 223 138 133 128
2656 3715 3715 3715 3715 3706 3705 3705 3705 2756
2165 3276 3276 3232 3176 3172 3165 2521 2165 2165
1348 2459 2459 2459 2244 1458 1458 1443 1353 1348
1961 3068 3062 3062 3062 3062 2877 2061 1977 1961
347 734 434 358 358 358 357 353 347 347
943 2054 1992 1190 944 944 944 944 943 943
485 1548 595 595 595 587 585 585 585 537
583 1618 694 618 618 618 617 613 607 607
1962 3073 3072 3063 3063 3063 2892 2063 1992 1962
2861 3964 3961 3961 3961 3961 3961 3961 3873 3673
2319 3410 3402 3402 3402 3402 3402 3402 2419 2401
2509 3620 3620 3620 3619 3613 3519 3519 3113 2513
1067 2178 2178 2058 1178 1178 1178 1178 1148 1068
62 173 170 90 63 63 63 62 62 62
23 73 34 33 24 24 24 24 24 23
2129 3232 3139 3139 3139 3139 3139 2331 2139 2131
2247 3358 3358 3358 3358 3358 3358 3108 2247 2247
2721 3736 3721 3721 3721 3721 3721 3721 3721 2833
106 217 217 217 216 180 110 106 106 106
2252 3361 3360 3360 3360 3360 3360 3162 2262 2260
1265 2376 2376 2334 1634 1274 1266 1266 1265 1265
2826 3936 3936 3936 3936 3936 3888 3826 3826 3487
1028 2139 2139 1824 1139 1138 1123 1038 1033 1028
315 431 321 321 321 320 320 320 320 320
2765 3876 3875 3827 3775 3767 3765 3765 3765 3117
705 1816 1369 815 815 761 705 705 705 705
2808 3919 3918 3918 3918 3900 3818 3818 3810 3390
1473 2517 2517 2517 2517 1584 1514 1506 1506 1506
1257 2361 2361 2268 1568 1261 1261 1260 1260 1260
1321 2429 2422 2422 2039 1422 1339 1321 1321 1321
2543 3654 3654 3649 3644 3643 3643 3578 3278 2543
1085 2196 2196 2156 1196 1196 1186 1186 1186 1146
1526 2597 2536 2536 2536 1697 1527 1526 1526 1526
2886 3997 3997 3997 3996 3996 3990 3986 3986 3914
2181 3290 3282 3282 3200 3182 3182 2600 2181 2181
1009 2119 2119 1710 1119 1110 1019 1019 1019 1010
2789 3900 3900 3900 3898 3800 3800 3800 3799 3295
487 1568 597 597 597 597 597 588 587 558
704 1815 1362 815 812 752 705 704 704 704
1568 2679 2679 2669 2579 1969 1579 1579 1579 1569
154 261 261 261 260 260 260 260 164 160
1653 2761 2761 2760 2760 2563 1760 1760 1663 1660
1943 3054 3054 3046 3043 3043 2776 1976 1943 1943
1861 2962 2961 2872 2861 2861 2172 1861 1861 1861
2765 3876 3876 3833 3776 3773 3766 3765 3765 3122
20 31 21 21 21 21 21 21 21 21
389 993 500 499 492 399 399 399 399 392
2508 3619 3619 3619 3619 3605 3518 3518 3100 2508
1982 3093 3087 3083 3082 3082 3006 2082 2082 2006
2763 3874 3874 3812 3764 3764 3764 3764 3764 3102
162 273 269 263 263 263 262 262 188 162
649 1760 1060 660 660 660 660 660 660 660
2767 3878 3877 3849 3777 3777 3777 3769 3767 3139
1904 3015 3015 3015 3014 2954 2454 1905 1905 1904
1884 2995 2995 2995 2943 2885 2334 1885 1885 1884
1922 3033 3029 3023 3023 3023 2574 1922 1922 1922
1269 2380 2380 2377 1677 1280 1280 1279 1279 1276
254 365 315 315 315 305 305 305 305 305
338 649 349 341 341 341 341 341 340 340
83 194 194 191 121 84 84 83 83 83
1480 2518 2518 2517 2517 1590 1517 1510 1507 1507
2764 3875 3875 3817 3767 3764 3764 3764 3764 3107
1564 2675 2675 2623 2573 1913 1565 1565 1564 1564
2136 3241 3147 3141 3141 3141 3140 2346 2140 2140
1794 2819 2819 2819 2819 2819 1904 1818 1814 1808
1845 2956 2916 2856 2856 2856 2106 1846 1846 1846
1822 2856 2826 2822 2822 2822 1945 1822 1822 1822
1263 2374 2374 2308 1601 1264 1264 1263 1263 1263
2845 3956 3956 3956 3956 3953 3946 3902 3845 3602
627 1716 816 638 638 638 638 636 627 627
2224 3335 3335 3335 3330 3324 3269 2869 2224 2224
2807 3918 3918 3917 3917 3890 3817 3810 3807 3380
141 242 241 241 241 241 241 152 141 141
2504 3615 3615 3615 3615 3555 3505 3505 3055 2505
2448 3559 3549 3459 3459 3459 3459 3459 2749 2449
2727 3813 3738 3738 3738 3737 3737 3732 3727 2902
1543 2654 2594 2554 2544 1784 1544 1544 1544 1544
76 181 181 181 87 81 80 80 80 80
2525 3635 3635 3635 3635 3626 3576 3525 3176 2525
962 2073 2073 1323 963 963 963 963 963 963
2262 3373 3370 3363 3363 3363 3363 3189 2289 2262
1962 3073 3064 3062 3062 3062 2884 2062 1984 1962
2278 3381 3381 3381 3381 3381 3381 3289 2380 2288
1566 2677 2677 2643 2577 1943 1572 1566 1566 1566
2027 3113 3108 3103 3103 3102 3102 2127 2102 2102
485 1552 596 596 596 592 585 585 585 541
2884 3995 3995 3995 3991 3985 3984 3984 3984 3876
1082 2193 2193 2113 1183 1183 1183 1183 1183 1113
2394 3419 3419 3419 3419 3419 3418 3418 2500 2408
1908 3019 3019 3019 3019 3005 2504 1918 1914 1908
463 1413 574 573 564 564 564 564 503 463
329 638 340 340 340 340 340 340 340 338
2724 3782 3735 3735 3732 3725 3725 3724 3724 2871
366 843 477 443 377 377 372 366 366 366
1681 2788 2782 2782 2782 2698 1781 1781 1781 1697
466 1439 576 576 576 576 568 566 528 466
1546 2656 2617 2556 2556 1817 1547 1546 1546 1546
1081 2189 2182 2099 1182 1182 1182 1181 1181 1098
1825 2895 2836 2836 2836 2835 1985 1826 1826 1825
1322 2433 2433 2423 2053 1423 1353 1323 1323 1323
2787 3898 3898 3898 3873 3797 3797 3792 3787 3262
934 2041 1945 1145 940 940 940 940 940 940
1884 2995 2995 2995 2941 2885 2333 1885 1884 1884
2208 3319 3319 3319 3319 3303 3218 2803 2213 2208
1867 2977 2977 2948 2877 2877 2248 1868 1867 1867
1244 2355 2303 2255 1501 1245 1245 1245 1244 1244
63 174 174 99 63 63 63 63 63 63
964 2075 2075 1360 967 964 964 964 964 964
2189 3300 3300 3300 3297 3200 3200 2696 2199 2196
489 1595 600 600 600 599 599 599 599 589
681 1791 1201 782 701 682 682 682 682 681
1844 2955 2903 2855 2853 2845 2093 1845 1844 1844
1908 3019 3018 3018 3018 3000 2500 1918 1910 1908
2849 3959 3959 3959 3959 3959 3959 3950 3859 3641
1369 2480 2480 2480 2375 1479 1479 1479 1474 1374
2483 3594 3594 3592 3522 3484 3484 3484 2921 2483
1742 2814 2814 2813 2804 2804 1843 1804 1804 1803
986 2097 2097 1563 1063 997 992 986 986 986
2285 3396 3396 3396 3396 3392 3385 3341 2385 2341
1947 3058 3057 3057 3057 3057 2829 2021 1947 1947
2588 3699 3699 3699 3699 3699 3699 3699 3687 2677
143 254 254 249 244 243 243 178 143 143
2883 3994 3994 3988 3983 3983 3983 3983 3983 3851
382 922 492 483 412 383 383 383 383 382
1928 3039 3039 3039 3039 3039 2713 1938 1935 1928
485 1546 595 595 595 586 585 585 585 536
1825 2889 2836 2835 2835 2828 1978 1825 1825 1825
1581 2685 2682 2681 2594 1994 1581 1581 1581 1581
1828 2922 2839 2838 2838 2838 2021 1838 1831 1828
2146 3256 3217 3156 3156 3156 3147 2407 2146 2146
315 431 321 321 321 320 320 320 320 320
2289 3399 3399 3399 3399 3399 3399 3390 2399 2381
2446 3557 3525 3457 3457 3457 3455 3447 2714 2446
601 1620 711 619 619 619 619 619 619 611
785 1896 1851 896 896 890 885 885 885 840
2121 3136 3121 3121 3121 3121 3121 2233 2121 2121
1048 2159 2159 1948 1159 1159 1159 1148 1058 1048
324 516 334 334 325 324 324 324 324 324
1369 2480 2480 2480 2380 1480 1480 1480 1480 1380
1287 2398 2398 2398 1858 1298 1298 1298 1288 1288
1888 2999 2999 2998 2981 2898 2381 1898 1891 1888
1986 3097 3096 3096 3096 3096 3050 2086 2086 2048
764 1875 1723 875 873 865 865 865 812 764
1943 3053 3053 3044 3043 3043 2774 1974 1943 1943
1861 2971 2962 2881 2862 2862 2181 1862 1862 1861
1028 2139 2139 1829 1139 1139 1129 1039 1039 1029
1687 2798 2798 2798 2798 2775 1798 1794 1787 1764
1631 2740 2740 2740 2740 2441 1740 1641 1640 1640
118 221 221 221 221 221 129 121 120 120
964 2075 2075 1371 973 965 965 965 964 964
462 1396 566 562 562 562 562 562 485 462
2429 3535 3440 3440 3440 3439 3439 3439 2634 2434
1056 2161 2161 1967 1161 1161 1160 1160 1066 1060
2205 3316 3316 3316 3316 3265 3205 2760 2205 2205
366 837 476 437 376 376 367 366 366 366
645 1756 964 656 655 649 645 645 645 645
2567 3677 3677 3677 3677 3677 3677 3668 3509 2567
1908 3019 3019 3019 3019 3008 2508 1919 1918 1908
87 198 198 198 174 98 97 93 87 87
2483 3594 3594 3589 3519 3483 3483 3483 2918 2483
185 296 296 296 295 289 285 285 285 239
2768 3879 3879 3868 3779 3779 3779 3779 3778 3157
1604 2715 2715 2714 2707 2190 1604 1604 1604 1604
2742 3853 3783 3743 3743 3743 3743 3743 3743 2973
943 2053 1984 1175 943 943 943 943 943 943
2283 3394 3394 3389 3384 3383 3383 3318 2383 2318
362 796 466 385 362 362 362 362 362 362
270 381 317 317 316 316 310 306 306 306
1369 2480 2480 2480 2373 1479 1479 1479 1473 1373
2207 3318 3318 3318 3318 3298 3218 2798 2208 2208
1264 2375 2375 2319 1612 1264 1264 1264 1264 1264
1161 2216 2216 2216 1272 1212 1205 1205 1205 1205
641 1752 882 642 642 642 642 642 642 642
924 1975 1934 1075 925 924 924 924 924 924
2761 3865 3862 3774 3761 3761 3761 3761 3761 3074
2848 3959 3958 3958 3958 3958 3958 3940 3850 3630
86 197 197 197 167 97 97 87 87 87
2181 3288 3282 3282 3198 3182 3181 2597 2181 2181
347 734 434 358 358 358 357 353 347 347
983 2094 2094 1528 1021 984 984 983 983 983
2300 3401 3401 3401 3401 3400 3400 3400 2405 2400
2502 3612 3603 3602 3602 3523 3502 3502 3023 2502
1597 2701 2701 2701 2701 2115 1601 1600 1600 1600
364 821 475 421 371 365 364 364 364 364
2564 3675 3675 3675 3674 3665 3665 3665 3463 2564
368 869 479 469 379 379 379 379 379 369
996 2101 2101 1607 1101 1007 1000 1000 1000 1000
1746 2815 2814 2814 2806 2804 1846 1804 1804 1804
363 811 474 408 364 364 364 363 363 363
1077 2181 2181 2088 1181 1181 1181 1180 1180 1087
1661 2764 2761 2761 2761 2573 1761 1761 1673 1661
627 1717 817 638 638 638 638 637 628 627
1826 2899 2836 2836 2836 2836 1990 1826 1826 1826
1866 2977 2977 2942 2877 2876 2236 1866 1866 1866
1589 2700 2700 2700 2696 2096 1599 1599 1599 1595
963 2074 2074 1332 963 963 963 963 963 963
21 36 21 21 21 21 21 21 21 21
2378 3417 3417 3417 3417 3417 3417 3408 2478 2407
2248 3359 3359 3359 3359 3358 3358 3128 2253 2248
724 1835 1480 835 830 824 769 724 724 724
2285 3396 3396 3396 3396 3392 3385 3341 2385 2341
2504 3615 3615 3615 3610 3549 3504 3504 3049 2504
248 359 315 315 308 304 304 304 304 304
1816 2827 2821 2821 2821 2821 1926 1820 1820 1820
2804 3915 3914 3914 3906 3846 3804 3804 3804 3346
1644 2754 2754 2754 2745 2485 1744 1685 1644 1644
949 2060 2059 1259 960 960 960 960 960 958
1361 2472 2462 2462 2282 1462 1462 1462 1382 1362
2243 3353 3353 3344 3343 3343 3343 3005 2243 2243
1004 2115 2115 1659 1108 1048 1004 1004 1004 1004
1666 2777 2776 2776 2776 2638 1768 1766 1728 1666
2563 3673 3673 3664 3663 3663 3663 3663 3425 2563
1247 2358 2338 2258 1538 1258 1258 1258 1248 1248
2164 3275 3275 3223 3173 3165 3165 2513 2164 2164
1148 2215 2215 2215 1252 1204 1204 1204 1204 1204
1826 2899 2836 2836 2836 2836 1990 1826 1826 1826
1269 2380 2380 2377 1677 1280 1280 1279 1279 1276
782 1893 1806 882 882 882 882 882 882 804
1751 2815 2815 2815 2812 2805 1852 1804 1804 1804
948 2059 2049 1249 959 959 959 959 959 949
2467 3578 3578 3558 3478 3478 3478 3478 2848 2468
1321 2424 2421 2421 2033 1421 1333 1321 1321 1321
725 1836 1489 835 835 828 778 725 725 725
1522 2558 2528 2523 2523 1647 1522 1522 1522 1522
428 1223 539 539 538 538 522 438 432 428
2803 3914 3914 3908 3903 3837 3803 3803 3803 3337
361 782 462 377 362 361 361 361 361 361
578 1617 688 617 617 617 617 608 607 607
14 25 21 21 20 20 20 20 20 20
702 1813 1343 803 803 733 703 703 703 703
1064 2175 2175 2019 1168 1164 1164 1164 1108 1064
1388 2499 2499 2499 2485 1499 1498 1498 1494 1474
144 255 255 255 250 244 244 189 144 144
947 2058 2034 1234 958 958 957 953 947 947
2201 3309 3302 3302 3302 3219 3202 2718 2201 2201
729 1840 1535 840 840 839 834 739 739 734
143 254 254 253 244 244 244 183 144 143
1323 2434 2434 2432 2062 1424 1362 1324 1323 1323
622 1655 746 622 622 622 622 622 622 622
1085 2196 2196 2151 1196 1190 1185 1185 1185 1140
163 274 274 272 264 264 264 264 201 163
2788 3899 3899 3899 3882 3798 3798 3798 3792 3272
1067 2178 2178 2055 1178 1178 1178 1174 1144 1067
1605 2716 2716 2716 2716 2233 1606 1606 1606 1605
1949 3060 3060 3060 3060 3059 2854 2054 1959 1954
1225 2289 2236 2235 1388 1228 1225 1225 1225 1225
1939 3041 3041 3041 3041 3041 2750 1950 1941 1940
2476 3581 3581 3581 3487 3481 3480 3480 2886 2480
2247 3357 3357 3357 3357 3357 3357 3090 2247 2247
2804 3915 3915 3915 3911 3851 3804 3804 3804 3350
2459 3561 3561 3470 3461 3461 3461 3461 2770 2460
126 236 236 236 236 236 188 126 126 126
280 391 318 317 317 317 317 310 307 307
2766 3877 3877 3843 3777 3777 3772 3766 3766 3132
1261 2370 2362 2280 1580 1262 1262 1262 1261 1261
2181 3289 3282 3282 3199 3182 3182 2598 2181 2181
1363 2474 2474 2466 2296 1463 1463 1463 1396 1363
1269 2380 2380 2375 1675 1279 1279 1279 1279 1274
1054 2161 2161 1965 1160 1160 1160 1160 1064 1060
183 294 294 294 284 284 284 284 284 224
427 1215 538 538 538 538 515 434 427 427
2761 3865 3862 3774 3761 3761 3761 3761 3761 3074
1983 3094 3094 3090 3084 3084 3019 2083 2083 2019
3 14 14 9 4 3 3 3 3 3
1063 2174 2174 2006 1164 1164 1163 1163 1099 1063
1418 2509 2502 2502 2502 1519 1502 1501 1501 1501
2528 3639 3639 3639 3639 3639 3629 3539 3229 2529
923 1968 1934 1062 923 923 923 923 923 923
2764 3875 3875 3822 3772 3765 3765 3764 3764 3111
186 297 297 297 297 297 297 287 287 257
2782 3893 3888 3883 3808 3782 3782 3782 3782 3207
321 457 322 322 322 321 321 321 321 321
983 2093 2093 1515 1014 983 983 983 983 983
164 275 275 275 275 265 265 265 215 165
2674 3717 3717 3717 3717 3717 3715 3707 3706 2774
1684 2795 2795 2795 2791 2731 1784 1784 1784 1730
328 600 338 338 338 338 338 338 329 328
1621 2722 2721 2721 2721 2332 1632 1621 1621 1621
896 1919 1919 1007 919 919 919 919 916 908
105 216 216 215 215 161 105 105 105 105
2526 3637 3637 3637 3636 3636 3594 3526 3190 2526
1543 2654 2588 2548 2543 1777 1543 1543 1543 1543
2268 3379 3379 3379 3379 3379 3378 3264 2360 2268
2294 3401 3400 3400 3400 3400 3400 3400 2402 2400
60 161 161 71 61 61 61 61 61 61
1831 2940 2841 2840 2840 2840 2041 1840 1840 1840
1681 2792 2782 2782 2782 2702 1782 1782 1782 1702
1627 2738 2738 2738 2738 2418 1718 1638 1628 1628
1221 2250 2222 2222 1341 1222 1222 1222 1222 1221
2762 3873 3867 3787 3762 3762 3762 3762 3762 3086
2807 3918 3918 3918 3918 3898 3818 3818 3808 3388
1141 2214 2214 2212 1242 1204 1204 1204 1203 1203
661 1768 1078 678 662 662 661 661 661 661
2845 3956 3956 3956 3956 3952 3945 3901 3845 3601
157 261 261 261 261 261 261 260 167 160
2802 3913 3910 3903 3903 3830 3803 3802 3802 3329
423 1174 534 534 524 524 464 424 424 424
427 1211 538 537 537 537 510 430 427 427
2864 3975 3975 3975 3973 3965 3965 3965 3912 3712
1184 2218 2218 2218 1295 1218 1218 1214 1207 1207
627 1717 817 638 638 638 638 637 628 627
2781 3889 3882 3882 3799 3782 3782 3781 3781 3198
941 2047 1957 1157 942 941 941 941 941 941
1384 2495 2495 2495 2437 1485 1484 1484 1484 1430
2657 3716 3715 3715 3715 3707 3705 3705 3705 2757
2843 3954 3954 3946 3943 3943 3943 3876 3843 3576
2225 3335 3335 3335 3335 3326 3276 2876 2225 2225
724 1835 1478 834 827 824 767 724 724 724
109 219 219 219 219 210 119 119 119 110
1363 2474 2474 2474 2304 1464 1464 1464 1404 1364
1822 2858 2828 2823 2823 2822 1947 1822 1822 1822
82 193 186 182 105 82 82 82 82 82
1664 2775 2774 2774 2766 2606 1764 1764 1706 1664
804 1901 1901 908 901 901 901 900 900 900
724 1835 1483 835 833 825 773 725 724 724
1884 2995 2995 2995 2935 2884 2329 1884 1884 1884
2586 3697 3697 3697 3696 3696 3690 3686 3650 2650
2251 3360 3360 3360 3360 3360 3360 3161 2261 2260
1969 3079 3079 3079 3079 3079 2970 2079 2070 1970
1524 2581 2535 2535 2531 1671 1524 1524 1524 1524
103 214 214 214 204 144 104 104 104 104
2165 3276 3276 3231 3176 3170 3165 2520 2165 2165
425 1196 536 536 536 536 486 426 426 426
2427 3510 3437 3437 3437 3437 3437 3429 2599 2427
1532 2641 2542 2540 2540 1742 1540 1540 1540 1540
623 1673 773 633 624 624 624 624 624 623
9 20 20 20 20 20 20 20 20 18
321 451 322 321 321 321 321 321 321 321
1906 3017 3016 3016 3016 2978 2470 1906 1906 1906
1049 2159 2159 1950 1159 1159 1159 1150 1059 1050
1546 2657 2626 2557 2557 1826 1556 1547 1547 1546
2146 3257 3218 3156 3156 3156 3148 2408 2146 2146
989 2100 2099 1591 1091 999 999 999 999 991
183 294 294 286 283 283 283 283 283 216
1601 2707 2702 2702 2702 2131 1601 1601 1601 1601
1081 2185 2182 2094 1181 1181 1181 1181 1181 1094
1041 2142 2141 1852 1141 1141 1141 1052 1041 1041
746 1857 1621 857 856 856 850 810 746 746
743 1854 1592 852 844 844 844 782 743 743
427 1214 538 538 538 538 513 433 427 427
742 1853 1577 843 843 843 843 769 742 742
2712 3723 3720 3720 3720 3720 3720 3720 3720 2822
1628 2739 2739 2739 2739 2425 1724 1638 1634 1628
1348 2459 2459 2459 2246 1459 1459 1445 1355 1348
1606 2717 2717 2717 2717 2251 1614 1606 1606 1606
43 154 91 51 44 44 44 43 43 43
184 295 295 295 294 285 285 285 285 233
1049 2160 2159 1951 1159 1159 1159 1151 1059 1051
2169 3280 3280 3280 3180 3180 3180 2580 2180 2180
463 1409 574 569 564 563 563 563 498 463
627 1715 815 638 638 638 638 634 627 627
2867 3978 3978 3978 3978 3977 3977 3972 3942 3742
1568 2679 2679 2665 2579 1965 1578 1578 1574 1568
387 971 498 497 470 397 397 390 387 387
1821 2838 2822 2821 2821 2821 1934 1821 1821 1821
2485 3596 3596 3596 3555 3495 3486 3486 2945 2485
812 1902 1901 912 901 901 901 901 901 901
945 2056 2015 1215 956 955 946 946 946 945
2127 3217 3138 3138 3138 3138 3138 2316 2128 2127
2142 3253 3177 3143 3143 3143 3143 2369 2142 2142
2469 3580 3580 3576 3480 3480 3479 3479 2875 2475
1505 2520 2520 2520 2520 1616 1519 1519 1519 1515
1041 2152 2142 1862 1142 1142 1142 1062 1042 1042
1281 2387 2382 2382 1712 1281 1281 1281 1281 1281
686 1797 1262 797 762 696 691 686 686 686
28 124 39 39 39 38 38 38 33 28
1821 2852 2822 2822 2822 2822 1942 1822 1822 1822
1289 2400 2400 2400 1890 1299 1299 1299 1299 1294
446 1325 557 557 557 557 555 515 446 446
964 2075 2075 1375 975 965 965 965 965 965
2807 3918 3917 3917 3917 3889 3817 3809 3807 3379
1524 2585 2535 2535 2535 1675 1525 1525 1525 1525
127 238 237 237 237 237 209 129 127 127
1158 2216 2216 2215 1268 1208 1205 1205 1205 1205
1289 2400 2400 2400 1892 1300 1299 1299 1299 1295
1589 2700 2700 2700 2695 2094 1599 1599 1599 1594
2809 3920 3920 3919 3919 3912 3819 3819 3819 3405
181 287 282 282 282 281 281 281 281 196
681 1792 1202 782 702 682 682 682 682 682
705 1816 1375 816 816 774 706 706 706 705
722 1833 1449 822 822 822 745 722 722 722
1238 2341 2249 2241 1449 1241 1241 1241 1240 1240
2448 3559 3542 3458 3458 3458 3458 3458 2734 2448
83 194 194 192 122 84 84 84 83 83
1326 2436 2436 2436 2097 1436 1388 1326 1326 1326
181 282 281 281 281 281 281 281 281 192
1984 3095 3095 3095 3095 3085 3035 2085 2085 2035
2557 3661 3661 3661 3661 3661 3661 3660 3374 2560
43 154 94 54 44 44 44 44 44 44
2444 3555 3502 3455 3452 3445 3445 3444 2691 2444
1368 2479 2479 2479 2366 1479 1479 1478 1462 1368
928 2022 1939 1121 938 938 938 938 931 928
1287 2398 2398 2398 1856 1298 1298 1297 1288 1287
66 177 176 138 76 76 68 66 66 66
2829 3940 3940 3939 3939 3939 3932 3839 3839 3525
41 147 57 42 42 41 41 41 41 41
2522 3633 3628 3623 3623 3622 3547 3522 3147 2522
727 1838 1511 837 837 837 810 730 727 727
2425 3489 3436 3435 3435 3428 3425 3425 2578 2425
1944 3055 3055 3055 3053 3045 2793 1993 1944 1944
2546 3656 3656 3656 3656 3656 3647 3607 3307 2546
726 1837 1502 837 837 836 796 726 726 726
1823 2874 2834 2834 2824 2824 1964 1824 1824 1824
1381 2482 2481 2481 2392 1481 1481 1481 1481 1392
626 1706 806 637 637 637 636 627 627 626
1563 2674 2674 2612 2564 1903 1564 1564 1564 1563
666 1777 1138 738 676 676 668 666 666 666
1983 3094 3094 3093 3084 3084 3023 2084 2084 2022
2286 3397 3397 3397 3397 3396 3391 3351 2386 2351
1046 2157 2157 1926 1157 1157 1156 1116 1047 1046
1004 2115 2115 1659 1108 1048 1004 1004 1004 1004
1821 2840 2822 2822 2821 2821 1935 1821 1821 1821
1528 2623 2539 2539 2538 1722 1538 1538 1532 1528
984 2095 2095 1539 1032 984 984 984 984 984
763 1874 1707 866 863 863 863 863 796 763
1268 2379 2379 2369 1669 1279 1279 1279 1279 1269
2242 3353 3349 3343 3343 3343 3342 2994 2242 2242
2788 3899 3899 3899 3885 3799 3798 3798 3794 3274
623 1669 769 629 624 623 623 623 623 623
436 1247 541 541 541 541 540 446 440 440
381 904 482 482 398 382 381 381 381 381
1894 3001 3001 3001 3000 2904 2404 1900 1900 1900
2192 3301 3300 3300 3300 3202 3200 2702 2200 2200
1029 2140 2140 1837 1140 1140 1137 1039 1039 1036
1842 2953 2875 2843 2843 2843 2068 1842 1842 1842
2484 3595 3595 3595 3541 3485 3485 3485 2932 2484
1764 2816 2816 2816 2816 2815 1865 1806 1806 1805
645 1756 970 656 656 653 646 645 645 645
948 2059 2046 1246 959 959 959 958 955 948
2806 3916 3916 3916 3916 3877 3807 3806 3806 3367
2464 3575 3575 3525 3475 3465 3465 3465 2815 2465
2304 3401 3401 3401 3401 3401 3401 3400 2407 2400
2482 3593 3591 3583 3511 3483 3483 3483 2910 2482
725 1836 1489 835 835 828 778 725 725 725
2123 3164 3133 3124 3123 3123 3123 2254 2123 2123
449 1350 559 559 559 559 559 550 459 450
2786 3897 3897 3897 3866 3797 3796 3787 3787 3255
65 176 176 133 76 73 66 65 65 65
1604 2714 2714 2714 2705 2186 1604 1604 1604 1604
629 1738 838 640 640 640 640 640 639 637
1546 2657 2625 2557 2557 1825 1555 1547 1546 1546
61 170 162 80 62 62 62 62 61 61
1829 2936 2840 2840 2840 2840 2035 1839 1839 1835
1638 2741 2741 2741 2741 2449 1741 1649 1640 1640
2153 3261 3261 3163 3160 3160 3160 2463 2160 2160
701 1811 1321 802 802 721 702 702 702 701
2785 3896 3896 3896 3856 3796 3786 3786 3786 3246
1648 2759 2759 2759 2759 2546 1759 1745 1655 1648
1949 3060 3060 3060 3060 3060 2858 2058 1959 1957
1212 2223 2220 2220 1322 1220 1220 1220 1220 1220
1929 3040 3040 3039 3039 3039 2725 1939 1939 1932
2142 3253 3183 3143 3143 3143 3143 2373 2143 2143
2485 3595 3595 3595 3546 3486 3485 3485 2936 2485
665 1776 1127 727 675 667 665 665 665 665
1942 3053 3052 3043 3043 3043 2772 1972 1943 1942
2281 3390 3382 3382 3382 3382 3382 3300 2381 2299
2546 3657 3657 3657 3657 3657 3656 3616 3316 2546
2883 3994 3994 3991 3984 3984 3984 3983 3983 3857
1866 2977 2977 2944 2877 2877 2241 1866 1866 1866
1069 2180 2180 2072 1179 1179 1179 1179 1172 1072
969 2080 2080 1472 980 980 979 979 979 975
647 1758 1006 658 657 657 657 651 647 647
2145 3256 3213 3156 3156 3153 3146 2402 2145 2145
681 1787 1197 782 697 681 681 681 681 681
2548 3659 3659 3659 3659 3659 3659 3647 3344 2548
1647 2758 2758 2757 2757 2530 1757 1723 1647 1647
1320 2421 2421 2421 2031 1421 1331 1321 1321 1321
1842 2953 2883 2843 2843 2843 2073 1843 1843 1843
622 1655 746 622 622 622 622 622 622 622
47 158 132 58 57 57 57 51 47 47
2017 3108 3102 3102 3102 3102 3101 2117 2101 2101
922 1963 1933 1053 923 923 923 923 923 923
2153 3261 3261 3163 3160 3160 3160 2463 2160 2160
2822 3933 3924 3922 3922 3922 3844 3822 3822 3444
1679 2781 2781 2781 2781 2690 1781 1781 1781 1689
1528 2621 2538 2538 2538 1720 1538 1538 1530 1528
2504 3615 3615 3615 3613 3553 3505 3505 3052 2504
2867 3977 3977 3977 3977 3977 3977 3968 3938 3738
1267 2378 2377 2349 1649 1277 1277 1269 1267 1267
1528 2627 2539 2539 2539 1727 1539 1539 1536 1528
426 1199 536 536 536 536 490 426 426 426
1004 2115 2114 1656 1106 1046 1004 1004 1004 1004
623 1667 767 626 623 623 623 623 623 623
2448 3559 3543 3459 3458 3458 3458 3458 2736 2448
1045 2156 2156 1911 1156 1150 1145 1100 1045 1045
1007 2118 2118 1696 1118 1096 1018 1016 1007 1007
2657 3716 3715 3715 3715 3707 3705 3705 3705 2757
2246 3357 3357 3357 3357 3356 3351 3076 2246 2246
1824 2883 2835 2835 2833 2825 1973 1825 1824 1824
2727 3813 3738 3738 3738 3737 3737 3732 3727 2902
2807 3918 3918 3918 3918 3897 3818 3817 3808 3386
2727 3817 3738 3738 3738 3738 3738 3737 3728 2906
1728 2813 2809 2803 2803 2803 1828 1802 1802 1802
1341 2450 2442 2442 2160 1442 1442 1360 1341 1341
2769 3880 3880 3872 3779 3779 3779 3779 3779 3165
2541 3652 3642 3642 3642 3642 3642 3562 3262 2542
2143 3254 3194 3154 3144 3144 3144 2384 2144 2144
1679 2781 2781 2781 2781 2690 1781 1781 1781 1689
478 1489 581 581 581 581 581 581 580 488
709 1820 1416 820 820 816 719 719 719 715
1131 2213 2212 2203 1232 1203 1203 1203 1203 1202
969 2080 2080 1474 980 980 980 979 979 976
1269 2380 2380 2377 1677 1280 1280 1279 1279 1276
1983 3094 3093 3085 3083 3083 3015 2083 2083 2015
2549 3660 3660 3660 3660 3660 3660 3656 3356 2556
43 154 88 48 43 43 43 43 43 43
1849 2960 2958 2860 2860 2860 2158 1860 1859 1857
2428 3528 3439 3439 3439 3439 3439 3439 2627 2428
2149 3260 3253 3159 3159 3159 3159 2452 2159 2152
2070 3117 3117 3117 3116 3116 3110 2170 2106 2106
624 1682 782 635 632 625 625 624 624 624
1423 2512 2503 2502 2502 1523 1502 1502 1502 1502
1846 2957 2925 2857 2857 2857 2123 1847 1846 1846
946 2057 2027 1227 957 957 957 947 947 947
1282 2393 2386 2382 1728 1282 1282 1282 1282 1282
765 1876 1735 876 876 875 866 866 825 765
2766 3877 3877 3839 3776 3776 3769 3766 3766 3129
2 13 6 2 2 2 2 2 2 2
723 1834 1465 825 823 823 755 723 723 723
707 1818 1396 818 818 796 718 716 707 707
2391 3419 3419 3418 3418 3418 3418 3418 2494 2408
1904 3014 3014 3014 3005 2945 2445 1904 1904 1904
47 158 137 58 58 58 58 57 48 47
104 215 214 214 206 146 104 104 104 104
1965 3076 3076 3075 3075 3068 2918 2065 2018 1965
2721 3746 3722 3722 3722 3722 3722 3721 3721 2838
589 1618 699 618 618 618 618 618 609 608
863 1916 1916 974 916 914 906 906 905 905
1982 3093 3086 3082 3082 3082 3005 2082 2082 2005
2503 3614 3613 3605 3603 3535 3503 3503 3035 2503
981 2087 2082 1497 997 981 981 981 981 981
1982 3093 3092 3083 3083 3083 3012 2083 2083 2011
2887 3998 3998 3998 3998 3997 3997 3992 3987 3937
359 770 461 370 361 361 361 361 361 360
1248 2359 2348 2259 1548 1259 1259 1259 1258 1248
1847 2958 2936 2858 2858 2858 2136 1856 1847 1847
1141 2214 2214 2212 1242 1204 1204 1204 1203 1203
142 253 250 243 243 243 243 169 142 142
1008 2119 2119 1705 1119 1105 1018 1018 1014 1008
785 1896 1850 896 895 889 885 885 885 839
1883 2994 2994 2994 2924 2884 2324 1884 1884 1884
1229 2334 2240 2240 1433 1239 1239 1239 1239 1233
1062 2173 2166 1985 1162 1162 1162 1162 1085 1062
341 670 361 342 342 342 342 342 342 341
143 254 254 250 244 244 243 179 143 143
1286 2397 2397 2397 1831 1297 1294 1286 1286 1286
1308 2419 2418 2418 2000 1400 1318 1318 1310 1308
183 294 294 288 283 283 283 283 283 217
1987 3098 3097 3097 3097 3097 3069 2089 2087 2059
1667 2778 2777 2777 2777 2649 1777 1769 1739 1667
871 1917 1917 982 917 916 911 906 906 906
2040 3114 3114 3111 3104 3104 3104 2140 2103 2103
2507 3618 3618 3618 3618 3595 3518 3514 3084 2507
1825 2896 2836 2836 2836 2836 1986 1826 1826 1826
2882 3993 3991 3983 3983 3983 3983 3983 3982 3838
2841 3942 3941 3941 3941 3941 3941 3852 3841 3552
2585 3696 3696 3696 3696 3695 3686 3686 3645 2644
1369 2480 2480 2480 2373 1479 1479 1479 1473 1373
741 1844 1553 841 841 841 841 753 741 741
1089 2200 2200 2199 1200 1200 1200 1200 1200 1197
2745 3856 3810 3756 3755 3749 3745 3745 3745 2999
2541 3647 3642 3642 3642 3641 3641 3556 3256 2541
1602 2713 2710 2703 2703 2157 1603 1602 1602 1602
2207 3318 3318 3318 3318 3298 3218 2798 2208 2208
692 1801 1302 800 800 702 700 700 700 700
403 1051 514 511 504 441 404 403 403 403
145 256 255 255 255 247 245 197 145 145
1624 2735 2734 2734 2726 2366 1666 1624 1624 1624
216 322 302 302 302 301 301 301 301 301
2207 3318 3318 3318 3318 3296 3218 2794 2207 2207
6 17 17 17 17 17 14 6 6 6
2087 3118 3118 3118 3118 3118 3118 2198 2108 2108
41 144 53 41 41 41 41 41 41 41
929 2035 1940 1135 940 939 939 939 939 934
1889 3000 3000 3000 2993 2899 2393 1899 1899 1893
2781 3887 3882 3882 3797 3781 3781 3781 3781 3196
1064 2175 2175 2019 1168 1164 1164 1164 1108 1064
1548 2659 2640 2558 2558 1840 1558 1558 1550 1548
125 236 236 235 235 228 178 125 125 125
2429 3537 3440 3440 3440 3440 3440 3439 2636 2436
981 2091 2082 1501 1001 982 982 982 982 981
1347 2458 2458 2458 2238 1458 1458 1438 1348 1348
1083 2194 2194 2124 1184 1183 1183 1183 1183 1118
2118 3129 3121 3121 3121 3121 3121 2229 2120 2120
2395 3419 3419 3419 3419 3419 3419 3418 2502 2408
2242 3353 3344 3342 3342 3342 3342 2986 2242 2242
2546 3657 3657 3657 3657 3657 3654 3613 3313 2546
426 1206 537 537 537 537 505 427 427 426
782 1892 1804 882 882 882 882 882 882 803
61 162 161 72 61 61 61 61 61 61
245 355 314 314 305 304 304 304 304 304
48 159 149 59 59 59 59 59 59 49
1546 2657 2622 2557 2557 1821 1551 1546 1546 1546
1686 2797 2797 2797 2797 2761 1791 1786 1786 1751
124 234 234 234 225 224 165 124 124 124
366 843 477 443 377 377 372 366 366 366
1687 2798 2797 2797 2797 2769 1797 1789 1787 1759
464 1419 575 575 568 564 564 564 508 464
464 1421 575 575 571 565 564 564 510 464
2742 3853 3779 3743 3743 3743 3743 3743 3742 2970
182 293 289 283 283 283 282 282 282 208
163 273 273 264 263 263 263 263 194 163
2224 3335 3335 3335 3330 3324 3269 2869 2224 2224
1329 2440 2440 2440 2133 1439 1433 1339 1339 1333
1500 2519 2519 2519 2519 1610 1519 1519 1519 1510
1009 2120 2120 1716 1120 1116 1019 1019 1019 1015
47 158 131 57 57 57 57 50 47 47
416 1127 521 521 521 521 426 420 420 420
2145 3256 3211 3156 3156 3150 3145 2400 2145 2145
1082 2193 2192 2112 1183 1183 1183 1183 1183 1111
741 1844 1553 841 841 841 841 753 741 741
489 1597 600 600 600 600 600 599 599 593
1904 3015 3015 3015 3010 2949 2449 1904 1904 1904
1223 2274 2234 2234 1364 1224 1224 1224 1224 1224
1523 2564 2533 2524 2523 1654 1523 1523 1523 1523
1849 2960 2951 2859 2859 2859 2151 1859 1859 1851
2246 3356 3356 3356 3356 3356 3347 3068 2246 2246
1635 2741 2741 2741 2741 2445 1740 1645 1640 1640
1621 2727 2722 2722 2722 2336 1636 1621 1621 1621
1623 2734 2734 2734 2724 2364 1664 1624 1624 1624
328 615 339 339 339 339 339 339 336 328
1920 3021 3021 3021 3021 3021 2541 1921 1921 1921
784 1895 1838 894 887 884 884 884 884 827
445 1309 556 555 555 548 545 498 445 445
2203 3314 3314 3309 3304 3238 3203 2738 2203 2203
1006 2117 2117 1684 1117 1084 1014 1006 1006 1006
763 1874 1714 874 864 864 864 864 804 764
763 1874 1713 873 864 864 864 864 803 763
2209 3320 3319 3319 3319 3311 3219 2811 2219 2211
1902 3012 3003 3002 3002 2923 2423 1902 1902 1902
1945 3055 3055 3055 3055 3046 2796 1996 1945 1945
1076 2181 2181 2087 1181 1181 1180 1180 1180 1086
1045 2156 2156 1911 1156 1150 1145 1100 1045 1045
2129 3236 3140 3140 3140 3140 3139 2335 2139 2135
1622 2733 2727 2723 2722 2346 1646 1622 1622 1622
683 1794 1230 790 720 684 683 683 683 683
2463 3574 3574 3512 3464 3464 3464 3464 2803 2463
2787 3898 3898 3898 3875 3798 3798 3794 3787 3264
62 173 166 85 62 62 62 62 62 62
1328 2439 2439 2439 2129 1439 1429 1339 1339 1329
2228 3339 3339 3338 3338 3338 3321 2921 2231 2228
771 1880 1781 880 880 880 880 880 880 781
2428 3528 3439 3439 3439 3439 3439 3439 2627 2428
1569 2680 2680 2675 2580 1974 1579 1579 1579 1574
2501 3604 3601 3601 3601 3513 3501 3501 3013 2501
2707 3720 3720 3720 3720 3720 3720 3720 3719 2815
160 261 261 261 261 261 261 261 171 161
2187 3297 3297 3297 3268 3197 3197 2659 2187 2187
1937 3041 3041 3041 3041 3041 2748 1947 1940 1940
2455 3561 3561 3466 3461 3460 3460 3460 2765 2460
446 1325 557 557 557 557 555 515 446 446
1266 2377 2377 2341 1640 1276 1270 1266 1266 1266
1526 2597 2536 2536 2536 1697 1527 1526 1526 1526
2268 3379 3379 3379 3379 3379 3379 3268 2367 2268
1683 2793 2793 2784 2783 2714 1783 1783 1783 1714
2188 3299 3299 3299 3282 3198 3198 2682 2192 2188
2761 3872 3862 3782 3762 3762 3762 3762 3762 3082
728 1839 1520 838 838 838 820 738 730 728
1228 2327 2239 2239 1427 1239 1239 1239 1236 1228
46 157 125 57 57 57 55 47 46 46
628 1725 825 639 639 639 638 638 634 628
1868 2979 2979 2965 2879 2879 2264 1878 1874 1868
1642 2753 2752 2743 2743 2472 1743 1672 1643 1642
2585 3696 3696 3696 3695 3689 3685 3685 3639 2639
1944 3055 3055 3055 3053 3045 2793 1993 1944 1944
1326 2437 2437 2437 2107 1437 1407 1327 1327 1327
727 1838 1517 838 838 838 817 737 728 727
145 256 256 256 255 249 245 199 145 145
1154 2215 2215 2215 1265 1205 1205 1205 1205 1205
2182 3292 3283 3282 3203 3182 3182 2603 2182 2182
767 1878 1756 878 878 878 878 876 845 767
156 261 261 261 261 261 260 260 166 160
185 296 296 296 296 292 285 285 285 241
1928 3039 3039 3039 3039 3038 2708 1938 1933 1928
2868 3979 3979 3979 3979 3979 3979 3979 3967 3757
994 2101 2101 1605 1100 1004 1000 1000 1000 1000
355 766 461 366 361 360 360 360 360 360
1352 2461 2460 2460 2262 1460 1460 1460 1362 1360
1544 2655 2600 2555 2550 1789 1544 1544 1544 1544
1791 2819 2819 2818 2818 2818 1901 1818 1811 1808
1269 2380 2380 2374 1673 1279 1279 1279 1279 1273
2266 3377 3377 3377 3377 3377 3377 3237 2337 2267
2507 3618 3618 3618 3618 3596 3518 3516 3085 2507
1682 2793 2790 2783 2783 2710 1783 1782 1782 1709
1308 2419 2419 2418 2001 1401 1318 1318 1311 1308
2729 3833 3740 3739 3739 3739 3739 3739 3739 2925
425 1195 536 536 536 535 485 426 426 425
1681 2782 2781 2781 2781 2692 1781 1781 1781 1692
2183 3294 3294 3293 3223 3184 3184 2623 2184 2183
1628 2739 2739 2739 2739 2427 1727 1639 1636 1628
2247 3358 3358 3358 3358 3358 3358 3112 2247 2247
2544 3655 3655 3655 3653 3645 3645 3593 3292 2544
2849 3960 3960 3960 3960 3960 3960 3956 3859 3653
2521 3624 3621 3621 3621 3621 3533 3521 3133 2521
1004 2115 2115 1663 1113 1053 1005 1005 1004 1004
2749 3860 3857 3760 3760 3760 3760 3759 3759 3053
144 255 255 255 250 244 244 189 144 144
2506 3616 3616 3616 3616 3577 3507 3506 3067 2506
2469 3579 3579 3570 3479 3479 3479 3479 2870 2470
2264 3374 3374 3374 3365 3364 3364 3205 2305 2264
324 535 335 335 335 325 325 325 325 325
645 1755 957 655 655 646 645 645 645 645
2484 3595 3595 3595 3532 3484 3484 3484 2928 2484
43 154 85 45 43 43 43 43 43 43
727 1838 1517 838 838 838 817 737 728 727
2425 3486 3435 3435 3435 3426 3425 3425 2576 2425
2429 3540 3440 3440 3440 3440 3440 3440 2640 2440
66 177 177 139 76 76 69 66 66 66
1 8 2 2 2 2 1 1 1 1
2249 3360 3360 3360 3360 3359 3359 3149 2259 2254
1843 2953 2884 2844 2843 2843 2074 1843 1843 1843
1942 3053 3044 3042 3042 3042 2764 1964 1942 1942
2636 3714 3714 3706 3703 3703 3703 3703 3703 2736
2630 3713 3711 3703 3703 3703 3703 3703 3702 2730
2189 3300 3300 3300 3297 3200 3200 2696 2199 2196
107 218 218 218 218 194 117 113 107 107
168 279 279 279 279 279 279 279 264 168
1047 2158 2158 1933 1158 1157 1157 1127 1047 1047
88 199 199 199 187 99 99 99 96 88
766 1877 1738 876 876 876 868 866 828 766
1425 2513 2506 2502 2502 1525 1502 1502 1502 1502
2127 3210 3137 3137 3137 3137 3137 2301 2127 2127
1927 3038 3038 3038 3037 3037 2685 1931 1927 1927
1909 3020 3020 3020 3020 3014 2514 1919 1919 1914
1345 2456 2455 2455 2207 1447 1445 1397 1345 1345
66 177 177 139 76 76 69 66 66 66
426 1201 537 537 536 536 494 426 426 426
2822 3933 3928 3923 3923 3922 3847 3822 3822 3447
1925 3036 3036 3036 3036 3036 2646 1926 1926 1926
348 748 448 359 359 359 359 359 358 348
127 238 238 238 238 238 215 134 127 127
2152 3261 3260 3162 3160 3160 3160 2462 2160 2160
2432 3541 3442 3440 3440 3440 3440 3440 2642 2440
1222 2261 2231 2223 1351 1223 1223 1223 1222 1222
2284 3395 3395 3394 3387 3384 3384 3327 2384 2327
1249 2360 2357 2260 1557 1260 1260 1259 1259 1256
1367 2478 2478 2478 2353 1477 1477 1472 1442 1367
1225 2295 2236 2236 1395 1235 1226 1226 1226 1225
423 1172 534 532 524 524 462 424 423 423
87 198 198 197 170 97 97 90 87 87
2869 3980 3980 3980 3980 3980 3980 3979 3976 3773
782 1893 1817 883 883 883 883 882 882 809
1081 2187 2182 2097 1182 1181 1181 1181 1181 1096
2887 3997 3997 3997 3997 3997 3997 3988 3987 3929
2821 3932 3922 3922 3922 3922 3842 3822 3822 3442
2168 3279 3279 3267 3179 3179 3179 2567 2176 2168
2080 3118 3118 3117 3117 3117 3117 2183 2107 2107
2471 3580 3580 3580 3481 3480 3480 3480 2881 2480
729 1839 1530 839 839 839 830 739 739 730
67 178 178 156 78 78 78 76 67 67
2463 3574 3574 3499 3463 3463 3463 3463 2796 2463
2744 3855 3798 3754 3747 3744 3744 3744 3744 2987
525 1613 629 602 602 602 602 602 602 602
1847 2958 2933 2858 2858 2857 2132 1852 1847 1847
1548 2659 2640 2558 2558 1840 1558 1558 1550 1548
2167 3278 3278 3256 3178 3178 3178 2554 2167 2167
2828 3939 3939 3939 3939 3939 3926 3838 3835 3515
2242 3353 3346 3342 3342 3342 3342 2988 2242 2242
686 1797 1265 797 765 697 695 687 686 686
1546 2657 2622 2557 2557 1821 1551 1546 1546 1546
1887 2998 2998 2998 2975 2898 2375 1894 1887 1887
2564 3675 3674 3674 3666 3664 3664 3664 3448 2564
2181 3290 3282 3282 3200 3182 3182 2600 2181 2181
63 174 174 108 64 64 64 63 63 63
867 1916 1916 977 916 916 907 906 906 906
2226 3337 3337 3337 3336 3336 3294 2890 2226 2226
1007 2118 2118 1690 1117 1090 1017 1010 1007 1007
2466 3577 3577 3547 3477 3477 3477 3467 2837 2467
1222 2262 2232 2223 1352 1223 1223 1223 1223 1222
2818 3921 3921 3921 3921 3921 3829 3821 3820 3428
2240 3341 3341 3341 3341 3341 3341 2961 2241 2241
741 1848 1558 842 842 842 841 757 741 741
2882 3993 3989 3983 3983 3983 3982 3982 3982 3834
2121 3146 3122 3122 3122 3122 3122 2238 2121 2121
727 1838 1516 838 838 838 816 736 727 727
1323 2434 2434 2434 2064 1424 1364 1324 1324 1324
448 1347 559 559 559 559 559 547 456 448
2787 3898 3898 3898 3875 3798 3798 3794 3787 3264
68 179 179 168 79 79 79 79 78 68
1602 2713 2711 2703 2703 2159 1603 1603 1602 1602
1584 2695 2695 2695 2635 2029 1584 1584 1584 1584
2038 3114 3114 3109 3104 3103 3103 2138 2103 2103
2563 3674 3674 3672 3664 3664 3664 3664 3439 2563
611 1621 721 620 620 620 620 620 620 620
989 2100 2100 1592 1092 999 999 999 999 992
225 336 306 302 302 302 302 302 302 302
292 403 319 319 318 318 318 318 312 308
2723 3767 3734 3726 3723 3723 3723 3723 3723 2856
1567 2678 2678 2652 2577 1951 1577 1571 1567 1567
1521 2533 2521 2521 2521 1632 1521 1521 1521 1521
1246 2357 2322 2257 1522 1256 1251 1246 1246 1246
