20909
470
46034
5413
29820
1699
57807
41932
9353
4317
25752
17376
18505
13148
14944
19259
49776
12658
47957
13087
44426
67524
28918
28633
19365
21504
8815
40928
47891
17217
46301
52607
37828
9627
10669
61625
56079
27058
44861
17885
49963
18724
53340
2754
51576
6192
53064
27471
52963
7915
64037
11998
45714
66524
44988
25428
39151
42674
50070
21555
12604
41476
33455
11410
33177
45451
2937
9030
12222
49372
2157
24014
50685
7995
55661
52270
5753
26524
4519
19696
41978
4593
44577
23136
35197
38864
63844
24653
53427
10483
46955
17756
62762
11740
57730
60433
9679
57997
43332
12113
4665
10071
45750
15986
63150
2687
12051
23239
42005
62056
61615
35750
64819
2784
1152
32029
52561
29845
23288
28617
24846
2359
33098
5201
8119
39184
54471
32143
32596
23517
48686
52777
1591
63514
33784
64847
65397
65218
28445
63537
54177
62749
60592
5990
23686
10724
10406
22138
43765
54815
64899
63669
17768
10614
38830
45380
52857
43555
44080
14203
46010
21052
15648
24795
52789
12344
38515
53547
48602
56822
58013
41966
20589
58296
52378
12036
64059
65721
9589
42340
25573
41797
62001
53445
37088
3604
30358
37294
25583
49549
62721
15690
15626
55092
55525
55836
25759
43256
48983
45700
22006
11788
55698
48138
23000
10253
43856
24660
50178
61350
23352
38994
12051
18576
40620
59902
47645
3091
25429
5712
7888
35236
60078
60285
61187
31125
35676
26618
50869
8905
17882
65579
15590
35826
15451
33227
14715
5849
3192
32303
67627
33014
10138
21770
62728
66918
54539
46050
67608
52164
66665
27454
63559
901
31266
50057
54587
10184
17186
21095
47627
17262
16332
43643
55447
52904
62338
18414
58883
46920
23489
16316
31435
59666
32146
11895
33110
35142
63664
14759
18370
27852
34807
48864
65739
45516
11979
59982
27566
47780
28365
60915
66303
21402
2319
31049
37443
15100
23733
343
30954
44355
39445
63276
52380
38914
43749
6677
54178
25656
57493
63738
17174
15757
10431
58764
36847
61300
30147
31530
19014
55461
9196
41396
56764
23171
22681
28768
3915
22930
43335
53365
54450
28221
34016
4141
7026
58960
16690
28288
38379
42123
36968
47449
23386
27421
62106
61817
55653
27870
13295
23914
6878
35057
10085
27134
32678
43360
50000
67320
27580
35675
12357
60025
16299
43302
26285
6359
19271
18962
7718
61497
66863
23112
46648
64227
26651
55669
7590
24788
37440
518
62902
1472
15789
43821
24978
57030
50041
60894
11553
25417
45658
17212
16665
11232
36351
51011
61790
28185
43351
23881
61315
56103
5609
11325
3087
43776
36395
13818
27352
21647
17906
59834
9660
65850
61287
51278
28331
61145
50375
32466
55550
36722
25651
36953
62435
13860
36294
54432
11277
11998
33000
24296
48838
50782
21243
22159
34786
55201
17098
21027
57867
47073
40640
21965
18548
16428
7748
53847
42049
35598
24134
58637
57439
23819
34235
47510
46852
36598
44438
37769
34592
560
43948
66960
45202
27761
64163
29934
8546
19365
34327
17330
21819
3625
66162
38705
25679
3306
45307
6469
60527
55094
23812
21257
48339
62351
33203
24517
23916
56764
374
16823
49287
64263
32928
66199
24788
51201
62019
43838
2860
48328
6861
52263
47963
57224
36639
27034
61898
50074
62650
43931
65391
28345
36537
21964
60535
26729
14756
64480
36773
4985
24517
44494
26028
52171
50020
14616
20690
13274
12867
1344
56971
1449
14399
14867
18303
42268
62721
59844
64330
32915
49582
25497
46734
62950
61687
3428
14383
6043
13389
19023
9987
36415
49145
11280
1123
10328
13129
11272
63265
50001
61402
44177
41445
53967
28381
44004
34826
24871
48496
1878
39791
66111
52870
40090
6138
18477
63480
50513
65401
11030
48140
37629
63107
48910
62659
10521
50456
27008
63923
35032
45409
29867
35958
20213
68104
27946
11372
56617
18571
2996
39023
43289
5783
23321
55305
49078
40715
32032
11601
44981
28778
20176
33504
58567
45099
60110
67053
41402
59536
54711
63842
50456
59102
30224
11445
28382
47262
58024
19466
3644
58800
53282
16308
28624
62331
14279
43128
22992
66559
30581
62115
50668
49441
18492
43266
67954
46788
4602
1932
4150
9245
42114
19135
50216
2345
64885
4769
39012
1474
1666
16183
61802
20044
29030
12930
53894
4462
58933
7276
4512
45300
28654
20201
18208
64126
54430
43855
50454
61808
12323
8284
15520
8745
52338
26201
343
29179
28885
46079
52129
29262
36842
29311
42081
50514
45165
35769
35037
50592
15971
8225
16232
3072
25789
24297
59722
20448
20073
58374
4887
38077
28550
35349
62518
11228
50026
41612
56802
38189
9324
56911
65266
25903
27747
9929
64101
43151
7671
15184
56654
46551
44473
2056
13257
7862
38642
47304
16417
45103
22324
3295
45703
44646
28295
61262
5984
4261
14610
19333
65829
66091
35153
21107
14336
41739
5646
39328
63553
41432
14068
43133
22568
43829
66932
12180
57694
41147
51278
64176
24401
50964
25422
67301
19604
7241
59097
36185
26502
48205
44373
61146
4112
51934
12894
23102
12593
52296
30388
26652
16821
19699
3317
42317
51867
67591
50988
25005
16077
44745
64980
35535
49510
39047
21501
10669
19584
25462
376
13155
59540
19906
23066
58048
22762
12238
42467
5816
17294
22246
962
917
7622
21209
54922
64137
49461
11070
26596
46068
11299
47262
41670
59577
63441
19782
23126
15437
49199
21152
63423
7145
58596
25197
12648
64309
42088
17624
15725
12052
17114
3298
19016
19989
21862
33039
16138
19772
45732
61591
25810
37825
28560
43922
1003
51446
2960
5262
61466
64920
2889
16568
63259
26100
33692
62528
39899
24621
31235
10547
19839
4972
7100
3472
55765
53785
38510
10638
26249
41536
47406
11078
50155
63787
1474
2441
43862
11784
14106
41937
1458
60226
10642
1206
16925
28559
8637
26351
26122
31130
50083
60994
22340
22528
39603
9379
17532
27547
21003
58894
30806
4017
65091
10802
64630
67799
25262
39243
47910
23188
20721
13206
23713
31062
48555
5462
3919
16058
4412
11340
36455
24976
42059
10570
18482
347
46489
65069
11042
53745
10767
38744
66165
62341
19186
66603
30959
18895
45122
4450
24114
17065
6426
56408
39167
56538
33980
40186
4946
21852
19131
29911
30349
37132
13909
23718
31762
42572
30434
62722
17482
30804
49949
27307
18252
62101
2375
6333
62483
62271
24425
32781
40081
17849
53756
44140
60362
43817
6366
60519
5482
62222
3252
40565
66962
22192
41432
7806
51277
39958
35109
48219
42043
12370
26697
14320
17881
46817
33505
26405
42506
42018
7795
58940
28825
40807
9274
66927
2950
12508
5371
12021
4821
36074
29845
59633
1970
45374
27542
34031
34615
35117
6970
59438
50862
45881
40147
20401
4098
30657
36267
489
51873
50451
12693
40109
1545
36254
38609
57713
27193
60874
2394
52908
40955
40388
42173
20379
25641
61968
18020
44137
13024
60516
48178
16433
7879
19324
45828
54938
46070
30197
45959
58536
17211
24380
56363
47014
23035
4968
66370
35429
53104
7669
17660
60743
1253
10321
54384
12108
13415
14445
23572
40672
35273
54300
4973
53514
12406
46862
17827
39652
65324
64147
18469
49174
8872
21018
45867
46620
39828
57086
1046
36702
14650
18388
60815
66007
41977
28236
10742
41833
42757
66902
27124
23300
44350
36438
34149
41145
20425
17478
58085
28039
47387
6435
34066
26925
3914
47835
31912
43332
23375
11181
52620
6212
2755
11703
48718
44060
6658
52429
5035
3347
26788
46423
56148
57536
20054
57869
31122
37307
62710
15243
2515
2985
22519
21186
31368
26531
23525
30206
21723
25717
36601
5903
40551
4255
66413
64332
47313
1036
27361
53151
16058
18574
31313
50375
59782
36252
58892
25359
47284
55554
27504
15711
13954
35664
66390
46659
19607
26334
51702
44580
8448
6619
31565
9637
13795
63069
44689
40972
45669
9681
18825
32255
10021
37543
48189
60440
35967
29995
23417
11257
7544
10169
31561
30141
41948
60082
33424
59367
60233
19348
59038
26965
42900
45602
42360
1464
2243
38312
64644
21660
5582
19437
58425
28264
54571
63817
29499
8774
37860
51690
425
39724
39848
52622
14479
2311
51020
32545
46366
21772
20374
40891
51707
54749
40295
28709
4090
45162
25984
20444
58125
20444
41873
51144
2040
32995
58682
55157
32174
4043
15927
48400
21625
12601
17746
62010
44504
64848
66843
27594
48623
27911
5752
35699
33170
10995
54458
57800
57113
12788
14460
10473
14661
14693
20065
7605
17646
66304
14351
58346
43215
2744
35604
2657
45928
48816
38761
43331
60297
36862
52453
33143
15946
36691
4405
55086
21830
41249
29090
14772
55013
61864
48018
33849
38087
37578
25614
29294
57933
26920
8465
63151
50718
64770
44031
41051
50567
49532
67977
11486
51588
61800
56272
38634
60309
1520
55155
62376
51518
46049
65986
18465
45222
15011
1013
41740
16334
54675
47041
10239
4032
29654
42553
45534
27189
18743
27008
22464
64986
12530
34478
60339
57416
28483
62162
29660
48400
52268
18249
39806
8313
32064
11322
41099
14136
67385
31374
61668
23387
56312
30277
48187
4278
22400
29368
23972
66633
22697
12248
5434
65189
55002
6639
51143
2821
48692
61415
48983
25593
5912
59035
54954
15242
66246
59715
34721
58098
67473
1270
41217
12158
48814
48143
41411
6362
52558
44497
45656
12544
13506
55170
65209
8497
42463
33689
28861
47742
42245
61687
51935
51061
7578
14361
21552
62168
14335
65970
56632
55285
37912
5939
32040
9518
50044
28615
59189
45398
38850
22067
12600
63535
39994
12508
55131
51603
16381
65226
44307
7739
11849
64166
36427
5011
1311
12015
32828
21909
31292
44165
15192
41768
28465
52339
52533
60170
52628
39536
16334
40539
5597
28301
57831
47919
42790
23820
5173
8633
46810
58026
7322
17105
39672
13640
10672
35744
62915
66995
54705
47242
19558
58965
10649
32851
2885
21926
62132
32409
1567
9671
28651
46471
66672
66766
56050
20131
49033
34324
15620
24304
64742
58862
13118
62294
13943
58646
3669
15211
13022
50746
24527
65770
61227
28976
6689
12197
28618
18114
27110
28546
43056
9754
22843
4671
60461
26733
21814
1752
64947
37695
62547
30623
19633
26538
15804
54743
66916
16151
17288
30107
5795
52932
18401
58405
66346
55106
26504
31142
20484
44184
22451
31372
6973
15866
33276
49074
61627
45236
5289
28551
45832
21441
8609
54197
47494
30151
18098
1259
66851
50359
54825
18492
40635
40955
32009
67172
3346
8915
16421
14563
4153
21061
54715
16096
30785
13957
6416
47330
12816
42088
31707
17685
4330
9915
6875
27600
34236
35454
30433
58054
607
52872
25992
15413
58871
5940
50554
50405
51373
26506
25908
59686
52550
36427
15432
62787
67280
32390
36616
32780
28847
46256
5158
59323
53858
8959
61164
7225
12402
43284
47898
37229
4762
38747
51622
28829
56214
1792
13853
32996
38000
55358
10313
59536
45392
17123
55344
48424
25105
41950
50660
55703
58843
36806
29109
32106
60074
30162
6666
28092
5616
26803
46894
16564
23312
1042
4786
57027
15292
14311
61532
36260
11041
20660
51763
17431
60063
4966
31671
28024
31470
43145
61713
26570
8865
18471
55857
24221
51081
784
27879
43395
59950
36512
2429
11753
21492
55364
31704
9531
691
27717
6944
22795
55463
19077
15964
46714
50319
63723
17342
4616
2457
67148
48834
13907
58117
35746
21093
52005
19964
31802
16294
41120
8173
321
29192
43967
11617
27364
38077
28855
54438
27862
19867
1863
43918
42017
45723
9607
33587
54986
40255
59924
9266
57750
43542
64637
12355
26055
4692
50249
23696
24805
45718
12717
28506
50467
25834
17841
64942
13338
48303
28698
39308
11395
52827
2784
36390
59695
12353
20327
27509
9505
29260
10513
55367
53824
64941
59043
49632
53840
48985
9590
13654
22908
63632
46227
39267
28195
46114
58115
21404
25616
42387
59536
18304
18447
20281
22594
54197
35748
38227
35099
22309
15969
1311
59568
29205
680
59633
31125
54339
38211
30157
56242
29619
63008
66430
1747
31455
58572
60958
52047
55015
1990
61873
44423
41665
8832
61819
10353
64825
39583
16926
51125
30266
16930
7459
54067
3002
57769
31864
6265
58889
25184
39889
12069
48514
10394
45435
19273
64306
35651
25634
4806
3336
54427
50437
56043
28483
13671
6640
4812
11719
35193
16792
19705
45337
51792
64985
36524
46561
51376
44666
32768
41474
26482
38479
8372
27505
13309
7851
66844
32903
59910
13503
24113
40735
2111
19439
9767
11454
45711
26424
38353
23507
10738
20225
60112
41547
26078
23244
34764
29008
7201
27755
51681
54977
44835
60830
34282
58923
64388
37768
23583
10836
33295
67447
31996
66989
59523
57045
4273
64283
58000
55353
41767
27234
66429
39938
19012
54426
57120
48359
18074
28729
40388
15364
35456
53086
60738
27384
38895
41038
30404
25187
40617
24742
24850
52543
20448
54213
55841
18170
21928
24222
23856
17163
47179
39559
25350
66712
61908
9027
59996
39149
56730
19711
64702
47625
40479
49766
3396
18823
65105
37898
39213
50023
12150
40776
39309
15164
46163
36229
18335
64696
15897
50703
26178
15570
27168
15369
29434
36461
60740
66215
50699
36580
2792
2493
54161
46867
20122
53676
25134
58673
32452
29853
42092
29053
27526
32491
7560
37876
38901
63806
61675
37196
21612
3643
63476
30041
37079
47162
61040
50735
63330
4248
21792
27246
34344
38214
47402
3496
54711
2087
64374
16595
10705
44904
14644
30525
15827
56803
43289
27804
17174
4292
32408
11373
14699
24423
5708
11294
42936
1327
66746
1539
40759
36960
52044
31517
62599
24903
41641
30916
20266
43834
1843
66506
11554
23568
42363
9848
5081
64205
45372
24592
30618
33624
3802
14119
43452
34615
19981
7089
57838
32355
44811
9953
15728
40556
40170
20403
4165
50934
50355
66050
23789
40532
31896
67722
63398
33305
47257
54309
44308
50773
39472
31713
63043
29337
37129
2937
55641
22102
41632
33782
51133
59331
14165
45832
34594
29888
44531
5811
40906
24624
34802
46857
1946
32475
37205
6681
57930
49734
23827
50773
5461
21084
39293
49808
38129
25520
44286
44712
6968
40557
55675
7981
23182
21596
29788
57009
56304
53171
28827
56030
42838
62606
18173
48164
53076
19587
35401
33974
63266
31371
53926
34898
60614
55166
39941
46093
13969
43437
32169
25170
63652
13558
65548
36948
36419
58179
49188
27640
32663
23035
1182
39913
32986
38379
29040
56314
44377
6806
2941
38268
48757
13555
53359
19841
43774
57740
61223
51335
2798
24015
12580
13143
9309
63209
13005
56907
9260
62299
30304
52792
53875
41330
40514
12653
27523
55212
38445
8961
21369
54278
45527
59157
47044
20706
63591
14721
14087
46596
17362
12894
16037
52608
6014
62247
61411
40853
60794
33100
4203
40648
34749
36945
28692
37782
57958
46510
15569
4687
58759
17738
35713
63583
13163
55610
63968
9728
29577
9901
45832
8351
59670
56473
33351
29234
24899
33336
65611
1685
37899
3618
18082
22762
7350
39950
42888
38638
54505
41464
63020
33043
44606
60232
61670
2011
58364
20906
49983
60302
43734
18736
53239
57947
39280
42079
19881
57711
52405
44786
8485
57270
18198
23167
26584
54941
20852
7414
10227
25803
55100
23910
62654
66238
52987
43975
66602
40829
38075
42484
53575
63015
883
40149
12926
36924
61960
19051
19676
31773
38818
5297
14068
19650
39791
46772
64243
29579
60806
2515
25395
51840
63804
65833
17405
15397
60237
13878
33672
44484
8513
20487
29229
63692
54169
14877
24033
11819
55738
17765
52414
45708
25531
10441
20700
58773
34328
24300
59413
67198
31838
40290
28161
29050
42795
36995
26692
56842
52242
37435
57049
39433
45648
31264
51838
6990
66762
28389
49093
19349
8524
59376
36050
5402
3624
53686
8251
54886
3619
47044
31486
52103
66884
25496
23008
39912
5233
57642
797
27775
10858
13509
4900
63223
20865
12767
39162
21738
51666
45121
16950
18256
61749
39199
66778
19023
22274
56811
48805
1137
33107
48097
49109
45538
24892
61534
38393
30071
12763
57519
63490
43045
37097
62419
48019
52659
39893
15416
25172
28913
63382
11798
2863
3927
1776
40415
6687
33089
25880
60601
43010
17956
51275
32200
35695
65351
25775
6229
15922
7820
21505
37722
39784
8488
35552
55003
58458
52032
53508
6353
59662
25593
4520
30200
9807
25936
40192
33458
59545
54364
24551
47462
26663
49488
51091
66161
31273
11348
26706
42414
61277
4163
50689
9278
4180
34584
15062
8199
1151
13995
50376
52623
32626
34857
30993
27382
58045
64534
3392
51301
47324
37862
12599
19915
59792
57498
25152
56062
41033
13471
11037
18653
8449
2032
63980
65317
41204
4294
17530
49002
16221
7892
15199
8826
17177
60271
26577
38107
14043
36260
14431
11901
45682
30921
35339
61557
64131
26559
65819
50811
3058
66731
19415
58700
13151
50041
47135
3221
66266
6936
40457
9146
27518
51199
20695
32431
51674
46391
58570
27416
25748
36575
12039
21322
40302
24265
58712
65266
14296
17456
38174
8103
29603
62401
22849
36661
6003
16280
5221
31648
11481
45530
35002
58251
51883
35467
49672
27408
15519
11276
52443
31906
19109
17816
16776
10929
15217
23874
18658
27366
43446
27107
67628
30370
18906
55464
6478
11334
56835
28342
27793
42719
2707
17160
3152
31395
29694
39971
47166
65680
38477
25304
46737
9683
51313
12373
16735
6755
61881
46905
4684
9914
48465
22783
2161
19504
62540
18639
5085
32920
46850
41226
22250
30575
56699
36332
53889
14989
59301
30735
9817
38302
52067
60476
4437
27045
26753
34057
64853
66266
59065
14605
23698
13677
39949
21124
61450
40563
38863
23070
6682
44104
67540
58466
10288
43123
57913
33998
20719
41541
4887
18156
7893
8167
63573
50681
56632
58725
28714
38180
40278
34913
16533
46035
55558
35347
52352
5143
65581
59673
44454
19635
18166
35306
57071
59956
32323
46167
61201
52107
25145
57508
47490
2884
29931
28024
655
35426
38072
11792
48421
1797
58138
33213
50314
48686
66653
16597
46247
43098
17603
7110
7172
13997
26016
49710
39576
50330
58434
54856
46742
1236
62027
41267
34233
47921
29279
26040
58197
39620
35814
20200
52352
65327
33520
11642
31575
916
20609
10051
33488
45338
16988
57883
13734
34403
64627
20311
8380
28877
18532
49203
2668
8186
47532
49043
65465
59913
56794
22022
60270
19442
16929
19432
38741
49996
8435
28518
20384
473
66008
33479
11397
21508
22760
58528
66180
15292
30496
56434
33038
62911
36426
21668
10796
30922
38445
45611
6627
1791
9404
24609
3373
67120
41384
36107
56539
36646
17779
43916
61732
38654
54406
15205
315
11809
20663
26598
57281
38394
61366
4813
62562
45406
36051
17588
64013
38698
37033
36648
26616
58619
36624
59023
5355
19492
54636
35776
28888
9531
9127
4902
5374
13592
39644
21310
39197
56732
40781
1838
37400
48522
20050
19197
16287
39769
19412
4795
28013
5605
13179
21037
12606
49854
56102
22312
27672
33317
27458
39501
8952
52034
23420
4108
36372
67514
28131
48151
48503
30964
41204
13359
40829
11305
7514
55917
41652
51619
57350
35320
19365
24655
43757
43262
58921
25985
8694
18123
61295
32557
31429
18756
1491
66616
29245
20354
3036
44282
33831
48567
517
16423
62551
55848
47871
57726
43625
27898
62026
67042
62050
51822
15363
36483
3295
2544
25981
8584
6456
31138
63845
58237
6794
62753
37342
41570
23133
49110
30532
48245
21608
50599
51007
36751
31027
24473
23341
54089
41919
41797
56648
45911
33717
60869
32525
27117
21284
46746
54365
4888
3688
46689
52004
35558
32589
30626
50213
24377
23262
4706
31657
5683
29783
3403
48777
33032
39293
45879
12175
29742
44552
63668
23056
61651
64133
23953
42579
44053
3234
10683
64578
23449
60080
39705
44195
64903
48820
20174
9414
58178
14803
617
65005
48508
4877
53184
53374
22603
62306
18568
60950
35134
43046
11143
14422
51399
38995
25819
37069
41198
37307
35708
38734
44241
47791
61662
34662
3307
32176
5278
17675
42915
9851
38335
8611
20661
46873
24757
56937
12925
45874
65815
1172
15588
15174
30596
47700
33659
27010
6083
44680
46120
31151
60805
26925
35648
55068
23917
17269
52466
42781
7797
8734
20055
14497
26246
4082
6844
28442
38105
17190
41402
16361
14220
49930
67799
4280
62342
10993
33202
19297
55950
13675
59529
5841
65001
50681
36914
58433
44866
15797
24884
15815
19952
19119
5655
22001
21483
10439
40444
54970
64559
50961
17532
12965
36153
49676
17658
49721
14589
13030
66479
32528
60383
60745
13400
45289
51778
49027
20347
24008
36485
3565
14394
64194
66221
16325
42182
60303
23232
3831
33147
31020
13747
41006
29382
48805
42904
62525
45911
21755
25667
65979
37693
60926
12850
2612
34855
39737
4661
54353
2145
15786
21885
52410
16253
14789
39951
58457
44261
1801
67817
28651
13591
6352
38733
15694
63299
31308
13092
50398
3572
39671
59826
16783
6087
64443
63482
7179
15737
7443
7570
52511
7800
49100
31451
65288
27413
33459
15608
33433
8624
44334
55331
47245
15762
63960
32577
19355
32758
66550
22698
66763
45511
20181
1385
50466
9220
62334
44517
4431
23586
28388
21512
23156
39942
13722
60295
32676
15500
65972
3289
13028
59768
22613
4007
25272
48568
36279
13607
22322
17747
48254
19994
41548
45231
30873
25705
41009
9093
33878
31539
58495
55601
21297
32048
13908
50658
37639
14578
55388
32423
66909
19472
27802
38650
50378
27875
42549
1143
31013
32026
42701
23388
54735
39003
47772
36982
62525
17310
46121
2007
3197
47591
4676
61788
12497
7576
60933
48997
52715
9841
47743
3323
36638
63770
27460
57455
37987
61379
29068
58470
38254
7107
64434
2702
52826
64590
45636
54435
20044
45737
26438
26633
31124
5594
65595
22175
6402
9268
7826
22028
25751
46455
29576
18527
61828
6819
44803
48384
31857
60516
55084
57723
46555
3886
50284
59303
16989
63013
43352
34420
23146
66556
4827
61079
15785
32875
46970
44341
51689
63452
18124
16178
12249
56842
37802
39255
8609
50418
1614
52238
38872
54341
31111
62757
9334
57152
9415
47816
6449
23802
35782
21827
30938
32741
63331
13030
64156
22483
22404
26059
33244
66140
49705
41885
33168
24732
47439
62080
65359
24182
41235
42034
4369
16759
42043
30309
46745
58478
55968
17362
8323
25025
1490
44639
38248
54192
31281
13708
41117
42753
52599
52602
45946
1332
38530
40755
25148
16540
5738
16977
53773
59849
2668
33337
3715
21921
44910
42350
57021
13406
6873
46139
62187
11746
4225
59692
29991
35170
60128
28554
47314
53343
30951
23653
22907
39678
64452
14409
59472
48263
11997
48319
11599
51178
17191
17417
18296
25142
45905
43882
29473
52173
15607
43426
10945
3892
47807
1416
7463
30090
31427
63643
8191
19077
54877
14947
21597
33122
37171
48061
57919
27884
43085
59675
15707
35769
383
62686
42862
63874
31129
60779
24178
36330
12890
66678
16232
26291
38612
3828
9700
40004
57890
10873
29376
25105
2756
36882
65241
64559
9633
21702
42670
3374
24444
1606
6752
18935
65375
33666
39492
65343
60598
37387
35741
13109
15520
12986
52991
47904
61509
45171
2980
3819
55986
10560
39406
19454
7930
40060
26048
42924
38120
35675
18448
51350
21017
41133
41376
24012
21515
62931
45404
55744
41242
39461
59709
39084
10802
17160
37710
14967
9553
28540
35634
52079
44251
60327
56346
8242
55437
13270
34009
18299
34245
21925
37819
28401
32054
47610
49904
52648
56359
22368
20603
32896
14007
54103
48046
30844
48123
31104
8258
27788
66382
57858
26164
9649
34276
59403
54958
5551
32542
32430
16862
18510
49006
2661
46313
13020
58749
36206
29516
488
14751
27523
10286
37546
51130
19610
50992
24402
54264
10343
32064
21944
8517
36898
3705
28361
52960
11402
67056
36673
27625
11588
61783
13733
27530
53838
23310
50471
48097
66703
46637
45968
44788
44075
21919
11409
61876
1219
26406
22864
24476
23100
48031
26408
66096
4831
45678
3587
22209
47645
43719
23026
21625
14107
64692
47888
62611
30646
51818
67778
22976
44892
6221
7434
20353
20921
4376
65738
62724
9574
36367
56285
37378
14868
32031
2532
58797
52746
62073
58373
33983
9350
46529
18416
30805
61029
27006
41866
22673
35693
13004
54115
9719
24031
33641
58518
39903
22099
62494
66414
59847
52703
10450
66152
44754
67826
42792
24000
52512
919
11429
55496
22440
22347
14095
28528
57415
25750
51320
64447
432
16942
1995
47921
47172
23316
20643
21938
53550
331
42645
46118
47066
7491
13048
5136
2576
33350
11854
39659
55568
13591
8536
46358
30731
34306
30517
40864
29730
41740
7654
11589
23837
11203
17151
8092
56816
9091
51920
61911
50030
37001
49464
40240
56049
49530
9586
54988
20870
65707
54705
24063
22085
4509
66968
8484
31173
37053
65855
26461
4347
2541
837
36081
60847
7056
29500
18415
40491
22470
50593
50709
5898
3807
64076
4769
4132
1662
11974
29744
7933
50574
43104
23420
10634
20830
3944
48040
3482
45570
9627
32268
45469
35124
8590
16409
63026
47411
7570
13865
35512
9742
30815
4062
42162
10755
37334
40375
22445
52585
31692
35530
56809
38563
50945
36588
28020
13292
30526
59709
24813
65646
34271
38923
63954
61306
49356
21612
11244
46290
10263
60750
45170
28802
63822
25017
20684
11574
47514
49426
56322
29590
13073
58100
56718
19295
38749
1623
33425
13110
49689
6339
3271
14705
22997
33983
44194
1185
48747
25427
58592
5966
42709
43202
16225
60329
40904
2440
13593
5984
6208
43571
54719
40368
62138
57625
1011
43191
18155
51534
11859
38102
1615
51493
20937
56374
59137
62053
47453
34264
47993
20978
35188
49904
52052
66267
66328
44972
51675
13261
62405
65034
54437
31902
62048
40440
55094
64006
5717
6616
10423
6855
50360
2232
55730
65681
61582
21637
59530
41265
55266
5625
18237
59265
33281
37497
53859
15931
17046
28304
59379
9356
32009
63252
17528
48821
44155
9692
27024
1942
7097
6768
53910
6869
6646
49425
20509
51191
35128
3834
39935
56257
39609
23173
7029
63636
25441
353
51457
57692
41785
37455
19975
5964
3474
58416
23119
37787
58297
38933
40223
54206
33388
64331
58232
14255
1418
50661
29249
32971
56114
54439
4108
39121
40372
33449
53273
37245
64465
13503
64974
18606
43000
52866
12629
1151
53406
20944
38684
44293
37661
45059
44244
8103
12675
9329
51560
63161
14756
20262
39154
24839
64254
46638
16206
7335
21154
2253
1261
47206
580
47867
64574
56654
42411
52078
67072
66318
19134
1008
48287
1718
52010
5484
17714
12194
5446
53263
58406
28626
38852
43600
47625
19578
10228
35731
17255
32511
19977
49979
49794
58080
12221
24601
20310
26733
23013
31505
11626
15044
26633
56962
45770
16155
26094
56221
13427
1660
718
21765
14314
62855
16694
65040
53503
56895
51365
27977
14003
65187
20743
32172
38134
67254
49905
40614
54934
56516
49268
66346
25015
49414
60428
53308
46968
62318
39547
636
58089
31753
6070
28120
15394
28207
24619
46435
62375
24847
19356
35128
59594
28620
41412
36742
10669
21458
5303
2816
18217
10544
46903
21249
41354
36813
56303
32528
59627
4062
46352
3122
28251
65771
31857
40159
19255
52043
42869
14623
10072
33622
59805
60730
63542
61240
48485
24915
30030
38540
25164
1127
54826
65133
22534
48867
13388
2022
50162
42910
55971
11996
65283
3897
13879
34402
56288
35356
65933
8486
63083
38859
64361
58428
52445
17900
22428
27365
37180
38836
10067
44966
1660
7101
4924
23836
44688
47012
23816
9748
52441
5231
9978
48161
37688
24263
13271
28134
4438
33691
566
35778
58157
60694
16974
56862
31673
55319
67778
53092
32902
19482
34935
36515
46663
19008
66421
8576
39148
60397
26577
14807
59664
64307
66066
12152
56321
61036
28045
49940
18061
39692
28306
23549
20670
56736
67044
7649
30148
34650
3809
40966
9217
1116
65281
43071
52036
38990
42623
64111
59944
39331
31308
50762
2616
12317
65811
2494
51488
10967
67227
60198
17536
12151
3519
47708
40660
33841
36722
27655
20997
7018
42334
42602
16595
61247
38354
48830
47189
7732
54541
40298
12320
50839
4176
11012
22179
17769
45928
4911
33225
28385
13971
36678
2090
41002
43993
65947
66816
3064
28294
58166
45333
24996
49587
38684
59343
30423
31880
31856
30689
50277
48654
26101
57527
576
57752
62704
25392
59668
51328
32054
65841
44391
8583
2492
21279
52926
41347
17512
33418
57226
64338
60346
56375
41719
38168
41436
49758
19227
9186
62862
19516
27348
7730
6243
51357
39404
4992
17635
35337
14730
9104
60518
4811
42445
27665
41285
14691
21581
25055
64441
44746
10888
21117
47202
5917
16576
66399
30713
62902
64540
29368
46009
23449
58092
59996
13642
52671
16177
49498
3388
51054
11492
30078
15111
7929
24216
19811
13792
14951
27666
44639
27774
30969
47033
60257
34005
46770
43367
26969
2766
36609
54878
34181
18455
61291
22002
2886
28625
17850
32030
42251
35440
20365
61953
36968
60006
35873
29508
8161
4592
42594
6229
4104
11659
32330
45268
49976
60424
57135
35077
14221
630
27457
26983
13389
37561
749
22411
39524
4150
10435
51393
60262
54439
54138
25822
27344
38236
62067
9007
65539
22518
17014
46807
57167
33223
17460
54058
55874
16465
5151
41953
57943
66995
47228
20109
23308
62410
6411
14166
62233
22566
26830
47849
25591
54871
9415
22559
47521
19383
35941
23556
15328
9175
8021
38613
60794
39205
12191
53810
49547
59803
53502
57496
24649
34482
25874
13887
40675
60966
45071
43709
64406
38365
59303
21188
62385
41655
6413
56115
4852
32766
33886
6269
26675
30067
40930
4681
4804
65966
60997
50096
54352
4853
62820
56759
65140
60041
27940
21856
8318
42045
31229
63201
4063
48521
43876
5740
55541
51115
14091
6563
18962
56710
36689
34712
63127
59331
62209
13607
41622
26016
19148
14119
37894
56521
47755
42265
60447
63580
55047
65299
62435
30720
51528
13364
18659
1098
31488
24512
9093
29782
25556
56543
20548
26980
16440
40923
14414
59380
53589
57200
51858
3436
50937
63666
34203
41089
60080
12523
7428
28960
62317
43511
4776
39628
29812
42772
43407
816
62650
65047
2717
60856
43507
35378
896
42254
28426
53160
66898
54040
11199
32473
33903
65234
13401
66773
5312
64640
16236
32597
26982
65501
46933
60301
14964
48406
10804
10008
15594
6379
52843
49596
49614
15266
4814
37258
44918
351
10666
45233
49854
18306
33061
59176
22014
28584
10483
14425
24785
13600
53342
49009
58234
7130
22895
55263
64025
56868
39808
11928
6566
62673
24586
40423
24465
58676
60878
4358
24209
5242
12402
30010
38581
24089
25958
67891
30468
37088
30846
26545
45878
58046
43550
1230
59652
29664
44413
11355
65669
57525
46172
46877
13660
41132
35538
19779
65005
28196
22812
36201
21163
65251
20320
14141
41643
33129
32947
18341
50878
6011
33201
27862
35171
62595
43859
66251
7220
19407
39346
50691
4876
66501
5991
14498
48406
35853
1895
42083
20750
5409
32915
16891
44013
37795
6268
35201
59050
66369
25132
35709
21083
18976
9845
37274
7092
66013
14382
42415
8675
14120
23976
2001
11465
67490
56876
54764
7949
10823
17591
52414
15444
30552
16554
33518
19198
32990
41311
43215
62467
4998
38994
16665
60061
14131
32783
7684
61543
48497
21432
55283
23002
25205
65255
9397
26436
34046
46985
37890
5937
11338
61521
7247
19989
40618
28799
21898
52495
18832
60176
15751
5563
59791
44614
65359
49030
8496
19341
25852
30096
63029
43550
13904
50076
47298
32228
63466
5891
13761
16285
25673
6675
65757
66220
61123
21852
31983
11921
51711
1713
19301
4438
62644
50626
17882
50055
59591
5748
14492
6517
14053
22242
51505
36971
60745
65873
40352
15818
21674
64428
7531
40111
23034
44646
58944
4652
46611
20742
29076
46039
41240
21957
12203
67200
51182
5618
20181
25356
11191
57970
28220
42590
19474
7689
941
47535
35348
54113
40057
5277
