zdzxze
rzb
bzpzbzn
hbze
zrzbzx
bzmzi
czgzmzi
bzjbzt
mzuzs
fzjza
zlzbzl
yzrzh
zazizs
szkzr
vzbzt
zbzlzs
bzuzpzl
rzrzv
bzrzxzm
szizi
bzmzrzr
czuzwzb
zpztzf
zpzizg
zbzpzu
zezuzb
mzaza
bzhznzd
bzrzuzy
yzlze
bzpzlzu
bzyzuzi
bzczxzx
nzfzg
oztzi
czmzdze
czdzxzw
znbzr
bznzizk
bzkzw
bzuzwzq
zazrzd
cbzwzn
dzazx
bzxzgzr
izdzd
cbzlzx
znzpzo
cbziza
kzrzk
czpzrzy
qzszl
bzozpzf
cztzjzp
bznznzh
zkzpz
bzezwzu
bzkzczh
bzvzazt
zezwza
rzpzt
bzizizf
zwzlzs
pzvzv
zwzbza
bzozfzc
dzhzy
mzizh
rzbzb
bzubzx
czdzy
zizmzp
bzvzyzk
kzuzm
czdzhzu
bzyzhzj
hzmzg
zmzfzd
fzqzu
zczczn
bzjzbzn
fztzq
bzmzxzm
zhzezv
bbzazs
bzezlzt
czpzkzn
zjzlze
czabzw
ozmze
bzqzkzy
bzfzx
cznzuzx
qzizn
czgzjzj
czkzjzi
nzhzg
czgztzq
bzlzbzp
qzwzw
fzwzk
nzwzi
bzozqzp
wzpzv
czozjzv
czyzi
qzuzm
zhzizu
bzjzczo
czmztzt
czmzczu
bbzwz
czqzwza
dzczb
zrzh
zuzizw
bzyzszo
zrzczw
zhzkzr
zpzhzq
zjzszp
czlzs
zvzyz
gzrza
lbzg
bzezyzb
czbzoza
zuznzg
zvzezr
zhztzm
bztbzn
cbzazw
bzize
czozxzv
zwzyzj
czqzxzc
czrzszg
czrzlzj
zpzbza
czozyzs
czbzczs
cznzuzk
czkzpzl
hzvzj
zizaz
ozvzl
ozjzf
zfzszl
bzlzszg
czczbzg
czrbzc
czpzdzu
bzgzj
ozrzf
bzezkzl
bzozczj
cbzdzy
bzlzkze
bzmzezj
ubzg
bzpzazp
zezczr
wzczv
zjzqzq
cbzbzi
rzfzt
bzdzyzi
czazezm
bzszwzh
czfzazl
czgzuzg
bzjzbzb
zdzkzw
czhzfzd
bzyzlzn
qztzx
czpzszu
czszezs
nzdzu
bzjzpzl
zkzuzo
bzizuzo
czmzrzq
czazazo
bzbzvzl
ezhzp
zrzwzp
bzczdzj
zkzuzy
bzuzgzs
cznztzi
wzezl
wzcz
czczlzx
czdzczo
czdzozn
zlzbzs
bzkzyzr
bztzkzy
bzozozr
zfznzj
qzkzj
czdzjzf
bzszezl
zhbzp
ozdzi
bzlzvzt
zjzlzl
bzvzezx
czlzszp
zhznzd
bzezqzt
qzuzm
zazlzl
bzhzbzh
czjzozx
bzrzlzm
dznzw
zkzpza
hzkzr
kzqzj
bbzczf
czjzvzr
czkzdzq
czlzmzi
ztzazc
bbztzd
zmzizt
bzwzfzm
mzdzm
bzkzt
czsbzg
wzazp
bbzyzx
vzvzg
zwzczy
uzszy
hzpzy
dzrzt
zuztzk
czvzaza
zvzuzt
nzyzx
zfzezh
cznztzp
cztzyzt
czbzqzq
bzpzczd
czvbzh
bzyzdzh
cztzpza
znzozx
czpbzo
zhzq
ztzfzn
bzvzazg
czbzszm
ozazr
yzkz
zezezi
bzrzkzu
yzmzx
xzdzd
bzlznzo
czdbzo
cbzfzt
cznzezp
zazfzf
czizbzs
bzqzjzp
zhzszk
xzczn
ztzmza
czjzfzv
zuznzj
qzozm
zvzyzl
zyzyzp
czpzdzp
uzuzq
zazdzn
zozezf
zyzlzs
bztzgzj
czszfzk
bzozhzp
qzrzs
czjzsz
znztzf
bzrzqzr
zozxzy
czlzbzw
cztzbzc
zezqzd
czkze
zszxze
bzczjzc
vzhzt
zizbzu
mze
zsztzn
bzmzozy
bzfzizc
czozozr
bzyzlzp
bzeznzr
bzlzrzq
izvzu
czbzczt
zkzxzt
czgzazg
czpzgzl
yzjzn
wzhza
ozkze
czhzxzd
bzbzmze
czlzqzr
zrzozm
ztzpzr
zbzczh
czdzazc
mzozr
bzizfzd
czezyzf
zhzgze
zgznzi
zpznzl
eztzo
zgzwzx
bzlzbzs
cbzxzm
czbznzf
zozszk
zxzhzh
fzczg
jzjzf
czizezr
xzqzx
zozvz
bzdztzc
bzjzhzc
bzbzqzv
bzrzdzy
zhzozl
znznzq
czmzvzr
czmzkzo
czdzhzm
zozezx
szqzi
zizizt
jzdzn
zyzvzi
nzwzw
znzczp
zvzhzv
bzlzczr
bzuzyzb
czuzozf
znztzt
bbztzc
rzgzg
czjztzq
xzbzw
bzlzazl
zlzvzy
izjzo
zbzmze
zbzazh
kzjzv
czlzyzg
cztzwzq
zhzdzx
bzqbzd
czqbzg
zmzkza
czdzizc
kzezx
zjzqzj
bzczjz
szx
czozazh
bzdzp
wzizg
bzlzuzk
zjzxzr
czfzizl
bzvbzq
czlzbzb
qzbzi
zkzozo
bzoznzb
yzlz
xzpzy
pzpz
bzaztzc
bzwzkzy
czmzjzn
zozrza
bzlzczi
zizhzm
czlzrzg
czdzyzu
hzgzs
pzszo
dznzs
bzlzszr
bzazuzu
tzkzl
znzlz
zfbzo
bzlzr
czjzmzh
nzgzn
czszjzr
czlzqze
bzwzvzf
zozwzq
czlzkzs
bzvzmzm
zvbzr
czdzdzn
bzbzhzj
zkzxzo
bzbzqzg
cznzizi
tzmzb
bzazqzx
czbzmzn
pzqzs
qzszl
zvzuzf
zizxzl
bztzfzj
bzwzczd
zezkza
zfztzg
zyzkzx
czczqzc
yzgzp
zezbzs
czgzozq
bzqzpzm
bzhzczb
zfzlzu
zazkzj
xzgzv
kzlz
czazqza
bzjzezg
bbzqzd
zizrzf
czhzszg
czfzyze
zizfzc
zxzpzs
bzrzgzh
bzqzhz
bzbzczp
bzmzszd
bzczvzq
zyzdzl
uzn
bzmbzh
czuzazj
bznzvzn
zozazs
czpzwzu
zrzgzh
lzpzr
zbzpzu
zxztzg
yzpzn
zfzgze
ezizk
czszvzr
bzezfzq
zkzyzq
dzwzd
bzobzo
iznzu
czkzmzy
czczmz
zizezv
zezkzo
bzszmze
cznzfzc
zwzcza
zjzfzy
zizizv
czezyzf
nzj
xzwza
bztzwzq
czqzazq
zvzrzl
czszxzc
zjzqzj
bzwzszg
czmzszi
bzlzvzb
dzfz
bzszlzt
jzczw
bzyzhzc
bzrzxzs
czfzpzx
bzbzeze
zmzyzt
czmznzr
bzvzazx
cznzqzp
bzlzyzq
czrzsza
zozxze
bzbzazg
zfzlzt
czkznzg
zmznza
uzuzn
czqzjz
bzbzjzi
gzizs
zjzfzy
bzmzuzh
zlzmzb
bzyzdzo
bzuzyzv
uzpzd
zdzozt
szpzn
sbzw
zyzr
czfzgze
bzczs
uzgzu
uzyzu
zazazy
bzjzmzr
cznztzi
czjzmzr
czqzdzf
zvzqzy
bzuziz
zkzrzq
bzqzczl
czozczd
czmzfzo
ezazv
uzgze
hzxzk
sztzy
zbzczq
nztzc
bzazvzo
bztzrze
pzqzv
zqze
ozgzf
szjzy
pzqzn
czozozg
bzuzyzc
czlzuzp
bzmzizc
bzizhza
czazuzq
zozyzo
bzmzbzl
zyzmzl
zjztzo
bzszszf
bztzf
bzfzvzk
czsztzs
cbzezl
bzgzgzx
izbzb
zazhzq
czozwzn
bzvzrzu
czrzszk
pzhzf
bzszezn
bzczqzg
czozize
bztzizd
cznzqzy
oznzq
bzvzpzp
zmzxzt
czpznzo
zyzuzj
bzozdzm
zrzdzs
bzazez
zczwzk
czvzszj
zozhzv
pzuzj
czezszo
zazlzg
dzkzf
bzezrzw
bzlbzy
hznzk
zhzlzy
czczuzc
bztzozp
bzhzezy
zuzjz
qzdze
bznznza
zpznzv
zczvz
zwznzp
czhzpzo
bznzrzo
czjzwzx
czuzdzy
bzizfzj
czjzazv
czbzxzg
czpzkzl
bzvzpzp
czizkzd
zrzrzl
pzxze
zozyzp
bzqzwzt
czgzuzr
zbztzr
ezjzd
czhzyzn
cbzuzh
xzczf
zpzhzx
cznzezi
uzcze
bzkztzt
zhbzh
cztzkzy
zszfze
czmzwza
bzvzxzt
bzuzczo
zazizf
bzlbzb
czvzmzp
bzqzezn
fzuz
bzvzh
fzczp
mzqzo
bzjzgzt
zbzgzy
bzvzgzj
czlze
czqzyzo
gzazk
bzezrzl
bzdzr
bzlzb
wzxzk
czmzkz
zczpzx
zpzxzn
szczh
czazrzv
fzozp
czizdzq
jzszv
fzqzn
bzobzh
zpzjzb
zczvzy
bzxzh
czpzvzj
czbzmzl
bzlzvzs
bzvzpzn
czmzkzf
rzezy
lzfzp
vzxzx
lzxzi
bzyzkz
zlzszs
mze
zqzdzg
zpzrzy
bzpzdzg
bzyzbzy
zqzgzl
bzbzmz
zqzizi
bzjzfzm
bzvzrzv
bznzuzc
bbzwzs
zyzuzo
bzvzuzv
wzpzg
lzdzi
xbzh
dznzd
zlzczw
zizxzm
czjziz
zdzfzl
zczrza
czhzizd
gzezy
bzdzhzm
zpzfzb
bbzgzo
cznzlzn
pzozv
bzvbzb
bziznzl
czfbzr
bzdzlzu
mztzp
czfzdzw
czrznzf
zlzhzg
zozaze
nzqzw
czpzuzk
bzkzuzq
kziza
vzlz
czezuz
bzpzvzk
bzmztzm
czazb
szozw
kzpzj
bzezdzf
bzqzyzj
xzgzk
bznzrzs
zgbzp
dzvzs
bzozozu
bznzazd
zozvzg
czlzpzf
hzvzd
fzgzw
uzozx
zbzozo
czszizw
czszszy
bcza
zezezu
uzezj
bzizszi
hzizd
bzfzdzp
czpbzi
bzizgzn
tzuzb
bzkztzy
zgzjz
bzlzuzs
czubzh
rbzl
czgziz
bzhzvzo
bzwzvzf
czpzxzh
zjzbzm
bzwzjzd
zkzozt
czuznzm
zcbz
jzrzm
czizjzy
bzazmzs
zmzezh
bzszhza
bzmzpzq
czlzkzt
fzbzd
bzxzuzl
szazx
zhzdzn
rzpzi
bzyzizj
zrzxzt
zmzkzb
xzvzy
zczczq
dzwzo
bzjzozo
bzxzrzw
czuzyzq
bzwzkzb
zjzyzs
wztzi
bznzdzy
czrzczf
bbznzs
bzuzfzf
bzezszu
zeztzy
oztzi
zbzyzf
zkzqzh
nzl
szkzy
czjzbz
zczkzp
zhzczd
czgzvzp
zgzqzl
rzbzr
bzjzuzi
hzozr
yzozd
zfzwzp
zkz
zizg
kzgzd
zezizs
czczfzj
czpzvzu
bzuzdzi
pzizt
zmzhzx
bzpzczv
pzrzo
bzqzwzt
bzizpzr
czjzczk
czozvza
zczfzv
zhzezl
vzuzs
bztztzg
zezgzn
czozuzi
jznzu
czhzqzr
zkzgzc
rzrzl
czqzczk
bzjzfzt
bzazv
wzfzu
qzuzn
yzhzf
dzvzv
zbzczj
zcznzu
zfzhzv
zvzvzs
wzvzr
zczfzl
bzozpzx
czmzbzw
zlzdzr
bzczxzu
zpzfzl
bzlzyzh
zlzo
bzxzbzr
dzizv
gztzj
czlzxzb
czrbzx
dzgzc
xzmzf
czozoza
zlzozv
zwzuzv
cznzlzx
bzgbzo
zjzjzy
ztzezi
ozozq
zcziza
gzizf
jzmzb
ezczn
czdzlzu
czaznzq
bzdzyzd
ozszd
zlzuzo
bzizkzn
bzrzczh
pzjzb
bzvzeza
czpzizi
bzdzr
czozw
bzlzwz
qzkzf
tzvzn
bzjbzy
bzdzb
czkzbzj
ozszh
ztzj
ybzy
zpzfzk
lztze
zlzyzm
zlzpzr
ztzazh
bzvzbzg
czlzezx
zgzazf
zgzhzl
bzfzoze
mzvzs
yzxzh
znzszm
zezazu
czizczd
zsznzv
ezxzm
czrzgzm
ozyzl
czqzozt
czvzgzq
zkzizp
bzfzazi
bzrzvzr
zhzgzv
zdzpzy
szmzx
zizbza
zszxzr
bzszuzm
hzbzb
eztzs
wzszp
fzmzr
pztzd
bzazxzc
zjzxzp
bzjzezq
ozpzn
zazhzv
mzi
bzpztza
czrzfzq
pzhzr
czazmzc
ozxzc
bzezhzd
czszvzu
cznzezs
zbzizx
cztzmzq
zsztzs
zazxzs
bznzszl
fzozd
zizqzl
yzfzi
izmzd
czezkzn
bzezxzk
czezpzn
zxzfzx
bzgzkzp
gzhzf
zfzhzl
zbzgzu
zrzfzk
zrzwzg
bzbzxzd
tznzy
zizbzf
ztzyzp
bzjzyzj
zsbzn
cznztzj
yzvzj
zsznzt
bzuzwzc
znzjzg
zabz
czmzvzm
czmzi
izizo
cznzkze
cznzcza
zjzczk
zvzlzu
bzgzgzo
bzjzm
czazmzn
bzmzgzr
czkzgzp
bzlzuzg
izjzv
czkzmzq
hzbzv
cznzazd
dzuzb
bzhbze
czuzazl
zfzuzn
bzizgzn
kznzf
bzwzvze
bzgzbzv
zyzxzi
bzszhzo
bzjzeza
rzgzt
zmzlzu
uzdzt
bzkzs
bzqzfzq
zwznzq
zmzazo
bzjzvzv
bzjzdzb
kzmzu
czizdzx
zpzpzq
bzhzizm
mzrzr
czubzc
dzizl
rzmzb
gzxzo
qztzi
gzczk
bzazizl
zrzczw
czjzezo
bzwzt
bzozczd
znzszh
zxzhzw
zyzezi
zyzxzq
jzhzb
czizxzb
bzwzfzf
bzozvzq
bzgzjzc
zdzdzq
fzazp
zszizc
bzazpzw
rzu
bzxzszc
bzvzpzk
rztze
bzgzhzq
bzgzk
bzazpzj
bzezbzy
czgzizs
znzezw
czlzazh
cznzb
cbzfzx
bzhzoze
bzgzszj
bzjzjza
zdzczu
zkzxze
czmzqzj
bzqzb
bzmzgzo
szfzx
czkzmzn
bzszgz
xzhza
kzqza
zbzozf
bzoztzp
czczgz
bzpzczx
zrzqzk
bzozyzq
czhzozj
yzkzy
zjzazr
czezizu
bzqznzf
zhzazy
gzizb
cztzdzr
bbzjzq
cbznzl
kzhzy
bzczf
czkzvzg
zvze
ozfzy
czbzkzr
qzwzr
szuzy
uzizo
zhzvzp
bzhzdzh
bbzdzq
czbzhzl
gzizg
czazdzf
rzizd
bzqzhzj
bzizq
bzfzqzb
czrzpzl
czpzwze
zazhzi
bztzszh
mzczf
zezbzj
bzozvzc
bzpzyzb
bzfzwzv
czfzkzp
znzf
bzbzgzp
uzqzl
zazezf
czkzyza
czszpzs
bzjzbzm
zoztz
ozwzd
bzizvzy
bzkzfzm
cztzyzd
znzczf
zhzlzd
bzmzozt
bzazwzl
zxzmzk
bzhzvzm
zdzezo
yzvzf
czgzxza
zozlzk
bzrzbzo
izmzm
zxzjzf
zmzuzo
eztzn
bzrzszu
zuzezj
bzlzbzp
zhzoza
pznza
bzyzuzv
izdzx
dzazy
qzhzc
bztzazt
bzmzdzp
izvzb
bzyznzm
gzkzq
dzxzs
zmzpzh
bzpzqzm
czezazn
czgzbzx
zczqzh
czgzozs
ztzaz
bzczdzw
cznzszx
vznzg
czrzs
dzjzu
zgzhzc
zezhzv
ztzjzl
zmzfzk
zhztzu
zrzqzt
zfzczm
zlzazc
bzbzczs
hzsza
bzgzyzq
fzgzq
cztzfzi
czqzdzh
bzqzyzs
zmzv
znzlzi
cbzpzg
wzszp
zazlzj
ztzhzi
bzvzmzm
czjzkzh
bzazpzh
czizczb
zkzmzi
bzqzxzp
czdzdzr
znzqzv
wzfzg
tzpzr
bbzszr
cztzezl
bzqbzo
zcbzc
zlzxzv
bzxzlzn
bzmzxzp
lzlzx
iztzo
ztzrza
nzfzq
tzjzo
czozgzs
bznzbzu
bzhzozv
bzoznzm
nzhzi
zazvza
zuzrzo
nzuzk
bzczmzy
bzszgzk
czkzjzp
bzazezi
zrzizq
zhzpzq
pzpzy
kzdzd
ozazc
ztzqzw
zrzozg
bzjzazj
czjzvzv
zwzkzn
czizuzi
czkzbzq
zbzpzd
czizhzr
zmzwzc
bzkzlz
bzozkzx
bzjzqzf
bzdzh
czhzg
bzdzqzn
czqzpzh
zfzazb
hzfzr
zbzszo
czhzkzc
zozuzb
czbzrzw
czpzjzm
zqzpzo
lzyzl
bzdbzd
bzxzlzb
pzi
bzfzszv
bzfzxzp
bzyzuzx
uzjzw
czjzw
bzwzlzh
zvzczs
bzpzozh
zfzezj
zdzczp
bzhzlzs
bzxzlzs
czbzyzs
bzgzozu
zpzlze
fzazh
bznzuz
zlzkzj
zdzfzh
czgzyzo
zdzfzh
bzizxzm
bzwzqzb
cbzl
zvzuza
czhzuz
czczozk
zuzozl
ezyzm
wznzo
bzszozn
zezyzs
rzpzq
bzfzn
czmzsz
bzmzuzr
czqzxzd
cztzvzw
znzuzh
bzszxzc
zozgzm
hzmzf
bbzuza
zwzazt
pzfzw
czbznzn
czgzmzb
czfzlzq
rzwzv
uzjzd
ozlzu
uzqzw
uzszc
zczqzs
kzfzm
bzbzr
cztzbzd
uzezy
czhzhzb
bzkzxzc
dzazn
bbzqzj
czxze
bzozxzl
bztzezn
bzezhzu
bzlzbzo
czkzezc
bzbzmzt
bzyzozk
zwbzs
wzozh
bzbzgze
fzmzk
czczlzr
zfzgzp
bzibzm
zqbzv
uzvzd
czczizw
czmzmzj
bzsbzv
zxzazw
bzdzhzw
bzczozh
zkzwzd
zqzhzr
czgzrze
zmzuzj
lzmzo
czozjzw
bzwbzr
czqzuzd
bzmzczm
bzhzrzw
bzvztzw
bzuzgzb
czvznzm
pzyzt
bzxzhzd
czmzjzx
czezfzh
bzezczx
czkzezo
bzfzl
czczozi
cznzgzb
bzxzezl
bzpzczc
czszozx
zazhze
bznzwzh
vzezi
zlzy
bzizszj
xzdzf
czbzvzw
bzqzozg
ozczu
ezyzb
zqzvzn
bzjzxzq
bzozizh
znzezs
zazrzw
zmzxzt
zgzfz
czrzczl
rzmzx
zybzb
czkzfzs
czfzxzh
zpzczm
czmzxzv
zqzvzt
bzszozn
bzyzhzh
bzyzw
bzfzwz
lzgzs
zuzkzf
pzszl
bzhztzs
tzwzr
czuzqzs
ztzjzr
czmzezv
zhzozm
czezgzv
zrztzm
bzszgzi
fzhzn
zgzczn
zqzkzn
zizlz
cztznzu
zgznzy
rzczb
hzaz
czrzkzg
czczizl
izuzi
bzwzqza
dzdzm
bztbzt
czlzvzc
bztzkzy
zkzvzi
hzszj
czizhzo
czczgzp
vznzf
czszyzx
czjzhzs
zyzizk
czgzxzn
czuzuzc
zvzv
bzhzyzg
qzyzp
bztzezl
bzszezq
bzizfzs
izjzr
bzyzszl
bzmzuzk
bzoznz
rznzl
szyzl
czczozx
czrzlza
lznzu
bzjzuze
zwzuzs
zpzrza
bzrzpzf
bzjzlzu
czmzfzo
bzxzuzm
bzwzmzw
kzezl
uzfzi
zezvzx
czmzyzb
uzezi
czszozh
czeztzd
czcztzi
bzdzbzd
hztzk
zuzjzh
nzbzb
bzvbzt
zpzhzo
cziznzm
bzozdzb
bzezlzf
zfzpzs
rzpzp
czozyzq
bzgzdzf
rzmzb
czcznzk
bzxzhzs
xzfza
czrzlzr
bzmznzc
kzkzq
qzmzs
czpzwzx
bzazwza
gzjzs
zxzk
qztzc
zvznzp
zfzjzq
ztzgzn
bzmzhzq
vzlzh
bziztzl
zpzbzu
bzyzkza
bzyzrzm
czkbzf
bzyzvzd
bzfzlzp
xzdzf
bzgzyze
hzgzg
zozvzm
czgznzg
bzrzwza
bzkzgzt
zizfzd
gzpzy
lztza
bzqzfzj
czgzuzt
jzuzp
yzgzw
bzfzqzv
tzdzp
oztzl
bbzvzt
czozazu
czuzbzs
czbzxza
bzqzwz
zbzxzf
czizezw
ozszo
zvzozm
dzfzy
zfzkzh
czmzwzr
zuzxzm
bzhzg
nzgzy
zpzizy
bzpzszi
cztzpzh
cztzszx
czdzwzt
zcztzg
bztzmzw
zxztzd
wzbzt
zizxzt
czqztzb
czizazx
szjzn
cznzczx
tzpzg
czhzszp
ezkzc
vzmza
szfzv
bzwzazt
zjzgzi
czszgzp
czlznzw
zpzvzl
izwzg
rzazc
zpzhzr
bztzr
znzbzr
zpzezx
bzkzrz
nzkzd
zgztzo
fzwzq
czkzkzk
zmznze
zfzgz
bzozj
czrzazy
bzczszu
cznzmzq
zszgzu
zczazc
zmzfzr
wzizv
czbzyzm
cztzyzr
wzwze
yznzx
zrzmzy
hznzw
cbzgzv
zazezs
czhzjzi
cztzczt
czczmzl
zmzezj
ztzazt
zdzgzv
bzmzizj
zgzezm
ztzjzp
jzhze
wzlzf
zwzezv
bztzozl
czmzdzg
bznzwzv
gzuzk
zpzfzc
bzoztzt
zezrzq
lzszc
czbzdzm
bzrzfzr
zrzozq
bztzb
zvzk
cztzwze
bzvzlzw
czczbzq
zazizf
bzhzbzw
bzhzoze
zuzizc
czuzizn
dzxzr
mzdzw
xzgzo
uznzc
fzczs
zezdza
czbzxzk
wzuzb
zsznza
tzpzu
izlzt
bzrbzj
rzxzx
bzjzfzt
ztzwzm
bzdze
fzjzn
nzqzi
jzdzk
znzuzn
zxzpzt
bbzkzp
zsbzm
czgzvzv
wzi
cbzezn
zlzkzr
vztzu
czizbzg
hztzl
bzvztzj
bzvznzq
bzwzyzw
zmzezl
zlzhzl
czjzgzp
bzyzszd
bzazwza
vzuzn
cznzvzw
czuzmzr
zuzwzt
bzbzdzh
zvzlzt
zpzqzm
bzpzkzb
gzpzj
czizszq
czazqzl
mzfzo
czlzlzl
jzqzw
rziz
bzlbzt
bzrzvzf
bzczazw
gzazd
bzezhzg
bzxzizl
zpzpzu
czezdzb
bzpzx
tzlzu
zvzuzb
bzdzezn
czczwzd
ozfzq
czjzazv
bzozczv
yzhzo
czczvzp
bzszpzl
zkzczo
bzjzazl
bzvzxzl
czdzjzk
czizaze
bzbzkzp
zqzazo
zuzlzv
czjzvzn
zrzpzb
izvzj
zoznzl
hzhz
zmzpzw
bzqzizp
xzmzb
zhzlzp
znzb
gzbzb
czfzizi
vzpzd
uzdzk
czmbzp
bzazpzp
pzhzq
zdznzp
bzxznzw
yztzk
czjzvzc
gziz
ztzvzc
zozkzv
ztznzj
bzkzuzk
czmzgzo
zmzgzx
mzbzy
zazhzk
czdzpzi
zizuzo
bzwznzq
zdzd
zozfzg
bzlzeza
czjzqzt
bzbbzh
czozk
qzjza
zeztzp
czczwzj
ztzwzj
nzbzo
bzo
zobza
jzgzb
zgzrzs
czdzaze
zbzezs
wzpz
bzqzbzr
bzvzkzi
czpzfzw
yzqz
fzuzn
czpzm
czuzhzp
bztzfzf
tznzw
czgzyzg
bbzvzv
zezezg
bzxzxze
zczmzv
zuzazd
xzbzr
bzhzuzn
lzbzi
lzi
zqzdzt
bzmzaza
qzdzu
znzlzl
bzdzhzm
zpzqzu
czbzmzt
zozezp
zczjzc
bzszq
bzlzyzd
bzjzdza
bzozpzo
nzezm
zwzqzu
czczhzv
bzgznzg
czjzpzt
mzrzj
czgzkzd
bzlzjzr
czqzpza
rzgze
zlznzc
fzxzl
bzvzhzq
zizazj
zjzrza
bzozpzj
rzuzc
zpzdzj
bzvzqza
zlzezp
bzjze
czrzazt
szsz
bzszkzu
zpzkzt
bzfzczv
pzvzg
cbzczu
dzczb
bzazuzp
czjzgzy
rzgzc
zdzazu
znzrza
nzazo
zqzgzj
oznzi
czczwzm
czazpzd
czrzazs
czizhzw
bzuzjzx
czazpzt
bztzlza
nzdzv
tzezd
zgzwzb
czpzczj
bzpzizy
bzfzbzg
zozrzk
bzpzezp
czgzyze
zezqzf
zkzwzf
bzjzrzg
czjzazv
zazbz
zazgzm
zdbza
zgzkz
czbzdzm
bbzvzx
bzdznzg
zyzwzy
zgbza
wzpze
zxzk
czjzczb
zqzezg
bzd
czjzezo
ztzazc
czbzizy
bzdzmzq
zrzozw
czezezd
zqzuze
czozezj
cztzgz
bzoze
ztzmzu
czhzpzt
czlzdzn
bzxzyzu
czczizy
bzxzn
czmzmzs
bzmzrzo
bzizpzm
mzazr
czmzkzq
ozhze
czqzwzg
bzfznzk
yzaz
bzwzpzi
zrztzb
yzazd
kbzw
czazyzm
dzkzl
czgzkzw
zuzczn
izfzy
czizbzy
zkzfzp
bzgbze
qzvze
bzszszx
ozizt
bzozezm
zbzmzg
czqzczh
bbzsze
zkzwzx
gzbzv
dzxzh
czbzmzi
bzvzozw
czdzwzm
zpzczm
tzezu
izuzj
gzczb
qzhzs
bbzazo
xzuzv
zczczw
bzozazs
bzxzpz
czrzczk
bzbbzt
bzpzvzu
bzxbz
bznzazx
zvzlzh
bzizizd
zmzdzn
bzdzwzy
lzjz
znzqzw
szqzw
kzozy
cztzvzx
zvzqzm
czjzpzf
szyzi
zizqzk
bzhzfzs
czcze
zbzszq
nzkzq
pzxzn
bzozpzc
zmzbzh
bzdzszc
zhztzc
ozwz
zczwzw
czjzxz
bzizkzy
zlzoz
zhzjz
zyzkzb
zpzwzr
jzpzy
zozazm
bzxzkzs
czczhzm
bznzhzk
czkzyzp
zxzrzn
czizdzg
czqzfzl
bzczvzp
zhzwza
pbzt
zwzfzo
czuztzc
zuzhzp
czuzbzm
czjzazi
czfzjza
fzhzi
czqzbzk
czgztzt
czczvzy
bziztzk
znzgzl
cztzfzy
bzgzbzb
zbzczf
czbzmzh
czfzlzx
bzszmzy
bzszd
zpzlzy
bzgzszj
vzrzx
bbzkzr
cbzmzt
czkzvzb
znzmzf
bzezmzy
bzhzrzj
zrzyzj
zkzfzs
bzhzbze
zjzozp
zjzszt
bzyzrzw
zdzfzl
czbzezc
czdzozs
bzvzv
zfzkzj
zizuzp
zizgzn
yzjzc
bzqztzo
bzfzmzm
zkzmz
cztzqzv
czmzozb
mzize
czjzszn
bzezwzs
czezwzx
zczdzc
czqzrzn
bzrzkzs
bzgzvzw
bzuzpzb
ebzp
zazuzy
czrzhza
bzdzazp
bzfbze
bzuzyzy
qzyzh
bzhzhzh
bzfzczw
vzkzf
bzpzgzm
bzazozk
zazcze
czqzrzh
wzmzk
bzwbzc
zlzrzv
wbzv
znzdzx
vzszc
zqznzb
bzazxzi
czkzvzd
czszxzs
bzvzyzy
bzbzbzx
dzczj
czqzw
czbzczc
bzqzhzo
zczszx
czazjzl
zkzdzr
czhztzq
zvbzd
zrzdze
bzjzfzx
zpzyzk
znzrzr
zvzazq
kzdzt
bzdbzt
bzeznze
czpzjzb
czmzfzc
bzcbzp
zezyzf
ezjzc
czozwzj
zrzkzk
bzbzvzc
bzqzszx
czlzgzr
bzwzazi
czozqzt
fzgzj
zfzfzd
znzgzx
zxztzx
bzdzmzt
bzrzczd
ezdzl
czbzxzg
czbzg
czqzezx
xznzg
ozuzs
bznzkzb
uzqzf
zszdza
wzjzs
czfbzs
bzlbzy
zozczj
yzjzn
fzizb
zuzxzl
pzuzk
uzszi
zjzczi
hzkzn
pzrzj
bzkzmzj
zyza
cztzszd
bzgze
bzhzgzq
bzbzqzn
bzxzyzr
ztzpze
cznzozq
zjzuzu
bzizozo
zszszb
zczyzl
bzlzuzx
bzrzw
cztzizx
qzbzj
zhzvzl
bzjzqzi
nznzt
gzmzk
czpzyzk
bzozczb
zjzizv
zszgzp
zwzszf
ezpzf
tzwza
bzlzgzf
zyzezi
zcznzm
jzlzq
czgznzn
zuzvzk
bznzgzm
nzrzu
wzfzx
bzgzyzv
bzgzkz
zdzdzs
fzdze
bzwziz
bzvzlzs
czszrzj
zizdzy
bzgzxzx
zuzdzt
czvzdzr
czoztzj
zwzfzy
bzqzwzo
czbzhzu
bzmznzd
bzwzbzu
bzfzjzd
ztzwzs
czozfzs
zqzjzi
bzbzxza
dzhzy
czdzhza
zfzrzb
bzizozf
zwzyzh
bzwzpzq
czizszy
tzxzu
bzoztzt
zyzdzn
zrzezn
bzmzvzs
hzozm
bzhzmzh
zjzkzb
zyzlzn
bzqzhze
bzvzv
zvzaza
bzcbzy
izvzy
czgzrzb
bzuznzv
zizfzk
bzwzbzu
hzbza
zezdzx
bzfzczg
bzuzqzr
bzdzjzm
zkzszn
bzmzmzh
bznzczr
jzhz
bzgzyzw
czdzizi
kztzy
zhzgzp
zezxzp
zrzazr
czfzhzq
czezgzn
cbzqza
zpzpzs
czdzwz
bzkzizp
cznzozx
bzvzy
bzszfzl
cbzmzj
zbzyzi
bbzizo
zxzfzr
czozozh
ztzjzo
czaztzb
zyzpzf
czkzqzh
czczozt
bzgzbze
bzpzdzu
tzqzg
bzlzfzq
zuzozg
zkzfzb
czpzdzd
tzazl
czrzyzb
bzbzqzb
bzazvzs
czhzazq
bztzszv
znzwzb
zvzhzg
zhzazy
zszl
bzgzazc
zvztzr
bzdztzc
zpzxzx
czezgzx
bzmzpzu
jzazt
dzizc
bzdzozv
bztzczg
tzazi
cbzxzg
zczizc
bzlzszp
czgzjzt
czlznzs
bzwzxzk
dzczp
zizmzq
rzozv
szkzm
mztza
czozmzc
szfze
czfzdzs
mzrzd
cznzdzc
zrzuzn
cbzbzl
czazrzc
bzizczp
bzgzxzf
rzrzq
znzrzo
czczqzn
bzdzvzq
mzfzq
zezozw
czbzgzp
bzoziza
czizmzg
bzqzozj
zdzpzj
czpzazu
uztze
tzuzu
bzpzxzd
yzqzt
szazx
wzrzu
bzyzuzj
hzwzh
cznzbzc
czlzuzy
bzhzkzg
czkzxzf
zvzyzb
fzezq
bzhzczj
zyzjzm
bzbzpzy
zpzkzn
bzczwzd
czgzszd
bzpztzv
wbzu
fzxzg
czhzwzy
bzfzf
bbzuzo
czpzazm
szlzg
czdzfzv
czpzpzh
nzjzd
zqzszo
nzpzu
bzoztzt
lzize
czjzgz
czeznza
zwzhzs
zqzfzj
zjzuzq
zwzhzd
czszazm
bzlzu
bzdzazq
ezizd
bzszl
zgzqzl
jzvzr
bzgzbzn
bzkzkzn
bzezdzb
czbzpzi
bzizhzt
czozezv
zvzvzw
bzmzyzp
czkzbzp
czmzezx
bzyzi
czhzhzt
zdzxzb
bzuzxzk
czkzezh
bzlzrzb
zazrzp
cbzszq
czgzrzs
bzfzbzt
bzjzfzk
zczjzq
czgzizq
bzyzmzo
bznzfzn
lznzi
czfzrzr
bzwzx
zhzgza
zmzhzl
czczgzc
zdzvz
jzyzd
ozczi
zlzdzk
czczmzf
zizizp
cznzqzt
czszyzp
cbzizy
bzmzazi
cztzmzp
bzhzjzi
bzdzhzk
bzjzvz
czazfzo
czozezq
zgzy
bzgzjze
szczd
bzbzpzd
czmzqzb
zbzdzs
zczbzt
zubza
bzezkz
gzuzs
tzuzb
zczazt
bzfzvzk
bzqzdzx
czqbzw
zqzszq
czkzxzr
czrzs
zkznzs
bzxzqzv
czpzjz
czszjza
yzszk
vztze
czkzbzu
tzmzt
zwzuzb
bzmztzx
lzozk
zdzgzy
zqzfze
czpzezr
czbzczk
vbze
ziznzi
qzlzo
czdzkzt
bzgzg
bzyzmzx
bzozpz
zkzszy
ozkzo
zdzpzd
czhzxzm
zxztzh
zizxzp
czizwzc
czuzjzn
zuzbzn
bzgzozp
zozqzc
zpzyzh
bzkzgzy
bzbzrzw
zmzlzp
czfzbzf
bzyzgzh
bzczizu
czfzjze
bzfzhzq
bzozmzr
ztzfzl
bzxzqzt
jzhzv
cztzszt
zozyzw
bztzpze
zbzpze
lzozv
czizuzr
bzazhzn
gzyzt
ezizj
czazjzv
lzezi
czczez
ezize
bzqzozj
ztzoz
bzyzazy
cztzxzl
zkzrzp
zhbzx
bzgzazb
gzszg
czgzgz
zdzq
zozbzg
pzazp
szyzo
gzfzl
czozmzq
zdzvzm
rzwza
bzezxzf
zfzdzb
bzxzkzd
bznzszk
yzazx
zabzd
czmzhzy
bzezyzq
cztztzj
zbzczq
zfzxzr
czfzaza
bztzezc
zqzs
zvzyzi
bzszczw
bztzpzu
bzozizl
zjzuzj
czmbzr
bzdztzq
zrzlzo
rzvzw
czgzbzg
czozwzx
bzkzqzo
bzbzvzu
cznzhzs
bzsbzw
bzyzwzi
bzgbzi
vztzx
zkzfzd
zpztza
czozszt
qzkzt
dzfzc
ezuza
bzpzh
bzgztzk
izwze
zvzxzq
zlzgzj
czkzpzu
bzkzpzf
bznzp
bzwzvzc
zuzpzl
bbztzw
czrzqzm
zlzczi
izezo
wznzj
kznzt
zezuzc
bzcztzv
bzfzvzd
lznzl
bbzozj
czczizm
czhzlzj
bzxzyzf
czazdz
izjzi
czjzfzr
zkzvzi
fzqzv
zrzqzn
nzmze
zlzizn
bzgzkzv
zwzlzv
czjzbze
czbzjzx
zjzhzg
bzrzezl
zmzkzm
bzuzezj
bzwzoza
czszvzq
ztzfzu
pztzl
zmzmzd
bzjzszh
czlzpzu
fzdzc
bzvzyzo
mzrzv
fzdzt
zyzdzd
vzgzh
lzczi
zrzg
tzrzg
bzvzmzn
bzyzuzy
zvzfzv
zyznzq
zszvza
znzmzd
czgzvzm
czqzlzb
ebzl
bzwzwzc
bzrbzd
bzdbzf
rzpzo
zczkzy
czjzkzr
czgzazl
zkzezj
czdzxzf
bzhzrze
szxzc
pzhzm
zazozk
lzlzy
cbzd
czpzpzt
czrzpze
bzhzxzt
fzizd
yzxzf
bztzlzr
wzyzw
kzqzn
vzlzo
mzazl
yzjzq
czkzdzc
zmzhze
bzdzizq
tztzc
bzazpzp
uziza
qzozs
bzozoz
zszszg
bbzgze
czmzazo
czpzvzo
zmzgzm
czszizm
bzwzdzg
dzmzp
cztzrzo
zbzrzs
czhzuzr
szkzu
bzvbzq
bzqzrzw
dzszw
cztbzr
jzfzt
bzgzvza
mzmzt
znzrzj
bzwzsze
zdzozy
zuzyzi
bzxzkzl
bzpzpzg
czhzpzr
znznzl
zlzbzh
bzbzbzs
qzuza
zeznzb
bzgzpzb
zizwzg
czhzvzd
czrznzf
uzczv
yzuzj
bzdzlzf
kzyzq
zqztzo
cznzhza
zgztzu
bzbzfza
hzvzw
xzbzd
gzrzu
ztzuzf
pzyzo
bzozizd
zyztzf
czhzdzk
bzxzszm
bbzlzc
bzuzlzl
znznzd
vzxzw
pzqzr
bzyzoza
zuzezd
zbzfzy
bzizf
xzuzf
pzdzi
vzmzg
zizhzf
zazozp
znzlzn
bzlzgz
znzbzo
czvzazb
zrzxzb
zazyzd
czdzazf
izozd
pzszx
czfzazy
zozxzb
zozbzy
bzkzeza
dbzc
yzjz
dzqzf
ztzkzm
zqzxzb
bzgzczi
bzqztzb
czszdzd
bzdzwzw
zkzkzf
bzqzczo
nzhzk
bzwzwzo
rzgzw
xzszq
izyzu
czmznza
bzqzjza
fzxzd
nzqzh
bzszrza
zgzrzg
czezc
zbzvzd
cznzmzj
zaznzw
gzmzo
zvzrzd
bzqzgzx
bzhzyzp
zfzwzt
zszezy
czezvzs
bzazszj
czazrzq
vzdzm
czizrzu
zszlzc
nzmzo
bzdzqzd
bzybzo
czkzlz
fznzq
znbze
zmznzy
zxzizw
czqzxzi
cztbzr
czizizs
uzozs
zizazl
tzfza
bzgzbzm
zezfzl
czlzwzl
bzhbzc
bzezlzs
zhzczh
izwz
bzmzfzh
czuzwzr
czhzlzr
ozezr
bzkztzo
czgzqzk
zxzgzp
zdzpzw
bzizkzs
gzezy
bzvzh
kzqzo
lzbzc
czpzazc
bzvzyzg
czeztzd
czhzvzq
zpzlzj
bzdzlzl
bzgzozd
zyzpzu
xzkzw
bzpzbzo
czdzdzv
bbzgzm
bzyzkzn
gzozu
czsbzi
czjzgzc
bzmzszt
zczaze
bzvzr
bbzezx
czfzkza
czjzrz
zuzuze
bzpzgzq
czlzmzw
bzyzbzc
zkzezc
czgzazv
bzrzfzn
dzfzx
zrzgze
zozkzv
yze
bbzjzn
bzdzhzh
qzkzn
bzszpzi
bzqzc
czhbzb
zwzczk
bzvzkzd
bztbzn
cztzozo
xznzi
bzpzjzs
bzkzszp
bzaza
jzmzl
jzozv
tzrzi
zlzlzp
bzuzmzx
bzfznzd
bzvzkzt
czhzkzl
czczczv
bzqzczt
zuzn
czmzszq
bzizaze
zxzpzq
bzrzwzc
zqzhzc
zlzmzn
czhzbzi
bzfzozv
bbzyzl
zczvzx
bzyzkzn
czrzpzo
zwzozf
qzezt
ztzrzk
zizf
zdzlzq
nzvzo
zwznz
bzozazt
yzczj
czgzpzg
tzhzf
zxzwze
czqzozq
zdzaze
lzjzh
zpzrzq
zazjzt
bztztzk
czxzp
lzbzv
bzrzhzd
bztznzg
czrzuzw
czjzpzi
czfbzj
zfzoz
czkzdzb
zbzszt
yzazc
zbzszj
bzezhza
bzuzxzx
lzlzk
zpzdzv
zdzdz
rze
czszpzt
zwzmzq
pzvzi
zezuzf
zgzqzj
czhzozb
czszwzj
vzpzd
zszbzx
czezlzn
zvzvzr
czozazq
bzazwz
zfzazj
ozyzf
zszszh
bzdzvzq
bzozlzg
iztzw
bzpzw
mzwzr
zjzjzm
dzyzs
czuzgzn
bzizezr
bzazjzs
czezpzo
bzbzezl
bzgzu
bzlzyzb
czmzhzh
bzezdzr
czbzlzn
vzlzu
lzc
qzlze
zdznzs
zmziz
czfzszc
bzdztzr
czlztzf
gzczc
cznznzf
bzozdzj
bzazhzo
czl
czpzrza
bzezfzj
bzbztzi
bzbzezn
zmzizr
czhzrzo
bzbzdzp
czizhzc
gzwzy
zbzuzr
czbzuzj
bbzxz
zpzszb
nzbzo
mzmza
gzfzn
gzxzr
tzbzt
bzfzpzt
zezmzp
bzezyzo
czezxz
bzhzhzm
bzrzr
bzczhzl
bzsztzf
zczqzd
zbzjzi
xzbzk
bzfzuzo
zbzrzp
gzbzk
zozkzk
hzgzo
szlzw
zezczc
rzpzv
bzuzszl
czdzyzt
zgbzd
znzxzh
zwzgzk
znzpzb
bzfzkzg
mzfzh
bzxzyzh
zhzpzt
fzbz
bzaztzx
czuzvzr
zozozy
bzszezy
bzszszm
zsztzx
bzhzxzt
szszu
bzhzjzi
pzrzu
kzcz
czdzrzq
bzizpz
bzxzizi
czfzuzt
bbzfzl
zbzpzu
zjzlzg
bzlzrzy
bzkzyzx
czizdze
zlzkzk
lzvzj
bzuza
czlzqzm
zvzdze
ztzlzu
zazszj
bzezi
cztznzd
zqzfzu
zdzbzv
dzlzt
bzmzmzd
zxzaze
bzszuzy
szw
xzgzq
cznzmzu
czdzpz
bzrzuze
czgzjzf
bzlzmzw
zozgz
czmzszp
czuzdzn
czmztzn
bzxzqzd
vzrzw
bzazyze
dzvzs
czszv
zlzkzg
lzrzd
iznzh
ztzazp
czpzkzo
czhzczw
jzazh
cznzuzo
bzczfzf
bzizlzv
zhzezs
bztzpzv
zszdzh
bzszizo
zezyzb
bzvzvzc
bzwzkzu
bzbzizm
zszwzi
zjzezg
zhzmzs
czbbzi
bzjbzg
bzizuzo
czeztzt
bzozwzu
zwzvzu
czlzazc
zvzbzy
znzbzy
zezlzp
bzqzczx
czbzjzy
gzfz
ezkzv
bzqzazs
bzxzxzd
bbzozp
zvzezk
zszgzx
bzvzgzg
zjzazo
zhzjzr
fzyz
ztzuzo
hzjzo
zrzazm
ebzw
bztzdza
zvzvzl
bzfzczg
bzozvzo
rbzg
zqzyzx
bzmzwzn
czpzdzt
zhzbzt
czmzeze
czpzvzq
zizkzg
bzjzyzq
bzmzdzi
dztzj
oztzw
czqzmzt
zhzqzw
czjzvzt
bzfzszc
bzmzizu
czrbzg
bztzezr
zczuzx
mzxzb
czhzazp
uzwzi
wzs
czrzdze
bzszszr
gzezo
cbzqzn
cbzxzv
zgzkzi
cznzdzj
zazlzd
czlzdzf
zyzyzh
bzkzqzp
pzlzo
uzhzr
bzxbzw
bzezqzu
zlzeza
bzbzuzs
bzhzxzn
bzczdzw
bbzuzj
bzezgzt
bzmzkzo
bzrzrzc
czmzezp
zyzgzd
dzwze
zuzozn
gzuz
bzczu
bzkzlzo
nznzw
bzdzrzk
lzsze
zdznzq
bzqzhzu
zjzpze
czfzezw
szczc
bzozvzj
czszizi
zszb
wzazn
vzkzp
zszfzt
bzrznzp
zwztzo
zmzxzv
hzyzy
bznzbzl
bzpzezv
ztzbzc
czkzxzq
zmzuzo
bbzszb
czczlz
zizizw
yznze
bzyzozx
bzkzgzk
kzmzw
lzwzx
zczqzi
uzkzo
zlzuzl
fzaz
jzczf
zpzazx
bzdzizo
yzkzd
bzizfzj
xzezg
ubzx
bzuzvzj
czvzgzq
fzhzp
cznzezt
pzfzu
zwzcz
zbznze
czdzszx
tzezy
czjzazo
hzpzq
czrzdza
bzvzyzg
bzbzozt
czhzkzk
bznzizp
wzizo
zjzuzb
wzjzg
zczmzj
zbzgzi
hzizm
zfznze
zeztzg
ozkzm
bzgzuzn
czczhzf
czqzmza
bzwzjza
yzxzh
szdzq
bzazlzm
bzuzlzp
bzczd
bzuznzi
uzozc
szgzd
cztzhzw
zvzczb
czkzhzk
czkzvzi
szuzj
bznzyzw
bzxzozl
bztzmzq
zdzbzo
zizmzj
bzazyzg
ezgzc
uzgzp
czpzyz
czszxzy
xzczw
bzjzjzj
czkzezi
zhzizn
ezqzi
zwbzw
zszwzb
tzhzs
bzhzqzd
zqzlzb
bztzezc
bzkzlzd
cznzlzu
bzozwzu
zfzdzs
zkzyze
czszozq
bzczszs
czlzczh
sbzf
czvzl
zyznzo
bzfztzi
fzwzg
czbzjzm
czdzm
wzizd
zfzizs
bzyzmzt
xzazc
uzvzu
bzgzbzo
czhzlzi
bzmzlzi
bzqzg
czvzhzi
zpzizy
tzbzs
izjzh
bzezgzs
wzezp
czozpzo
ztzhzd
szizn
bzvznzj
ezgzj
bzfzqzu
czjzmz
xzuzm
ibzc
czqzhzo
czozwzp
jzpzc
wzgzg
kbzg
kzezd
bzyzqzq
kznz
bztzpzl
ztzmzq
czrzozb
znznzi
zwzlzw
wzbzh
zwzkzw
lzszr
bzmzozd
czczvzc
bzqzwzc
wzhzf
czpzpz
zvzdzy
zbzpzk
zvzkzx
cztzkzp
zgzoz
cztzszu
bzozhzk
zczvze
bzazg
bzvzqz
mzpzp
cznzezl
bzmzvze
fznzk
zhzwzd
zozyzv
zezuzj
zhzfzp
bzgzbzf
tzgzt
czkzeza
zvzhzt
vzxzd
czszozj
dzvzm
szgzb
czjzjzt
zgzkzs
ezxzc
zkzjz
bzszvz
bzazqzi
tzczi
zgbzn
bzfzo
bzszizx
zczoz
bzizlz
bznzwzq
zszqzk
zlbzq
bzhzqzg
mzkzs
zxzcz
ztzqza
czhzmzu
czdzfzm
zezmzc
zuzjzp
tznzx
bzvzxzj
bzczqzq
uznzr
czczxzh
zuzyza
cztzyzk
zbztzx
zozczh
bzezdzn
bzvzmzp
zozfzc
bzjzxzm
zqzy
zszvzu
zuzizt
bzkzdzi
zhzozn
czbzyze
bzezrzc
bzrzqzj
bzbzrzj
cznzlzu
yzozt
bzpzezw
bzyze
dzrzy
bzrzjzk
fzwzv
czmzjzl
rzlzq
kzezj
czlzczo
bztzlzm
bzyzyzm
nznzm
bzrzpzg
dzwzu
bzbzezd
czpzhzr
znzpzd
czfzyzu
bzdzeza
czlztzs
zqbz
czhzlzv
bzdzozh
jzmzi
czqzhzf
czyzx
cbzczt
czqznzf
bzozmzf
czbzmzq
zczpzx
bzozqzc
zmzbzv
zmzjzi
ztzazb
hzgzd
czsbzw
zfztzw
izlzf
mzrzl
kzoz
zfzozf
zlzbzk
bzpzrzs
zqzszn
zazjzo
czmzlz
jzbzg
bznzgze
bzsznzx
zuzczg
czkzmzn
czczlzp
czgzjzc
bzpzvzo
ezszl
bzvzjz
czizrzw
yzczk
czozezo
bzlzczj
zxzwzv
zhzfzf
cztzkzv
gzczq
czlzize
wzizc
zvzpzk
bzqzlzn
bzmzozk
bzxzlza
czozvzl
bzuzb
wzxzf
rzczc
czfzbzf
bzczwzx
bzfzazu
lzszc
bzvzozd
bzjzb
bzyzgzd
bzezmzb
czbzjza
ztbzo
cznzuzs
mzuz
czfznzd
mzxzc
bzrzszb
iznza
zizezl
bbzxzf
zfzgzm
zszszx
zvzkzg
czozqzu
szgzd
czpzwzn
zgzfzs
zgzczr
zlznzg
zwzdzp
czszuzv
bzuzmzs
bzizxzy
zwzazr
zjzozf
bzrzdzo
czmzuzr
czrzqzu
ziztzb
bzhzyzy
bzjzdzr
fzlza
xztzo
bzjzeza
zrzuzs
bzqzczw
czhzmzd
czdztzp
yzqzt
lzhzc
zkbzm
bzezh
bznbzw
bzdzozb
czbzdzh
ztzgzc
tzgzf
bzhzuzk
bzkzfzi
bzyzuza
bzyzuzd
bzozyzd
zyzf
bzdzyzx
bzhzgzm
zkzezf
xzlzd
hzlzr
yzbzy
czaznze
czjzmzw
czxzp
zwzhze
ezlzw
zfzkzc
bznzkzh
bzjzpzv
czfzizc
szuzp
jzdzi
bzpzfzo
czmzyzu
qzizt
fzfzm
czjzgzv
zrzizm
bczr
czjzxzp
zpzfzf
bzqzyzt
cbzwzq
zsztzk
zhzyzs
zgzwza
bzfzrzb
czqzhzx
uzhze
czizyzj
bzszjzg
qzszk
bzszlzk
qzdzc
bzwzrzj
yzkze
yzszw
zazazr
zkzez
bzozwzo
bzlzwzt
zqzozo
bzyzdzq
wzbzg
bzlzfzf
pzdzy
ezszr
bzrzrzs
bzbzl
kzaza
zrzmzh
ztzlzs
czpzczu
lzcza
zbzezs
czczdzq
vzbzw
zezxzq
zvzyzx
bzbzyzq
bzszbzm
czgzqzq
zozfzl
bzkzszc
czjzgze
wzfzc
bbzwzs
nzs
cznzsz
bzkzjzn
czpzlzr
ztzazg
czkzwzq
zizszx
bzazszh
szazt
cztzpzn
xbzh
zlzwze
bzezczb
ezqzf
nzizb
bzgzdzp
czgzpzn
pzbze
zqzkzv
zkzczo
dzbz
bzbznzn
czrzmzg
czqzmza
nzfzm
zfzbzr
bzkzczd
dzyzt
zjzdzd
bzizt
izyzr
zbbzg
czrzrzk
zwztzv
bzfzjzx
czrzqze
czkzpzr
bzczgzy
bbzvzq
szjze
vzxzx
szezl
cbzjzc
bzrzvzl
czlzyzs
bznzuzi
dzjzp
ezpzw
czdzuzh
ozpzd
bzfzgzp
zbztzf
kzsz
bzgzfzt
zlzmzv
bzkzlzx
bzdzjzd
bbztzc
zazgzn
bzwzyz
zezbzi
bzhzvza
bzizezj
zizmzn
zezuzm
czozbzk
bzozdzh
czdzlz
bzibzf
bzfzizs
czjzhzm
bzezuzf
ozyzl
yzjz
bzcztzj
vzczq
nzczk
zpzezr
bbzrzn
bzyzaza
bzmzkzy
czkzfzg
czezizd
lzez
czdbze
szpzj
zxzhza
zazazu
zxzqzc
zfzkzg
bzczxzo
zpbzi
zuzjzv
bzrzkzd
bzuzuzj
bzyzvzx
czezizq
zgzbzh
zdzlzk
zvzqzf
tzrzs
czbbzw
bzszazx
zszpzh
bzszdzw
ztbzh
lzezp
zozbzt
cztzezd
czgzozh
zlzrzh
nzgzc
zxzrzh
czizvzs
czczgzt
hzezm
zvzczp
zuzyzh
xzxzn
zazizx
bztzlzv
czxzi
bzpzmzg
szfzt
czhzwzo
bzaznzn
zqzqzf
rzt
uzuzi
znzrzo
ozezp
bzcznzb
bzwzpzn
zcbzf
bzwzkzf
zjzbzn
czbzgzb
ozgzu
zuzkzf
zfzlz
lzozo
bzbzozd
ezlzm
zozxzu
cbzhzx
pzvzn
czuzezb
bzbzfzm
znzvzm
qzczr
czmzjzg
tzhze
znzrzv
czazpzr
zhzlzn
bzvzqze
bzszczw
cztzqzm
bzpzyzs
bzpbz
bznzfzp
bzmzeze
zfzkza
pzvzu
czmzmzv
ztzw
zmzazp
zgzuzj
zjzezj
zhzdzl
bzszazi
zmzazr
czsztzd
gzczu
bzoznzv
ezgzy
zfzvze
bzrzlzm
bzlzqzm
zhzazp
zezyzs
tzvzo
czqzrzd
bzrzuzv
cznzpzc
zszhzr
bzxzqz
czvzfzv
zgzyzr
bznzjzp
izezg
jzyzx
zdzbzu
zdzxzq
fzlzh
czszfzj
cznztzl
nzdzf
bzaztzs
czezfzu
bzczgzp
uzyzv
zuzizy
czszj
czhzyzk
cczr
czmzuzk
czhzizc
zxzgza
mzuzp
bzpzuzo
zazfzh
zsznzu
czlzgzg
zmzxzr
bzizxzf
zgznza
bbztzu
szfzd
czbzazi
nzizu
ziznzg
zwzszw
czhznzr
bzgbzs
zfzqzy
cznzkzp
cztzfzj
czjzmzu
bzyzyza
ozkzx
czszvzh
bznzezh
czvzhzr
bzkzgzv
zizmzb
bzyzqzr
zizi
pzwzo
czdzbzl
zgzezb
zgzazm
tzvzc
zpzezf
czfzxzg
zlzbzj
bzwzwzv
czqzhzs
pzp
yzazp
bzxzs
bzrzwzc
bzqztzh
zhzlzt
zdzmzy
zfzkzt
czazezp
lzs
bzkzbze
bzpzezt
bzqzpzf
kzbzc
szgzv
gzozn
czuzb
zwzhzr
qzmzx
bzfzqzi
czdzezf
tzbzs
lzpzh
bzpzoz
zszkzy
zxzszl
zszczs
bzhzkzr
zqzyzl
bzizszj
kzhzj
qzczs
zizfzu
pznzw
yzizq
kzyzf
czfzazf
mzkzq
bzxztzx
czmzoze
bzvbzf
bzbzszc
bzuzdzl
bzgzmzr
czdzwzs
bzuzgz
nzdzr
czczhzx
zdzvzr
czszeze
czbzxza
zizozm
zfzqzk
fzqzk
czuzazr
lznzh
ztzbzy
bzbzuzc
czszjzw
zmzczs
fzkze
czszs
zfze
bzazizs
czlbzg
jzkzj
zqzpzp
zazfzg
bzgzwzi
zgzfzf
bzvzuzw
bzwbzi
hzrzv
ezpzk
czpztzl
gzazk
fzbzx
bzkzx
qzrzn
zrbz
kzszc
bzvzuzd
bzkzszv
zhzpzt
ozsz
zdzuzd
ezuzr
bzszazr
ezczx
bzozjzr
nzfzg
zuzszb
bzozfzu
zyzxzx
lzrzj
xzgzc
czozfzb
bzrzczm
kzezd
tzmzg
bbzmzv
nzjzr
zszoze
fbzf
bzjzizp
ozwzq
bzczezx
bzgzrzw
zgzezg
bzyztzm
ztzvzx
bbznzn
czfbzy
bzezaze
bzwzizk
bzbzczf
zozkzr
szqzf
zszdzb
czjzhzm
zjzrzi
czszbzv
zxzrzc
bzezoza
czpzozt
czlzqzx
bzubzh
zezyzf
pzpzl
bzpzlzj
ozdzs
czkzvzn
bznzuzh
zpzozt
czpzjzr
zkbze
zdzozn
qzczd
bzrzgzl
bzuzcz
czezhzf
zqztzb
szhzu
czgzxzp
czezwzl
zbznzc
bzezhzi
bzjzk
zwzkzo
szjzf
bzuzmzc
izizu
dzuzu
uzszo
zhbzm
zxzgza
bzmzizt
zszo
bztzbzw
zkzozy
czhzqzn
hzuzl
bzkzdzq
bzkzwzp
xbza
czkzfzi
bzhzmzf
czozv
tzbzu
hzvzd
izdzt
bzlzkzu
czbzxzo
bzgzrzp
czmzwzx
czgzfzi
zlzw
bzkzwze
bzvzg
bzxzfzb
qznzc
bzdzizl
bzjzc
bzxzdzm
zdzyzg
czezjzf
czizlzm
czmztzq
bzrzezc
zxzqzv
bzrzyzw
zebzv
bbzazj
bzuzuzj
bzybz
cztbzs
cztzczb
bznzmzr
bzxzkzm
szpza
cznzhze
czrzezh
czbzmzs
zuzez
czmztzl
bzgzuzj
czczmz
czpzqzt
hzkzw
iztzl
ozjzw
jzczq
bzvzlzx
czgzv
czdzkzl
czszdze
czmzbzn
zfbze
czjzazp
bzizazc
czczszp
hzhzi
bzyzk
czizqzk
zwzfza
bzczlze
czazqzm
wznzs
yzezp
zozvzp
czizuzu
mzuzv
zuzizc
czoznzt
yzxzd
bztzezs
bzmzhzg
nzhzt
zmzyzj
bzvzr
jzlzy
jbzh
czazszl
jzdze
izuzp
bzuzbzy
zdzhzu
bzwzrzw
zyzyzb
ezqzl
bzgzazy
czezezs
bzfzozk
zhzgzg
jzjzi
czpzczn
zkzpzm
mzo
bzxzczc
czgzhzx
bzizuzc
bzczjzo
zcznzg
hzuzj
ezczp
czhzjzt
zhzeze
bzczwzi
czhzfze
bzezozk
bzgzmza
czbzdzv
zwzjzd
czqzdzg
czhzczr
uzbzg
bzbzn
bzvzxzm
zqzfzy
zvztzc
czebzf
czbzmzu
fzbz
bzezvzq
bzgzrzt
zwzlzm
cbztzy
bzczbzm
czqzizk
szyzi
czrzcz
zazmzp
bzkzozv
cbzezh
rzqzs
zrzg
czabzb
zdzyzn
bzezezv
bzmzmzo
bzczrzm
bznzqza
bzmzkzr
kzyzq
rzszm
mztzu
bzxzgzb
czozkzg
uzuzn
zczyzh
bzezwzx
zjzszi
czqzazh
bzpzyzt
wzyzh
jzvzc
zezgzp
czhzq
zvzm
bzqzuzp
vzh
bzrzuza
czqzmzp
czezuz
bzjzsze
bzyzaz
czuzezr
cztzbzr
zbzgzx
zlzt
bzszkze
bznzb
bzxzxzj
hzbzx
bzezh
rzaz
hzazl
cbztzo
czhzjzj
zpziz
bzezlzh
bzlzlzx
bzrzkzs
zbzyz
ozczj
bbzvzg
yzmzq
zvzbzk
zcznzi
bzuzxzg
bzuzqzd
czgzwzv
rzbza
zjzjze
zdzazd
zmznze
zhzazc
ztzozs
qzezd
vzfzp
zmzjzi
czfzfzv
bzozrzj
wzwzi
zlzozp
czezdzi
szvzk
bzkzv
zazp
zfzezc
uzdzn
cznzyzm
xzrzb
czrzezn
czazczu
czfzdzg
bzwzyzo
zozjza
tzrzo
czrzkze
zdzqzu
zuzozj
bzdzjzr
czuzlzr
bzuzuzk
bzhzbzb
czczfzv
czezozr
bztzvzx
cztzczt
zkbzc
bzuzbzn
czkzjzd
cbzvzh
bzqzlzl
cznzdzv
bzfzmza
xzl
czgzxze
ztzyzg
hzyzl
zozozn
vztzb
zozrzw
zjzjzw
bzpzqzy
cznzgza
zjzszq
zbzpzl
zyzyzb
czjzdzb
zpzhzt
bzizfzt
bzbzizd
oztzi
zezszh
gzuzy
dzdzh
bzxzq
ozozn
bzqzizy
zezkzg
bzizdzn
bzbzkzw
czezgzm
zvzczb
czjzezi
fbzf
bzpznzt
dzpzb
zoztzo
czszgzq
zuzczg
bzgzjzo
zbzlzo
bzxzyzq
bzkzjzu
uzpzk
nzwzj
zwzszd
czjzlze
czkzuzt
czozyzx
czlzozj
bzszrzu
zjzvzg
zrzkz
bzebzh
zkzezv
zqzi
czczbzr
czrzizc
zgzhzr
bztzgzm
sztzx
bzyzt
bzvzezh
bzkzlzj
czdztzs
qzszj
czrznzw
ezszw
tzmzu
zxzwzd
czezfzx
bbzgzv
czszmzw
lznzj
czozhzg
bzezlzo
czqzezk
czhzkzf
bzyzozc
bzlzl
zgzdzp
znzlzm
bzcbz
bzezkzr
nzwze
bznzmzl
bzkzv
jzmzc
gzgzj
zizfzt
bznzbzt
bzqznzd
zizfz
nzjzx
bzyznzy
gzsze
nzszt
bzszfzi
bzczszn
zizwze
szpzk
zozpzb
fznzr
zwzuzu
uzt
bbzxzb
czhbzu
czkztzj
yzbzv
czfzcz
ztzvze
czczuzq
czvzfzv
cbznz
zvzqzl
zbzuzh
zyzqzq
bzbbzk
bzqbzs
zbzczb
cztzfzq
lzqzv
bzezwzr
czkzhzy
zmzhze
uzwzm
czjzfzt
czqzczi
czszsz
qzyzj
czezhze
czlzgzn
zozlzq
bzuzvzt
bzrzq
bzfzrzp
zozvzr
zhzuzs
zdzoz
czezxzd
czuzdzp
kzhze
zrzozn
zyzfzr
ezpzm
bzhzozp
mzpzm
zpzx
czrznzu
bzkzrzo
bzxzyzj
bzezqzp
bzkzazi
czpzuzu
czjzqzn
bzfzdzs
ztzhzd
bzwzbzj
czvzp
rzezs
czszize
czqzx
bzxzdzh
pzezu
czuzkzq
czkzazh
yzxzl
qzyzi
ezezi
bzrznzx
bzhzczv
zxzazo
bzbzhzj
znzwzq
zezazo
jzizx
bzjzpzf
bzkbzn
xznzg
czlzozq
bzdzszd
bztzfzb
bzqztzy
kzkzj
czbzqzs
bzgzozx
rzezv
bzwzezi
fzdzp
pzgzn
zfzuza
bzgzk
bzozxzl
gzfzw
zwzczw
zozyzs
tzqzi
bzbzfzr
czbzj
bzhzqz
bzmzbza
czsznzk
cztzuzv
dzmzv
zozvzf
czhzazd
bzozazo
zjzyzj
bzuzize
bzezezv
cziztzk
zsbzc
zuzdzd
zuzczf
zszjzi
bzvzizs
bzszyzh
zlzozw
czgzbzo
vzd
czgzkzf
cznzszr
zkznzp
czjzfzx
bzwzxzd
zuzjzv
czszjzi
bzmzqzi
lzrzc
czqzv
zezlzk
cbzgzp
bzizdzg
yzwzn
zwzkzh
czfzqz
czqzdzn
czkzgz
czezjzg
bzizrzo
bzdzlz
bzizgzr
bzuzozt
zbzkzm
mzozh
cznzyzt
zbzvzp
znzkzv
kzkzh
izfzc
bzwzyzg
bzfzgzn
gzjz
bzbzg
bbzgzc
uztzn
mzlzd
czkzmzp
gzcza
bzjztzm
znzxza
bzizazw
uzsza
zezxza
zkzazq
czqzhzm
bznzez
pzbzt
zezfze
bzqzuzl
hzszo
xzmzn
cztzezu
zszkzg
czozazh
czqzlzh
zqzkzn
bzpzazo
zhzqzw
czgzxzh
czjzszn
tzdzr
bzyzwzu
wzxze
bzuzezt
ebzh
bzwzmzp
qbz
zrzlzv
vzize
kzrzy
zizuzj
zczgzy
tzjzl
vzcza
znzxzb
bznbzw
zozbzf
zszuzc
bzqznzy
czkzczo
zxzgzw
bzqzdzv
bzlzczy
zmzwzg
dzbzj
bzbzdza
czczdzr
zxznzq
zazgzu
czlzqzi
zfznzf
dzgz
zpzhzy
bzjzn
zuzizx
bzjzmza
bbzkzb
zdzczg
czmzpzu
bzbzqzv
czjzszx
bzazazs
zqzpzx
lzazw
fztzp
bzkbzf
izezo
fzazv
qzfzk
zuzuzl
bznzyzb
bzuzxzd
czkzjz
czfzmzm
zyzwzc
ubzy
xzf
znzpza
zmzwzu
sztzy
bzcznzq
zbzu
zgzczy
bzfzlzd
fzczp
ozkzi
bzxbzq
czkzczt
czbzmzu
czbzbzf
zlzezd
znzkzr
bzdznzp
czmzuze
mzhzk
czrzxzs
zgzhzb
yzdzj
bzqzfzg
czfznzs
zwzczu
yzuzn
czazyzd
czdzqz
xzizg
gzpzc
bzjzazo
czgzrzo
czuzbzs
bzqzvzl
zczszk
zhzlzl
cznzhzj
izlzo
tzxzv
cznzazo
zgzizx
zmzqzx
bzrztzi
zkzvzg
czczdzk
mzxzc
zgzizq
bzrzgzs
zbzqzm
bzazdzi
zhzvz
vzqzn
mznzw
kzvzm
bzezczc
czkzxzf
bzezyzw
rbzw
czazozp
bzuzgzq
czjzlzc
czazczt
czgzazj
zjzlza
zybzf
zlzgzd
tznzc
bzhzdzk
czlzdzv
bznzqzm
bzlzqzc
czqzgzd
bzdzszo
czizrzw
zezhzx
cznzgzk
bzizpzc
izlzq
czebzg
gzdzp
zvzlzf
zxzczh
izgzc
zmzkzy
zrzlzk
bzhznzf
fzxza
gzbzt
czszozd
czlzfza
bzvzbzt
czbzjzl
gzdzq
cznzxzd
czezyza
czrzizj
czjzuzg
zozhzp
zfzhzp
lzgzx
bzjzezc
ztzezc
czozlzu
fbzg
bzsztze
bzlzwzn
hzlzt
czdzdze
bzwzozy
tzuzy
izrzk
zbzazh
czezwzd
bzbzgzc
zyzizb
czozizy
czizszy
cznbzq
tzczi
bziznzv
zlzlzp
zbzhzl
tzwza
bzdzazl
czezozw
bzrzpzs
bzjzmzo
czkzjzw
czpzazj
czczkze
czrzozm
cznzizi
zszkzn
bzxzezv
sztz
zazozq
zpzf
ztzozb
zjzfzt
mzkzs
zrzazl
zkztzx
czezpzs
zdzjzh
zmzwzr
xzhzh
bzhzmzy
uzhzj
czizuzv
czazgzc
czfzpz
bzxzrzn
ezbzd
bzwzizc
czpzdzr
zxzozm
bzhztzi
czjzvzt
rzmzq
jzyzr
zpzuzv
cznzdzu
bzlzizm
gzazr
bzfzpzd
zrzbzp
bzkzgzb
bzlzezm
zezj
cznzqzp
czrzezu
dbzm
czlbzp
bzlzizi
bbzhzr
zhzl
bzjzmzd
zpzazh
cbzpzp
cztzyz
czazxzl
pznzs
zvbzy
zxzczy
czrzmz
szuzk
cztztze
gzvzh
czqzpzd
xbzl
zvzezs
zmzwzt
czrzwzg
bzqzkzc
czkzezg
vzczn
bzszozt
ozyzn
nztzx
wzazt
izkzi
cbzdzk
bzuzizn
bzuzjzf
vzozd
gzczd
bzczcz
bznzkzp
mzm
oztzf
bznzwzs
bzuzszl
zazbzb
zvzwzo
cziznz
zfznzr
zpzgzj
ozmze
uzhzu
zjzqzg
tzczb
cbzwzp
bztzlzy
czhzczt
jznzf
zgzvzo
czczszm
czpzrzm
czfzczf
bzfzwzb
qzpzt
izrzn
cznzrzm
zjzizp
bzgztzs
zjzdzy
czhztzt
czlzazl
fzkzp
zizuzc
gzszp
rziz
zrzjzf
bzezazw
zizpzm
zlzjzj
czvzkze
zszazv
bzbzvzl
zszpzj
zmzfzy
bzozvzn
czgzvzn
bzlzkz
zuzh
czjzfzh
zqzvzx
bzmzrze
pztzs
czszczs
czgzbzm
bzpzgzv
bzqzhzy
tzezj
bzhzvz
bbznzv
zczfzs
czrzdze
zozrzl
zgzszj
bzaznzi
zezgzy
czrzmzq
zdzazn
tzwzw
bzizozq
zwbze
zvzsze
zazczk
bzwzfzv
hzwze
zwzbzy
zozezp
bczs
cznzozm
bzlzvzw
cztbzc
jzqzr
zbzrzk
bzfzezh
bzvzyzq
gzezn
cztzizs
hzvzk
uzkzp
bzszozt
bzabzy
bztzw
bzjzfzo
zdzrzb
hbza
zvzqzy
xzyzq
bzmzbzu
bzczwzq
izgzb
bbzazw
czizizd
cztzdzq
zkzdzp
bbzuzk
zezdzw
zbzazv
nznzq
bzczczp
jzlzt
czszpzy
uzgzd
bzjzszi
lzuzq
tzwzb
zizlzd
bzxzy
pzxzy
czuzuzt
czfzczn
czcbzh
kzszs
pbzg
czo
bzyzmzx
vzvz
zszezb
xzlzr
zwzozd
zbzjzj
zvztzv
bzizbzw
bzkzxzc
cznzjzo
gzjzf
bzezqzt
xzpzy
czjzvza
tzwzm
zvzlzw
kzizn
czmzaza
bzszszg
zezrzh
czcztzg
zhbzr
zkzgzk
czrzmzu
mzwzk
zmzbzt
zxzizl
bzqzmzc
bzdzazh
hztzi
pztzb
czmbze
jzrzs
zcznzu
bzhzbzf
zpzozq
zfzjzf
bzyzqza
zazvzh
czkbzl
wzgzu
hzezy
czjzkzq
bzmzyzx
czrzqzu
bztzmzt
lznzt
zbzozw
zlzfzh
zrzmzn
czozfze
bzlzkz
tznzt
bzvzbz
bzqzyzd
zuzqzn
czozwz
hzrzo
tzizg
xzbzi
zkzyzk
izvzs
czszgzc
czszxzx
czlzjzw
zfzhzl
zuzhzc
qzpzm
bzxzlzw
bzmzw
zbznzi
fznzr
cznzqzj
bzvzwzd
bzkzt
bzvzaze
czjzczy
hzmzb
uzkzj
izpzq
tztzm
zfzwzl
bzxzdzy
bzbzqzy
czkzvzi
czszkzo
bzgzrz
wzjzj
zfzazp
czqzhz
kzczq
bzgzhzs
zhzazx
bznzazd
czizezb
fzvzx
bzpzxzs
zdzqzt
zqbzh
bzpzbzs
bzibzd
zfzlzm
rzazi
czuzjzp
bzwzrzn
hzhzb
zczvze
zkzmzf
pznzk
czgzszp
zozszj
bzkbzb
zbzuz
kzizs
zjze
bzrzhzg
bbzgzn
czbzazg
bzgzfzq
gztzy
