rSSGQzBZQIKnjOkPEpKtZRPUazOvAlNhnkiiFmMvmKPpERrzaPYYVkoODsIUdrNfGdmYvQJFlzU
No
Yes
62
58
50
LyJadlutTETZgSQoRTQgUQPnsFVxREgFdTvwRCHEMFcaahgAOkuIsKioBXEgmlEiqHL
71
fxLaPcEWfQCZGxtoTEcTfGLSyzqxtmdSbWnqITsFsbcHecLJGThOiURVzHLbVJLo
53
99
62
No
No
Yes
OzULKmcMOquMxGahryHWpFYyHlSjnHrYPaYjciTyQaZgsZfZUPgvRNMDzTIaSTRfsOxPOVxOESojAopnlsialliH
No
RoVOxAxXVuclXMMMOqCplZppWffMBGDHNzXXCpbYpebyhETUauTpPkhAKwZrMdzbDRitKEIBvlSXvhyoRGFVrMdwSW
58
91
jTupflsTQvuKQAOrWIrQjZBGzYrLrLRwCQqGEEegGIctuQzWbywHbfbzDQAxN
Yes
No
kbKsCOJRbYcZbNXOsTfqGfKPLheIHlXrGfQtexBUnzBNHTRxWIWtOgRluXHJoKrJAejlEys
WvaFgsyHLWvHDFXsAwcEEKodzCpQWbxkrCnHeDUcVxEimlxbbHWFbQCyAjFBVkFTlyNOCDFDbWhNvxD
97
62
97
Yes
73
83
No
80
99
59
zUKQSUsRgLYchqZfxrSfblswiopXSKlmFPogCFgTtUTHieeTYbGqwfoYkxlxA
iMwVHAmbyBxvmKklPActeTJDORpKjXsKitPcJsQDuuLZKEJQyQnrIxfyLQiPko
84
No
67
97
No
JmuuCEdJMFhJSNfhZgrosuiqvzPsOOSrMDVCsPLCZtuktPmxDnFJMsOvqvexKnQNQEwfJgljwyIehVhCfdAyr
ATZmGfJAJCpOfPfVkBxDHmeGEVcsJSsxAuDCOgZJKgQjAAjJwpsIlSRkuOvUYnyjtdZOWZeQoBfDIkaaUElNoaHNtvIRMMxZdTO
ZSRCxIEQbMPpgmEWuoQaQaDUEeWWidYBuChexbWoHJPlGHiEJzaTi
Yes
FfoxJBAJhdDKHUITMLdGpqcPrzvFyDESvhXXoAAmxzkdDCFcntHNRloHAROVSQQhInaLAkOUnpYMxhYLplCzrtiZxsXskTz
85
iLbFIUfVMKbBuLEkgiwksakOChdJigZvXeTwdYMEqeTrlxJQzyFIJlxrgDEGPBjyQMMKgWvtxktJFVqpQVuWrDwEsmShHVM
luHQFJDTsdrbIrDMBZGngIRprMFJSamWyEXKsUTbfyryafncKKAIpTToSSEteDUnsa
xAWSphQGWiyugOUToLkrHuFpNlEDYcBiaLzsgGXYhcRhBlnUskEHoBztiDlElUodLeQWcdwGXnp
84
No
No
68
54
No
95
blSocVDliZFIluEkIdLnakiyXwGnhHbSVEVwMXsMiHvBeCJUwInZOuHjGxKgkeZjnwRa
96
99
No
MCQQMUDixJUoidupQfgnXymVYhtTEXChroGqVNIzlMzFCaGZNgESLIzLqZUjv
No
Yes
No
No
No
NnSRijWvhsEsWzmLVNzdOngLiyFLadInIXSRJxPacoLsdktFUS
Yes
sGSuKwLtUBmNPmFfoosaYhAXWEFXWJBnXYCaNlKcdfzlTedguGXcQddyRyktJsDfSzMwuTuKUbQ
99
mLUQPpFlZWklFxWmpcCswVgkstGRrKVUnyhZVYMyNcCAYWbCZlPQEpllgTRPkiRHZDSb
UCMbTrNNLPUBPyPiNNXbpkSpOPZKLcplNYAPIWsOsnuIAcMWQvTZ
85
hiElEDXhwhDZHmyQbqqePMgQAqxZlHGPhbIwvzzfDqRxQJWYFWdXdZWfteqvILhxJh
59
XWzfbbcMTgsNzBWQYcyYxSZxijBSPsAReYhgiZZhMYZlSVBOTJFxj
OBMKdcWdCmJDOJzwnPmNoCsxkiavjOhcoBGQfMXlUrCtSOdZuEqvkzTk
Yes
65
No
No
FffRvLKVvkbrfDJGWBtBtxckfkMSPuXVzIkfEHTbTnUvaFaVUbnhYNrNMHJyzDGmCUHhISXPmadEMqnruXaKv
ifrJrEOxpOWMitggXzYUUIrfgWcWMzOOWkotbivYotBhIIhJnHCYLHaktX
pGVDTEEPaSXeQztRVkjlbbAXfHYoAWxuDGjrfuLLUASzjWTtRSHWHXRtjtTDDSElDvKgojZkMCqgWHqIMOSyRrFxwIV
No
52
No
No
82
No
79
98
qRrWQvboHtRvjOPiySIWlNInqSkgzsWtzCmTWgpHuNMCgmxuTzQhuMnNtaVLGFItYWMNBmpUHLZWkiylMHCzCehdKqMYqPF
xFmvmySXVzuDgBtWvBAcerXMozstlUuzWfmznSBZiXCzNJgArmMJlzshNyQgjdTgdYkCOPaBBgVbdPxCFtp
utMIaBLRuWBKIYJbYFVssnkBPThRsOlhCTRrAtJkoEfJkAnSKqdV
NWojBltOvjvrlCVfTFfZkQFrRPClhKOBYMCbBhJfXBiKThMihlESGZaHLxYSkZlIlhfsezGN
No
ZIhwESxIgmUdtCNhOlcilpJtoVluoaRinlFilnPDUSWBelJGvGTGVAscJeVcU
KoZprEAmdiPtkYaXuDbcGMYNkOaBSaCAGEhCtNMaqOmZFOEUGiOPLJBQVsjcqGpGibyouWszMQeflexMhbTGS
64
51
undTxEBrzoVmzqOebymhpQfuVCDEIcYSMfBSmQxTYpzEmzaSytdrtbzQQJjG
MjdeBKCVcbHwonxaOrnjKMXtTZgYLUtCoKHwPaBlywEFxtWQQMKybihbhpHYUudtkU
No
No
No
53
Yes
75
No
zQZmRIOKzfqAYSPhhTPYyfdidGFBFeWsweNpzizhQUAxuvPIgqVkUwNbfCtNrWLxIlEzRfGPWNyOUwTuUTPbLYnqdpKHORtAJFG
99
STIqqWDBufULAeWkEkYCLrPtdaNpYGUTWZrabJjvQMBapburCJYrFRpyWnRCaAsFJblnwTTIkgvSCQPCFFcERuMKl
LOHddNXCmXrOjTaaLbabuYetbGaiuheLEsaHllqPkcAjieuHSqDUdqdLYcHLeTnIfFCuSWeEPzhxGudZ
No
No
No
64
QJeHzDkcejVQhZvsXqsMLtUZHbdAzzgjHmAWZoiyqEagGQYcAqCvOGRRgmOwLNAdhhKaaLHehIA
LOQaaqJWubntAisBQrsOBFJyeBIwLxnyNblQztfdymfmIfiUHeRACOvYiGRlGvnBqNJQlnECVdjpODZNtZnwKEhaMQ
EdsbFXPLcKEyegVwUQrNxydsahjGeufQHNVixoxafTTqvADdfMZMsozxYZgCXWjpSH
80
No
65
74
75
Yes
Yes
79
pcbPQysxuWaspAlYYfvOmfTGXUflqgVzrwvMWWpaTweCPHIhgdHwcYJADgozpElbZqAcbErXwrdwFlOw
ObqvuldTHjoyadHaEVqoVFXekeQaxzVkaOPplaFcGKCVETwLpihrchIfOYPYwJVUszBoISIzFnzkqPfqmZAmjfYoxPbifNkpcgC
wJqSOPWycJfpVdTgnLJWvBJKJORcfzkphfnDlEeZDFWsoXvjHbdHpOWlPLVzZKDBiBxWeFKSPBqeRt
PMUnjPViHMdnJxSlkdJHrIyImASYJmSkpOMTGvylhSFgGmyurhifInzVLNXwKDoznESozxCJzDisfBlT
79
95
No
Yes
pORNkmokTiSmkquEdEeUTeaHmBeGGVkmrKDYkFjMNIGYntDwJaCHbvhUcrqEFTFfVZwVFOf
No
hxyMdtlzzgjonSABquKDbxZZTgHmOCToHdGHclVGmVvPxpKHZsdanPIffZMaOyQYIBruLbtgvttDRDknDtqeuEShIjmGaK
92
98
GwpbVQCzrwfmuktLBhAbTiIbGIoAccqTVwaOYaiXGuNqcfFqiHrKjeNfHUgMEpEcRGdfVfOMzBafTyUUHYN
94
Yes
MnyxKCSCVzTrGVWBCGmPYJSvvGOdqoNvaphZTnhtQkGqKyjvihlHDKXsiPTocSqQCtmCCAUbAFIMWakYXSY
73
No
52
dfiwhvsPJKCWneEZVqcnItpZbJXvXEOUHlePCSfKiZOyzLrpUqEWcMwqWhLlXJfC
No
73
95
CqVZjwfYpCHNjhudKetsnSBRAHrqBUslvsBDvzUqkSGeLKeXxictiZzFCYGNTFmHM
83
No
AJMAAIQPqFqwRutFmOUoZOfVZfwgfwRPcFLHLVRGmWrHlOsUnsLvjzAaYGGQrOWhcPzMdUEQQL
tDNOKanJQHasBYiclnAksfGsJhvdwiFojUcnWlOyihVrhrQeRMLcxjHDMxbZEjvxEvExEFrJgGBGvdPkhThhAJaBYMxUlanp
No
No
85
mUmCgZYUulBqNOIEnWWixEAEukcwidCumzQttNTccvheyJcyKKMBHQJVHmDcmWSHzugCtmjCgvueaDsPVMPVmUV
No
94
No
84
yylHQqGGpqCNvRgNicJbjqghmHyyzjteUWxDiMZhWnjnhGREXVgWQvDzltGdkzmFyJErYjcTXa
No
97
NkYmMCyscbnVEtxgofeNcMBtrwdvaOfEMMRDvmwfULjuqNexxjLdSnJPTu
56
86
Yes
No
No
uJbtBCoAMbMAxASmeyUfWYMcbPwqHrkEZZwKVfDCXYtHrpOQfRuVvwvmuopWn
62
85
85
sfIlcXBLCvkyYHDgPHJkZIYAoNNaSUHfbTKEmmNJQHRJqwVIdkuIPBjCMEPerbWLuiqGNH
86
iomaOOBtHjCoBkvUxYnwcrgoypVlBlIxbXaUMCpzaPEbaRjxkhnZTSUbnSSaQEsWoYGmmsajo
71
cjTSgvBLAmMvQFYAwSlMPStGvtsULYZrjTblNmLxhvrFnWTTFuhBuIRFrHAuolvwHHbMOCEPVmOOaBrttmwgbJA
67
69
No
59
78
No
HURHmzJkUUARyTFPSrsVxXEJcylvUmdmMpqGNvjKEtNheCCoaSDYIOfyhnSIXNEfrSNPKpvsBRspDAWKWM
aBdeUfhKUfxReTiLZrPKdRDmDKsCYSGgHDdPgdNcnKXHQJvtAGCCXbokcAKctiMJmsWVBfUFSlTZUhFey
Yes
88
51
No
57
lFZrZGCnpHwJKfdjwlPYPWDIDbKQbbieiyImkhqZXzWpcinaXQPCQalNroDmLsEBreRVtOMjdntgPaMGjYEoqXyRSd
No
59
No
cLbOKfMaoGyYUrhHZnVTunRKsvbhafTBCViHGLGHEZmWhQoSxjDTJjKnwDezOxArmwItiVjXhSVxYbOVkRNynL
85
81
No
Yes
lXIRSUaDRJrvpVtfeWYlAKbGWchgJCYAmbcrXXiFVHTLOfaPnoQ
No
57
55
65
AaEeiTzcbOzrsjNLbabKHWIMnTOTdAUTklOhwowSOqHGjPLGgBvBHzYlcUyHnvGjeEoAPDkFLANLMDFaXQItn
mcQwdzGItgGzEvzIFRzWzfTkjGoGFaRKfHeanWuJbWzMdoVxgVgvUXtKYmnUtRaTTQHpMIrEYHVttnujrODHltExhsTdtwLkKa
Yes
Yes
No
kcsMDsqPqSznnJdDkrPYxmYXwHFXbLMrIwZTlMvVEimHLFBtIxaBLUWtmDfmMeyvDFZUmJFonn
HkZUaFPlYAKfykWEbXQoyljghuWNIwSgIuekcZBATvYywxodKJQxxttEYhWU
96
59
No
85
lpZUiIcdydzgtroaybGVkMKieVWCWxIZLxPMcwMIfjWhAlnDWHhwfmlSDZNbvrolIVPeAfMGlkrR
No
EQOsUKBRPPPKVjrhcCMWXxpqaUNvYAOkEaKiNdbXtlyGKRnMonPvQACPspxEDDXjxgFcp
bsiiVXzVOjzcUjbOwkAKKKUFzBpdSMhpEUEmxjorWibAeGJNTACFAkruTDiZfpJrZWogSBCFEtIl
seLnJwzHgLddxZDoemOsZxNUZNkdxZSsXgmWnsCeyBrFyZkIoljMqrgpORyWdRWiPnyovrjVjB
FGAaLBUmAArVJIFsJrOgXpzzgzkUEBhAqVBFVmRwacDScBaIvdvMqqqxpXgWVqPFQYadmROTEEpctWchxIeCvYyfGEHsZvloYBV
Yes
cbRiPbMojarrgkqUIVTOzYzKPUKvTjIAFdMegkXKdEVtaxkkpRXvJHblfGculYEfmpEfmfYKvgVdGWeK
LlgoSACvxvtYVNaEdohnUGrUDZgqDVPeMYrFdkuieOeKbsIGOZZHkfTLelNnsLGlgxpuOZOGvXvoUhNpzNDiuUZKycT
SaIcaxSnvkrzDzaYzyCPEmYwzmyhiRzFdWDeIfyqgLYkzzYHZJMTWUXgetOexEJexo
wErXiMlesskqhGuqtkzfgirRHNTBaqrqiqwHPQwFAKCYmQbGTtqEcjknjmSMrp
uLTnvWIjXbXkHpkZioebCUDyKAijykqBgcPuYookrsrHhxFzGrVcOipwn
No
61
YDrEttepWYznZgqRuAcTABsLbiIjWDDFEWKsllVcNDfDsoBikWausvnbGXWuDzmn
77
zEfDXLWRuyEQfMpYUpNcTnEfkTGvSJUGFRoNfDmXFthXVQzBFeNnxgTgoVU
75
65
No
sDGnGIuCntCQiDhmiiIdjBRXNAkCLSWVMbLsqOkOeolmxDBAlsJoRWCcWuEvoHmKIJurGEN
No
No
No
XeiSxHmaNiZCrDRuOpAuoEWitGgJgIDticwgpFJjbbgDqtbWBiVXGXgzsYGftBaQpeFDkJeEz
Yes
No
64
Yes
Yes
SXhUWiYkxATcAoKXlzpFKZlrubMYIesuPafveBrKpNdltRlIdYcyaXsJrrUzBltpXWuJaQNrQeLcyKYGPtijrOlqo
79
No
No
90
Yes
gfKXoJPSVCxrrEyZjeXhfTDMoRNFXdMDbmjRrOCowjeDWzVIGoHmBxL
KMRpexUSWYqtQqKsQhKDJiilvdUyuJoojECkPHOGWGIDszSMZdHgQmoSizN
ipppNfCjFDBvQWLgHHLhGlFmGLCfrnWUNrOZDlrzJBnltJuzxwvTfBaOemtDzAIdGgnTjrZusLTbPKOPLnHrS
78
54
96
No
fKAKykBMvxpkCStsUQPBwxsgQzABrbJpAtpcYBAlcynrpHWmyGu
feqNlPoWPRwGtRHdYpmoTtZYgqDbCMvyCFzThRyAoktNMujAUSJWVphdfaAmrLdSkxmnygQshSyWjRiGuVPDrdgBaPNPj
No
No
79
aFSbmJMLhnfzcbORRoLLhTnoEdwBBTNGSohfUODFffklUrlPqtHVjWHCiJYtmorNRTjqXVbcIk
94
65
tYjfRAiFLVOGjFFVEPHpnZZbghLmYXAVljmMAypAKgkuZzJNYBaigaPPSWhqShzuMGtBLvnCaGBfc
UFAAbogcPpUcvEOXMpGfPriJkvpPmXXPjjcumimDyTsyYkQlHzDNKxfAI
77
No
92
Yes
sarLZDZtpcIFinxsUxCWUBBGVGmqVIvaUBcBVPaDaggfXrcMtMdJAatbrXkzBmNPPRJnJcq
DryNIuIsrMpxqOYRONxLcxOPBgcZirRhDZbOsviXAypOQTJXFBcIpyEaMmTXNdAtVPEpCjTuyigDMgb
Yes
gDhSFsnnscSEJgmPNoDrPLklphYcZDlpsJDBjMdVqEaaMzOZeDXhbhxBqmrgeGufJo
93
WATRFLQqxlSZosPTdoHuKhqsLRDmjCdNNSXvDAMSjcnhVFHkoiVsJjItZtnkJlXJcgz
GDgGCBzLSklDYBucwrkAxOkFhLMmPyTxoHFmoblehXvCItUOFwpDsRTSLobNQmYOUGPKYEVNbEYxngBsQhfnRPmqlVabmNJ
93
61
pBtEdqxOzuZJYzaZdZgmpmghNeHhIOQgtGGngIxhKoRNJAkDJUssITULviTAKm
No
77
92
FfnoGESyIdPwqWLYIyXLQInNLLOBHNMTtWyWFoYFjlixgpeChtKwDoDriP
59
94
No
Yes
93
lfHKTpuSUwFTrEMnkOOmujGaGBAuRCuagDAvauhJwQwhFHiZwECVOnrMynfJzTAEHcrKYwjMEeTSfsOTbtVzBFbIqPhmLdKvW
No
76
No
No
89
VAwbkOAOKsoaZzjYIaPlATZLTasfblDCFtJArXMzJkbTvkTCWFqxgoHCDAEDrv
No
jOZXxFNnOJlUHBLkxgEDaFYlgOYxEVXEcphRQighRXmNKVAEyPrgKZrHJNlWPbOVlTknGsmKzQODJRbmcc
72
Yes
No
No
Yes
79
Yes
No
No
68
94
70
No
yqFSyEEEZgZZUkYadXcVmYqtgAASpWPBTBkOparZCwrnUxzoMYvljh
Yes
sUsTJyIfkMRUiIaSJAphkRecRENqLzWGtYnYAsahhoMMpUNzEyHInmGOQDtEvQhIbooFuaqbWF
XSDjpmqANaMdsLvekbbbXRvmyTPGCFfzQSEFTSnKLQygQZmozxPVQSFDjUPFqgzNHiucNdLHUfrETwlflngwZasOQ
91
vKZXXPaNhZyyeEgatcKAwgeqRdgrXaccxXiSIPEKwqCTDysmKaDcNuw
arDjfUjvPbEDYDgXjdcjrkjEIcPdWGrXwRpxfYhabDkydywliPmNCanhVQeWDAUpemRVQt
No
MbgyiiTLIMrIxyrnToxuZFhWkCDcZJNlPCDaTGnomsvOnXTPOTiYEBATquQGaMZCofJ
Yes
54
97
73
ciwQOAnGFQDMZDXobzCNdohauGceLffJChxSGyXOzKSrrSYqMIClxVDNAmjrdNesLriGQvhOAIWumNgW
74
No
79
FPAGCPzvZwslwVbvqEJIsSKBLwahgrpzVfljYIFYpXWmWvbKqbmpwcy
79
No
DGkJgtzRVCJwAvEBrIqSLqatydKvrhemDCjuaezVPNIzabGnLQShXxtDgsXOqj
No
57
mojpkcDGXZLfcqByQZKWlNMkTvcIdwDdjHuarNwuaLcWyyugHcObYevqMnBrVdqHGG
53
No
Yes
No
ZSxLkxZeoRkFjHRqVwByscZVolyYCWgofKDGsXHKSzfifCAEwR
Yes
85
98
90
79
imLORTFVCfIGpkOcBQvBdSHBjyaDVqdBrnFqRJFwoKkoWuxjisLdevAPqVvPjYTBPtSCJWyRaTwArwOqkoAypfIgwsiD
79
No
sFpLVDiAWHEGpdfIPYcbTFgJtZwUUdQoQfeMvMtIeIponcJbbHgBvs
69
70
No
VBIUQJGrRHTEdgIxtjsvqGAuuvNsItCiHXkGVEFhJQUhLNBGTenDHsKWLiNBxODFRmlZefQD
AtUpqDCuNAqDaoqOopytZbgSzPHFlKBFNnwxUxBsWqZWkrCLpNZOcCNUCaUfwpEaCIiAZpZF
64
55
65
YjsPGaYEtZAhYmeRNZUTnIEFzOUxFOVGwzOkzladZVLRNMkVVwjMUaIbRBbPhIdGDg
No
No
94
88
51
No
WwoCWgXIeqBjSlYpbZKFozlVZuIuaUQnRZpCPnDyYsPDBCGCdGZNogZHNUiIhjVsEVuUZqsyRmGjzxEjridlSTNvyuymhj
No
No
cEQgtcrmqAcZbopTNGGITMCnNKMUvyKJAuQHTWLkiwRRCgTCtxyUDZu
73
No
sWiAHshniOnqfaSeKMgQzxocsYiJXOTXfspANLnyXBfRUjkRZxpDcvhTWOUqtVVJgOgSrDIpnToDMrTzqhURLnoXeImUPFzvVq
94
UInVTwllbLsoUWvRJvbzsFPCtvCiVZTIJucwNpnmiaDkkDlHcmtVTvYXwX
58
62
zNJFUbaICeLvpkdKzGIXInmwYkHKTtuSbXsBNDhmxcMLxQubmvQTrsjyLVSaPLKXzSnd
No
54
DEbrarzmjXHCcfCgPmhLfJtNBLDsbVwlrZYRxTzRanwSKzZPAzwszJyRSsgFZifTohdlLgAHyNxAjrHsxjVZUaEAszW
vTvnXTXcJahgOUCSegdUpxnuELjupIAKsJiThhcpeFDmsRTFHFpgznIZogXZIFxGErjAOBnOaNWKHSLNlnUoPYcGCEOhTAfnl
No
93
gjvMSVjmbVgYhXikztVhABUZkcGWvVzViyhWuytGBoplEeRmyS
Yes
iWTZsFrimnLDebmZADGfAKTnXzmnQRHRxVYIUJfhBzrzMyppvODznBGzbIsAyB
Yes
VRYpWbcklFybWfDCUaYiWPugzDZmntceJrAWhxCSssdomMvGLKScKUPZRWUsfHgHdpU
63
No
57
azihpaLhvuwtNLKVjvYGiFRGTzIPkisOfmtKtSNKFmFsJIeYPoSnmzfUJzpMSZbcCTslqTlSFbIasldaatsattUogJGH
96
QvdrYUgXVpcJCZLQmxGWgjeCAOJJUgPajBSfdIbAfbxZgwniaPopTPTxAiOsVwqPyWvKaTxfhPpbWNWLsDLPyrGwTDuexF
RPIgXVzAPhrAjtlDeIUdxiZyXkLggtxAvAMuTyAnuVqcLoPCwjTgamcFIJXAYsYOf
Yes
92
Yes
No
No
Yes
73
OVSvMLdugTXfkIBzAmdXyHPBPpGPQwiZQacgzwXGbuUxWLpBIOsuIYifsjjyTsq
55
No
No
xVYrhelTncZjIaECSAMmpfXatNjjIhWMEewRmmqBzfjPnDoDgdiijekWG
YHdfusEmecPaesCwbxKkJdWaxvDMElLryrqbJyFPtvnWDmVngAqgGbZQ
No
No
No
No
No
No
No
80
No
wrMYVNYKWJizCeKoFuydahAqqxqsnYqQelQKCvhzkxnGJwKKpbiKFMNHmwKw
64
No
vgCxAqBeSLifkVKPZxjooDCWHpxSFpHPxSpYAHsYTLMWoGgffTwiA
oUNeBnGYFyQoQOAKayPNvMLFhLkLxDtpkPKgKtZKYrNitcRdrHWLXoXzYfmFoLJRJkmtPtpqGuwbnkJiEpVEhrnhZgDERuzOrW
95
kqKjfwrOSzBYGuPebBsPxLDYDbWFsZTsXzFnPgnYsMcAlLdgkLCrqhVRdNgJhbQvf
89
52
89
FQXYSXrlEnfSJfZmrxahStNwJqbTWArfDrAjyCVRhVkMbYeHEcntrpjOjbYwQZGUo
51
wAzTHFkXtmRzhODJkBcCmnqtgXMzozTwojttTtTBFgUZoGgWKezurflsxsSPQIYVvwbhiwIfOVsypxZhHehNATyIXXqGnl
No
No
85
No
RzgbiNyLwPhMvMAcrsmpMKGvcAbjoYkTCgNPEjVUBgXAjUbJxTfGiYAPSSMKHbFSsAmnDyBvGsUmfGWqPdYE
No
lmcpgRbNXqxuuPhoGjdzABloAOxfIZQGovBJCrpeRuVwWUkdlCDYeXyhTsR
BOXDMZmpmjdudlXRJETtNqpbVetCZzAnwvijPUFrViQoQLChyXvdSwtNfCbtbB
No
ffLKQTEUcodOMpYEunOAepaADmOYAHEJSliBxldIzHiKBkHQiYGHnFtBAkJYBsN
94
Yes
78
exMvEpTrIMSMCCmMcfsHVCVZVRNoiqJJGevmwhwsVvEuGphhQSignEMYIRgwwcPlTCCHMQvHqKRHQinvYVHXHIh
JyYKwshFtYUSmBTyBYoCEgNzuEbHAOyYwluJdZtixXZjrevwQcUsNyKyxluTFTBRZwGbvOzRRhTj
No
51
59
90
63
PTYDZbRxMmSZGFKVjUbzGwbqLYpCeRUDtbxNMqIOEUbKJcAiLFLvdIkqgzFOvZbkwwSEeImjajWjYKslE
bYSNxIRFUbumdJDGoRFkkaJMPPGwnDrsYMqXMZOTeZjvkrPWWnsUUBKUULwFmGdEXcqiItFiyJBleSYpVApZktSjB
tuicViqzPpOyYGJDdgvpETvPnnMhzZsORlKPAgFMVbblVSYWZaXPlSsfXfUzPAxKuRqsuboqYYXsnBJPVkCNpBSiiqdWSwegG
Yes
No
Yes
56
uiSlSwnDLwogeGhWZeyjbEFkAPvVJAmyctFokRIOtpaNkBpBoPEaAsTOFIxgrMoJFrJtRVEWijkRTNpZPDNvTAGcIlZHRQisXq
50
70
No
Yes
WjdnBPzNHUjlGHFpTZeSHpukjPNzUcQCPnqccPsUukZpIcbEHrNchOKICjdwEgsSEKLAQhkTwznVsJnemWSGxdxEmFwlO
No
ScaLdXWXhGRTnhJapiLWFfeyhzdokPwRjZETPdRXvdPrzVNkncRPBLxOXfrQiqELFPeFmMhP
mCGJBxoWxdhJfNvBcKUqQWHflqUnNSkWrnteHUAvkkmAQHoPQLoZvpydddcEfAbIVnEij
No
McQzdCLrKEPtWibFyAFzhsEHsdhWLqsUWoJCXSGZWcSDyBYUyaRmJJAAooqfxsFCENxdjFmhrSjICMlaBTdRLhc
92
wOPgCgebYHkFTLcrmgjCpZhQxhyRzwFkNPbBrCftZRltRHJdOyeTjBiwmlal
DhrEQdYcwODpzEtPrMaAfQnUsKOLJlEjyUhMBYHwlsHqtqrkqg
aDAYhfXGRoVhiurlGNvzykQvVbWhFMPxUGyUmNSBiIyTCASSIBhJZuVrCPdehPSCJZYbnIGuZJCOpWrLQFJjmlIPtqpcFUxa
78
KMgEPdBMjFqYtFlNTTohMuTCRbfhzwxiMAIOYVKfzHsBqoTmvpACXIQNIJfk
GKzcrInKnHRRNvWXyOkXJjAnfZtssQzHZwUKKMwmDUFbTkZSFrgusuNrZFvyEQSFLNr
OchJMpBkyIStzYkGaDuUBgFDBObdqBvvLMNTLwBRmRrJFTANMuQSwAhWsJbHCTUC
No
Yes
obmGQUcTveMUUgfHEtSJAxEEaRlocQgIirEQvOFursyiTYagtHQRgcVDfVWUwZMOf
KkoIfydGfacblwOaloSbcdThOJvWozCuLEGTcWviOsiqpKcCkUksSgLhjOOQPQFjpebKfRsbFlabVqzybauabhBDrSy
yyjcDHeUlQykkFvHTqNQNHDDgVQZkesqwxlUaVvBkcNngoljlgzJSjCMBluJbHvlzpaRfRFdgGSeeoG
No
dZQIhpoofzIJJTKQQZaxPOWyZhHeGQdoptbvzGSJYCkklgUJWLBZfA
WXiLcPaxXgRGnOLkPnJSTLmCWaERJOyFApNUWyTixMTsvKzzBbGKplTsWFTTdOEyouspXfap
96
ofevMbOlrOGryqLKzRkzNyOwzIsyDybKdHcBBmgMHpogBDGHdYYGbcpqvyGfLTafZHHvTIRER
XrCTykFcXtSIEsgoCeSjFvoOyUyGTWEscpBiGWuGWvmymUrXwJRPdsOBP
NGugvpUVLylDXlswMSlcRbSRAuUSTyfvliNjBJBHiBgVSLcgQif
92
No
84
OAwAPhlqglfGDkbRAEwSTaxHOjIDrLMXGvrFceZSdTwdxEEmgXyWYQitzwNovxOkllkplNCyrmvWuuMoTXBkQrzNwqpCB
60
No
71
75
QZWWHtlBzAhSdFNRKQvuReAFIPgixwjUhHidFLNQoCBjklkTFpKiUWCMAfeZiKDBwVQGEfSslThXEdWvVhiZHittdqOvPLfDTI
No
No
No
ESPItserSDxtRwVeNYOqOpylQoLNVsKDOGytIQiGyABlJNjzeDwhOqZNBBsMZhHvqNLSYCJltyfMCyYIS
Yes
pkCmntHGVDLDqhVjhTengZNYhSmPFiOSnYjXPaYhIyULQqqMjQRXnfzgIMllC
No
97
75
RTwrYzaUmFCbkrfyQgFBvWmXAZSpqUTxnoXQxOCwECzvQWeWNLMvtymzqEEPRVKSAAtY
66
No
No
No
78
95
No
EURpMYTEuVMYcqqYLCuRjaIxEBhNUDRCTPAqCPrzDkWRqpEwYCJRxSaTxJTOgFrkMlERLvyWJdJfCxUvm
82
FcuvuxXQZzwroLvuvNkBVwkuNJNbKQbbWeCmqaxmLBjMVqDqDmfLacGCROAOyaiYsOOYMzWvCBfYK
GSPMYDSFyCTtjBHvhWXEZDKeeVOuEHJePZGiYCqdxnCqoaOgiAAtImPPikzhmQFuwhmBwsASC
No
ZSpHjfddXwCzuBhicoqkPoJRmeMdtuwknAldxEVJTGrzYvGSuPkPxNzdWzlGatjHpaJRgevmBtOMrBDILYiokbDsCikkMUaI
50
No
Yes
65
70
58
75
95
55
53
87
59
No
No
Yes
Yes
No
69
77
POCNTtTVQsCNgPGLZvIySRzwLGBfcjZhZIOgYydDFexqhmYSuXdTMQjVUKjXqRKwsouwgqsMKbzVegTfBmNyrQISqsL
63
52
No
58
No
YnpStVphYVxUmXqazzjAJbHgnWmOpCFfvrCZWZBasVGHXAJpHaLy
89
86
96
vvyLeWHFkViOcvzeOAqagMaGhSNQBirbApXLhzxmQDDmXMrClssVOAfDTcscxQuLgpT
yfNHpyNMWHYThuINakuSfdJfLvOBNILhhobItiPLfGxijOCueIPmmujVRfXKadVtlMNvkLjvziWFaBCaoKDtWhcbUAerhKw
WhMtBWQWsPdtZlNAODiMcETwESmEpxQOOmriNORNLKIUkbbBvOhiLQkXVbWZjdjcviKqdQMgeuTPEriVgSfsSHyuV
No
No
60
wzcAdTTxcPFarNEJnPaxfzjJGsSaqwnfIboRhepeAlocWaoktTZZCXveOGpWCSDTsqXaJqZEgMbdML
74
PepQfCTWHNxRiauNuhyxDOQEBckmeUaxgIjfFzGrLcquqngmxRxnADMjIJTpjLRYmY
WvYafKJSofvScoyxxMOGpVbXNuLURoLvTmXImCFRAdzBtiOXUmnBMUIhYspqKhhXmlIYZHvZbSeYsavUWmuXFosb
70
fvBxpFGNHpTFYVzOqQdLoNpEADGjrCsPatWzJJSMAwnZiASHaakEQzseibRtBLpcTBJUfqZtubdhCoehdQ
72
59
UgRaKVrKJYoGcAeAeaAzNzIyQiBLKgEiiUxIdQJiMVldlEjLJTHiFUwijJksyeXPxufypnEWDpTGEXEa
No
Yes
mkhxNTTXQDLkfSHjNkERwUTAEIzDhGiPXxqZpBZkQMiKcGimItaJXXzIsEOvcLVlODEvbTGcgHknDIDMDEMyFvQAj
plPSLKUrubALMKCCFOJRBhGsTyhDuhLmWdYzPqdsVsTbDayVaRFoRKrK
PAjrGlTyoVkmNozcxBcscsarmrumNpGytVLLPMzWgVqQrJvhgTeEJEwGuOVLnCumWeQOaljbUpzchNm
69
77
No
No
QzTzkURYVAROWTusJaogcrWZsycCVwIJzVdPyEgHQzdJlAVSNUcjBobtNPyGsUfyBWlWvQIFbnJSjv
qLsIunUDEiGoHDxwpRpqlwjIXUnVvwvurtgOunIWkUhjtGtZXTSAYfbm
81
paZFnYzqTWaguJgpeasulffvqsHCAFXSLFLmMNXmyAzJLOYAuuoaIKxKQIORGGBEVxQ
52
Yes
No
QtwfvKoUWJlWqqlSHaNRWeqtbEBePRbMVuQPKwfTnkpmWXeDYzsKSpDhugRJfnhOyrtmpYPBxZKNFnafgAzpzzApquBHN
No
kxcviuhHpYPWAkSGNkGCtZwaFLsUDmddevWPQCnpJscWQoaUcRkqfjEDAefIYfiJWLsnrFdMnqCIjnXS
74
No
No
qXMCwZnSJImIvklsgxkoXWdVlhiWOMIMtgTseZQuZGVJmpvzDMpXTSybFghIfQepaQbiWkgMVvbfMKjHQt
No
koBxpySUQkdOcjOGJYMoUetcmWFzrxWlTQFdynQOkbczIZhsoXqUogqIwQHeMnRkVfOAwyzzteGpWSDQcFrBjaOE
56
mkIFftWEESIcxoxxvxZOMozxqMISVHbhTYlFTCrOJzJWficakcrUmKKcQlWGHdQhQjfdALQMhKCvCDNgrRuPcFGHQvTynS
No
OqwgoCdPOYOjzHqXXSzDAETWlizYQNsxYagFkqWbwkEliFewXALcXmcfEk
68
No
mvMNbiseHToqelRAZuPGgftqkAuvJbkpDMLvFpWlRLGSZxCANvGOWWNSSEHEYZdJXhSCTwZal
59
76
UHLMdnqGxqoXqhRRQDCHWrVqHWyDBlQuwZBznRrTjFbSHQNPwKUKpynYFsTUYCowzAypYbjwazmSoxC
FhCITVoqWQMcryMbIwWQNPPieOqrhzAcTYXKgvPFlWvQEmDAOlRtNlHoTrjgsdHGaRWpKv
WXCEjxLHPZjyHbWrpoqjgczFVvwqSBENGuZaRKNWEjuBiawczpMcIQlQQ
88
No
yBMtoyrhzqPITwTnkfkAZoQsNiGxxiAFkWuozwYVFjxhEoRJMqmaeMrtMybyfwzJPMSqIFAIjdcqkrAFQGhwdZpVqoeRe
No
No
Yes
96
89
SlXowiaKOSdUAXGLCacKvncTtERwXkdmbWfbkuhEkEQOOfjZZKhKndNZJyGaCSfYs
CoApzdShFrYeFnFMTVEgddzalBtxrPGGoRvqGNpmxEwXJAeWbCmQIGbViTKKtFwvkEUcMwzUnPUnJbNH
Yes
xWTwAOWxVknXKgKHiLzGfKoDqNgtoVjnuLLQVNvfHEchxjWTOckcvKwlBoMulEeXgRoSGKnMStNzBRFlEzwpSjafPIds
pVrVdRCMQeeEuVBfCgrMNXkjttwNazlIXcbJZNEKYVMkIDLGvikAMzYRcTbWUxuTSKHwKzVFvJHAhBnhIZtMLbiJzMnwEEIry
eUOhfwcpovfoNjwPVQNzjGjyHpFqhvxJoRGfbBXdugIHlnZrKKVWrCjYLyPYdTEXpqGanpwciJvkLNjzO
PXaPdEtXCjKuNPRvspyIMRzQmAYsacPWhooFoEgSkytJCkmtqwcaNySMQAhGdw
77
McVhGmcGNvUrSRdQjIAKmvCFxizAgFDvNluYeCmFJqqoCAAMweJgLvaeXIpfNgksDXbbZLobpie
No
94
69
eJOssaNCMJYpwPEsHlqMKahONsdZNIPBPouBoQmkvBgteLTVuFruMAFfYtIZyXuHgmnVQ
73
FCJEKsDIESpeHbOCIBhGmZUeEpsHQxDLtPAlIiitBcTGRRlEUzUBgxcJFnBAPwvjpYbxsdAZcoXdrFNKHSYwtNQwh
bAQBofuiEmLPEMpwrXtHuLKuIaPNHKtWwmPTajEzwmkLjDZskFUbFjNkiHlHroYAfcUsyHmdBHMEqFLYU
67
nhEnKljbIubXnCpcCOvCtziBSGpOgaHVFHfqCnlCVJYCFmWUbYHRBGhiJBmUUUkZagBNQvQWVtZjuRkFJOdAVDuFcq
61
No
84
75
No
Yes
yBhMJhTMpJTcewBpIcjOYONLHJeGESgciAxhYzmtUorWYUAYgyRPHPWONLCRUXkqrEiUJwpDvVWBeGQWWfwGIPzyBe
84
UHZksaexrfvTyKHlpcwPgSOXeKovTCccsbTJzlRrGmlXRdIgYPOEGGkykpuXhBpQgmOuhOoaKPEteR
No
etyDGXGoqSdysOOuuZBFMGynGRygUVtlwBhdaVvFFXJlzdEjHwfchVWoReyaJiFBKDASEdYGwHUCJwflbMGqtxAqSWkaaXnJ
62
No
No
oWtuLFlEXuBehYGGpdDqyOJcdgcxXOpxFCVdzdyqfJcBKctOGzYxWKYqXHIHV
No
97
AKHspGFXdPStbCTGNINamvCPgYJKxQGLeFMUreqvnYGhHHxvdCyJ
IXSrdJudBbjOTwXYAxEzulpQhEGHNZzitaNXOLmKPMCGWeaJdwSFnHktHkZJRozvwbHzKCSx
82
ucSbWNMMLbqgFqFnvSIuIwXIasugwqplZacWRmCnDymrEECEKNCoEHWtZKPfjiSVlZcpKmhuY
56
90
61
76
KWOBQIojTNTLzqUzyGAHAvaeGfbKsMtrjTmOBBTCTiuJtyqhFUWDPdbJdAKX
iHIAQDhQLXlghbjmzErAjPDhTNNOebWTVhHXTZoKBjSGjdWgkFBLYKAgZyHpHuNGwZtfabxEfQkIrSiBJGNblDYdAG
51
OyRgMNYogpDBfJVkAUukPsEmXVXchqfNczkCHMxdlAGPYlptdfDRjhBkukWZzZaHdDPhbRQhWXWcnEwacRDIyMQbILFv
No
No
gcssvWWlZkxyXGNVbLitgbOKIqRXxPyzmzwDtioQuWAVEXNSclxKmVJIzUzsitxmRBolvdGWkWQGU
54
fiVQfWwyZxGCzzkxYpKzvIIEtNQPQoKGFXvIdipVsXnobiDsJUkzTmsNLHaXoRvhVUrmmIkBeVetE
80
57
No
Yes
81
YrxcpZqxBqjdwekRajhpOKjoWXawPTxyDNSpFnLCDSgxNKlIVgSkkeQiDGAKucSJkJgKEGcvHgE
ibcfjUcTHibUpoisIjXIJBMMtSotCnKheTBahIOXUlxOdiGcTWAXcaTJTcszcvIBDjAlddByDggvLUkwWhOhVCrBOE
lribPRGLdjJpQVcfQohptpSrCeOrDkDILNQRzEdlDlMAnuysSKKtmwtgPGrtXBkPIdSVqQpNjEkmybZDxEAaqpZeolioV
oltRaMtPlLjctxfDvUQKFzRjFYhnMipPdjLjPoVlCCgzywUHKTyqyQLsSeCFuAGxEybOZNoWboROySJUZACSIPfkkXswanObszi
piCzgryrWhZMHENsdoTTvSkFvfqavIzozNqjDpdORPMuBptpqHGJJeEpdjCgnxXZjOijAtgBZRQzkuKDBsNNBeNYYUgXJuKQD
66
Yes
81
69
59
59
SYPPhTHZNnzklIemppuYUmLgXSpSKuGhHdIZtDRrCsazdIGrelaX
89
MEKBHXrYsRGjbWnDNoYZYVGjvqgSVgoYOCqCCjggTGqAuwzjGNmFXTKimDarcvywrEsxayqGLlgDXMNvjj
59
No
XiVjPEZtDIfogKCkLAGzPXLretvgNjqxCvCjEuTKqgHjLBHxEFnOcsNBxoDQMtVDsbiT
97
No
No
No
51
65
88
SugrxAkoHpSrEhcEJNZRpmZxKIyTNzgDHoBWhlQHMMrKLMnQrvMkUNLFuTqwmm
65
No
95
Yes
oNrnQePRFdOwBhAWYDHZddOZSjmaRkmbJYZwOqTBsZyQQrhZorhwwFdXhDz
73
98
60
71
No
GVEJRlnEPpjKCHNEBTkMzbwNDBVJZKfsCIqTjexrshNeuUUijKOMoTjgwEPjJlNKWroAodQBXEJUENTTaSSYNgxokXLC
xIuYEjtjQEEmglgwuvqKPpfgnFgQEKLHTqzapLLojypuUVaKyVSuQGHFoWqHrjpHSzDJmdLxMqXyauo
87
70
82
95
87
Yes
No
jMKuKEyIyMWUnVVrEttSOzHasYcpqMhuYqexTrLAHaaKsXXrIlnOGIzdOO
No
No
BzRUKTTIyZzCNJtnoOSuulviGiRmwUtdhBiZvFnXCOjdsukFwvYoFvaHFmLHEObVvifvUUj
orEcIdRQOBuFzRHhGxIhhyeloIVFxHZiwSRdwOfInxjyofSBZGmEsnCpMghsNdFui
59
Yes
Yes
dZZoocCwZfNEHPqvzXOuLuaKrgCycJfZeDoEyfxUgdgdWXmSnT
No
No
ajPSgHOrbuyzjofiXoXSZsjCvoyOebadZUHyIAUnhtiBjDZZLdpJzmNvRZAzcNocaFMXHObCwGlE
zaXNNnuSYsrqvJtTyNHrDhoHQQUOSUUGusnNwzOqEdMzCoiMmLDkpvsr
NmKQtmZDIfwtIAYbjmkdxvNlxbkDDNfTREpCLPbCuPwBYvbRutAVNfgKUDJHJoceKqxgDZMaIoQuvKGRFMyKMrjoENSgEF
No
No
No
rEkaFSAaRGuMeyyWLasBJXZutZjSbwSQAWCFxPDfvqwArXfDBsKqcatHj
85
No
65
77
SaUQODQMpXLeCfTLHIlkUmIRogRxySxpVUoCVInDiqAuwSASIHHJGKePngS
No
No
Yes
97
No
No
93
87
70
Yes
No
No
rejsHzPCYpElUSBfJzhzEyJDOnphkniWGBWNeQAsGiECzFxArB
yiUaKHqmRBwupMDmgAaVcgvAkeXpPGRXyZRncloCccWNRHYObuhVqBbIeMpsgJhds
73
No
No
HswaqmsOTRkjWkGkUHxNEBUdOtbthzXGRwBVqvQfhhLnsXQwhhkQKKKGp
No
jhuQJKckOcJpSIucIViRCkzBHyDXZOnbztBdQmXvzaFtxArPtrJfRnoTDKqDYrqVfcDzQLp
No
53
50
89
iTztHPEfwuBOdOyUoDVuynBvOoXWOHCynJQQDkmSgrZPlTTEgmwQICGwJOXTzXjslAjb
No
74
HgustMACtWQwrXBEzSHMAVOWjPEHuDdkZnFWmGWwZJWZulHIvrVFNbojJQT
54
70
fZpAHDKxIBbEJUQnEuRhcjDlgaCiNPCaZJCncTtXwSoNbLWxWjbTwVZDjdodb
53
HNbwJBNytJMgBFbVJuBbipoXiQnYdZFmrQijKJaYZOloDMzkpyLmprlBBTIMgWwdcNruWZuScBrBFeNFalJPrN
Yes
No
No
Yes
RHpcmkeNNalcBcbVYfrjjJmoJPaFeECEmgGEmiMORgTvzpujOHFQztgDnzqVK
77
iNigXtqWPDgLSaXrNhdyjiNWZMoSDieMtACElRRDxsSDBCEYEjbDCswIdgGZdBa
53
No
68
MGUesUbJTSjtCmPzGBzwOSoVoBActvoTqeSAvEXEAhQUYeqMMUGuOCRXzBYjpxvaGzRdTQQ
No
zwCwmdTWBNVrqBBnBySBetetkRIokADMAwYBFdYfqEtYxIMDnAUjQksxAoFTYKXqxaLxLqSRNrfW
ASGZWIYJRdSEtlgDyYlrnFPwkbRehsXDgxTsthRNrSbAXWfljgyXYJA
No
86
No
No
Yes
No
No
Yes
50
QDyemYJsCrUOOYzUSsKALRwLZnIKaNhVNIqACxlYQmthjdUkRzjewCzJCIYvwfnYXZVoHbTYQJumkzhZQeAUuCsbBZYUaFa
EPagrgfTSkejZkPIMxpdzmBYXbabZARscZRSvawtTityTccmLhBksMjJxDidwkgiKOnhNgphqETSKGqNwMOvvmLpHiJtgSkA
No
Yes
No
bMXhgSEbuqlJZpZlepDdcSCNQJLEIHthpxYiiXvdzMLgtQFZSLGSVicgjbGJSFef
64
No
NCHwuWiuwSFWcgoPRpWeobBqaHLwZWvhogkaschkzaHUOYKvihLlmbmcFuAeU
59
79
rKykkEaTqWPDqOyWEYkfQvzNKDmcAQCZJeSJYRNBpBZqRpjMNnYMEpQDDSOicCVOsGznyJbqiwwYCS
No
jWpTfFUxiMkpKPtgmZaFsRhABNhsTCBVCKdopPWVaPoHsSjdTqhWbRBdxiqdhvvLolDlOqmpVPXOSIxkkBjStUnZN
No
55
No
50
ubhmjQEuYJILcQZMINyrXQEGlPfEcacCCGCnnryFiZdAAvygVoefhDrTZIhHOCNBhyCeDzYVaHJuEX
jehAqRvrGNUtAjgdJyRjBviQxatzCdgVMDabKZvzPFZcvkJYbFDBapbYddtvFaRSSQ
cArYRhYGtBcRZmfaRPhDjnYywnhoiWIxgElZhBEtHCBhTaidjKnwvQbdKHOgbMoEFvfYpvZRrZfvIfzkPLGaLztuFGmcU
No
No
pWGOmRVZFfZrNJMSPcVIEVkzGuYsxCecjBAqrrylsHSKSwkMoIbbBLvmfiXosxKfQQEmnBZEvINmIIX
84
No
AfxwBQOqcWVRqvkSeVXlqGdpZvBwdEEBzOAAGntofRJxRExXtpyvuMSiyNJTfemZkAcF
71
No
No
zYxeuLauurGPEFCHNmxuNWZiZIMGXOVTCPkLmWNkMbVrolOqeYrqctdVsvX
89
No
MMLzaZHsGonzhVTxEdkYHOohaNboFdAPTamWthkKzgwzuiwYQETTJRidOOrgMUOvRA
No
avrilgEqxzxxufHRxGSQVsCPDVEEMuydTfSKSqiIeaEUGjKzqdReLJix
87
53
55
kBKnIQDCmYAdlQmecRRgIxnnKuzQdyclngzVPwblZDjGDZloHqtvaFbPRubmtJqwMsrExOFXbrckHUQbCoL
TcriEnqaSoEtNWDhNEIsSntKIhbzJEDPmCplvlWIHzFplCrbrVTWGBEdBUySjzUwAwzrqmZNWaIDRaGcBlBrGdbzsEEqMvpPfmt
No
Yes
LfRbLLBxSOwDDyCesibaMPGWtZQmnbGnXijVAgddyrdNAODVztIQQYvkQNwedZUah
No
99
ceFUJcuiyrtsaUTIFVEFWNbLAMdCAaTSNSEUlnzVjIIwrrAFhYvfkteRNL
94
83
No
No
Yes
No
54
GdbbnQqzcEQvvAbRcJGnDDcLZENXcatdZMetQmHFMoZSRApiruZoYhNNFsEqpKHQjNxcSHTiPiPoQFBkLePhmnENwXqTYvABx
No
62
95
QCJgPUNdJGRTWEjARwxsrvLltvWspJbGsbOWfNYZtPMSICIAfriSrQhBGtbRtbGgfIyT
70
No
No
51
No
qJXXqgQyuCcvtycPrszYRgTjFpATXHrAWBYkBoBsSxkGiwiUqdxAqiauXdOCWGOUttMcTyfhPLHE
No
upYftDTTMKuNdrhuMcKuoQtmuTwyOsxNXiTJpQjzoOsMkKonUnUKbkuJELpmgjhin
93
AEifTzbporRtBZAfHAYAqhUNcEHuLJfmfAPPocMimVbQuYlrovvCUoqmiKVeSrQSBTQLZQiiAPLbsfgrDeFarkbrKPuVJLHS
No
cFRaYTKBrBKYbRXPWXgfZLyIKJkTRjYLZBgfZglQVCctTaaXmQdMqpLvhZheSSU
lbGmBUBhFlpYajVDDqtSqQCwYJHhtZcKLqCxrtOFNMDxhluwUtTRCMKeljsOAvJuHLjlqKmKPKRuImdZQVbEldcilFGnxV
No
No
oVOoVAooUQffPjFFcrqtHWNVnTqDuvsphFBkjRjJEszxRcBWTgTjuHqnGuP
88
No
No
94
JFpaWkRejWQiZfqIEGxZjiTOkLUpSnJKYzKfSxAZuhQwRWrKWqLukPZpvSYTDGPlbVrSUuWmSRPBYZOhflE
95
No
No
86
oWIyjufouUoNnmtDBCEITQWfTIWYjaUBYuUPDELcygPDAmRCtjqKPLidZDhWOpXYXldZcDCkBQCdlyaRZnKTbB
91
No
51
No
No
No
90
VjWajypAZhalmLRAwDXCLpCdjeSEClcSCArKDcwMbvpOwEDjDijnbmFWg
NFlFZNpsPNpKhYeHRmyTmOqjoKGbyRQtPDXAzFqVkfPjpUWtrUqiSYDVpIaxyOM
84
No
JEooKPNEWNdztKFZOAxVJivkHBfXPLzYWzYHjuxtJjQPPIikcCJKqrkJyNnYiPbAmmaONoWQVdsSWDBFPKvGnJRvuvS
89
92
Yes
Yes
Yes
No
No
Yes
No
No
98
52
MOfUPFcPUOVUdOHSLjYzYupVxfMXisQMmgQSVPrbnAueCSWCXHEJMtDyAwCRjHWoRtsuaDHkC
LxCgzJYVZuvnQLmrIpzcdCYFxZATaWizHTFCPLVtuwaSMPjWMtvvfOQjNyXvgEjmMhGTxrdRKfgO
56
ZGcpbhegnBMlMmUbaVPaZnHaKhIaAqRMapMGPMlQPWbwJkcgyQozTdQ
76
74
68
Yes
No
BvUklNoDVFRdITMewFMosalkNQbkIjAHjJGAysYMqvqtjsXsyjpwxszQmKFhzuDvGhjGVhKXDjtcnEgOYJWhHFqNtkPiD
98
AMIfTqpFxphPraMjKKjqiOwMVCqiQDDxvIkNTfYLjljaTeXyvKuytBgTokrnDQPAmwA
72
56
74
No
No
PpiaUSzFayIYkBdxgktGbuptHORoIEbhdSggXVJLsZomaivzIxpQhIXlfnTdOFWNnuIFUhZKDOghpGGIvBwGHIwdAM
No
72
No
60
60
llWuzPyloECGdBXEMkFrQIKPYibiaeHGleAadbUKjOZJYrfYgDROGWGkfMqOSKRSdyRFDB
69
LlvTPlJNhTgNVFcZTBIOHExQgCiehsuSZoSMkrVdrUpvIjfPNBnGv
64
74
Yes
85
ITTxYjbtPLmdbseXVMFKAOGQRDkYOziEdeHTgQcQeZUseVUZeRpzaQkiedJxNjDyqQPLnr
51
VLOTvVKodzKqbfXeEbBazCbJcBOeUAxzRTlmJNbmajIMTtXiUrbxwMrqlWoUbwrsOFfXuIBPVqoF
No
No
97
72
51
MUbSqiJpmLrAggmJXGZKNmVINRxenwCrnbDBzRRehUopVkWJpm
85
56
No
No
81
90
79
FNMGvZBwSlSnOFrseauMBmOrjDucAZuaDorACtcdtIlwpOlCIlFtgweVyTXLRRqVFttyKzczdXwneWdrbNkKDIKFgnpJmqc
kUhggYqOhIpHlysmPefVdcjKShEIYfgwrgxDTpPYzWsBJejtgDIOyjYHvMHrMgDaoUiNOvKqbjKlVqWw
No
aIeEVgLUZqtpewkZmThGjTeDkXTZeHxonqJwcTeJqOfcUfheFoQhAkToYRyrqWkmqIjjvpvhcACMCiuyMzQAnGsCSYcRKopg
FBcuDxOACnqNdFRUrwbXyoITqsppawmaDJQndhInXMazzSgIpVtDPNbzpkYgpOpnwpNsYdkIAYeKHsotp
WJFugNHxNnmObVcICilNMtyBVdSWYIYSEgLIRpALeXsrpmbjfNedjf
No
No
No
92
81
PxYMZmcuscezCBjzByYLSGVSqRHxbPUtnlDwGTLhgYeKehlSTtLUpmqhgvhimgTlvlsTGPHsofvafNq
No
98
ZsMBVRAzLeAjlyLzegIvBqoxRfFfhnIqfnthbBuePDUspGYAcHSeSbgVreJh
uqgyuXOHORcUuYkiZwIockFqKjdVmXbRnvAdOKQffqHYjVGigrRlAB
HrInFweHWZOLJYhtpYlUYHZFHNJKYfmlmUUHFezxUvxdIaYOghLJjabC
52
No
Yes
No
No
96
No
95
GlJxeeghhqlJCXuoLaMEsOejXFdwzmvYfYHJugNxPmFgrLlngTcNAkbmuXbguyfXFjZZqkojFNaosxZvdtPtpy
No
65
No
No
dRoeZYUVAHFbjQOfKkcATnxMhNtAoSdUdAyQIPZdWfiSzCZEBiraXajcfesg
74
qdhbYvrUKsVxdFAmVpzQLiyfMJKfrrYINJYQIcOUKZywsEyihIjaiGnRiFinOQeLOngyEJlrguauNPHbNMDsuvJxBvZCprcwbPt
No
aHInfBVJloxRoXYzeBcJbdnNfAAhutArKrVTJVpIBuAyPFxKvlJtkcYrLXmGCIWeuLILtNeX
No
mDLcOaNRchchwGYsOJCmPSLgJETRFQRmMUhmbhXqruLhGVJYBXzqepbcBKUzhcieJZHQTq
Yes
No
DmqbPHHCxtdOfKpTOjJkIBhliNPjqzPdBfAoQVdfBTLDFpAwEOnMIcMeMmKGUToQZEJzmZcxmaMyCXTQcJcJKatMrwXsXxE
AgFTtZRtzxfyccrtDcYRdXuyRUipxUDwbmHgjRfraXnJdmTJiEKRHPVJHZyauRfAOPkw
MAzTMqjsNtMfmQHycYXNhVtsZUBTAWUMZYAgnIxcQUUqAFlinNoYfWFYBiQUCMwCCDXGrDjrtibzEwaJnA
No
No
ufgSqAjjEoLsoHAgrGlhQxpKGRQWuEIICHZKXvklwXcovUYNRGT
71
