1278
1207
1118
1738
979
222
984
831
111
265
973
842
1147
186
1033
1096
884
983
647
1160
748
955
1411
1222
1436
1099
568
1276
1226
898
1347
374
1037
872
920
739
754
580
634
1605
376
811
1462
137
1484
1371
1416
946
1242
287
1204
1233
1088
1093
396
802
1272
811
840
1009
718
828
771
650
1529
645
554
956
1346
1178
1218
921
903
1060
559
476
1471
169
975
1231
1185
1196
518
1028
429
1004
1327
1747
1802
387
586
1673
554
772
673
1844
1578
719
1101
470
1372
1052
1048
1436
1688
396
1663
818
1211
876
995
546
1445
1213
1241
1284
663
790
721
929
1575
511
899
983
1124
1607
1817
898
1156
539
598
1069
732
243
812
920
844
1195
1126
1226
1098
471
1585
1273
1320
740
1072
1860
774
919
1783
294
730
904
714
610
514
567
959
1217
344
258
1136
754
1459
662
1254
674
628
949
729
1141
1653
349
1120
510
273
1109
1014
1273
1226
698
1257
1573
1361
532
1770
1335
1808
773
1011
590
996
915
1146
1365
1478
681
941
940
337
605
632
1236
1012
1550
794
898
821
659
926
1691
750
1349
411
951
704
1255
796
399
1651
1666
808
724
1574
1613
1254
832
832
839
1029
440
1069
1661
1371
1766
1045
575
1323
1123
602
458
956
1231
764
1164
930
607
670
1354
1431
1137
1661
191
1173
986
1241
1180
695
1043
452
670
749
680
335
1861
1333
762
178
444
1277
1153
1288
1349
533
1162
1846
1024
533
945
1410
1836
1418
470
1452
395
589
1203
659
1205
1069
761
345
1404
1478
1087
218
189
1024
1579
330
169
571
804
1103
378
1430
693
1370
740
572
1068
1591
824
658
1302
769
1052
779
1197
1661
858
245
1704
1544
1633
937
579
253
722
305
1108
717
1273
634
1385
957
584
443
1642
1348
748
1397
555
829
1019
1126
1138
897
1132
1124
460
941
645
1829
975
1224
1384
1154
851
772
254
1577
43
1189
1236
300
597
1098
797
981
1313
1345
1208
1683
1647
1321
1197
670
648
1156
885
659
969
420
1628
1513
975
1310
1197
236
1299
740
428
787
1396
276
1073
842
909
933
1702
168
946
861
904
362
1323
1009
1261
952
861
949
538
570
992
1110
1531
973
1398
462
1197
862
885
1626
1126
682
915
1350
1508
445
1138
421
1185
865
632
1792
1490
361
943
1390
1363
1264
911
980
287
329
440
958
815
416
1509
1539
327
1115
286
653
1141
633
1258
1275
708
626
1632
913
1280
1356
620
495
886
523
701
1279
1126
1184
1309
992
1285
402
1036
412
187
221
972
1704
296
727
337
890
464
564
206
30
1241
1456
1190
1083
759
335
1570
