5531713278
5427276207
2578916118
5958904738
8307301979
3569703222
3631718984
6398764831
1414777111
3883754265
3959062973
1156234842
4727021147
4234023186
6154838033
3495371096
1754878884
1841258983
7511204647
4013217160
6403231748
3676165955
3638984411
6953586222
3021397436
3071362099
2412006568
7757776276
5134787226
8006104898
4742113347
5902912374
3317577037
2424591872
6077764920
6406412739
4279024754
2299564580
3435906634
1826465605
4750843376
5098743811
6233380462
4457789137
4711810484
7498910371
6695127416
2471334946
3688571242
4201804287
5194842204
3244402233
4060563088
2533679093
2986374396
6773975802
3197110272
4159117811
3786277840
5347891009
2000409718
4097164828
2950435771
5722941650
7592975529
5063451645
3297667554
3339462956
1429494346
3364668178
5390181218
4658461921
5109409903
2939962060
8329501559
5877640476
1334023471
1738958169
5431791975
4583135231
5510985185
3364315196
3603856518
1451205028
6083690429
1677997004
3497163327
2549843747
3258824802
4913954387
6644239586
5360904673
6154030554
6806067772
4048824673
5559498844
4274098578
7922567719
5377805101
5822011470
1161659372
4456704052
3023225048
4853317436
3886999688
4780507396
5038794663
5212300818
6896937211
3985170876
2580109995
1967831546
3554607445
1507975213
3081099241
3236821284
4887305663
3373006790
2761369721
3175769929
6244348575
5997548511
3098117899
5683025983
4485176124
3083974607
3864971817
2578145898
4337490156
5489928539
3753705598
4748323069
3260651732
4738901243
398167812
2854010920
3986434844
6881828195
7783004126
3055797226
5277836098
8299704471
6113689585
3006800273
3435617320
5400260740
3339799072
4864951860
5009597774
3481858919
1784893783
6055130294
4298194730
4967541904
3975334714
6132104610
1489444514
6476049567
1963362959
1413295217
4773552344
2986886258
2811124136
5208118754
1798073459
2414802662
3526218254
4971214674
6840942628
5088257949
4798221729
4297038141
6138328653
5831829349
740094120
3254931510
4167312273
5483479109
3843334014
6919453273
3645857226
6243543698
4325550257
3931337573
6073022361
1750557532
2673213770
5821378335
3508622808
6462931773
3331100011
3767653590
5409825996
2951999915
6369837146
1509302365
4839064478
1081490681
6961755941
3253614940
5257997337
5682476605
2704912632
3597242236
3294204012
4545692550
2085818794
2725179898
3718546821
7313051659
4331859926
2622575691
2677483750
5764697349
3482550411
5522163951
2853287704
3724934255
4359674796
5292109399
6911094651
3259659666
7765131808
209811724
3672928574
4513168613
4134814254
3681206832
6286634832
7092127839
3510228029
5689058440
4456387069
2287115661
7511320371
6894616766
4066503045
5980113575
5705621323
3896902123
1078681602
2441148458
5371852956
4627131231
6822891764
3915948164
5994017930
6270410607
3720716670
3781846354
1404272431
1362434137
6119062661
3726164191
2577757173
1492752986
4433184241
4891687180
3054626695
4194327043
1306070452
2644981670
2698176749
3747081680
5676337335
7057643861
3196078333
3796913762
5184092178
4484871444
3546976277
2916862153
3828428288
7175125349
5407120533
5440796162
2994750846
4160200024
4231593533
4155388945
3516154410
2840705836
3168788418
709284470
5057818452
7745559395
4071808589
8548575203
6752370659
5760774205
1205994069
5822819761
3815522345
3579508404
7875304478
1753993087
4387776218
6167702189
2244710024
5398291579
5453785330
3119307169
3804588571
1455138804
1439959103
4742518378
2883698430
4290462693
7509579370
1215875740
917316572
1952090068
2458814591
3850307824
3529266658
3972305302
6105091769
3024939052
3602210779
1140248197
1882723661
5034351858
2362637245
4306351704
3228044544
4656292633
932668937
3274883579
2768898253
4157073722
4214476305
6627176108
5065861717
4394403273
4280218634
2225031385
1607055957
1385557584
5198385443
7209010642
1407442348
5134057748
3488849397
1550802555
662198829
1449567019
4541686126
3204817138
5642118897
2753267132
2367865124
4204419460
1974454941
3328277645
3297585829
4511097975
6205022224
4970512384
6898782154
2057059851
4182772772
1242667254
4350203577
7834059043
4682620189
4170915236
6487143300
3392653597
4369085098
5350568797
5607167981
2156043313
4757444345
934988208
6670488683
5466455647
773040321
5755471197
4702604670
6740838648
4215257156
6506932885
3994960659
4254341969
3298993420
2545726628
862992513
7434796975
4137149310
3152577197
6147735236
4789268299
4892039740
548936428
5616478787
4643483396
3535175276
4249381073
4845064842
4581527909
5443645933
3393770702
3318593168
3801292946
4271209861
4674065904
5032086362
6192446323
3491319009
7929865261
5886313952
5705717861
3356717949
4183232538
5209302570
4101369992
2651363110
4170809531
2364239973
2394217398
2589029462
5666948197
5277588862
4603169885
6567819626
5345825126
3736568682
5197600915
8015551350
4620828508
3995484445
3768393138
4696829421
4987293185
3129212865
3520819632
6003693792
2976893490
4206206361
2209352943
1770292390
5335881363
5974506264
3788280911
1838377980
3650744287
3617832329
1250171440
3513975958
4247440815
3978501416
3003612509
3817939539
727927327
3208815115
7431280286
1615823653
1125962141
6458101633
7701193258
7906619275
6859801708
700908626
8226860632
6418811913
3510168280
5673296356
1065717620
6076703495
3683573886
5206792523
817270701
3197071279
4332194126
3124072184
4886458309
3874501992
7150480285
1328583402
7230884036
6289552412
3224753187
2347655221
5675225972
5945876704
4425721296
3671847727
6972364337
2631212890
5442443464
4606546564
3154104206
6549205030
4107903241
3868846456
6158658190
6267157083
3610319759
4915066335
2772572570
