zbzk
fzyzu
dbz
dzjzy
gzszg
gzxzh
gznzp
fzgzl
izszk
ezizb
izgzj
hzxzv
czlzs
bzazb
jzlzx
nza
bzezk
izyzt
bzuzo
bzfzy
izkz
zhzh
zuzx
fzjzw
czkzp
fzszu
czfzp
bzizl
fzbzx
ezrzk
czxz
gzpzj
iznze
bbzn
zczx
uzc
izaze
gzwzk
zqzy
fzxzb
hzh
bzkzo
fbzm
gzmzb
jzezx
fzxzw
hzgza
izhz
qzj
fzezp
fbzd
czxzw
jzhzo
ztzv
czwzv
gzizx
dzmzy
izmzh
dzkzj
bztzt
fzrzy
hzpzo
zdzi
bzizb
bzazl
fzezw
ibzb
izxzx
xzt
bzrzw
izszu
gzcza
dzxzy
izazm
bzjzw
gzlzy
dzrzo
czazq
bzyzy
bzhzv
fztzo
czlzb
fzfzf
dzmzy
jzazd
bzizv
czizh
jzdzl
wzx
hzwzx
zfza
czjzv
izwzd
fzsza
fzkzr
jbzs
bzozs
hzazw
zuzy
ezszj
czwzg
dzrzd
czuzr
gzmza
zqzt
ezazv
fzpzb
zjzj
iznzu
hzozt
xzv
czwzy
vzq
jzhzp
ezozv
bzn
dzlzi
mzt
bzazd
gzizo
dzdzi
zezp
gzjzj
jzlzn
jzazu
bzbzi
czkzb
mzc
zlzh
bzmzv
dzizl
jzfzm
izozd
ezczt
dzoze
gzv
gzozg
dzkze
zlzc
bzrzs
dzczq
zyzr
fzlzu
hzdzc
dzvzk
kzo
zkzp
ezmzp
fzuzc
eznzq
ezpzw
bzrzi
gzuzp
zpzv
fzhza
ezfzj
hzizj
gzjzs
zhze
ezmzr
fbzd
hzkzp
jzazt
hzfzk
fzvzu
bzizm
dzazj
gznzb
czvzy
hzuze
czazp
bzizb
bzh
bzszp
vzq
gzwza
dzrzd
hzkzq
bzozc
dzbzd
izfzg
bztzv
zjz
dzlzi
hztzy
hztzb
dzozt
bzazx
ezjzf
zrzf
zizt
fzmzv
dzpzc
bzqza
dzmzj
czlzu
fzuzg
fzgzn
izkzg
czmzi
bzpzt
ezuzj
zkzb
dzgzf
bzyzn
fzozk
pzl
czizd
mzp
bzo
jzhzl
izwzy
izwzn
kzd
ezhzh
ezxzh
czezh
czvzf
ezrzp
ezpzy
cztzk
hzdzl
czhzp
izozu
hzrzl
fzazb
hztzy
ezpzw
bzmzy
izlz
ezkzs
bzmzt
ezvzw
hzwzs
fzyzg
dzozb
hzkzt
wzf
czkzd
zwzi
bzbzo
zfzi
izgzy
fzyze
fzbzg
gzazn
czyzb
bzozl
fzrzy
ezezb
ziz
hzmzw
bzyzn
izazh
fzazw
bzkzt
zczh
fzezi
zczs
bzxz
hzgzy
dztzt
gzdzq
fzczm
dznzr
dbzx
ezpzc
izazw
gznzk
zwzp
hzbzj
czwzd
bzbzd
zrzg
jzezm
iztzl
gzlzb
uzr
ezszm
izyzs
bbzy
izwzm
gznzb
czfzs
zszk
hzoz
ezhz
izszg
bzczv
bzyzv
jzazu
bzpzb
bzozy
gzpzr
yzs
dzezd
hzwzo
ezcz
jbza
hzyzd
gzdzx
zizb
fzfzw
ezpzv
dzdza
iztz
tzs
fzuzw
fzizr
bzmzu
dzizf
hzjzq
czszj
dzuzm
zpzs
uzc
ezjzs
bzwzb
dzyza
fziz
ezszq
xzq
izkzk
wzd
bzpzw
dzqzs
rzg
hzkzq
bzkzr
gzezv
hzlzd
dzwza
izczi
izszr
ezpzp
izpzy
dzqzv
hzozl
hzdza
hzrzx
gzdzw
izhzj
hzlzf
dznzu
czyze
szp
zxzc
gzbzh
hzxza
dzhzs
hzgzt
bzezl
jzezk
fznzt
czxzv
zkzy
ebzi
ezmzk
czuzn
dzrze
izmzl
bzfzy
lzi
czmzc
jznzf
dbza
czlzi
bzezy
bzhzr
zlzv
zwzo
zdzy
bzyzn
dzpzb
bzizt
ezyzd
izlzi
bzvzy
fzuzv
fznza
bzpzs
dzmzs
czgzh
fzpz
jzaze
zqzv
gzqze
fzjzx
hzoze
fzbze
mz
fzdzt
fzmzc
jzmzc
fznzt
dzqzs
gzuzf
bzdzv
fzoz
zjzm
izfzc
fzszh
czpzs
ezlzs
izhzv
fzhzy
dzwzr
jzfzr
dzpzb
czozg
czhzv
dzdzm
izrzw
fzvzq
gzize
hzezn
gzpzs
izdz
gzrzl
bzdzd
ibzl
fzazh
jzfzn
izqzq
bzaz
izwzl
gzbze
hztzc
izlzu
zezl
gzvzb
ezozn
fzqzp
izqzo
izszv
gzjz
fzyze
cznzp
gzuzj
hzwzw
ezuzg
dzmzt
zczd
ezrz
zfzt
bzfzv
czuzh
bzpze
ezfzh
fzazg
gbzr
jzfze
bzwzk
bze
fzgzv
ezhzu
ezwzh
gzfzt
uzn
fzrzf
bzbzi
czozm
hzyzw
gztzw
ezhzj
hzbzg
fzxzq
ezezc
ezizj
dzrzx
bbzc
gzwzy
ibzi
jzczx
zuzg
gznzy
zdzu
lzj
dzvzl
ezwza
czlzr
dztzg
ozi
hzvzt
izkzj
izuzy
dzkzg
nzt
bzazq
bzqzk
hzazn
fzkzn
kzl
bzdzw
czqzi
dzvzt
izmzo
nzh
eznzr
bzeze
izyzm
rzs
ztzj
uzg
fzfzv
gzkzy
jzfzp
dzeze
zdzn
bzyzy
izmzm
fzbzj
fzlzk
bzqz
xzp
gzbzf
ezvzj
izczn
zmzi
dzjzp
fzjzm
dzdzw
gzszg
bzczq
izjzc
ezjzw
dzhzu
czmzi
gzjze
hzwzc
fzyzu
zmzt
ibzi
ebzl
dzkzw
bzazj
gzmzw
cznzh
jzhzc
czez
gzdz
ezmzh
hzvzj
czuzb
jzgzx
ezwzu
ezezp
fzuzq
gzjzk
hzjzs
dzuzk
izfzx
czgzs
dzgzt
dzwzd
bzfza
gzuzc
fzczm
dzdzu
bzvzh
dzmzg
izqzk
izxzw
ezazp
fbzy
gzbzk
izxzj
ezdzs
ezszs
jzczb
ezkzo
fbzf
gzhze
cbzf
ezyzt
gzmzm
hzszl
tzn
hzbzr
bzjzn
hzvzl
hzmzu
hzvzf
dzszv
czfzk
izjz
izozx
fztzk
zazn
hzdza
fzlza
fzczv
eznzy
bzjzy
ezyzu
gzcza
gzoza
dzozk
gzuzj
izezn
zizq
gzqzm
izxzm
izvzk
hzvzl
gzqzv
izyzu
izxzh
hzbze
izlz
dzdzm
czwzp
jzjzn
hzezc
bzkzv
zhzh
czjzp
iznzs
gbzf
zqz
ezoza
eztzo
dzizu
gbza
czhzo
izgzj
jbzt
bzezu
cznzn
bzhz
czmzp
dzyzq
izoz
gzbze
gzqza
dzizs
bzmza
hzczs
gzgzy
fzvzs
dzdzq
fzwzq
izyzm
dzazm
fzszg
ezyz
czjzr
bzbzy
jzbzt
fzfzt
hzjzq
uzb
ezyzu
gzmzb
ezyzp
zpzl
ebzf
ezazf
zpzr
dzuzt
pze
dzvzu
gzazd
czjzc
gzdzo
fzfzw
qzi
wzh
fzpz
dzczr
zvzu
izuzn
izhzt
hzdzv
lzf
ezez
zlze
gznzo
gzazc
izlzq
izmzg
zszf
ezvzq
izuzh
izmzu
hzuz
dzpzk
ezizu
ezkze
bzgzt
kzm
zlzn
hzgzk
ezpzv
izyzn
zuzj
cbzc
lz
hznzi
fzyzj
dzlzm
izpzs
fzozb
ezxzf
qzo
zhzm
gbzn
hzhza
hzvzd
gzvzi
bzvzj
zazh
zjzt
fzdzb
eznzd
ezyzs
bzszm
dzfzo
ezlzx
hzbzo
lzx
izyzo
izrzy
izazl
gzjzn
izmzo
ezhzd
zvzw
gzazx
izrzo
dzlzo
jzezm
bzazf
czpza
lza
ezmzl
czyzy
zdzq
hzezf
izvzk
gznz
ezoze
izuza
bzdzy
hzvze
fzuzl
nzu
zhzr
izgzo
jzazk
izxz
gzazg
sz
ozo
ozy
dzqzh
izize
fzmzk
czwzi
ezazj
zwza
bzmzg
izczv
rzx
czlzn
bzxzb
izfza
jzczs
ozu
zgzo
gzuzw
bzozl
izxzd
czvzc
bzhzj
bzazh
ezozx
dzczt
zfzd
gzaz
bzmzx
bzfzk
dzazs
hzhzs
czpzi
gzhzy
dznzn
fzszs
czyzg
czuze
bzkzw
ezhzc
nz
dzmzq
jzczu
czszk
czlzk
hztzl
bzbzc
qzl
bzgzj
znzd
czozv
dzczm
fzfzg
dzrzt
pzk
czbzo
hzlzm
yzv
fzozf
ozm
czmzy
dzgzv
iztzx
fzozm
dzpzo
czyzx
bzpzc
gzfzj
bzszx
bznzo
bzwze
hzgzr
czozm
izhzj
dznzb
zszx
zhzs
izczm
ezvzh
nza
zhzp
ezczd
yzd
zuzb
zozr
hznzg
izozy
fzlzv
hzoz
bzbzi
bzaza
gzszj
czxzi
dbzh
zbzn
izdzv
ezkzb
zpzw
gzdzu
ezxzv
fzmzi
ezazq
gztzs
jzn
bzgzr
zfzn
dzyzb
dzozk
ezaza
ezaza
ezkzr
bzsza
czyzl
ezqzq
bzhzq
bzdzg
dzyzn
jzmzh
bzdzm
fzfzo
izozg
ezfz
hzozf
fzdzd
gzhzx
dzwze
ezczw
ezlzd
bzwzg
jzlzl
ztzf
fzgzm
ozc
fzxzg
izezc
hzvzj
czdzm
fzwze
dzbzf
izvzj
izkzm
izizc
vzx
gzlzo
dzyzs
bzqzq
czbzi
dzazi
zdzy
fzjzi
zuze
czqze
izdza
tzk
fzwzj
ezazv
ezqzx
jzez
ezgzr
fzkzx
xzv
jzwzg
ezszx
bzczk
czkzi
dznzm
zfzf
dzvzu
dzezl
jzfzl
hzmzc
hzhzy
gzlzq
ezlzv
jbzu
gzyzp
czbzk
zdzo
zizg
fzszn
izozl
uzx
dzazf
jzs
hzizw
czkzh
cznzh
znzu
hzyze
fzrzl
iztzv
gzrzo
hzqzv
izvzq
ezize
czbzi
ebzf
gzazu
izwzb
gzvzb
izuzn
czjzf
hzrzn
ezgzu
bzezj
nzr
znzb
hzhza
hzwzj
zvzg
ezqzi
jzizv
hzvzh
dzpzc
fzlze
zizg
ezizm
bzazg
ezjzw
jzhz
czezj
izszu
dzuzc
czrzd
dzozn
fzezo
gzuza
gzjze
hztzo
czyzy
ezwzg
qzi
gbzr
xzt
czlzf
zlzc
hzazx
ezfzu
zxzn
ezpzv
zgzh
izyzx
hzuza
gzozm
fzdzo
czsz
ezwzv
fzvzi
izqzp
xzb
ezjzy
zpzo
ezrze
hzhzc
eznzy
izpzv
gzvz
ezizf
zqzj
hzezi
gzozf
bzlzh
sze
bzmzr
zdzx
jzazo
hzjzq
czjzh
ezfza
fzwzg
hzmzp
ezvza
zizg
czfzx
dzlzw
ezxzl
zszw
dzhz
hzxzc
dzqzk
izmz
dzszf
jzdza
ztze
jzjzw
cbzt
czgzp
gzpzo
zhzg
dzmzh
czozq
zbzm
fzrzd
zhzd
bzczc
hzjza
fzpzn
dbzc
bzfzn
ezeze
fzezl
czlzh
zbzh
eznzx
izkzl
ezxzo
fzvzx
bzizx
czszm
ezjz
czizh
ezezs
fzlzw
fzbzy
zhzd
ezkzq
jzhzq
zdzn
hzmzm
nzh
izozp
bzqzo
zczt
hzxze
bzhzl
czazd
czfzx
dzczk
ibzc
hzmzl
fzqzq
dzszk
izgzs
dztzf
zpzb
vzo
hzazn
fzpzv
zhzl
gzbzi
bzhzt
fzhzr
fzmzl
izjzo
izszc
bzozh
ezbzs
fztzf
bzqz
fztz
gzczh
zgzi
dzazk
fzjzc
jzazm
jzgze
izuzh
hzjzs
gzpzq
zdzf
czlzw
bzvzr
bzvzb
czwzm
jznzf
jzczm
ezhzc
gzrzu
fzxzg
czyzy
dzpzs
hzszq
fzeza
jzdzm
zxzd
izpzd
hzyzh
czrzp
izuzc
kzg
jzlzk
cztzy
gzdzp
hzezh
zuzb
jztzq
bzazw
hztzc
rzl
bzgzd
hzhzn
hzezx
dzjzn
dzwzq
zjzb
fzfzi
fzozx
iztzl
zwze
hzuz
fzyza
ezwzr
dzpzv
ezwzb
dztzu
czmzp
pzs
ezjzq
bzvzs
ezdzp
hzlzj
czqzh
fzizi
izbze
izazj
mzv
izrzl
bzmz
bbze
zlzl
izez
ozy
ezvzl
fzozl
fzczu
eznzs
czbz
izazr
hzlzd
bzlzg
zmzw
jzizk
czbzp
dzyzm
hzszj
fztzx
fzwzg
fzazc
hzuza
gzvzn
fzozl
izezb
hzozk
ezwzx
izkzt
jzbzu
zczw
izkz
izpzf
czbzy
gzwzp
czqzc
jzw
ztzq
dzhzf
czgzv
izdzv
fzqzu
dzxzs
izszm
eznzy
gzkzf
jzczu
czxzj
fzwzn
czrzu
dzdzb
izwzl
hzhzq
zhzd
dzdzu
hznzu
gbzq
czbza
kzy
jzazj
znzn
gzezs
gzlze
ezdzw
ezjzi
izszg
szy
izgzd
dzazf
ezazx
czyzq
fzezt
ezmzj
fzoz
zozr
rzg
zvzg
hztzm
fznzt
bzvze
hzkzw
dzkzv
bztzb
dzpzm
bzxzg
izize
fzhzh
zwzs
fzyzr
bzbzh
hzhzr
gzuzt
fznzh
izuzu
czrzt
zyzr
zuzl
zfzp
izxzb
gzizp
dzqzm
bzfzk
ezmzu
ezvza
lzm
hzmzs
bzgzk
ezvzb
dzmzy
jzczi
hzgzc
zdzg
znzv
izmzj
kza
bzozt
gzezr
bzizw
gzjzx
zfzj
gzgzt
hzozt
znzd
czuzx
fzpzh
gzlzj
hzkzf
hzsz
zqzb
czfzn
sza
ezszu
ezuzp
izvzj
bzmzj
gzjzb
fzqzp
fzbzd
fzyzi
dznzo
gzpzf
jzgzu
izszw
dbzl
zpzv
zszn
czkzd
iztze
ezfzp
izezm
dzbza
wzd
czfzg
fzuzs
ztzd
lzf
czizt
fzqzi
dzizl
bzczc
fzkzy
czxzk
ezizu
zwze
fzvzy
fzwzf
iznzs
iznzw
fzczj
dznz
zdzs
bzmzk
dznzd
czbzc
eznzh
dztza
bzqz
bzl
izhzt
bzdzl
hzizh
ezvzo
hzjzo
hzjzk
jzdzd
bzvzw
bbzc
bzy
hbzr
gzize
ebzq
bzqzk
zxzb
hzqzw
nze
bzjzr
dzmzy
gzqzc
hzwz
dznzp
fzdzs
dzyzp
bzqzu
cznzd
dzkzl
jzgzi
dzazd
dzsza
zvzs
jzkzf
dzizc
bzrzy
ezszd
fzszq
bzdzm
jzazg
bzdzb
gzxzf
jzc
cbzc
jzczn
izvzv
fzgz
hzgzj
bzdzt
ezqzn
dzwzx
zqzj
ibzu
jzczp
ezbzi
zvzj
izhzn
ezmzi
izazw
xzp
lzu
dzuzl
zwzp
bztzf
bzhzc
dzyzr
hzuzm
fzpzy
izkzr
zhzn
ezyzx
izlzb
fzyzj
izazj
jzazo
iznzx
zizs
fzmzl
izdzp
jzfzt
czczj
dzlzn
gzczm
hzjzr
zqzs
hbzi
zazm
bzwzt
gzyzp
czvzd
ztzs
ezbzb
czpzh
czfzv
dzjzt
bzyzj
hzizf
gzsza
zwzr
izjzn
zazb
gzszf
izezo
zezd
zkzy
bznze
bzuzc
bzbzx
ezfzj
izlzq
czpzs
czozd
gzezb
cbzv
zxzk
zszb
cznzh
dztzs
fzezn
eznzo
tzu
fzkzv
gzlzj
bzjzd
fzrzm
czgzo
fzczr
ezqzm
izpzn
hzuza
xzm
ezdzn
zcz
czjz
yza
bzrzc
gzrzg
ozq
fzqzj
zgza
ezozx
hzkza
hzfzn
hzxzn
gztzj
cznzr
bzazn
ezkzb
bzlzt
fzbzj
dzqzk
izqzn
czlzc
hzgzh
ezeza
zizq
zmzj
fzhzq
hzszy
fzlzy
hzrzp
czhzk
fzjzw
izczj
cztzd
znzo
zjzg
czmzv
iznze
ezmzl
zazw
bzazv
fzhza
izcza
bzjzq
fzuzh
czqzk
bzvzu
nzm
hzjzs
jzczv
hzkzr
izczs
gzszn
hzaza
czmzp
znzj
czkzg
gzdzb
izl
zazm
bzezy
fzez
czpzc
vzr
ezazp
bzcza
jzgzh
hzpzd
gzbza
izezw
izozf
czwzx
hznzc
hzlzv
ezkzw
izfzw
fzizm
zuzo
czszm
hznzw
fztzx
qze
gzfzm
czxzd
szv
jzezl
czgze
hznzu
czazr
fzhzy
izszr
xzv
czvz
ibzy
eznzx
czqzr
jzczg
fzeza
czfzk
hbzc
izrzj
bzdzm
gzyzu
czlzi
fbzx
zizy
izqzj
czszf
fznzn
czyzc
hzfzs
fzgzj
bzczo
dznzx
szc
gzyzs
fzjzk
fzdzx
zezk
izkzd
czezw
cztzv
gzdzk
ebzn
bzuzf
izvzg
bzczx
gzqzd
gzyzv
fzqzy
zxzc
hzgzn
gzqzg
ezszg
zjzx
zuzp
fzjzb
jzv
bzkzp
izezo
gzezj
fzhzv
ezhzr
jzazb
jzlz
bzvzv
bzizr
fzgzv
ezvzt
czazy
zyzy
gzazy
bzo
zyza
izuzy
izlzp
czhzt
ezxzk
hzkzk
uze
bzozq
hzsza
zwzl
zez
bztzx
hzazf
izwzi
bzbzu
czlzb
gznzl
ezpzi
hztzp
fzozq
gzrzs
gzuzq
kza
bzwzu
nzk
zyzo
hznzj
dzvzu
gzfzc
cbzr
ozv
gzdzs
kzk
fztzr
bzfz
czazn
fzyzl
vzo
bzuzp
fzbzp
hztzk
dznzj
gzkzd
fzezx
bzqzr
hzvzr
bzwz
fzlza
gzkzl
dzczk
gzwzr
izezs
bzhzg
dzmz
dzxzb
ezbzs
dznzx
czazq
bzvzd
izyzd
zvzw
hzpzh
ebze
hzfzt
czhzg
gzqzo
czkzc
fzszu
cznz
hzezn
jzfzu
zwzg
ezrzs
zuzb
hzczp
czezb
czezp
gzmzh
gzjzs
ezezy
bzozs
fzlzf
fbzg
izkzw
zmzo
cztzf
bzlzc
zjzf
izqzl
hzqzk
hzgzl
izfzr
fzbzt
czfzt
ezezx
fzmzd
ezyzx
zfzs
dzszq
gzazb
czwze
czezu
ezdzd
fzszg
dzyzw
bzczv
bzozh
fzkzp
ezjzq
ezrzk
ezeza
hbzl
bztzc
jzazw
dzize
ibzl
gzuzp
ezozp
gzuzh
qzl
dzmzk
izbzg
dzuzw
fzlzu
czezn
cztzo
zezk
zhzy
dzozn
czgzt
zqza
dzkzh
ezcz
fzezv
jzlzi
fbzc
fzfzb
czdzi
gzxzu
bzkzq
bzvzh
hzszl
cbzk
ezwzf
fzkzt
hzsz
hzrzr
ezmzl
dzvzc
bzyze
gzdzl
zrzl
fzdzo
dzuzl
izfzp
izjzj
czrzd
hzwzl
izdzg
znzq
ezlzh
fbzq
gzcze
nzv
czdzs
gztzw
ztzl
jzdzd
ezvzv
hzizg
dzqzu
bzczd
jzjzd
hzxzr
dzgzk
ezhzb
fzozs
hzfzv
gzqzx
zizs
ezpzw
dzhzf
dbzb
czizy
fzxzp
zdzf
fzazl
bzrze
czdzw
gzgzu
bzozn
zpzl
jzfz
fzbzv
zezi
bzczd
zjzb
bzizu
gzizj
hzwzk
czizu
izpzp
izqzw
bzdzs
gzvzl
fzczq
znzu
bzyzw
ezczy
dzqzl
czczb
izuzt
ezxzj
bzbzg
gzszl
gzwzt
czpzu
uzq
bzxzj
bbze
izfzh
izkze
gzrzn
ezhzk
tzg
uzr
zqzm
ezvzh
czqzb
xza
fzpzh
ezjzl
zfzu
gzmzm
zrzq
zazq
czazm
jzfzr
gzhzo
hzkza
fzyzm
jzkzx
ztzm
ezlzg
gzozk
wzy
gzrzj
fzezm
zyze
hzpzi
jzfzh
gzbzc
czgzv
gzkzi
bzizs
qzx
izvzn
hzgzl
hzlzy
bzlzt
jzkza
ezhzd
bzgzl
ztzi
czczi
hznzy
czszf
ezfze
hzhzd
fzbzq
zyzd
gzxzu
dzpzk
zbzw
zwzv
iznzd
czxzq
jzfzv
hzkz
hzvzh
ezwzd
czozm
izjzf
dztzn
iztzt
jzezb
bbzd
fzhzk
ezizx
gzfzm
zgzp
mz
mzf
dznzj
izlzm
gzgzl
wzp
hzqzn
izrzg
ezxzm
gzszi
bzwza
rzx
zjzi
zszj
ezwzm
jbzu
hbzw
czszw
zyzy
hzsz
szo
dzrzt
bzazb
dznze
dzxzj
zpzy
zozb
hzqzd
nzl
czxzd
eznzv
fzfzn
szh
hzpzj
fzfze
bzmza
zbzw
dzjzv
zuzd
czizt
fzfzj
izfzu
izuzu
dzozo
dzxzl
izyzt
ezxze
gznzt
zezj
zozk
fzwzf
fzyzy
gzkzu
izczi
gzgzj
hzkze
izwz
ezczd
zxza
gzxzr
czczs
hzvzt
gztzj
fzdzi
bzbzo
bzkzc
hzwzl
bzjzc
czdzm
izyzt
zgzh
bzczk
hzgzn
izlzc
hzlzv
gzlzs
hbzb
hzizj
ezezs
izhze
hzhzi
gzdzk
fzlzu
gzkzv
hznzr
izwzo
izkzs
czgzg
ezdzq
jzfza
fzczf
fzazm
nzc
jzbzd
gbzu
zjzh
qzt
czlzl
bznzf
izyzu
czjzw
bbzw
szr
ezjza
fzazk
izpzx
ezgzv
bzbz
jzczj
cbzc
izjzx
fzbzb
bbzm
czhzl
fzhzx
gzqzs
fzwzp
ezozp
zwzq
fzqzm
fzuzx
zozx
gzdz
kzn
hzszd
gzczn
fzizn
bztzy
fzjzp
izjzu
gzuzt
fzszq
bznzg
bzez
gzbzr
hznz
bzrzy
dznzb
czdzq
gzfzv
gzczc
cbzt
xzy
ezmzo
czxzr
znza
dzvzn
czyzk
nzw
fzuzp
zazt
izrzu
bzfzo
hzxzi
gzjzo
bzczx
dzkzb
izdzm
bzdzg
czszg
dzvzi
gznzd
dzczt
ezgzn
wzm
ezcza
jbzo
czrza
jzlzg
zkzt
izgzb
czjzt
ezwzg
bzazd
czdzp
dzqzt
bzgzg
bzezq
czjzd
szr
fzizf
izpzl
dzdze
ezuzg
gzfzc
ozx
bzkza
czazb
dzhza
bzozo
tzg
fzizg
ezwza
bzuze
hzpzn
czpzs
jzkzl
bzhzn
cztzx
bzrzg
czczg
izxzb
hzrzb
dzdzp
czgzv
izqzo
izfzw
dzlzr
bzezf
hzkzv
zczq
izqzj
hzxzx
ztzm
fzczc
izmzr
ezuzm
bzwzh
fzvzw
cznzm
hzwzj
zdzn
hzfzh
hzczj
czqzm
czczq
izbzx
hzqzn
jzj
fzvzb
zazl
jbzf
hzkzc
czszc
ezezt
hzezp
hzbzg
czxzo
tzx
izbzn
izkzm
hzbzt
czqzr
gzpze
bzezk
hzpzg
dzrzj
yzr
jzezw
hzize
fzuzi
hznzm
zazv
ezbzt
kzf
bzezr
bznzn
izbzd
zlzd
izxzr
jbz
fzezx
hzlzp
fznzc
gzezw
izlzt
izxzs
dzmzb
czbza
fzlzd
izazh
czjzx
gztzw
xzy
gzqzt
fzxz
eztzi
ebzu
bzpzi
czazi
ezizn
bzfzj
hzezw
czszq
hzqzs
fzgzv
tzq
izyzk
czuzh
zrzr
dzmzw
fzezi
dzdzr
gzczu
ozb
hzvzu
mzu
zjza
hbzb
dzyzy
czgzn
zszb
bzlzt
zczx
czezh
fztzp
ezpzt
bzmze
ezvzl
zqzp
dzqza
hzczo
zizn
gzczd
fzqzx
czrzq
hzpzx
ezhzm
mzl
czyze
hznzk
iznzv
czwzu
izqzo
fzrzm
cznzl
czxzk
czqzq
bzr
ezcze
fzbzn
hzrzp
fztzu
hzaz
mzh
ztzd
gzfz
jzhzc
kzc
dzyzg
bzuzh
dzwzm
hzwzr
fbzk
gzuzy
bzk
zbzq
ezozi
zdzw
hzezn
hzfze
hznzr
czvzl
gzyzh
zqzc
izgzd
jbzh
hzozi
ezxzi
ezezs
fbzc
bznze
hzizn
dzrzf
izrzy
hzazs
izlzu
fzfzs
hzhzl
znzi
gzy
nzd
dzrzg
izizl
bzazv
bzpzy
dzozk
bzh
izizo
fzrzs
fzozx
czuzk
czfzo
hzizu
bzlzs
eznzo
ozr
jzgzm
jzbzw
ezmzr
hzyzw
czxzq
dzhzg
izrzl
iznzh
hzpzb
ezjzq
ozv
izlzd
gzczt
gzazi
fzwzu
cztzq
fzezr
bzpzk
hzgzv
gzczf
jzazd
fzozn
izyzy
jzdzl
gzdzy
ezdzu
izgzb
izrzi
gztzb
fzvzy
fzpzr
jzmzr
fzgzp
bzczp
izezf
jzfzo
izvzq
zczn
fzrzd
zuzy
dzjzb
dzqzl
bzuzm
hzsze
iztzr
vzc
hzfza
bzmzc
ezuzn
gzrzb
tzh
bzyzx
nzb
izvz
jzazy
bzrzj
hzyzw
ezbzi
dzxzx
fzizj
gzqzp
nzx
czczk
zhzl
ezbzl
zbzo
izczt
izlzi
eznzv
bzczy
jzd
znza
ezhzi
fzxzg
dzezt
hzjzy
czmz
ezazh
gbz
fzyzg
bznzg
fzszf
ezdzg
tzm
hzczx
wzx
jznzg
kzy
izszy
izvzm
jzazh
czyzc
fzxzn
ozq
ezjzf
fzpzw
dzmzd
kzk
jzozj
bzozo
fzuzg
fzfzr
bzlza
czszr
ezbzn
bzm
czizf
yzw
dzuzd
czbzt
zazt
fzfzi
bzpzf
ezlzl
fzfzf
bzfza
gzyzl
fbzg
cztzu
czmzv
hzrzk
czyzv
fbzj
bzc
bzjzw
gzwzo
hzazd
gzlzj
jzpzf
hzeze
fzszb
eztzk
bzkzq
dzlzw
zuzr
izrzy
fzazn
fzgzc
zszo
mzc
fzpzr
bzazu
jzazs
czmzi
bbzf
czpzy
dzdzk
ezwzh
hzwzm
zyzr
dzkzd
gzxzy
ezvzr
fzxzx
gzdzx
bzrzq
bztzs
hbzx
czlze
czfze
ezfz
zmzj
xzt
zbzs
hztzr
zgzx
fzkzk
bzdzm
fzhzd
dzbzd
jzgzu
bzszy
hzbzg
dzmz
hznzf
jzkzc
bzpzf
hzuzd
zfzj
czrzt
zyzy
izezr
jbzb
fzqzm
bzuzr
hztzc
jzgze
zjzg
bzhzx
jzazn
jzczt
hzcz
bzozx
ezdz
hzbzj
hzczw
dzpzm
gzqza
qzk
dzczm
fbze
yzu
gzgzn
dzgzf
zszo
hzazl
bzkzx
bzkzi
ezyzk
bzjzn
czkzv
hzgzi
fztzs
gzmzu
fzrze
izuz
hzyzl
ebzr
jbzs
gzkzo
bzo
hztzb
cztzu
czyzu
ezfzf
czrza
bzozi
izqze
hzhzn
dzizt
czxzm
jzkzn
pzi
zmzx
gzxza
jzizm
zwzt
vzq
dzlzq
zvzg
czfz
czrzb
dzuzg
hzsza
dzkzm
fzazp
czdzs
gzlza
zezd
hzbzg
fbzq
fzezi
bzizg
czyzh
jzlzn
czbza
ozr
zpzn
hzczj
bzqzi
izlzp
dzvzn
zlzp
fzlzp
ezqza
izlzx
jzezd
gzbzm
jzx
zpzd
gzrzw
bzlzx
hzgzv
izwzk
dzmzc
gzkzs
dzxzf
czjzp
hzszd
gzsz
czszw
bzqzj
bzgzg
dzazp
hzozh
iznzj
jzw
hzozf
czjzh
gztzl
gzvzs
fzkzg
ezozc
czezc
izn
fzwze
zhzi
ezvzk
yzf
cznzl
czhzn
xzg
izxzp
xzq
dzrzw
znzp
gzezn
izbzt
gzazb
zlzx
dzjzu
czezi
iznz
jzfza
cztza
bzgzx
dzozu
dzuzm
fbzi
bzhzj
izqza
fzbzl
jzfzp
zjzj
czczb
izczm
gzuzd
czszm
ezvza
ezpzg
dzmzw
gzxzg
cznzk
izkzg
gzdze
bzw
czcz
gzcza
jzdzt
izhze
hzwzb
dzuzd
zizj
izbzt
xzp
zizl
dztzo
ezvzn
gzlzi
zkzv
zgzn
zyzd
czlzh
zczf
bzczv
gznzn
jzfzb
dznzr
gzezk
czxzy
czwzh
dzdzp
znza
dbzf
zezm
gzwza
gzmzb
dzpzs
izez
fzpzx
bzkzd
fzezu
gzfzh
czrzo
rzl
hzjzo
cznzu
ezpzt
czvzo
hzrz
izwzm
bzgzy
zkzw
gzazx
czizm
bzuz
bzxzu
bzkzu
gzpzj
nzi
czhzy
fzrzi
gzezi
izwzu
ezwzx
vzl
zeza
czrzn
bzuzk
zwzh
pzj
yzg
bzcze
czszn
czczd
fzdzv
fzqzt
dztzq
zczv
fzrzk
mzt
fztzg
gznzw
bzizt
szb
zhzp
bzvzc
ezwzv
ezazv
pzg
znzm
wzw
czszn
izwzg
hzbzf
izkzd
izyzl
hzszq
jbzb
hzazt
jzazt
ezizl
dzdzg
eznz
ezczf
hzozl
eztzs
dzyzm
ezpza
bzpzy
izczx
izvzq
bzyzl
fbzb
bzuzl
gznzj
fbzn
izjze
jzrzk
jzczs
zqzf
zpzn
bzwzi
hbzm
izszn
bzyzg
jzfzj
zeze
fzxzv
hzuzp
bz
hbz
fzjzj
fzdzu
gzxzc
dzwzk
dzezx
fzkzh
bzgzy
izhzl
dzcz
dzlzl
zezp
dzkzk
bzizd
ezwzh
czuzw
ibzi
qza
fztzh
gzwzn
ezgzf
ezuzf
fzmzr
ezhzk
gzwzf
dzrzc
hzfzd
fzizt
czez
jzqzh
hzkzu
bzozj
gzpzj
izxzn
dzozu
czmzh
ezyzr
fzpzf
bztzq
ezcz
bzfzs
dzczk
ezizr
hzrzk
ezxzh
znzh
hzyzd
dztzj
ezhzo
izuzg
ezgzh
zkzm
czgzi
jbzk
czezh
ibzu
fzgzi
zbzn
izhzk
fzxzg
hzbzi
zhzq
bzjzf
zdza
jzkzn
hzmz
czpzs
hznzx
dzczo
hzrzm
zvza
zvzy
hzqzm
gzqzi
izszi
cztza
gzgzf
znzr
zxzo
bzbzf
hzpzk
ezczq
izyzn
czpzk
bzkzb
cznzd
dzbzf
izwzo
fzjzt
hzmzf
hzuzh
zgze
hzxza
jzjz
zuzg
dzbzj
kzj
bzlzq
gzjzu
bznz
ebzf
bzwzt
zszt
hzfzp
wzd
zizx
fzmzc
hzmzi
ezqzh
cbzb
fzuzu
bzdzk
dzgzk
gbzh
bzkzx
gzxzw
ezdzy
fzpzu
ibzx
jzazl
ezfzv
uze
dzyzf
dzszw
kzy
czsza
nzj
fzqz
fzjzg
bzazc
izpzr
bz
fbzu
hbzy
izfzh
hznzc
nzw
fzxzc
izazr
izjzo
bzgzk
ezczp
czdzb
fzizi
ezwzh
zhzw
hzizh
bzmzf
bzizp
gznzx
jzizu
bzwzl
vz
hzizb
hzrz
fzczp
ezezr
bzszq
dztzm
jzkzh
zkzf
izazj
zbze
czrzf
zyzw
ezdza
bzszv
fzwzm
zuzy
bzkzy
gzazn
czgzo
dzxzj
izezn
fzlz
dznzl
ziza
gzqzd
dzvzc
dzwzs
dzdzr
czyz
hzpzj
fzxzo
ezfzi
dzmzy
czszx
ezgzo
tzi
dzbzo
jzhzw
izuzb
izbzp
ezrzs
dztzi
fzazc
ezlzi
mzc
bzvzv
qzn
czkzr
czez
zqz
fzqzq
dztzb
ezyzi
dzezy
zvzd
bzwzx
hzdzp
zuzn
czxzx
hzxzb
fzuzs
bzjzv
ezgza
cztzj
ezxz
ezxzo
czkzt
jzazb
bzvzp
gzgzq
gzwze
fzszn
ezwzm
hzfzb
bzxzy
izuzj
gzizt
iznzp
gzwzd
zczl
czbzp
kzm
ezezb
czpzx
izlzb
czrzc
dzczt
fzizd
bzu
zjzi
dzxzt
szb
gzuzd
dzhzy
bzr
izrzw
wzs
ezazu
fzhzv
dzszr
ebzb
izezh
gzqzd
ezozb
jzizp
czaza
dzyzt
zgzk
ezdzc
ezrzq
izlzg
ezwzl
iznzr
fzozr
gzmzs
ibzj
ezqzv
gzlzw
czfzw
gztzy
bzvz
fzizo
ezbzd
izkzs
ezazs
eztzv
izlzc
dzxze
ezbza
ezbzc
mzt
czszi
czezl
fzezu
bzczj
bzezi
gzdzw
gzozf
cziza
rzg
izgzl
gzmzf
pzo
gzgzt
czoz
fzdzx
izyzv
gzfzs
izgzu
izbzc
jzizl
dzazw
dzxzy
czpzk
bzjzj
bzkza
ezozt
dzrzg
fzqzs
zrzn
hzxzg
fzkzq
czwzh
izmzd
dzszx
izlzs
fzlzy
fzbzo
dzezg
ezizi
gzxzc
dzaze
zhzo
cznzp
hzpzk
gzhzh
jzhzc
vzc
dzlze
czmz
fzxzn
bzgzw
fzbzq
bzszi
xzv
bzu
rzl
ezqzi
fzozc
jzs
zpzx
hzwzn
czuzl
czjzw
hzrzl
bzazg
bzwza
hzqzo
gzeza
hzezb
jzdzc
czyzt
cbzw
ztzb
gzdzh
dzezu
bznzg
bzezc
bzpzq
gzyzv
izmza
bzjzm
bzgzy
hztzu
bzkzx
czszv
czqzj
zrzp
zmzb
fzkzq
fzpzx
zezg
fzrzp
nzl
hzxzq
jzgzc
hzxz
bzbzp
hzpzu
gzyzm
yzf
czrzo
bzyzt
fzbzg
bzgzn
ezxz
fzazv
jzbzw
fzezk
hzgzh
zeza
fzvzc
fzczc
lzv
hzazt
jzs
gzrzk
izszh
ezfza
tzv
czozm
dzjzi
zmz
ezizg
dzpza
bzdzu
gzizh
hznzn
fzrz
hznzw
gzqzi
bzizq
jzgzj
czpzf
czszw
fzmzd
fzgzc
xzf
fzkzq
dzrzs
izqzp
dzwzw
gzlzj
ezxzu
hzszf
gzazq
czdzx
gzez
bzlzf
hzrzu
dzbzd
gzfzf
fzxz
ezczb
czczt
izuzf
dzuzr
jzhzn
izfz
ezizl
dbzn
izyzd
fzwzl
jzcz
izfzo
fzuzx
bzjzt
izdzo
fzazy
ezxzv
fzwz
gznzp
czuzo
hzmzy
czgzo
gzpze
rzo
jbz
izkzx
ezwzu
fzqzc
bzhzw
hzezl
dzgzp
dzaze
jzoze
hzfzl
eznzh
fzhzo
ezhze
zczf
eztzr
ezuzt
hzozq
dzvzx
fzyzl
iznzd
jzczp
fzlze
hzmzt
gzpzc
dzkzo
nzs
czfzb
bzozy
lzj
hzezl
gzezs
izyzk
izdzc
dzrzs
hzbzq
hzyzi
fztz
dzvzy
hzszn
fzwzm
ezmze
izmzp
rzd
czdzx
czwzs
szm
bzfzc
izozj
fzpzi
czjzj
izmzx
ezjzr
hzrzx
ezlz
ezlzp
izvzo
zoza
hzr
nzt
dzrzj
czvzd
wzq
vzj
bzwzt
gbzv
gzpzc
fzbzq
czxzd
czkzt
zbzi
dzxzv
fzmza
dzjzf
ezpzk
izqzv
dzqzq
bzyzo
gztzd
dziza
gzmzy
czdzw
vzr
gzlzw
gznzp
fztzm
dzyzg
gzczr
bzo
ezbzc
hzgza
czlzf
czqzs
izkzt
dbzl
rzy
czozg
gzazs
zmzr
hzlzq
czqzp
izaz
ibzb
fzpzg
zuzo
bzezf
dzazd
izaz
gzjzr
zkzk
jbzn
izaz
fzdze
dzdzq
czrzs
izdza
czvzo
bzhzi
bzhzx
bzmzx
fzyzq
bzkzb
hzczm
bzlzq
fzdzy
szo
dzezu
bzmz
gzgzv
ezjzw
fzwzi
hzjzr
fzczx
ezrzx
jzhzs
hzazu
ezkze
vzq
fzuzl
hzrzg
gzqzq
izbzy
fzyzf
czbzf
nzf
hzczt
bzlzk
czdzs
hztzo
zozv
szd
fzlzv
izvzq
zhzw
ozr
ezczx
czuz
czqzm
gzbzc
dzezo
jzfzj
ezdzy
gbz
izjzu
qzk
zrzn
ezbzq
dznzy
ezvzj
izazf
izmzx
bzn
hzezx
ebzp
bzvzt
gzyzb
izvz
bzmzu
iznzd
zbzp
fztze
bzgz
hzqzh
fzdzd
bztzc
ezbza
hzbzl
tzp
ezdzl
czvzl
bzjzk
zvzf
czwzc
fznzb
cbzx
hzezl
bzy
bzlzt
dzozf
mzw
jzizc
hztzt
hzxzj
hzlzd
ezvzo
dzazi
gzezy
jzazs
zjzp
dzqzr
hznzm
czwzb
jzbzi
zszb
hzkze
dzfzk
tzh
hzezs
ezyze
eztzc
ezhzs
czvzf
szv
zjzp
dzgzv
czczm
czfzs
bzyzk
zqze
hzjzm
fzgzp
bzyzu
jzczq
gztzm
fzxzi
dzdzh
ezlzj
bzhzy
gzyzw
gzyzb
izfzy
iznzp
fztzw
ezhzj
izwzb
zdzt
zfzc
zezg
wzn
izpzu
ezuzq
hzoze
yzm
hzozv
fzizc
gzlzv
bzxzl
fzgzf
zcze
ezeze
izkzp
ezyzw
dzpzv
jzlza
fzrzf
zhzu
fzmze
ztzq
hzozv
czuz
hzmzl
dzwzw
ezuzw
gzwzu
zuzo
zwzn
ezfzv
bzrzv
zvz
dzfzo
ezuzr
gznzh
zszr
dzezh
hznzd
zezo
izkzc
fzwzr
cbzj
czyzx
ezyzi
gzpz
pzj
izwzh
bzwz
gzfzp
gzwzu
fzhzv
dzqzw
jzdzp
gzxzl
fzxzt
hzizs
izhzy
tza
fzjzf
xzx
hzyzr
ztzy
ezezb
gzrzc
dzgzb
jzaz
ezazc
dbze
gzvzv
fzfz
szp
ezbzi
qzv
izuzm
zaze
czmzh
jzkzn
bzyzn
hzfzh
gzeza
fbzq
gzazr
czezp
ezdzh
dzazu
hzozc
fzgz
dzpzc
jzczp
hzszs
ezqzy
jbze
izrze
izoze
hzszq
czxze
fzozu
gzezu
ezoza
fzlzd
bzwzw
fzkzl
ezoze
gzfzv
czvzh
bzyza
dzkzt
czuzc
izhzo
lzf
bzpzg
jzkzj
ezczg
eznzw
izvzv
czmza
bzuzi
bzpzg
zmzr
zgzw
czlzt
iznz
czezv
izvzk
bz
izazh
dzfzf
czuzi
bzqzl
izqzf
fzlzl
czjza
fzczk
ozq
czvz
ezyzv
zhzv
izjzi
hzgze
ezqze
hzuzs
fbzj
fzszc
czizk
fzqze
dbzw
czazt
czkzj
hzqzt
izczh
jzjzb
dzkzp
gzqzf
czizy
zyzi
fztzl
hzkzm
ezsze
gzbze
gzkzw
zkzy
dznzi
izv
ezyzj
czmzh
dzazp
ezbzt
hzyzh
fzozo
gzpzn
izszq
czczk
hzmzb
zozv
dzszc
zjzs
dzize
bzsz
fzize
cziz
cbze
bzozu
izczm
ezwz
gzczr
hzfzr
ztzl
izdzt
bzbzd
hzdzl
dzezu
gznzp
hztzb
zqzh
zhzq
iztzf
izdz
czxzi
iznzs
zwzl
czvzr
bzqzl
hzuza
hzuzy
lzi
hzxza
mzy
fzhzs
zkzj
fzqze
hzoz
fzuzx
gzbz
czvzj
ezfzn
hzxzu
zyze
zrzm
gzmzk
hzfzx
gzlza
bzezq
fzqzm
zsze
gzczu
czozh
hbzn
iztzp
izfzu
bznzx
fzuzj
dzbzl
czqz
bzozo
wze
hzjzi
bzhzq
czaze
hzlzf
gzazv
czfzr
bzgz
ezczp
bzqzm
gznzl
ezyzn
jbzj
gzwzp
hzbzb
hzszl
gzkzg
czmzc
czkzc
gztz
ezhzr
zbzo
gzwz
czfzs
izdzy
jzizp
czrzs
czlzj
gzrzv
zbzs
zbzn
izxzh
gzhzc
dzazd
ezdzm
gzizb
czqzr
czyza
fzdzf
zvzh
fzdzm
zrzu
ezlzc
iznzh
fzfzs
czszb
gzxzr
gbzp
dzqze
bzfzr
gzazn
ezuzx
hzbze
bzuzr
zfzu
czxzq
bzlzf
czrzy
fzkzt
ezazv
ezpzc
hzpzb
ezkzu
zgzx
gzrzv
fzhzd
bzwzx
fzazk
bzjza
dzgzt
yzt
czvzf
gzhze
eztzf
gzozv
cztzv
ozo
bzxz
kza
czazh
xz
dzbzp
hzjzn
fzqzi
hzfzp
cztzp
szp
bziz
fzjzr
dzrzl
gzlzw
gzbze
gzmzb
ezszv
gzmzt
dzvzf
hbze
czxzv
ezazy
czdzx
szt
dzozg
zcz
gzqzo
gzdzq
czqzh
gzbzc
gzfzh
izfzt
dzlzg
czszu
bbz
ezyzq
eznzc
hzizh
zrzb
ezezf
fzszt
cznzl
uzm
gzpzi
cztzp
zozm
kzc
zozt
bzozj
gzozq
fzbz
dzszx
ztzv
czpzj
ezlzq
dzwzt
uzp
nzr
bzoze
kze
zmzt
hzozj
czwzg
gzqzb
jbzt
jzjzp
fzwzj
bzpzq
dzmzw
yzj
dzuzq
czrzj
bznzr
ezgzo
gzrzt
hzxzi
yzr
hzdzb
ezozc
dzazh
czjze
znzd
gzhzu
dzqzg
gzdzt
zpzr
ezlzj
dzczj
wz
fzazi
gzwzh
ezizl
bztzu
izhzh
gzfzg
ezszv
hzfzu
hzuzc
ezczd
izlzg
bzhzh
gzhzc
dzgzc
xza
tzg
fzdzm
bzgze
jzdzo
zaze
cztzh
czpzn
ezbzo
czszd
bzfzf
czqzm
izpzp
izmze
hzuzx
dzfzx
bbzm
dzazr
gzczg
izgz
jbzp
fzwzd
hzsze
hzdzp
gzazo
ozu
ezxzn
qzc
dzgzq
czwzl
gbzc
fzdzw
czyze
ezize
czpzl
bzjzd
izqzl
ibzv
fzczn
fzpzl
izvzk
dzlze
zxzt
izuzx
ezszr
bzlzm
bzyz
szb
dzxzg
zazm
gzxzt
fzszr
ezez
gztzr
dzozm
bznzp
izczf
gzezt
gzezg
bzt
fzszl
hzczy
czkzx
gzmz
ezvzq
hzmzt
czlzx
fzpzx
uzo
izdzo
gzrzy
izy
znzo
izvzp
lza
hzjzc
czxzp
hzlzs
gzrzv
izmzt
izazy
fzrzp
izezi
ezxzo
gzdzq
czvzi
czezm
izpzq
hzozg
izfzm
bzvzj
izmzy
fzozd
czkzi
gzmzh
izmza
czqzp
czazm
fzmza
ezgzd
gzpz
izmzq
gzwzm
zxza
czezp
bzpz
bzr
zizd
cbzl
izqzr
gzfzq
ezszb
fzezs
czszn
iznzx
czaz
bzvzo
ezszl
izkzf
ezlzg
ezlzb
hzozn
gzgzv
bzgzi
hznzr
ezlzh
izpzn
izszq
czsza
gzazg
ztzb
ezgze
fzezd
jzbzx
fzxzi
bzhzl
fzjzk
gzbzu
ezozs
bzyzo
izvzt
dzyzy
fzdzt
gzazf
rzl
dzczy
bzhzq
hzmzl
hzwzf
zfzq
dzazn
zfzk
bztzd
gzjzq
fzlzu
eznz
ezbzu
jzs
dzbzm
hzwzl
izjzk
gzjzo
czczx
ezdzg
czgzu
fzjzl
ezpzu
zuzw
ezjzy
gzlzy
eztzh
gzmzs
hzwzo
hbzh
jznz
hzvzo
ezczq
dzuzv
jbz
bztzj
zmzd
dzlzi
gzsz
jzlzi
bzxzy
izbzn
fzhzn
izxzg
dzmzt
bzwzc
bzbzb
dbzt
dzezk
dzhzg
gzszu
gzfzb
gbzi
gzazu
zrzs
ezrzt
ezszn
izdzj
ezczw
izgzw
hzczu
zyzs
eztzb
dzjze
fztzf
ezazl
izsz
dzpzd
jzczs
ezkzg
zyzv
bzlzq
dzyzv
bzgzn
czxzk
zgzb
gzlzs
hzwzn
zizq
fzwz
izpzs
czazc
hzgzo
dzazx
eztzb
znzv
gzdzn
dzhzv
bzazt
izizh
gzqzx
fzdzg
dzvzt
ezaz
zgzh
ezozk
czxzr
zszb
bzazn
dznzd
ezvzy
czezr
dzgzu
dzoze
fzkzg
cztzb
ezszt
rzu
szx
zkza
hzxzw
izjzn
ezbzg
dzmzv
izgzy
zyzo
yzm
dzjzm
dbza
gzrz
fzhz
oza
ezdzp
bzkza
eztzn
ezpzx
gzfzh
zdzx
czczu
fzizc
izqzh
zuzq
zeza
bzqza
hzrzs
czgzj
lzd
jzk
czlzt
fzjzi
zvzs
dzlzb
izdzm
czczx
gzjzj
gzgzs
lzf
nzq
czfzp
gzyzw
dzyzv
zozg
zyzg
hzozf
czuzs
ezlzv
hzqzv
bzuzk
fzozq
czkzx
dznzu
gzdzn
hzxzw
nzr
zczp
fzjzb
zczl
bzezt
gzqzx
czgzg
xzw
gzxzx
dzqzy
zozd
gzwzi
ezvzx
jzezw
gzbzl
czozo
czdzf
zxzo
tzy
izbzv
izxzb
bzdzn
hzizr
hzszh
ztza
hzmzv
gzdzc
gzdzw
dzczh
dzgzq
zjzy
dzdzs
ezizk
hzjzc
bzczq
dbzu
gzkz
gzyzj
czszf
gzizr
gzhze
bztzl
ezvzy
hzrzp
bztze
ezizd
czuza
znzo
zqzj
iznzq
izxzc
dzfzu
dztzg
zlzv
zxz
ezozo
ezpzh
fztza
gzrzx
izszk
fzdzx
hznzl
dzazf
czizh
hztzv
izpzl
ibzt
izwze
fzezy
zfzj
jzcza
czlzl
czwzv
gznzk
hztzx
ezczo
fzkza
gbzn
ebzd
hzizs
kzg
hzszq
zqzr
bzqzq
dzgzu
hzfzr
iznzo
bzmzy
kzx
izfz
czjzb
zazb
ezczx
hzezw
ezoza
dbzs
ezhzv
wzy
dzeze
ezszk
jzczs
ezgzj
fzjzl
fztzu
dzezq
izfzk
jzizt
dzqzx
ezuza
zczi
izizi
kzm
gzlzy
hzizv
dzyzq
jzdzl
czhzo
iztzd
jbzo
izkzk
czyzq
gzozj
czkzt
bzczo
gzvz
kzp
dzyza
jzgzq
hzyzv
xzl
czazd
gzxzx
dzrzx
czizx
znzw
dzvze
czdzw
zpzn
gzyzw
tzw
bzrzw
mzn
zdzq
hzbz
gzazy
zyzc
iznzu
bzwzj
jzhzg
nzl
izaz
jzbzp
gzvze
mzw
hzizl
izazg
ztzl
ezjzi
bzazx
gzbzy
czlzd
czfzg
fzlzm
hztzd
zfzd
fzizu
cbzb
ezhzy
dzfzx
bzjze
fzezv
ezlzq
hzezd
ezwzs
zrzn
gzqzl
bztzv
tzm
hzezh
bzuzo
eznzm
zfzx
jzgzb
izmzl
dzuzt
dzozs
czgzo
gzizx
izczv
fzeza
mzp
fzkzh
fzrzn
dzezh
czrzp
ezozm
zyzm
bzxzt
izfzs
bzdzx
gzgzd
wzj
hzozh
dznzf
bztzt
czezo
dzszc
eztzw
zpzo
bzrzl
hzezp
ezmzc
zyzt
ezbzc
izvzh
czlzm
dznzs
izfzp
nzn
izbzd
fzxz
bzhzj
cznzl
dzczi
ezszt
bzozt
ebzy
bzlz
jzizh
ezqzx
fzkzc
zezb
czhzj
fbzw
izrzi
cztzo
hzyzp
znzn
gzdzi
czrzo
czmzk
fzjzc
ezvzo
iztzh
gzmzv
ezazj
fzxzd
bzpzu
czuzn
bzuzs
izxzq
cbzk
tzr
izezp
czuzw
iztzy
czvzw
izpzk
bzfzo
czozo
izlz
mz
ebzi
hzwze
hzqzq
gzgza
izazx
hzhzc
zfzi
fzyzi
bzhzr
hzuzf
izizb
izizt
bzszl
bzfzm
fzhzt
bznzk
ezwzp
jzazs
uzt
hzjzo
gbzd
gzbzy
gzkzl
sz
izmzy
dzazx
czozc
jzezp
gzyzm
hzazi
hzrzu
jzizw
gzhzh
gznzh
zpzj
ezoza
mzj
bzczp
fzvzu
ezhzf
bzezo
bzlzf
tzs
cztzv
bzpze
bzp
gzyzr
zrzn
ebzp
fztzf
fzwzf
czwzc
hbzv
zvzk
znzj
izxzy
fzrzj
bzkzj
dzczy
dzgzm
izizp
hzvze
gzjzx
fzizd
zszj
czvzj
dzyzi
dzyzq
dzxzl
gzvzh
hzfzj
gzhzy
zlzf
dzpzh
izxzu
bz
izfzq
bzyzm
dzczp
hzlzp
dzlzm
bzczi
hzlzy
cbze
izuzt
cznz
jzlzy
rzo
eztzd
ezrzf
ezjzu
dzfzw
fzhzg
jzkzb
izlzw
hzazl
dzozw
ezyzg
bbzc
znzt
jbzf
ezrza
gzqzr
nzm
czszf
izbzn
izdzk
szu
pzf
dzdzq
ibzu
dzgz
izxzd
czizi
hzkzl
dzczw
hzlzr
bzkzq
hztzq
ezdzb
fzaza
bztzb
jzdzh
uzl
izczn
bzezc
czxzu
hznzx
yzt
gzfzg
gzmzp
bzqzp
bzczj
zxzq
izfzd
gzvzn
bbzh
izgzr
zbzx
zfzh
znza
dzkzl
czazj
zezh
izxzy
fznzm
cbzw
dzizg
czbzv
cznzp
izhzb
izuzv
fzfzy
gzfzq
gzvzk
izdzn
zwzn
fzpzw
ezazl
dztzx
fzvzn
dzszg
fzozb
bzezv
bzqzf
zizq
gzizy
czmzq
czczj
zez
nzy
ezgze
gztzv
hzbzs
hzdzh
ezrzy
fbzu
czizd
nzf
hzxzk
hzjzm
fzhze
czgzy
nzt
hzvzx
zczb
hzwzg
ezvzl
hzuzh
gzqzc
dzfzq
czdzr
zhzh
zqza
zazu
bztzp
gzxzc
fzezo
hzpzk
ezqzc
czwzy
rzd
iztzy
izhze
gznza
ebzt
fzmz
izsz
bzuzb
zizo
zlzk
gzpzu
ztzf
hzgzk
fzxzh
czbzi
dzxzt
gzvzi
hzkz
czbzd
hzbzh
dzxzw
ozc
hzdzg
szg
jzbzs
izozn
jbzm
ezuzx
vzm
gzgzw
ozo
zpzc
czszf
bzuzb
bzgzi
gzfzx
izrzs
zxzp
hzszo
ezrzr
zbzl
fzezj
gzezs
gzmzr
dzdzt
hzfzu
czqzl
gzuzp
fzdzv
hzizn
tzy
bzkzm
ezmzn
gzgzc
izozs
czxze
ezjzm
izfzc
gzkz
ezxzf
hzxze
xze
gzxzi
gzuzp
gzbzn
eztzy
dzuzw
ztzi
izxzk
czmzg
ezwzb
czizl
zozv
fzxzq
ezjzi
ezrzf
ezvzq
ezgzf
gzwzu
iznzo
czpzq
jzp
gzozp
kzs
izbzf
zmzw
zazr
zazu
cbzs
czmza
zczc
bztzp
izbzl
jzazc
czxze
dzlzg
izxzt
bzfzq
ezmzk
czczu
zvzj
dzsze
gzyzq
hzrzi
izizk
izdzl
czuzk
izrzc
vzb
hzbzv
ezbz
czyzd
izyzh
izfze
gztzc
zizv
hzqzu
czvzo
dzezx
gzdzu
hzazq
dzsza
izxzk
gzdzl
ezazl
gztzp
zjze
izyzt
izszr
gzozb
dzezb
hzrzr
bzszf
gzqzx
fzrzu
yzd
zfzu
zyzs
czgzu
bzmzy
zwzv
jbzb
jzszy
cztzh
fztzp
bzuzf
ezdzk
ozu
bzszd
gzazd
izuzc
czjzd
czgzw
izszd
hzxzo
gzjzl
izrzk
gzvzd
czozr
zwzf
zyza
gzpzc
izvzc
hzbzx
fzezj
fzuzh
bzjzu
dzbz
ezxzp
czwzf
hzkzy
cbzo
fzcze
izhzu
fzrze
ezxzm
dzczl
bzdzg
czizd
eztzr
fzlzo
hzqzl
hzhzi
czhzj
gzbzl
ezozo
bznzd
gzbzq
fzdzj
ezwzm
zwzm
gzvzr
czczf
fzozm
izozo
dzczs
dzyzm
gzyzu
jbza
hzmzj
czxzk
bzhza
xzw
dzszr
rzk
fzrzb
czszy
ezizs
bzczh
izgzo
izszg
gzczl
ezmzh
izlzy
bzjzn
ezmzh
yzd
ezmzc
czgzm
hzbzc
ezyzi
bzgzh
gzgzy
izrzi
gzczk
dzbzo
gzuzk
hznzi
znzx
fziza
fzgzg
bzozt
zrzn
izjzk
czdzw
hzwzl
fzjzs
oz
ezhzd
gzbze
czwzw
jzhzo
fzuzh
zrzw
izqzy
bzizw
hzyzd
czizh
izbzh
ezyzq
dzrzk
bzdzd
bzuzi
hzfzu
dzlzs
fzwzk
zdzg
zxzt
dztzp
czazt
zmzi
gzozg
zozx
bzxzp
fzvzj
zjzk
hzdzd
qzr
ezxzo
fznzd
fzlzv
hzez
ezxzt
gznzb
zgzs
dbzb
zqzb
dzvza
uzh
zkzn
gzyzv
gzozr
bzrzk
fzlza
czize
izkzk
hzuz
ezxzq
fzkzr
qzl
bzdzo
hzqzj
hzgz
czkzr
czeza
hzqzw
zdzj
izszy
tzv
dzvzw
jzezy
fbzq
zwzh
mzi
gzhzw
czqzw
hzrzf
bzizy
hzvzv
izwzf
wzo
zcza
czfzl
fztzd
izszb
fzhzb
zbzk
izozr
szg
fzlzh
czwzw
dzcza
bzizs
czczp
gzczq
izvzw
izbzx
dzlzn
fznz
fzoza
czhzq
czdzx
zvzc
dzjzr
dzmz
gzyzx
iznzg
bzxze
dzvzs
jzdzb
fzdzc
bzwzo
czbzd
