325184664
278015229
384891879
228937572
690667261
611450765
49391717
855354556
29744770
360908277
939599050
524292185
353975101
342566563
289015830
930037140
33104213
980134687
108463360
47132988
779284383
356326034
852434736
242352903
175656669
928110829
262513348
920310258
516438417
758467037
725028342
909271041
153087607
297867776
986747279
480850793
816229341
160352487
6486980
337739313
22646025
546176002
593978152
937605541
566507054
177335156
407206253
253867184
129010146
469154219
775132621
339262118
978064626
390084852
311883176
472220040
529435071
914314111
602832720
485532053
286031420
395277750
973243513
130980143
862708628
561078636
706339593
172656145
709198987
905567144
901601254
988525990
444851438
447357426
12423672
37022855
291296649
936901898
546793208
497359845
481470823
971789326
91057528
17644006
919198724
135424456
703286629
764239509
759282769
441889733
538320761
807295928
403431775
629219791
544962342
867277521
252163715
717950905
115949343
29543072
