234496916
224240494
698155641
270498877
712796152
129808925
985464222
927440542
200014912
604707733
977216862
453805540
382137938
664371563
279971837
697567407
962505157
533852907
644109483
343004609
98420796
138624153
555262423
1091
239330042
796592521
438570414
867972234
831894790
233915398
389054109
575733156
392528106
904902441
853847183
961106174
575430967
847332953
783716664
110668094
958525027
340146582
587563327
427095862
531120474
446508824
484887808
944272247
703044037
690500914
739926395
752821596
755383934
874236510
890815680
539775036
772907647
394529694
728516995
116419049
25863783
402589786
37716577
470068630
878290602
347161833
935296909
628370193
981832396
429418568
680764775
164996127
241743906
97928163
619260741
916261229
894820760
514796232
365531880
978253212
327751495
70069491
690997003
796949719
836432064
273809058
303953153
593190257
988474551
836454649
898996130
214453836
729272902
511374219
624767895
21434828
540194957
163184437
174259440
913826186
