165765984
859181379
754095224
643484715
829123425
871929566
659573853
510615424
309346734
709100724
491601069
110055745
551916537
643370369
489797290
410665319
362176345
107068450
165128474
957952475
49454583
566893381
786906450
489667854
57491070
402091553
345999444
843705055
741836112
916332609
486574119
513077526
441501043
956205890
443314267
771610891
353547110
658304014
676392932
889943681
681189382
387244714
94885866
778597378
172704931
214412692
698252416
791739514
887508975
319834426
71712201
391254427
107770656
792014168
541573984
674576668
201995489
283110639
201473196
294195383
144770364
128485734
59289399
418840156
326333612
321887929
319171913
520708280
733822360
873674449
191382888
490522737
367883441
15191710
100076416
73881329
454907380
743157369
549383861
751627822
229105639
370751622
867722207
545170875
824824935
120505335
51094631
476570638
755787610
102280105
529278821
841205161
962664274
281883935
263718628
160945508
554276808
483021599
50023882
27270554
