218984666
973958956
506976769
685298365
626192070
914765217
1433971
584120873
112656747
623609984
888560745
718102638
30611016
587670289
229110371
511967655
127295600
786713133
829339635
108416330
978129021
125079543
203338549
615775323
89514279
397102688
515726070
415729556
479617577
930070235
634095753
151859073
914933151
42009047
665679638
518383845
871716949
466827285
935588704
111098377
994149214
317295933
108464541
491954320
324826325
60702596
974500748
989542728
464142418
197332734
634115225
419824428
662539190
589874918
596152202
737353712
705757560
686544821
846549167
250487515
815165395
399180460
75262097
863620045
813027712
339311504
600178934
424519258
455255046
161176956
192265638
188380587
126707017
453609080
545841841
662612131
8155413
889091769
25128730
847203803
209049047
237715566
448614506
67714587
444004179
125993460
877451820
495221313
123231011
905677735
979073396
446844990
202233499
555505727
854838430
932269046
780164244
695068261
180122532
471863073
