23
420
822
140
62
664
964
619
285
23
406
146
181
14
666
589
429
439
502
544
697
637
729
720
74
820
920
41
884
7
230
204
909
222
247
834
248
425
756
794
570
497
934
563
761
860
425
886
760
979
838
47
896
505
473
522
267
645
612
902
418
482
4
525
962
386
733
421
897
704
966
611
721
618
519
89
530
347
925
856
151
652
470
863
100
820
507
212
879
847
437
823
398
661
325
920
222
215
612
841
444
610
169
656
223
884
224
629
720
952
821
874
442
891
774
212
272
414
236
143
570
600
247
582
243
136
689
69
36
458
272
107
390
172
264
995
475
625
579
544
122
513
172
358
829
679
997
678
303
282
649
416
197
581
823
696
863
730
392
526
680
139
488
291
272
482
508
59
275
835
497
991
877
377
811
492
234
519
638
904
211
690
963
198
101
332
823
427
282
290
673
794
403
175
726
842
651
283
126
418
754
275
988
639
932
607
867
744
724
746
179
985
488
714
767
618
124
656
545
207
212
668
315
240
364
881
543
324
878
717
697
164
870
803
290
52
449
284
676
320
477
7
623
434
465
434
263
981
249
426
496
302
973
846
651
642
368
529
923
323
32
64
392
253
766
773
251
828
151
423
240
760
470
826
95
316
223
797
916
84
706
323
672
934
706
574
655
656
651
377
325
545
273
625
34
872
864
509
300
522
495
728
533
160
382
386
377
400
466
715
497
679
420
988
385
247
215
541
812
607
355
959
828
972
282
292
326
220
972
937
84
591
987
699
39
962
705
402
251
304
808
349
51
315
22
178
638
686
231
871
315
388
418
423
425
919
667
527
524
564
870
835
905
892
84
487
99
800
402
959
384
93
841
747
157
719
521
827
783
970
493
585
164
966
984
995
336
850
129
434
841
317
261
810
714
231
81
377
808
228
564
515
844
634
353
477
672
535
307
540
52
360
702
864
959
400
581
516
947
626
869
927
462
999
105
688
236
728
754
851
292
437
781
627
225
506
633
542
999
582
837
409
283
216
184
126
516
482
526
987
82
954
477
199
615
180
807
380
879
793
506
160
932
878
157
377
515
623
181
335
972
261
155
635
904
982
488
775
898
63
718
656
170
28
206
64
440
287
933
676
49
407
90
614
613
667
892
464
658
71
334
180
28
829
767
583
192
345
334
5
112
833
676
891
307
66
438
119
84
465
201
495
171
442
563
239
888
701
789
56
765
588
665
236
938
282
140
820
954
488
921
159
898
286
829
112
397
661
454
974
239
301
960
134
476
382
912
445
629
850
883
124
170
475
619
220
421
651
489
824
589
607
660
581
948
839
998
583
429
86
989
849
489
974
607
583
3
901
133
70
493
931
702
763
870
864
367
4
889
130
754
58
111
423
179
467
464
943
159
946
285
698
649
84
521
184
572
171
784
89
534
498
184
494
22
31
530
767
150
833
214
85
460
385
129
508
871
694
325
787
102
153
74
656
739
10
425
562
377
185
90
227
338
269
717
51
928
72
652
483
108
49
751
606
200
183
750
167
702
843
690
119
298
308
661
680
2
208
648
41
665
912
719
573
710
324
917
666
410
885
722
660
174
237
268
596
842
888
431
79
149
387
60
984
490
889
952
226
513
16
305
576
687
238
346
269
586
910
577
292
351
675
647
306
183
614
150
6
179
730
922
618
310
563
247
313
737
243
346
643
377
939
693
200
768
164
850
320
551
157
754
675
163
84
450
454
909
194
502
927
318
310
629
591
409
787
255
600
925
454
492
231
362
613
967
292
243
464
199
651
983
550
753
351
123
374
728
198
705
951
833
547
473
547
66
946
664
439
767
824
474
562
522
972
871
836
771
576
559
742
873
853
264
108
939
936
646
508
211
803
650
84
542
933
618
929
178
952
235
782
389
36
130
979
302
626
385
269
405
803
897
313
108
387
790
254
376
880
134
971
795
691
55
617
376
915
689
69
619
110
27
375
338
95
656
702
146
683
239
893
188
666
941
744
816
6
664
276
211
3
835
9
741
52
991
130
902
735
440
828
92
321
490
820
871
388
514
404
893
55
155
957
46
282
118
319
870
63
778
34
791
215
56
891
307
586
179
146
786
686
607
343
892
564
264
665
68
984
562
107
620
199
694
972
688
49
33
969
418
77
146
895
450
482
7
550
661
599
813
751
922
428
979
477
470
887
637
345
351
302
947
181
307
823
642
224
40
287
266
9
831
229
25
483
898
793
832
832
29
435
910
869
735
705
96
560
755
937
671
565
832
753
565
8
227
979
836
607
150
901
974
884
338
728
629
417
303
3
558
546
612
172
373
529
920
344
255
738
113
998
728
170
292
33
437
295
731
910
486
141
112
789
376
539
118
590
246
659
181
728
795
870
337
449
571
829
816
903
929
799
24
419
570
942
805
725
855
118
633
564
208
127
177
971
439
129
126
962
301
775
419
611
391
860
121
247
324
973
811
485
580
120
899
66
20
905
858
680
465
211
313
659
760
935
977
405
680
793
829
482
147
324
149
710
327
837
966
381
411
624
472
249
249
907
558
975
294
510
144
616
247
46
599
275
381
880
42
681
372
783
397
726
167
692
720
49
378
384
222
184
559
197
267
811
30
897
430
840
664
169
179
417
378
767
228
449
663
234
774
184
630
130
132
747
109
314
159
46
421
137
459
533
549
318
651
52
4
338
711
828
226
567
428
13
938
181
580
89
499
40
122
499
608
221
666
649
877
523
920
850
835
764
884
290
299
659
604
103
466
772
429
593
781
347
430
301
352
980
598
104
853
227
200
133
64
587
186
569
659
887
993
928
112
682
925
214
531
798
837
734
496
112
843
911
544
939
886
719
666
235
455
967
360
357
205
532
334
680
405
661
301
923
442
241
399
440
621
527
364
394
436
397
61
521
739
375
128
241
591
715
234
443
457
822
820
547
957
379
743
609
126
812
65
248
846
438
853
908
368
673
430
233
231
886
995
319
561
681
277
783
725
470
880
880
564
333
793
947
832
923
575
122
439
816
231
769
113
996
714
712
878
993
3
428
112
998
992
361
757
86
753
799
778
737
403
546
82
480
337
141
543
638
409
429
39
982
42
296
689
656
895
964
4
917
67
329
60
650
115
189
362
277
867
289
700
491
849
282
658
54
595
851
482
780
972
268
738
637
956
162
53
760
89
240
516
78
430
387
394
478
56
657
987
346
734
801
611
443
942
790
367
723
530
538
462
632
576
370
88
166
664
727
979
466
688
112
444
110
60
393
660
630
480
516
297
213
91
227
391
465
717
559
872
657
803
880
346
250
622
115
732
332
164
279
412
953
283
456
845
880
904
349
514
49
37
752
369
251
273
467
296
275
375
880
589
576
826
486
607
639
823
174
581
639
841
398
278
9
689
111
112
909
413
1000
542
707
275
112
664
141
456
755
299
892
437
887
974
272
736
128
194
977
185
724
251
642
319
42
152
966
455
345
433
471
315
399
915
289
392
707
452
864
593
10
35
331
319
686
264
220
778
316
132
112
478
773
200
864
713
240
841
18
557
345
768
667
521
910
617
873
385
686
245
656
732
525
563
52
372
238
492
293
464
473
230
22
550
318
761
142
926
261
633
417
648
439
480
41
69
761
841
840
325
478
345
41
127
175
150
898
679
163
4
276
841
720
733
585
77
241
571
675
247
90
972
848
46
920
232
224
759
913
513
85
654
719
251
903
531
258
998
673
45
112
152
629
410
399
235
42
49
764
982
773
77
331
366
367
30
124
697
99
52
501
968
128
56
690
400
560
277
498
103
747
481
597
836
534
919
282
657
185
536
803
9
80
289
468
986
224
726
830
713
303
972
865
651
433
159
957
591
911
559
933
378
871
981
961
652
597
472
93
962
282
235
151
372
653
701
780
236
225
169
237
783
695
674
635
234
340
238
612
131
220
931
720
208
819
620
251
896
987
953
121
373
447
877
438
488
938
143
516
578
273
575
568
359
80
40
199
548
116
345
372
154
860
594
443
293
90
12
692
47
187
991
853
217
353
449
147
759
119
344
146
186
796
378
540
152
376
573
6
871
385
656
867
300
757
595
477
381
850
89
982
386
436
582
946
491
784
589
368
661
990
435
711
819
974
964
489
870
153
567
631
826
535
762
117
430
885
905
980
913
874
608
155
467
417
580
838
674
259
1
950
173
646
243
802
542
381
876
409
851
31
959
664
118
442
200
225
231
633
953
96
545
18
986
432
684
902
873
252
143
456
504
660
775
469
615
650
715
338
4
234
899
484
216
258
3
820
787
973
939
42
808
181
582
773
75
366
839
811
600
182
678
649
676
794
355
483
296
600
21
905
363
400
445
371
897
848
607
60
873
919
829
105
614
447
265
862
561
639
529
482
247
138
832
159
800
312
434
994
445
375
964
922
278
27
610
666
948
897
930
214
545
920
694
645
56
524
336
318
806
815
103
349
243
339
911
335
261
713
464
127
192
879
424
5
475
338
153
839
731
915
113
9
290
338
766
379
591
348
167
271
839
133
406
866
861
287
499
603
42
122
643
89
220
151
511
214
413
96
994
704
655
621
775
479
81
489
933
538
722
176
526
653
233
270
946
831
801
241
672
655
725
630
523
345
41
699
919
499
611
540
845
970
849
977
964
214
356
165
574
996
569
683
331
169
593
79
446
811
233
434
748
743
491
14
496
216
22
172
578
924
912
636
527
315
579
592
965
113
617
501
189
994
141
802
183
788
899
78
838
35
180
982
115
272
461
963
335
150
519
862
249
326
413
426
206
222
851
894
401
530
575
266
542
760
554
823
836
241
608
743
241
99
472
286
419
554
241
291
511
111
707
190
460
321
152
716
869
554
515
377
527
843
961
858
875
343
605
400
837
417
304
470
948
269
423
495
996
880
60
540
933
280
715
880
747
878
798
261
761
531
602
585
101
685
159
805
608
648
124
343
853
851
175
839
965
604
886
764
808
644
583
457
655
615
810
36
138
440
350
817
124
940
456
231
834
728
570
385
923
350
923
432
411
193
611
940
520
925
323
480
760
311
966
397
639
9
9
653
665
577
73
706
691
414
585
559
692
313
61
191
609
850
713
634
172
841
754
689
740
519
397
833
863
668
804
258
549
940
565
831
21
251
519
354
940
67
944
982
621
238
262
81
179
999
985
154
399
635
211
112
886
376
991
437
169
865
879
660
636
688
989
100
969
740
938
430
533
116
412
934
918
966
591
64
560
542
928
396
298
121
502
266
249
779
999
261
638
713
921
740
970
555
843
977
880
609
815
305
496
361
559
521
329
236
813
723
507
998
878
925
366
442
295
961
720
987
722
905
613
199
38
486
392
259
778
772
370
266
879
920
661
850
393
904
122
139
521
547
31
612
651
31
789
563
889
210
96
495
1
425
466
190
241
549
977
565
50
130
720
210
352
722
9
757
321
748
850
251
823
547
943
98
122
226
785
500
248
613
461
265
458
896
872
647
742
810
901
301
531
454
923
817
209
64
84
705
496
783
576
120
331
634
976
112
548
190
130
784
592
587
266
541
391
218
644
646
923
987
26
68
268
328
350
875
6
715
257
332
571
10
532
237
822
751
472
723
644
760
55
867
489
212
224
869
498
77
908
275
491
460
254
631
718
494
155
612
41
313
333
10
763
175
279
638
464
781
230
711
962
952
715
667
545
914
764
688
775
619
666
414
629
127
105
879
901
485
967
431
234
323
740
563
570
850
470
645
75
957
93
578
280
928
683
798
30
578
5
448
660
491
770
486
228
423
458
35
198
158
734
496
809
50
268
212
1000
579
47
397
616
303
812
376
256
805
916
583
399
982
601
641
644
530
994
97
881
305
962
575
472
496
686
526
925
832
374
457
397
814
122
355
340
850
383
401
663
432
614
519
710
873
183
454
981
913
955
743
419
32
198
207
617
47
286
67
234
678
748
104
512
750
163
234
888
851
561
458
70
714
300
227
972
971
453
603
291
809
583
817
599
334
832
482
888
615
111
360
506
345
438
618
637
293
81
338
773
630
558
514
278
551
961
337
382
578
536
834
127
111
607
105
346
892
230
476
966
874
468
666
879
825
957
679
360
401
273
296
616
184
840
460
889
939
942
466
117
790
379
826
879
622
586
754
367
376
466
157
238
949
321
450
88
694
775
793
872
925
829
925
661
533
641
879
796
134
167
816
785
878
727
454
789
865
326
188
607
584
663
214
206
333
878
987
375
477
744
338
600
468
15
541
291
84
113
701
655
923
322
694
530
484
700
509
986
618
858
248
846
136
65
959
537
142
811
334
356
845
809
616
491
285
847
211
250
70
135
850
696
874
621
884
834
980
523
895
491
818
283
45
570
107
393
334
937
536
381
332
995
728
215
105
525
18
125
720
150
592
489
781
112
564
956
626
962
453
907
569
610
332
637
929
241
364
558
986
836
760
319
940
296
78
282
681
475
337
216
320
84
951
699
453
660
996
536
869
854
757
152
793
966
635
580
541
646
652
316
886
161
112
273
891
261
505
163
742
113
901
578
613
965
967
435
189
834
199
496
988
685
981
734
807
726
316
256
169
568
689
621
105
972
353
297
30
394
883
778
308
857
634
825
566
937
975
499
241
981
637
377
218
775
386
356
660
827
163
141
858
987
679
720
783
979
688
408
743
386
996
860
352
149
152
250
657
625
976
953
429
822
41
774
36
326
74
140
767
592
513
490
376
280
706
87
818
449
684
980
992
549
234
482
189
434
874
664
537
234
532
591
11
69
505
702
382
253
431
775
169
259
866
63
86
797
689
299
116
818
710
583
11
403
86
269
904
227
998
874
638
325
371
446
483
483
9
943
614
228
612
588
30
310
717
474
807
656
879
784
320
136
578
315
816
490
996
618
930
247
433
107
330
61
965
640
69
236
894
861
526
778
593
228
111
201
993
475
255
485
851
113
97
796
216
803
975
29
717
594
58
268
384
620
196
64
686
343
417
506
247
93
520
632
319
899
119
73
516
586
151
495
104
435
204
479
799
405
561
865
279
789
789
492
919
571
899
264
258
980
842
84
750
581
807
497
314
941
497
928
171
134
848
240
549
761
435
992
641
305
822
646
591
851
483
241
586
590
729
432
980
864
296
296
173
126
94
647
222
897
416
440
287
287
574
705
394
282
515
251
908
808
910
998
720
234
978
661
577
886
190
904
361
650
152
809
646
104
390
269
658
717
577
818
606
134
924
434
279
183
943
185
300
562
5
413
989
839
301
293
333
382
396
311
283
593
692
17
203
719
810
253
315
850
243
663
32
894
970
832
591
653
261
450
435
674
456
50
971
408
101
997
784
945
808
86
894
780
428
665
900
975
912
375
940
490
813
181
279
955
30
879
653
294
534
367
999
828
963
907
883
853
749
524
49
227
647
925
16
24
301
510
890
267
493
269
44
748
467
961
355
500
421
987
879
45
659
314
172
98
711
435
935
898
412
563
621
159
499
156
919
126
680
147
349
325
410
369
877
105
93
325
16
957
581
892
578
587
48
917
558
975
47
358
912
690
431
264
381
887
555
614
870
293
670
169
142
832
95
120
208
921
996
471
942
168
758
977
881
246
352
386
464
239
338
94
859
843
148
386
989
890
862
777
925
575
777
814
47
501
35
678
127
187
146
368
977
552
710
962
469
279
97
430
302
70
842
425
993
996
431
725
890
634
833
923
550
39
705
535
66
224
329
11
642
258
331
866
966
665
231
326
949
461
166
860
858
618
665
557
959
726
625
446
393
232
592
355
157
993
935
877
650
522
189
169
83
248
416
273
592
892
836
885
616
386
771
432
377
910
147
40
810
76
994
534
292
349
810
156
328
688
897
631
249
446
489
692
668
138
729
94
617
314
313
454
362
984
959
968
891
883
233
478
210
466
377
374
65
169
119
465
3
301
630
352
114
759
645
796
619
347
867
541
134
626
971
89
953
473
972
979
109
819
388
394
541
199
762
275
314
400
133
496
326
499
503
186
585
44
964
411
694
427
795
558
172
579
205
954
546
649
585
602
350
635
266
266
878
209
405
800
868
982
896
444
586
898
833
318
496
429
764
47
96
987
658
379
567
972
952
567
871
956
932
815
338
630
200
570
656
762
870
9
581
8
307
881
744
123
156
867
387
843
971
511
124
665
7
382
299
49
595
729
301
504
788
366
403
117
758
819
357
755
410
544
143
602
307
255
229
270
640
958
322
220
843
912
485
799
691
315
724
48
674
846
600
263
526
378
678
994
587
987
113
558
428
395
519
397
948
756
154
326
164
127
342
465
87
428
739
1
351
529
294
455
417
375
96
627
467
399
122
138
35
309
569
613
64
120
295
455
546
305
847
895
894
859
266
653
386
376
826
471
230
265
43
816
80
452
876
693
404
663
728
969
966
683
663
45
641
717
589
788
777
440
170
13
466
318
24
726
93
407
823
296
491
507
319
950
773
917
194
716
690
766
337
785
602
456
998
23
864
721
972
894
203
634
701
239
299
8
604
738
258
346
247
613
149
610
853
90
328
713
889
807
104
322
845
720
40
137
308
611
403
932
661
196
198
116
951
536
612
743
950
469
920
662
531
433
354
777
487
508
97
103
917
652
78
45
868
189
836
247
436
476
221
992
680
280
487
661
660
113
222
315
591
977
910
892
465
412
673
682
412
667
177
229
661
650
206
599
596
783
200
400
274
445
178
362
942
314
299
156
848
225
925
877
952
713
917
930
567
56
306
751
864
645
364
823
560
877
689
347
40
311
772
402
105
535
305
798
175
266
362
979
695
357
682
177
447
375
301
535
690
601
567
405
940
574
55
330
270
995
531
272
101
525
526
22
141
590
668
107
330
283
220
201
439
891
446
798
541
245
682
820
611
934
139
951
980
135
49
825
959
721
644
146
955
535
558
200
622
237
161
129
67
483
188
437
610
493
931
273
976
278
633
814
256
153
747
531
208
809
324
981
587
405
668
449
501
757
276
451
82
154
428
574
198
42
353
216
580
342
947
604
157
963
760
401
563
388
76
389
453
984
272
56
961
18
951
429
258
784
377
757
661
386
456
46
607
580
305
651
239
645
419
970
755
234
805
993
735
576
230
40
157
393
476
456
706
208
932
601
348
784
867
127
980
974
581
150
294
768
286
472
994
334
641
663
320
143
513
847
187
376
460
550
919
607
39
714
912
536
927
378
885
184
412
91
392
185
971
910
31
117
5
20
31
375
555
995
564
577
879
642
394
241
394
933
678
606
74
219
956
740
221
141
443
449
625
104
216
38
358
276
345
654
557
424
36
769
387
484
391
321
921
535
513
199
905
999
528
902
972
661
256
674
637
284
893
726
58
527
192
689
221
273
932
738
40
326
539
272
183
293
456
191
197
863
149
450
170
237
677
659
499
810
612
663
236
139
820
15
717
640
485
434
578
469
976
440
103
70
862
271
871
762
202
15
559
799
245
428
896
178
843
556
50
626
863
576
306
857
458
570
679
421
781
991
247
77
314
956
126
789
78
638
15
500
55
585
63
823
153
751
840
34
907
357
574
697
761
202
374
876
492
386
570
402
275
100
966
689
113
673
933
960
671
719
279
760
16
29
797
433
286
439
232
392
143
462
131
525
987
128
297
895
604
88
605
81
419
919
325
9
101
696
469
902
741
255
178
479
233
306
227
888
306
261
617
353
545
382
836
719
836
536
809
591
801
925
251
634
185
653
823
853
129
599
249
413
689
658
43
760
838
412
254
447
653
458
907
331
419
818
768
443
596
200
131
808
1
103
377
665
595
656
46
142
575
121
329
194
398
74
758
988
246
849
466
978
812
260
547
641
967
62
776
918
424
273
827
631
705
216
263
885
953
119
674
136
88
870
906
548
782
731
872
179
549
733
409
298
564
648
483
609
258
179
678
357
806
828
320
157
121
436
866
733
999
634
404
400
870
582
195
530
874
803
275
489
507
6
916
778
18
21
398
320
72
232
268
712
577
995
570
400
321
359
294
534
546
640
332
62
850
763
343
563
240
784
774
746
127
180
154
155
789
301
674
734
428
923
261
579
586
207
318
579
16
935
588
847
195
991
855
126
617
133
651
505
34
549
853
41
214
377
181
260
625
174
69
450
975
758
40
747
475
52
46
474
932
932
366
992
35
992
651
755
316
15
526
597
76
685
550
375
966
68
567
261
849
952
957
147
740
412
625
274
741
632
976
489
875
464
162
568
268
388
270
613
490
247
156
387
130
533
781
361
15
455
26
852
613
880
705
656
53
369
4
173
831
292
332
377
643
302
275
220
671
113
231
122
139
725
987
479
882
768
433
268
406
23
765
75
722
440
282
470
744
219
579
157
865
485
896
496
754
199
230
155
742
970
237
681
241
10
232
425
204
641
823
942
304
445
579
124
762
141
593
570
845
309
526
623
328
205
975
472
603
863
298
593
793
425
964
280
107
107
240
581
450
762
252
809
330
319
247
418
251
42
152
816
643
511
721
337
516
646
968
141
12
739
713
638
863
958
700
642
385
743
771
609
250
825
714
969
890
908
823
262
486
279
810
129
427
676
180
972
737
143
437
80
863
428
24
950
676
236
780
635
417
190
613
411
938
903
895
312
82
792
218
674
969
552
180
496
582
370
248
762
191
880
614
239
601
502
507
419
261
548
66
346
933
394
234
808
905
599
728
954
890
708
48
853
443
253
722
783
723
177
388
923
480
563
112
626
462
768
951
96
775
960
137
45
963
552
133
131
917
323
852
741
970
619
24
550
762
869
539
3
9
271
710
418
83
804
569
139
234
970
750
581
283
205
976
641
10
215
640
96
962
32
853
368
128
179
150
823
837
833
561
926
534
924
848
736
352
107
700
528
34
546
306
842
127
81
830
207
434
974
108
858
105
982
221
327
543
884
86
232
613
470
571
184
673
273
880
104
859
580
82
592
461
433
889
976
600
900
405
85
598
261
954
24
476
185
965
828
566
124
527
184
483
180
878
872
638
674
312
151
993
808
568
489
372
203
84
573
263
243
920
47
124
163
40
197
645
96
97
582
222
689
646
586
772
720
665
747
471
869
81
417
717
226
490
875
914
960
965
526
680
446
321
105
449
782
449
987
440
995
452
987
121
507
533
267
947
420
115
247
760
325
159
157
272
248
782
401
274
338
489
928
801
715
333
945
202
717
714
346
225
629
415
889
911
326
910
585
305
633
699
470
916
424
382
492
273
976
877
166
934
815
258
797
424
251
559
683
748
265
689
768
373
901
828
263
352
880
898
813
145
409
475
31
264
231
127
447
749
114
100
42
680
435
329
783
541
823
197
727
583
540
162
913
349
837
16
332
921
431
52
563
367
991
540
585
298
749
838
574
558
467
10
932
337
605
764
863
893
227
756
526
218
258
591
857
440
116
392
180
160
36
413
972
279
278
232
295
9
149
737
836
740
249
107
190
991
507
632
176
880
650
630
264
472
410
331
62
544
966
739
183
734
449
272
868
329
531
148
847
240
102
913
301
905
533
510
61
260
601
443
402
834
757
891
754
313
793
605
775
619
13
120
199
445
607
861
251
350
304
948
672
729
368
311
384
576
635
70
521
646
847
84
714
740
595
697
42
617
670
938
447
848
319
234
558
759
932
157
492
116
78
258
998
36
655
832
19
652
369
119
146
190
943
501
442
578
759
117
54
207
907
578
473
157
105
663
609
584
130
98
390
217
364
23
943
387
189
513
177
559
762
55
267
948
700
173
491
944
541
541
515
638
22
173
604
534
605
102
970
136
473
61
114
251
308
774
980
138
256
412
731
631
40
738
926
64
214
68
659
781
582
681
590
86
77
407
573
162
197
396
434
892
345
830
192
224
964
757
661
647
517
271
285
702
432
901
582
516
211
919
754
686
550
271
250
810
217
928
289
304
359
805
911
116
315
580
23
454
13
153
93
20
283
566
860
220
100
841
36
86
154
756
435
559
960
5
272
691
440
163
716
399
73
546
545
455
224
966
689
282
972
250
70
694
706
547
876
624
822
291
452
436
835
494
741
818
205
173
647
748
276
828
878
971
525
112
843
130
989
143
518
35
848
177
613
174
434
741
737
989
817
837
323
409
4
768
13
156
351
126
348
848
79
720
774
490
345
110
715
90
225
634
932
549
162
872
633
805
850
434
480
464
268
943
893
496
521
73
434
993
805
692
986
455
629
586
44
238
952
147
444
960
376
822
231
180
10
457
790
880
581
968
745
78
886
381
966
175
668
116
157
659
983
23
217
645
194
39
534
457
547
148
244
446
933
63
247
880
785
665
270
899
737
46
570
479
831
183
270
959
416
593
904
319
372
174
834
544
465
308
489
605
661
163
689
189
684
463
346
625
69
170
562
831
236
306
767
912
502
126
708
341
636
153
974
826
450
159
370
172
183
542
924
793
367
567
174
61
418
994
941
872
470
948
53
337
938
944
565
657
342
879
304
136
640
843
381
576
899
243
114
157
722
8
630
159
433
674
647
251
738
265
427
18
828
816
100
528
456
674
411
679
215
572
539
134
130
268
803
258
585
636
942
545
792
888
860
828
926
778
18
100
729
24
605
819
320
334
66
361
622
443
82
333
470
296
239
932
424
906
173
607
503
965
662
743
1000
631
486
652
779
62
531
581
972
810
663
536
160
886
788
435
416
868
16
629
676
441
639
930
288
717
99
747
452
891
814
995
762
377
617
77
82
708
46
720
641
551
172
446
30
32
365
752
263
313
32
515
933
710
597
408
280
333
977
562
98
349
711
436
531
516
482
432
9
224
991
433
246
714
166
883
441
424
184
794
462
1
127
100
586
639
491
618
565
372
662
501
753
854
447
548
169
599
817
193
469
623
542
880
619
515
337
747
235
235
18
735
566
505
96
280
179
473
669
405
91
891
508
443
956
669
403
126
733
881
179
285
147
805
117
508
466
654
766
669
743
870
638
155
904
408
392
200
446
314
310
118
18
115
897
232
545
600
4
251
220
211
499
323
405
416
932
344
794
768
680
665
238
599
418
752
906
419
35
66
362
755
905
385
569
867
177
905
553
903
8
581
474
852
486
858
787
275
753
195
231
588
549
106
598
603
646
789
70
639
581
750
9
407
149
672
180
561
421
177
64
887
646
489
578
33
692
164
486
717
825
478
281
570
306
709
271
258
883
946
194
593
9
167
103
955
940
712
944
680
303
740
694
906
949
446
656
466
580
440
800
149
84
315
663
808
27
13
176
720
78
345
69
942
819
141
458
225
815
46
840
305
41
686
454
494
966
849
702
345
396
693
274
310
833
416
44
151
929
814
56
236
965
772
191
339
333
263
588
684
665
436
177
580
638
181
758
732
440
955
33
305
487
64
850
774
770
476
440
961
176
58
932
756
220
979
635
251
273
822
475
350
785
755
325
408
33
187
392
877
690
873
875
96
822
553
234
648
466
269
392
765
555
658
29
734
366
585
699
111
496
427
916
429
605
378
490
363
338
321
714
155
766
630
953
668
145
421
56
232
177
769
118
376
454
341
510
80
526
360
444
587
392
660
406
610
297
926
805
188
328
980
751
536
760
418
73
783
576
856
495
103
919
907
836
6
683
568
911
785
502
506
450
278
76
848
555
912
554
896
159
185
872
875
798
894
871
673
853
309
526
801
30
1000
966
991
646
350
122
586
923
717
494
666
224
270
8
924
644
759
682
260
819
659
420
733
345
835
78
296
427
462
206
499
772
623
466
329
195
564
447
823
537
105
237
106
381
90
113
118
277
913
724
361
425
714
810
639
236
47
913
971
890
620
299
88
978
966
510
574
933
150
342
596
386
570
187
829
761
61
175
340
741
252
454
569
967
623
440
601
578
10
628
296
403
71
647
953
226
896
10
507
987
641
889
401
473
22
410
9
555
611
447
110
759
964
700
514
946
173
305
273
561
380
410
231
872
378
922
905
392
1000
262
697
40
827
754
231
504
742
986
107
747
80
381
837
475
195
943
673
629
340
433
848
125
383
797
848
690
39
94
449
645
721
865
367
853
560
396
390
904
981
478
441
171
635
82
363
4
154
232
228
509
961
366
2
399
643
286
186
310
231
377
512
758
608
85
434
688
369
190
972
971
972
923
351
51
834
413
609
683
733
866
948
201
918
45
565
830
684
183
276
434
858
462
724
398
15
888
745
338
680
338
48
138
78
666
155
691
258
640
916
271
894
470
496
206
856
437
510
799
103
856
165
498
664
521
930
578
363
766
816
793
543
298
569
654
449
583
416
933
971
276
904
920
927
599
638
274
967
730
134
87
113
622
233
411
24
651
159
559
519
198
326
174
833
660
331
508
985
210
917
591
897
111
123
838
252
967
232
980
857
462
798
76
710
935
747
765
516
903
659
921
389
225
956
737
460
879
782
999
489
916
675
664
335
80
488
530
703
734
891
36
557
969
609
822
258
990
918
130
664
549
681
899
197
769
671
748
535
310
69
698
764
280
962
85
541
706
105
702
31
933
762
113
939
645
16
296
488
513
894
194
571
419
830
613
937
840
633
653
211
298
793
1
23
959
782
923
649
954
125
482
782
520
865
179
944
998
307
333
451
664
314
49
180
338
446
549
673
199
284
897
194
776
247
804
728
254
58
428
943
243
34
536
611
904
609
589
664
962
650
661
717
155
239
702
439
118
211
530
883
613
390
489
361
970
513
455
170
558
694
796
192
655
737
996
759
817
280
836
515
24
128
673
646
576
175
544
641
775
912
723
547
326
206
421
530
127
620
961
873
338
603
386
309
733
14
899
76
507
456
828
999
543
622
628
338
795
636
911
877
796
155
732
183
865
460
257
194
808
711
870
819
741
300
880
550
699
471
692
263
779
289
617
751
942
225
644
1
526
376
346
293
673
803
145
777
25
715
274
842
682
781
898
966
438
136
245
393
702
710
717
896
822
293
690
660
607
243
997
462
563
547
811
802
622
415
33
357
548
367
248
473
993
609
995
910
582
860
987
720
55
805
899
702
727
904
692
972
419
597
754
82
607
932
944
39
839
914
396
399
820
622
272
188
658
799
652
942
60
232
201
593
741
508
829
294
769
574
562
427
492
431
971
435
419
366
100
280
709
178
817
985
4
323
702
988
786
945
282
773
436
273
533
442
858
602
425
646
322
716
706
865
606
989
848
288
203
812
111
964
90
213
889
758
338
207
209
179
771
539
878
258
546
263
881
750
39
864
894
944
179
605
126
548
232
593
79
453
161
720
254
774
685
431
933
991
664
315
453
160
197
15
465
767
239
165
543
944
454
97
629
138
726
235
185
873
833
404
961
314
8
5
321
979
590
117
362
12
729
538
85
991
901
100
74
369
359
652
515
162
279
166
838
963
460
234
133
683
496
759
297
270
250
422
402
166
48
1000
809
502
37
471
945
31
37
29
487
643
221
597
905
748
556
328
621
613
165
965
612
480
105
607
859
412
648
889
610
136
899
501
711
811
497
139
26
603
413
535
763
300
731
381
920
660
468
787
636
276
62
773
668
680
622
146
982
682
795
291
645
289
715
455
25
479
333
49
285
672
323
829
997
504
581
998
483
984
615
207
80
300
84
321
935
110
341
939
13
309
271
499
893
954
127
491
851
481
717
832
590
610
577
933
772
779
569
780
509
829
570
898
352
957
662
145
8
491
425
473
732
963
91
430
987
230
309
55
1
634
69
532
530
154
394
385
924
853
221
656
905
332
813
218
960
879
755
619
412
566
239
353
934
737
774
683
649
621
322
464
854
207
874
247
284
647
400
302
402
902
306
817
607
15
578
238
459
916
462
117
116
746
77
460
675
211
878
267
592
727
326
194
349
729
744
925
123
404
578
482
651
13
356
29
204
83
706
18
910
405
889
365
883
647
761
488
476
939
496
535
253
151
837
728
96
476
982
57
757
116
679
33
636
957
178
510
424
209
808
401
439
617
969
887
876
489
819
72
437
235
699
170
969
435
63
370
397
430
867
109
291
98
51
793
116
85
663
943
692
598
195
612
721
872
856
410
112
962
677
348
415
601
442
925
143
312
229
205
848
495
126
121
475
783
324
435
338
720
762
755
257
318
133
847
90
829
312
850
782
526
224
235
886
609
936
881
894
942
333
503
398
786
123
772
827
638
105
829
117
903
730
877
40
682
768
992
971
296
129
714
630
513
154
889
486
456
338
677
155
825
853
429
332
100
40
458
432
375
221
823
907
589
962
663
149
437
491
164
450
55
614
442
653
933
283
865
507
640
170
460
187
148
576
602
620
170
897
995
755
479
80
880
433
222
197
729
953
312
348
295
288
12
9
366
947
292
977
632
928
228
938
384
774
237
230
137
932
66
122
869
717
764
819
680
98
498
424
958
303
841
707
196
672
5
807
541
100
962
828
134
19
274
334
527
830
806
239
972
925
758
868
500
828
40
951
440
458
443
57
349
156
388
843
555
250
894
250
823
121
314
15
951
680
86
126
714
678
433
99
97
652
436
470
574
149
777
254
835
79
942
145
881
569
185
535
783
876
158
976
112
85
400
235
723
625
798
994
588
300
329
33
214
585
16
340
830
231
722
926
500
376
188
935
328
339
720
605
117
383
941
2
253
264
718
63
964
227
943
100
172
463
77
136
295
523
272
130
212
806
175
771
454
335
804
901
64
817
962
757
662
145
779
257
137
274
854
582
205
886
550
248
638
727
804
601
994
858
71
949
90
355
200
134
985
35
366
151
459
78
600
732
431
436
510
738
439
939
440
142
939
720
180
781
82
258
535
609
944
346
520
155
938
226
834
393
74
140
578
718
96
922
931
177
346
573
98
437
641
966
201
168
701
315
280
930
724
787
542
593
288
943
733
607
477
551
975
485
447
174
427
132
552
525
458
847
161
236
407
833
479
57
335
880
88
622
754
130
793
696
7
398
130
526
777
889
811
693
883
817
799
920
840
612
920
255
360
874
759
607
699
995
541
559
231
167
332
771
792
52
922
678
780
898
458
237
75
47
669
197
543
942
780
887
128
645
611
879
40
601
30
981
566
670
573
402
185
193
637
435
42
58
167
979
702
891
398
906
785
863
129
924
759
630
23
870
30
19
699
287
470
180
469
907
452
792
353
982
636
406
98
660
191
55
321
44
687
888
801
735
908
122
314
321
979
487
486
494
116
391
224
569
435
612
173
688
694
2
496
454
64
734
52
932
253
143
433
84
673
902
87
309
933
78
841
876
207
856
501
675
644
865
993
223
69
786
402
916
910
375
816
577
303
732
616
67
413
607
324
896
900
789
994
241
149
817
353
170
922
540
810
943
489
806
166
789
625
997
86
112
412
681
279
7
438
30
310
878
264
536
866
967
284
23
460
460
123
473
676
297
212
940
626
177
327
165
375
288
129
309
207
475
4
444
526
446
542
23
60
586
225
420
896
933
597
691
819
22
561
520
388
995
656
549
251
395
431
834
705
502
305
160
7
784
760
521
199
117
610
562
96
198
664
193
2
345
964
733
553
216
297
781
180
312
571
158
546
667
672
782
8
477
614
735
715
929
561
510
769
130
795
200
211
602
224
728
464
290
222
292
600
668
702
703
837
577
498
315
300
858
910
429
349
596
583
421
932
748
637
443
624
241
271
562
290
123
222
223
905
949
668
841
68
536
520
741
558
638
408
20
325
214
636
424
214
641
905
967
133
609
138
89
525
561
782
340
630
539
313
49
903
913
8
640
338
574
359
327
728
526
133
453
147
513
110
341
989
208
557
990
352
717
394
879
141
896
655
980
710
216
404
691
913
894
470
427
986
336
778
113
275
596
970
625
599
38
955
664
198
581
343
324
298
126
414
719
805
513
762
835
466
615
337
962
893
22
717
406
210
497
224
883
758
52
866
273
269
272
819
186
950
813
485
743
847
559
974
283
708
496
139
977
269
338
793
407
538
60
932
788
490
714
569
580
214
52
787
136
150
276
697
580
942
648
946
908
760
932
980
993
708
301
803
889
726
216
253
640
99
78
448
580
823
21
489
367
845
329
695
816
796
828
774
914
92
638
467
345
214
576
904
852
450
47
934
178
558
969
815
317
376
753
165
16
661
127
722
157
810
275
225
121
110
835
886
652
987
927
456
813
47
841
423
751
24
643
879
961
215
625
740
446
462
136
847
552
591
966
917
357
71
611
469
178
806
776
113
377
392
492
550
394
369
605
940
325
68
45
161
189
780
665
105
378
688
521
990
993
405
295
242
489
938
152
239
307
789
384
263
46
332
322
495
920
335
283
266
409
86
599
854
49
928
378
827
925
879
686
657
313
280
89
274
189
374
496
672
489
460
828
308
280
267
318
13
456
603
194
227
632
830
110
320
238
368
892
845
423
641
873
588
446
900
172
283
898
833
775
646
356
697
454
153
310
573
791
670
824
754
374
229
618
726
787
873
995
433
47
368
609
117
757
868
731
247
213
253
254
903
476
63
567
397
507
290
429
850
805
319
489
745
321
175
574
612
475
315
354
487
793
110
36
222
578
763
748
508
282
255
97
298
156
895
928
464
301
162
607
711
143
345
558
529
532
750
494
867
143
4
387
758
246
728
283
912
829
375
128
232
630
352
4
484
660
573
584
431
486
407
837
315
648
543
112
620
723
823
808
435
25
582
699
757
427
69
379
526
951
491
3
327
409
745
77
630
758
658
912
784
54
361
450
143
394
319
644
51
73
603
920
414
274
108
663
357
609
380
780
338
81
343
558
732
64
452
490
77
408
963
891
925
428
549
775
651
754
61
798
415
737
673
755
972
261
171
121
841
137
821
988
264
336
564
654
574
483
580
372
417
234
896
536
972
527
898
782
535
411
760
370
267
412
366
15
245
335
800
531
927
19
23
847
417
386
343
358
970
663
18
172
707
380
841
819
593
225
183
833
292
827
528
61
393
66
551
65
90
684
677
888
172
545
27
83
569
989
970
180
523
766
64
247
720
356
31
345
866
994
778
639
783
926
569
647
541
239
195
926
579
625
239
549
821
66
785
418
305
957
235
382
634
343
261
199
628
706
338
773
917
715
338
979
273
268
370
935
40
53
731
3
854
593
778
439
813
507
13
733
783
548
929
531
738
755
456
847
981
760
609
666
687
85
507
307
129
529
397
170
247
666
353
743
987
303
299
822
411
285
421
537
599
378
192
505
630
618
966
691
541
306
605
304
659
877
596
258
50
300
519
701
45
586
159
941
275
563
25
404
994
934
505
266
283
76
86
337
915
337
100
642
558
439
899
545
518
646
104
184
231
393
989
236
531
498
225
790
923
779
988
689
848
419
916
697
843
586
633
538
527
478
508
277
169
79
657
636
70
664
617
559
572
903
269
951
300
666
955
847
25
192
667
413
979
153
713
646
464
908
565
999
315
874
420
741
972
948
834
578
96
657
536
740
172
196
291
646
716
979
531
135
23
420
275
786
671
980
53
125
934
228
550
225
265
143
694
813
420
923
678
301
284
828
764
427
815
145
186
364
152
685
612
970
974
80
471
143
88
135
862
224
521
115
873
123
471
470
801
69
32
211
646
886
308
591
905
266
73
321
216
51
291
855
916
472
597
905
84
360
337
362
319
901
722
564
764
611
192
432
165
314
455
33
929
625
274
882
683
534
569
294
609
791
630
793
491
883
175
628
290
558
232
543
613
775
449
179
982
809
920
513
458
386
370
860
547
525
645
110
437
740
891
978
644
477
627
516
433
663
321
799
419
306
153
690
203
184
372
546
904
932
677
576
673
297
925
74
282
325
357
447
783
526
54
762
47
262
602
551
64
680
567
825
635
128
232
309
993
962
140
497
579
258
809
778
662
956
87
462
885
412
50
854
331
904
313
369
97
382
522
689
410
122
871
721
982
965
980
885
950
173
483
610
659
896
95
443
267
144
401
81
112
112
987
561
13
565
520
380
266
514
771
396
700
576
104
559
296
151
139
867
794
12
436
400
544
180
926
974
839
539
154
410
41
769
465
933
953
615
280
9
965
405
561
463
385
768
993
721
9
796
854
263
543
328
486
496
687
849
219
333
189
625
164
775
225
201
732
847
630
338
886
587
808
500
560
9
134
894
100
323
207
467
424
494
548
638
306
496
738
614
401
443
400
521
119
119
248
535
294
21
400
132
689
388
907
578
98
50
119
728
964
914
992
751
542
535
620
447
65
11
674
288
735
743
688
888
192
152
714
873
476
506
352
400
130
702
685
729
837
620
872
571
645
576
302
386
413
568
640
311
480
899
376
421
382
135
518
378
857
702
576
521
23
903
611
318
222
652
194
831
741
660
698
914
115
651
101
538
301
351
905
369
263
522
437
295
696
932
995
546
80
563
796
320
190
221
346
582
943
831
586
798
64
617
653
236
850
8
167
150
386
832
612
987
119
686
526
994
905
367
574
939
373
13
330
986
571
258
977
13
240
614
393
15
640
525
870
490
899
975
67
303
141
103
919
997
441
571
867
742
250
34
26
230
568
379
31
56
369
729
231
820
730
360
328
910
294
482
929
650
419
614
323
553
715
471
232
691
62
129
977
980
318
178
689
871
737
857
635
858
56
157
966
561
231
476
702
809
128
111
667
571
620
712
398
6
513
885
468
891
593
838
544
894
211
856
937
42
436
999
88
36
602
172
293
920
848
919
495
302
848
837
844
78
133
115
865
648
756
805
625
106
90
296
563
158
375
836
26
852
335
614
926
130
653
251
850
35
431
421
114
462
964
767
62
18
266
192
854
930
218
963
402
282
607
666
135
706
892
16
760
976
664
738
656
386
608
647
13
385
236
169
254
112
177
887
464
854
507
296
222
482
553
277
224
189
810
115
5
84
36
84
381
757
637
776
798
361
331
710
7
307
553
764
71
920
256
77
345
618
580
645
82
825
826
384
77
971
702
206
407
782
74
370
833
836
721
543
526
880
249
434
791
635
774
594
418
62
154
595
104
867
8
846
467
454
802
456
66
402
977
500
567
764
882
92
545
677
856
889
266
611
394
841
305
611
864
702
564
318
744
296
734
194
671
250
559
25
985
940
531
526
268
807
250
345
40
178
353
892
693
361
65
801
743
530
582
191
650
218
963
619
286
404
354
651
765
760
387
19
3
606
645
608
193
637
581
977
44
474
722
415
314
766
896
993
10
189
306
531
95
910
502
460
892
611
909
40
956
672
970
179
790
119
643
467
801
143
814
978
456
291
172
174
164
168
547
646
792
985
913
328
645
251
726
538
960
137
221
819
171
66
440
552
140
201
898
213
843
228
105
627
732
950
276
897
331
966
372
268
58
576
154
454
208
75
607
1000
530
919
650
489
959
635
44
549
483
703
153
82
918
255
904
931
227
376
79
954
30
211
111
630
221
498
471
645
264
810
949
549
845
239
503
324
764
194
666
169
146
717
491
911
663
940
599
907
29
233
444
783
448
897
604
658
75
180
877
302
424
884
55
46
75
76
622
914
751
456
848
590
565
265
496
95
236
522
687
809
528
613
794
249
673
610
610
425
67
386
155
741
514
759
16
674
721
573
726
741
127
589
413
755
397
933
892
508
587
309
342
865
994
713
541
441
367
820
920
992
147
315
995
514
923
513
780
934
557
888
717
571
994
796
430
899
763
478
307
200
247
195
32
107
817
593
403
131
60
838
563
896
593
265
913
54
264
910
58
315
319
738
646
91
368
511
217
161
726
419
153
924
682
77
664
920
283
837
668
725
921
790
211
106
576
412
751
450
104
713
367
46
829
449
101
367
134
284
491
906
520
889
189
879
187
978
369
641
76
952
244
61
460
642
531
221
834
102
146
162
22
331
748
760
232
70
311
234
283
360
637
425
328
645
504
235
475
700
189
121
788
995
858
73
70
44
949
314
762
668
296
226
402
479
75
655
560
681
964
864
367
898
436
642
401
199
585
64
995
888
676
790
698
585
277
323
721
362
481
628
536
544
908
479
666
909
480
803
222
677
42
441
815
937
221
186
36
489
506
224
561
948
650
36
967
953
50
82
49
172
171
823
892
791
577
40
904
372
651
557
989
336
227
31
898
144
614
218
340
217
145
333
420
184
638
645
720
814
781
149
427
510
258
814
998
987
970
734
609
243
425
948
733
626
727
989
559
94
697
392
708
561
65
393
897
949
464
536
296
666
871
288
925
318
55
172
347
666
995
966
374
518
496
85
399
121
219
122
525
127
813
888
589
709
362
356
52
863
330
290
77
753
454
93
184
847
298
299
273
418
981
56
532
937
969
244
315
40
184
864
982
113
124
952
963
472
520
95
109
963
285
367
621
762
89
946
966
561
986
53
172
533
197
577
43
774
420
499
97
814
96
863
880
430
16
89
961
349
335
471
464
387
143
1000
261
239
623
823
952
807
586
767
758
325
593
845
577
23
267
63
789
407
664
338
195
278
831
489
112
392
711
594
890
855
639
456
692
943
904
570
418
110
1
792
7
743
743
648
900
945
693
866
941
332
370
445
913
838
224
9
146
559
848
873
535
654
114
822
593
615
784
740
284
482
805
121
650
247
902
140
839
829
254
11
753
993
307
279
268
265
847
399
776
988
218
32
126
237
16
743
674
117
478
474
573
608
363
532
889
617
666
155
156
430
233
443
340
71
855
817
56
457
113
44
612
852
395
39
208
144
465
504
759
694
796
413
643
454
16
978
271
665
904
697
143
661
410
537
539
636
683
93
893
255
626
