130291311
189362404
109461241
134920783
91003397
141654800
90803278
270380012
48019587
229475639
304970213
219796620
225956335
211192642
223194221
242554553
166180601
206523738
196408530
47980788
11742271
217097342
60159578
62377674
271945420
13471050
189161903
209922443
211207439
294431692
166117086
120588162
137119657
82049911
296354227
316517208
209018322
38492028
62282611
217541147
281401411
289112380
330040582
188775374
134939343
143072595
180212683
254133823
7223693
133040298
131547656
17601168
327034400
244254683
67271264
230121222
280127695
140510559
269762079
82587026
227745333
53202430
218865533
182253283
18525092
220887582
203145397
304552419
94225594
123609627
190539346
218720062
153113433
246903660
146231749
54709598
83092864
56788779
161529363
117813568
201596869
7173202
271261146
168233166
271118426
40394171
201751160
167225589
22202926
145861339
100376728
292176225
162072529
262623101
60317284
296814461
192852069
191604830
237965365
307323999
