261651746
170651837
280122937
69882926
174392899
118413431
61540562
144727576
239930250
25173514
182014050
171280063
28141540
100103096
280844182
307386682
311557504
257371703
148971179
95051336
242835898
302908023
331187630
262716358
145984214
79436056
198338159
10781801
126528047
96530892
49239620
48039648
283722758
152072775
13844381
166728592
316069714
232451175
160602605
155375083
110905068
92714276
118831195
130702206
266188276
305218638
234666492
158127442
142736201
225990788
100196285
320973097
262325232
104518103
180358694
124197198
278038086
22070626
317260712
272067645
260582717
215647099
78618021
25642180
80327978
31882209
302928289
105756945
163983715
12230129
136499280
162415465
233244631
4328229
26873304
325930398
173157422
255503414
236808064
308203013
186051980
298161812
191514698
145358242
217115104
31910264
205831337
271284340
215487114
101571957
161132162
107601755
327820090
229160112
205893313
269864044
60727726
91666357
198740974
108185794
295484464
200495195
67410433
169347644
296718386
64244596
47383506
263235437
71323872
154195307
317429707
20378493
219835031
22561709
260058562
309933374
137904886
45113186
51380634
68797904
52712353
239384669
64636620
62508445
260264949
331599963
295810967
266191566
113692690
16895117
118510699
33368230
263478820
282424922
25589468
289267600
223960612
118674636
104057660
69683232
211794980
236749473
238278816
9460413
251707927
250388205
290856567
24180802
263377254
94784879
293425890
213480134
309121743
162412772
248553607
304425445
79571959
261845289
147893990
147694368
81276607
202194161
182921647
269442477
326612575
80313734
39810383
56208972
263741980
141285986
65240430
8422851
225980795
170463292
277880429
313467919
269523183
278050878
287395779
177081151
224226746
54142313
224041343
22278063
71149366
235098764
223492708
189062281
332604057
201536305
269410803
298670597
318701596
75744631
291360297
175526446
52889154
230946865
143046366
35736662
149965976
313265835
302429215
246094865
239558420
53821568
284567042
244033479
88975908
239087695
185144087
23865007
158337821
244874940
169435463
164278821
254428413
144685814
163119644
195921221
135995129
104417423
248302274
223917553
168733765
141160970
174991219
234056789
46411124
100499794
304819931
237763212
261617446
154977917
75679917
299639409
199179475
238327637
122212168
111956252
181459200
315883892
263181418
322155805
219130127
75226051
263271212
196986245
75537280
112996840
288266678
205842589
327087121
275704915
149945375
155172790
316538475
102769532
214630579
292197713
141184739
236509723
139904131
246249118
184067063
211350156
104916293
226668073
233854959
115500241
246623771
197315850
240274447
260013241
151023716
199865189
158180480
305954589
166624634
244062763
82457202
153025324
106811178
220335261
259759147
194109537
1270860
198782826
220519571
167710864
9400120
257301291
306943369
83025255
17777233
265417255
74871194
200161428
105834331
116169855
74068508
182406419
102301455
181817416
188667134
329789947
105635411
51795361
97725381
299487546
161017962
171582049
188661624
294916241
78012645
72839485
34596010
317688452
265069864
149270268
210533604
110432489
1265155
239671139
16042594
212384318
96792702
123366818
33443777
156227738
51207409
268097606
72550679
302810008
224312330
130949820
263575380
282595765
203553203
72600774
300796130
253568956
236429775
162360477
55411555
111411342
250658375
220722180
252100928
181915634
112258397
101039517
294389188
231625473
48359055
252376420
208295887
206706880
212497753
128594317
180744675
87781019
219325900
231394857
198372314
176615950
223962209
72271623
143132830
73573184
61470209
187788569
100518675
243544085
103159028
21074310
164736185
133897514
6509773
187444612
45095234
206844536
155784668
292682954
173213884
186122944
249885244
267080471
175053560
195313821
199975687
185868079
45106391
25688012
243561627
327193047
323054709
129348564
60524114
186224658
303518795
99114043
291676748
256296268
126058147
248048323
242606703
165399457
301659904
166260217
130230787
81749497
234721691
239963345
142316283
298476086
209820095
317992050
220990918
269757219
80724780
90186602
323511473
263477565
328119149
91099542
73452331
9007764
67049898
265606756
192399192
103317764
285877306
315055571
204749718
77314513
114559249
231972773
288194454
125614725
267259671
312981164
159115998
3479986
295534841
56383475
126721910
19500515
315491608
58145380
3352557
249602077
245120144
221366341
70212876
98822743
124351723
63183282
242951880
22978478
200345245
21939676
86521902
92988630
52477897
110444575
223029546
322541364
83433434
13041921
239265208
148045885
239287049
140559572
169652665
212775313
84782423
12068375
128451132
45662198
305900342
34037231
123661465
227825110
58014418
329399839
332491530
213237524
294037368
169192248
283074087
224986200
216068935
6891614
113654784
289140065
119054905
319858274
297108766
269715037
320995265
16901055
302486498
333142924
145472588
213605539
140732463
159835362
208974616
13868990
162447361
212114433
214445275
41971784
115735768
185892781
151782838
226689274
159926100
222867547
34794560
83032131
242730192
330912534
80116937
72057167
269070209
78461324
200644938
50498650
3597604
212062773
154235377
246123027
204607437
314982341
206371253
300774693
238363604
235095520
256939260
14026877
288169330
172575974
168676322
36358013
38992651
163924668
252558655
37662350
278599509
316380343
238757776
297415084
56797741
278789957
195805412
135416097
187387301
308810379
220123590
132276764
257115063
324944839
309274433
217756704
323237554
193357387
226788101
155899318
207760816
15909585
143553943
184082029
104622504
8537688
218535945
37736433
287100120
206511198
302392176
175698029
70412199
11157481
105173955
148910762
41084972
164101960
138406117
251149776
119705863
48062510
269120521
183898862
9984467
46018065
292146827
17370766
188984071
285139914
259636046
257709169
309143827
162900689
64303498
84021901
3338731
143961813
206847310
131989094
306698130
257545341
57540555
155479853
102922730
116708063
270113597
66580070
294860003
296670546
245808381
174958791
273344555
21215641
20997205
7774275
217089921
267884534
57011105
103285434
208281491
141429463
316828013
17837839
297070866
162057923
271308252
224133671
84907460
142269947
261788768
192095767
161494005
280711470
268197667
264247185
61090014
248719232
143227438
183895707
66328059
67024194
189422604
67767706
60209514
150964953
21364556
7573933
77189726
288116110
162151126
156911266
291386046
149844248
81797745
195572830
170526091
37708139
293589332
93201704
202121380
326553866
148717022
84476261
25263685
205553553
83687588
173389648
239183747
181300809
195211560
158708039
251981542
266971190
104423174
160714783
27896097
262627440
89790674
5994633
215408202
296574986
276504009
6123538
112997246
165807490
236238017
308226931
206900335
7858789
105262907
151031846
48763203
148917152
143020965
301055803
48289389
150091739
322531729
211532538
284527348
329265440
112515591
97233250
95600965
310108391
231722228
153553542
105250737
106291769
37372101
52308042
130931887
121544057
23191541
208250062
182743422
199135494
301300296
319190806
26060735
52648552
276847873
244763201
205990260
297653068
245350276
325393077
223449275
170839385
169079437
71215561
258178489
235879277
72970858
26833111
283926549
191140427
280692373
287116863
129716097
132763275
241409959
108865414
252561561
106838770
123222605
126622127
110661307
272717141
165021138
247697060
212931468
80599835
91987858
171071046
119822840
37769805
691269
283790822
116818605
280955531
124844235
74886457
11642376
17514555
314738534
98604088
178084186
268869760
80102576
211447474
265360926
157303140
270270505
168600358
279615143
19506800
187563333
292677556
62484807
112649325
165499375
7725867
2597667
244447546
263134129
91565002
273235296
216732241
329772444
146988692
210663599
124044189
114369327
317131475
96276106
198605168
168566884
62558638
262392219
79585516
272613710
79026801
48706498
320332867
220290405
34742289
106702792
233586181
324838066
265603711
142404878
31911424
47500446
39860753
273422369
217726768
81791660
118433105
105431815
304497956
240334538
57862789
317466798
252652425
330076644
241893318
79492348
50358158
300307709
199029612
123640420
180059954
119738019
311305525
220235374
145311173
268401796
311988726
222271569
320035897
77524424
217653766
152319364
199623709
50483272
59154926
233917480
227419210
65829431
291336890
169401202
118703931
254523152
210889332
169792218
298421359
172276756
299598657
203235680
281016746
310501472
140233311
109613627
165625509
128651569
149294578
1174109
95297819
106444625
291189281
176301674
248159485
275862966
153759228
208832495
309895315
63906149
234777711
26386817
208441043
218966983
214950418
212581616
212062623
32502957
243103959
48163100
130512417
55361271
165040922
188347348
68332984
264913471
170489258
10038806
293641415
221645519
97598267
225586776
140124626
2772739
141601328
94999614
297642538
139707861
111854455
184453949
100530836
205545367
71553041
270940519
69585260
83762771
69711004
208548498
14145722
31470577
11971428
6144812
21161818
166249756
178880338
220059460
233166577
227743617
57761650
148221519
33490255
315380290
24906472
316861200
171841654
209560028
16414539
210971922
19871806
195333446
305204273
113454573
24426591
239507969
170090296
328319687
94079820
70360918
11702931
22743593
105613612
221165720
293251975
256883710
193223244
1441664
112882852
321882350
106768695
235635637
268122900
60419888
51280582
37037280
126290038
75315308
247661120
170288158
184138891
26873663
176502314
71259190
174124338
49994404
27123669
167245234
234141438
249827110
159229249
237523053
1906131
94032950
329360519
24519607
29978955
136239253
31448972
64682234
277487065
54557011
245768580
