251152856
194383486
99767196
256380443
227942039
191346820
123711575
315051431
190201732
214074344
136044559
25284417
77531138
329675995
64871305
7408444
311886672
53113279
83622685
194297917
221242763
177281610
265527633
3966115
230332837
105153249
312816771
4913833
24700122
135736755
132599856
85513540
141590470
79648686
197154788
158366933
105998656
249607328
299209254
187983229
209096417
71013526
133978747
14206676
199582490
268227374
83509508
142984559
276505114
87177437
109586792
90480453
214218694
18436748
151995511
50454288
191604932
99245160
324586483
23298778
254485453
309494636
223595146
182109457
253227521
324462080
258256682
85757951
149146222
230663761
205601944
194443831
199638987
31600668
293543637
246794646
41643595
98567959
119222705
10150863
135887781
239674005
80699965
249873898
129714753
246412284
46472393
153329484
81323820
39438728
46221259
74855318
127722017
198869108
172302465
103250442
31139774
233259093
282514574
121715445
299974860
255497781
114120258
208687070
37669753
133248286
255566298
203304362
201974142
155743660
133952242
53419071
133311151
308475761
207869505
202496413
10880114
15441683
82523847
286428010
105303560
126369210
137336805
102753849
13262104
119531606
171595594
206758636
65110694
166575459
80923568
74238936
290177099
234550964
59250403
93150774
152839408
111346710
42007109
248425791
146527258
254726789
80345117
135487972
101859114
302394417
322266380
297996368
5992525
24023940
203883082
274067798
293848769
171758922
219032177
270003808
101703983
253126473
268110185
48268399
289112486
61535357
195024329
17238704
246664844
5014198
90330455
144899053
4017145
180515193
143866569
13301160
107201405
302368950
52164218
28421974
135165646
20215323
228415272
186970041
144270533
296093590
137843345
322854917
329274386
184319837
122534146
97629929
108403733
119217841
14318450
8147804
24475480
294713653
253906056
30088822
311585820
68744569
229698150
53162294
16359176
82711588
120736643
315792785
166502876
319739790
326219192
286663424
263380809
117329317
201784466
231381047
93674491
292411795
22853891
201347498
161469008
80146849
71081040
204656896
151662069
96774005
116014231
258421301
51627800
169312487
92168173
135104850
321690415
38804831
257709593
140613077
240658821
6471769
23425124
230409236
91894128
300686787
333273213
302604269
97142152
309061603
277145502
89386075
36315229
229108040
298537023
309674518
229467715
203273194
103042190
259322020
237618688
145060978
217832040
60508213
303812715
23094020
316787233
234489075
229752149
236178969
11514477
92228739
232181428
234871326
112946321
111185359
81780663
27428259
96726852
23192431
307845389
86952814
180700615
79619135
265229148
317268388
287995666
1994242
30315748
331164182
213028134
33321423
227483024
253334056
221917183
197841420
314324600
12337102
125626858
250969220
11246924
271340871
226913211
293534920
21731014
322983326
208879023
220180745
36878272
130851585
108896045
114608365
2845997
142682472
187315373
147289347
55708010
185549595
251203097
177200987
73321601
206478892
286293115
78812503
281880324
254293446
270594561
306298967
275455537
15605493
284326949
147976218
252689510
105532868
106192134
62607263
123430824
124119607
18141974
291079488
158029022
59749927
108960697
45389614
5391600
131497810
211218854
287175207
162534172
27434550
294917372
263399367
165997232
226981602
123320399
321259172
328720915
17174929
119933415
260852898
255341440
1621991
269245261
312953715
147691952
185730621
139267234
163718869
75115693
114790408
237203951
241461523
21333347
216344733
69251811
310529013
93770552
223114839
4368336
40384772
10585545
187038352
116269121
298566904
141063233
297832371
54020858
219203623
210833550
73523824
252586067
102686911
110657441
21213278
15638068
61217495
124220655
282768105
136886108
39411786
20469402
204358412
179724599
33179515
169986676
243003861
115432850
208007441
188322867
225667006
193762988
130134507
153879950
51670320
16577479
94038721
111239039
280286747
205565055
238154508
56770741
261662096
219863029
281803673
285172179
188267967
114291317
29734909
314238755
154962911
45802863
176262198
314891819
179618973
70660949
244945972
184985728
9987222
157408011
39990227
3409182
228233424
125012847
33178839
292803925
59154579
165306338
200849089
111377674
137849471
197982195
70286266
141028104
156011654
115410422
42994050
238032920
81840513
258254245
145889098
88597534
247032090
244057740
96267803
39063370
174057178
20634011
317207864
243488968
219258028
243886198
2594258
77596153
258080544
155444506
181855173
177682661
304739277
302667677
147592865
148195453
219120911
10132060
314983509
138786670
103041601
170953570
213356171
171154846
214748888
158960899
223372916
30897016
126904422
236635535
283234347
331010756
50840581
3665589
157443084
257653173
70903452
315454405
31927611
212758270
284008622
291622590
232693578
278186664
277806959
26529887
170432919
236623889
132188804
298486672
78666635
59671829
89277063
229396234
197046877
314393411
137727018
37336082
222899493
101089589
307526897
296310321
308104242
145187474
139705297
263765868
69737469
16497279
35149355
125460979
10694899
210983591
301289799
294012468
243313255
298472619
157848718
293466751
281065524
163891774
236700215
73974448
280868193
262593605
57878879
140539794
295117903
184274501
94722758
131564787
118610281
201675807
168975643
181337676
58014645
38761851
132575034
74165052
303859932
118461080
134210906
208329396
232620911
126944384
186349542
216618014
31818903
194644589
289795179
328535752
310904155
257009860
268863173
152539980
30610674
103154665
65886509
328089660
237212496
303515871
84184276
160707313
280920164
219753833
311943516
315894085
3760752
95370688
660611
189972076
39730555
45823033
135004735
114837304
117928275
224720845
300682616
144902663
158762560
68052581
38300296
111884441
313053972
140171196
59574740
267926818
290016306
84204081
321895447
32667721
231901983
326829034
10629073
45545447
126826289
147557683
83526273
25644369
315742031
161925156
29810443
225916283
70815998
248928520
36971788
213216474
290803242
117118118
156041875
115402328
158428667
211474025
151892515
55723351
142373632
44720354
21227145
26651428
224592078
61955880
84455893
77747997
219742415
89924827
90820596
197956613
33432020
128808660
323387619
270821502
124145098
192134278
129351455
237724319
288097321
268282215
211357908
199175787
85660021
168261663
231385876
142859399
244329679
40483042
35438878
281369226
260027564
19588450
171316072
60709174
265425798
251398097
193502665
272885345
4506343
28088489
152384676
269379336
281593245
252334985
847286
300399612
265980279
316765553
116779910
137018927
165044263
134186534
28789768
206443046
27114578
254200756
165683378
280551864
235581054
284214400
288410960
280708982
316031872
302472365
55651876
220057889
153213254
159540735
139158945
112777720
246749529
308290297
171518644
51496298
332722929
117437758
170940769
64904348
304992016
245604871
1416939
285024838
197053596
2166476
202409881
130469174
193159202
70176515
183124315
6826518
6689382
10410649
185328495
242166903
190274690
34040131
231941761
280998181
263118260
177061890
150990674
303264515
5997736
222228743
38924366
95917714
182164116
57483150
127014391
227622886
179900869
90946065
141388379
63679236
31661506
119589223
290097012
238458716
95604695
239569426
239041789
319010395
43719937
14711693
155547032
300078012
150813618
16391351
27552413
320454204
250272547
104402559
153312387
126963751
11671166
198886759
175947329
190594545
137579624
147139095
309018710
119781516
288640424
157387583
156084975
322387478
17711632
273744811
78470152
1284121
276655022
151411258
327064357
68585603
229723236
207580164
301389109
136373572
309623034
147023945
180986426
234612615
270066295
267652878
44564504
309286067
87107926
326791888
315771744
206211496
128342860
150765869
288783852
262716748
134696018
70487620
158570614
218881824
78330898
91014657
67782128
194226105
142938751
28192123
19888696
123846754
44103074
248513521
126483556
227749896
309061519
320538145
311489235
277454020
101605984
263763323
212040536
236227177
330391089
31879569
71826033
36958002
311550150
462839
299983993
174851875
325940491
62302362
201626735
282360460
281795468
46421083
138512091
102819703
73014446
26129770
16387952
17611667
215696283
316998165
25368799
263916813
9365334
159577693
75258051
257059633
289436549
57467831
159615414
151780001
16866211
168335507
196975197
251021190
332609414
300503764
147905198
32933049
86972377
309582983
147388150
143259270
139885066
226546150
311905269
48466274
332019537
312105420
130891710
20645855
243843460
259625641
19702092
203132514
210411671
178033717
196846881
95668987
181248273
205582863
129550209
100577102
220876772
203199753
217643012
238291513
131272567
286950037
35693448
44065493
61945294
265030803
292472934
67952009
49166970
31215382
213358465
248316023
109474420
169428559
238857867
141579650
242615483
305093594
43416883
93091017
271033464
115352410
257775169
180735900
60057137
265551002
62786351
318234449
86249303
301741782
247547844
18896224
163049759
291500668
12324829
93183057
246299162
247765126
73515616
291554765
96262661
74747745
163473877
124744934
272914600
251025483
232102657
42867266
128141503
60662457
185845604
302745425
227098266
244660598
288635998
225812522
127853927
10149891
279346159
56254239
264794381
328126268
194861499
302383149
182818110
113884327
187494849
300513611
103911016
69965095
65188377
236733641
57610386
297794788
319918984
174469702
67569193
230445510
239905120
68323979
63212920
152617503
232545273
68586678
234798001
126270623
153199284
123746587
117888976
55472317
254559214
22908276
7354337
318963012
92626591
147259995
121176318
95495392
98930416
316610245
149111418
326264920
194046148
169204574
62150742
300879925
5918653
290894959
249908457
257299001
45261802
79091656
269397116
226646007
75381781
302647182
27967396
242285527
108620261
287327175
225046877
315720300
165358625
87299367
248717044
327776809
175515025
220786557
283096230
5194402
26652138
165216153
271393483
120324278
110460172
102382368
322749680
98068482
76076150
49636069
59414783
57707086
157726180
63780447
6552126
154647378
266171103
155998634
190511718
186452883
66312794
286373560
221457962
297248063
233834189
196575899
291327958
307184996
65235874
197645055
76730072
61612717
194033123
86452692
174506813
128143163
306650949
320570130
201762718
45740837
313647119
313105712
203136452
116705993
25395386
262179957
44633705
144067865
46418371
322288995
254373099
118334882
188765998
153041477
328888759
223234943
315906071
117886252
303319251
102974112
309377985
71630239
255178212
178007485
120065570
57369996
147956732
298131957
28805751
125447652
74969447
246062881
69708723
57403178
122891242
275888661
133611891
264386408
114877886
252778880
298224718
19767148
109051678
54885929
74339840
151832376
214915919
196060739
71502077
280295070
132553747
302901909
131603188
147854067
321300473
39198647
138876551
158861010
208759643
276362229
135398534
248934648
25421214
261671760
120932087
12670825
20448806
154895648
208220120
308628996
139175416
119050612
174227072
84877603
312568346
240505426
243144866
145438702
238264156
279911154
171939607
103347374
167697973
206235244
212940185
79038223
56730218
49854849
233460758
312355725
23098974
268228564
73092096
273293848
101201754
241627115
273173195
305733427
270694343
138037004
226325462
201705269
119173059
188331051
141795759
157097100
269900288
195711589
28891843
104774237
270339942
227576292
289304232
224036822
141707383
163926066
286718243
282439162
10785525
146624209
40577517
80741972
309312153
314865489
60112108
103106605
210399776
19712806
108962877
48622225
260063798
84593498
280990318
159159
235847458
79744201
169969556
144022588
259943685
101603101
15916923
17366176
10134770
44443108
241297748
34619673
204712312
172989825
127055015
26025506
284240722
163611926
257490697
55521041
151748673
140518682
145824324
163393900
77859232
4164169
101854856
19577111
59466458
243286625
238582002
322052175
120114014
139472553
175907565
251853075
92407123
220781848
300881672
84775242
316397159
62454994
148310969
13004292
141990750
220699699
118624133
272008105
246749241
23246025
53462407
280075332
321271021
245240397
30115070
42580869
108779278
323128362
115065405
328440971
69659124
73319236
125566045
69261732
43269595
329578418
44713994
321163373
211628402
325553199
227845081
51909678
231207518
4110367
43734566
119056966
30225932
190710841
26279575
326121828
70794124
103879014
243403780
332088328
175663062
273101466
156314142
41637161
22124741
94664789
228183780
269571791
311537886
263376588
36316116
90017231
240172122
161558281
281523198
86170735
324416001
280833717
299103404
320885913
17399096
280690175
183742975
608725
311676830
162474868
65305585
79691079
137889734
159791409
228834960
24068360
108385000
16507988
107203029
236115126
290741134
61467187
107495621
36649200
70383375
33516222
123555225
325517250
246192031
205845794
94261678
128828362
77900865
276050689
30371332
167494352
65265860
162690637
282282980
140462700
265503158
78974010
112892467
14898416
175944943
28342840
328879306
232429798
36755482
74059466
152033367
12546062
18696388
69831236
295852253
274718947
246355425
17091850
197770529
70314419
92032004
41967259
15568328
259927687
103690655
62033358
26969719
231899905
3038839
146254832
30193487
272594998
159931183
327252544
18865149
237173709
274144980
222168958
87295967
58531764
17944565
70043754
151992727
311215438
314004869
92694172
268687668
309641436
97986922
311997904
562005
13091071
98438388
39280251
255138270
278871418
308274432
150127735
291664107
24144522
306618328
4718247
46431805
262933031
259346546
87637852
175114634
122398895
102681837
200682018
217844380
333214238
30684947
302115347
227911786
35899584
209872404
331072773
16895891
173718502
285892959
106620369
328393563
59114366
145754484
15602729
290637381
78698838
43525112
241637257
243772811
284263677
147811229
50941958
175551044
189507495
69884844
189425748
197495711
83082636
141428801
266694868
103603669
156537554
1359512
13169855
329034475
262807750
34919439
237154474
148134852
53539021
215165680
54103263
279914877
243715594
199330527
38953107
325318142
299018917
69358637
243748113
45561182
58002329
82701224
251893827
108400269
186483428
263078202
218386723
166677380
298402805
222963671
231402268
321634804
287950483
332587007
231040501
118631457
194440188
171503181
9050285
125229996
31886114
39649040
234580184
210496717
144488725
187352325
145578948
177993895
280845942
160423650
126065864
283007417
125713796
317889143
230765460
249663708
323941867
83962127
224234693
164066940
288637240
310619556
210498340
295065012
6372508
316195318
92154333
219389658
7057701
116805319
248717128
142141599
135328162
308415895
30576579
259247906
282160900
142467947
250437143
96155571
275032977
209710482
164026592
271716078
286282014
271842598
8271832
157704937
202192199
247159114
91238629
167516019
304875513
9384701
142459806
266054805
97610770
181273820
130795139
32314937
17801768
215170264
86377881
290157472
197953474
50111261
18502351
6722652
13984863
7041692
242825487
126462125
137266230
286374238
199227555
248797564
293043702
63775540
75744905
296264921
83770071
200541200
278588442
231164741
24017983
163994673
101525690
159050620
101832739
101630450
308375701
123507431
231154755
218996495
127748135
145612853
290981485
51528909
17877762
88181165
55271492
68262670
187029302
264093331
170176817
52934880
148811364
192116652
314075525
184302784
11288230
286354226
177541927
99190307
268529725
250779466
129604223
161055627
1449271
194326733
177140364
326512108
89039170
274376351
62799536
227097198
184569486
75257971
166529824
36294400
69861734
275627637
123825315
283387824
67011846
52232099
220384351
91434772
307725076
164294655
177150507
46009029
81896282
145837998
234283496
299573843
171975718
107770622
97207925
184467431
144443597
39319355
140364198
77043230
295230949
207332305
137062229
92755420
95751484
174408822
150125633
223188966
91904270
19433827
145095190
183745009
181258824
33845481
54968727
269365212
248380990
7325063
196172912
134341724
22267203
90647178
9245321
190293473
277396951
137219728
211606543
297383704
75789086
148001160
259026615
188781542
122177313
207567546
265082904
164443270
11460867
155049026
156819537
224011363
118885655
292932198
5868720
200877895
305641773
317834120
286032688
114750313
107736856
247816824
127237839
128397189
159191395
19747390
274001668
66436983
149676673
251937159
192224987
455685
71752630
291405116
96146559
124268719
103746340
137901821
242628898
167919248
172724456
146415044
6275411
180795241
241314549
28426576
145673130
15856376
33229431
309361339
304853170
291797765
132320199
283599145
202033179
8413040
310725198
3089023
129835000
28191664
71238274
265759276
15655540
125912128
27855671
147877211
81455324
107260453
152052355
281923655
283624722
86813980
110980012
232955901
177670844
18827612
5841645
101626566
287503119
122294563
311897112
329021836
151694470
133919692
229088443
202588108
3273196
186214324
167203148
212637944
232018882
169301807
185714583
155591808
37575506
50606794
263525168
134745542
87252207
179178353
124724804
177390950
285529113
10074037
79640585
13531634
228108148
256013107
133077298
216798206
172641814
99803354
300579434
42005343
213985156
127388146
159910467
83296148
153290169
262079755
298921790
43259869
218238424
227297620
52473706
51668898
19203643
318371243
316116887
168842263
122699089
91832706
112383750
207126526
221833959
311158047
90781040
258400926
278736831
284715912
280501115
273603962
85528783
316403656
205982505
147421436
168449986
197620595
166119896
107927348
79638086
276454542
102259849
322080976
84805503
323051942
299393862
100806281
18581576
246181987
231532506
271672751
173990200
303875787
116382357
295599
198041738
258532180
118218638
112308396
134740437
199517054
243118779
20316181
55273480
149796770
284628982
106140641
251193490
185091988
261887578
66134839
125638351
142361292
58456875
330759234
304669169
26840083
121904702
170296350
206421595
216783471
311923358
237041989
327820462
251928670
186894294
294022846
54164050
75178583
55112676
60328471
319850479
310658880
232404617
148494347
291251403
184126885
288491226
80840399
274539380
23140457
59014070
279697703
101747322
207677308
222282588
218088314
298040247
205903748
105383459
249674017
185623882
378129
175970220
82007765
238647962
232579824
34672494
9705187
272402138
258399494
170926656
24868500
210314605
83076003
7754505
31606673
213990214
330261265
1875557
48866102
314899223
191470125
275363953
171592540
219535451
173558678
276151799
61481219
110158835
246251243
63164316
109147650
298604624
150518197
299051573
1070774
321788909
114822819
241920007
287719768
310493283
87129765
130006186
53021051
66387802
77323652
195493414
178180548
62411597
54718418
56051289
110865806
56405015
187081469
45970356
9796392
178084859
251290402
78179371
207111786
280314563
169469536
162805358
128929341
243374878
111493774
86344837
235929590
297297485
170139859
59051649
233037109
114403440
283963096
222385498
269809087
33441540
187050684
163286683
63746898
319915588
266451187
232276019
251704776
307461021
144180098
327595174
5922899
13805881
188077756
252013820
100490672
330808027
191925226
24701560
149885638
257258861
152490229
286899935
207259916
226203772
1233155
287210259
257167951
186490487
183232311
239786654
142650367
294018877
94068765
252248303
11952967
223166227
165934231
227033035
213434971
136332118
186489377
131925379
193738001
170395525
63480930
302479639
95182686
208700665
202628276
138294548
167442209
46681438
169663483
223075581
41672455
70460674
323569657
313536059
194619039
211898540
14970083
53064541
156272589
149236191
214844862
122250360
327009617
109195937
70104348
331109594
63406458
321871545
73275039
210128582
280034580
192011675
83612065
236040389
74338107
105656514
287152654
161270884
212406838
307880820
232357476
187520598
307541094
236608566
150368575
158137488
91449632
149842160
69855069
21668840
264414894
94697347
281858485
83764017
6729532
142343320
254704805
83901823
106929583
49214188
219275733
308317426
194935932
49008100
52247197
222381550
71989988
306415736
266407879
104451620
113253652
9061550
65675931
210435249
84780448
102743000
51741871
192098895
306071209
151401822
281169644
134699681
59411530
152821570
173529605
246114500
252107585
286554185
809355
81235488
115833672
52085196
66856595
186599390
220693866
160096285
191508843
107277163
181060974
97770799
127252109
31197445
57396691
286123427
139414454
296477596
140658686
270865888
307129150
113897162
157024333
217261552
285480501
299502189
324231966
173381503
63876336
246927840
52086154
119088313
116114685
160189675
277365712
261273600
297116965
65286704
122360719
23178318
74537058
176566457
319683186
132939023
264532254
20920703
291086525
77192038
167741324
36571233
326648339
150474943
77846726
217422418
198192707
76360507
295280516
285540912
1065519
97516120
129017961
32203861
165776009
300500540
25388755
245209725
92801231
282216442
108536506
246867435
332368411
257803911
20355886
3147007
56176856
244042514
218094950
276275248
94069436
58564022
286512195
331794620
84879322
7505176
97019710
149082142
180914853
6470870
156614919
287594431
32107726
214396238
274943714
2506491
255558017
38683045
157694957
165769924
246206964
238716011
197008532
248600541
48752479
33260810
95997293
1968943
173690969
162285457
81498061
222254397
206792656
102343602
47006325
304579211
160953947
208898079
134574408
194362197
332201788
328022825
279680530
138283142
312756849
73376300
51576687
176135366
146207666
201927717
149315651
180227884
259422337
235069255
9765627
5736404
722435
330083594
194752930
311393650
86286620
131818507
294120869
205285138
79566858
92702579
50803264
181557813
126695268
210854006
205838805
292611218
134958619
156854141
207586786
27321413
135940950
156329321
6551980
145008563
22124626
59836491
145008687
188464638
297991668
186542595
118783970
166553749
242845319
265151372
81363055
36739903
266295374
245816198
184683879
215491824
75897182
326272583
259972291
325460366
165035917
296933508
313520325
63831304
240347207
39200894
136553200
210003667
75001921
262863213
4428984
172522504
284064869
41107404
212716458
119838312
6227637
24949189
167907154
171699203
183695739
168101948
327956316
259291768
127399279
104496144
74556475
230643154
89304453
126684610
138551959
235658384
113613107
42251799
54301913
326767574
125994917
77136558
25327844
253581049
169818787
278978028
121407207
156737792
157148127
182377525
285825447
278016514
235905511
219461389
48246775
271544086
206289272
103555886
138168248
209861121
210274812
114744028
290198006
20293680
284383450
272407647
33824247
323935368
221898574
237527449
88358552
185449056
244368182
142739590
160927013
269923
80708826
247516761
297380671
262755857
290262890
275570461
249356667
27023219
150457544
92544047
95453470
151366150
133442195
161715030
111515028
282171556
195474042
55773547
19447809
187845718
314212073
328706409
248631057
69446488
59347575
155523275
143376991
129268672
9086969
29957622
207910461
85405593
236332671
170399042
126681532
78485178
68660680
116169638
64920291
80539016
214810317
110886367
220601622
257833972
148326492
105661107
264229083
151036893
284064207
286474179
194323328
273804358
323848637
250272640
28115569
145412994
309556591
233780237
12523701
31097561
149743600
298049820
81500260
246274034
321831268
262161676
121390696
272556757
142250327
251848948
67756743
263768806
185815467
321279573
122147636
45913105
149647904
112658271
165765881
57365982
173433630
299913229
23312321
248528569
29696228
231593667
273966817
238970904
163174811
101700495
109642135
173177059
191127031
182283986
138816434
81361648
54440134
284920398
203642787
291497322
286748311
127517754
71906719
148915378
21207841
217892974
154956773
149113827
171261033
58554884
143233236
218586126
200929713
326110053
201272060
68448287
243198236
7647869
297305868
226485689
322935655
172091061
289453280
285134045
128355661
322556107
262552492
244316400
233846962
223049037
330488830
292902882
8190938
80282881
171583624
309851734
64544172
95550863
180813320
208435714
110461321
148407942
160759524
108774861
143417962
186500929
61569677
331537249
204779281
242195074
112182711
114574850
271124833
51326373
50354069
239250063
229067293
78524495
192034137
204945433
285171322
70147254
191344933
252193334
240359585
140676427
212147621
87244644
127545697
234186161
75382439
166984900
241489504
61945822
14704175
329778114
52942547
33218186
310180926
168436405
36740383
212597976
3477709
167944051
308007112
14254933
212596850
257836989
12305592
309471341
58019959
132359268
168975478
16266847
111559568
92695816
247483419
64303146
75591731
239649607
203174503
118056423
139868848
4565173
82724841
276974911
38784384
46480352
261583724
60426523
264563054
235483356
42139647
283156080
81012253
252056797
317441648
206920416
116581851
254845162
17283884
22430561
130901090
148947590
39382846
207266270
75627534
246284091
136740047
325731889
123859185
175246122
28598947
52585642
420278
207168143
102706681
141267202
121266856
63927235
117617417
319915539
254639681
73759566
161659238
19377201
139130923
54503151
310886098
255179878
38871214
51768907
181144785
326777075
79429524
81878248
67778954
163086212
130199372
8369332
59373711
228327270
49268460
332771553
146526104
149844388
321691734
30128598
23929500
233394126
331302794
266230270
176477300
88763270
59489256
246344439
234324367
128432337
132267266
36374254
319803696
85592927
289936415
16082952
104893849
304498518
278429450
298300618
21546578
275710336
318188586
159720743
202342427
250957208
208029155
39891522
132973482
73455941
143129172
319840431
51923159
317866799
254126153
83952120
239333125
200675059
88422118
172808737
253137995
316172822
185888659
109571084
128737135
313203277
37268026
311155753
225001957
65143729
51857675
187652133
13238700
185308467
214727074
70918225
280885207
52509264
146503706
164275665
99709229
89251002
128231121
223588109
247902777
110556805
248952881
232488052
91656391
77707428
163348030
220988081
184155318
36307645
317367763
273783816
146897153
74895546
263911124
193925583
58343245
314345018
48469359
105277846
274488771
175894867
155761708
201129467
134132993
6704256
34699134
282053574
56857551
44683903
316289269
54885433
208498179
321723024
40128477
257924882
169956306
167520814
160394815
200984364
38181518
160526318
133023663
299744310
150321569
76779902
6954815
153226077
271739133
314216749
315248910
291886858
315498971
18830940
182830112
257265448
319785778
247000893
131741793
55579108
298748869
229113170
143484138
10167672
16356098
40100853
262925498
133422007
238291059
79594804
41006681
127803740
19119512
81562162
250510445
17960773
259770970
242743438
236583094
218752454
278958310
264479693
148240482
97690296
94585778
79587267
110003809
116664248
317303758
64617820
82410921
124109112
259026332
225655581
297850685
330974702
142824219
23356882
143056584
41538519
102369653
258912303
192652106
106422622
291659778
189827108
62980686
205074652
12598917
97329746
236089604
42999572
216709625
81017610
277359380
76004054
301603709
190455783
294732332
178946794
129908229
210106301
305903155
323840386
49884195
76710512
167165505
200750909
248633150
324040334
90724417
265290058
143204974
55660261
34558735
77698910
163892602
175438500
239725273
268546821
287591194
183310108
197503716
251803800
37563427
212714822
54746591
24481740
152011667
316124594
212492834
321986685
203710981
303660996
256410182
239595585
313423461
122851911
193811463
139468818
57418530
104398177
3557215
34162030
311273269
267365629
291660540
12929060
250405641
73778361
31316730
221169242
95028749
189874261
10442170
89021918
299107896
67724535
296962330
168632839
195883067
119135909
262903151
295603847
48069394
208228915
160906787
205817396
43118399
78473510
198980842
6541526
211232837
144715070
195273824
66563885
176532507
119186736
71395894
102188957
204269400
218077173
14777222
212099111
295100990
90736930
294574556
216658198
136615043
211277587
282272436
277867579
155209466
327106161
290318818
217903026
198823896
211125688
109442237
300051577
29012148
91945586
204298587
249148962
96473647
178932700
306069093
271841356
81807806
187299703
192729440
82677114
171102835
114438859
148986881
281496022
283943292
9303285
6303978
176596148
158394253
252332145
283266184
107343267
248715853
26990457
317482830
24806682
223514837
71942498
142751194
231374343
172710745
322859657
4516427
162834149
195322628
39473150
223553768
136331598
290241808
315218434
313478630
70976143
197164257
233940789
263122096
111440449
15833692
38881976
5864422
178688253
96058359
202013390
49879596
134923121
328321281
237607420
52950721
272654982
279308975
228970250
214555382
178873911
307409548
11659029
64800362
287970513
80754855
269475452
139543851
52088462
212119293
131294363
188900813
240694839
38661258
174202722
95938342
281117435
330694545
167956819
192373728
308703784
68584954
104267276
276332923
239504855
320978149
157939501
200440129
199876491
147747877
7998725
49006161
85011084
293619965
34591914
193873566
70195326
323719695
60883342
87370596
272955604
298599376
287740607
58934869
281183307
81988689
225002682
191146041
327608882
229014304
299472889
235357569
205108004
20934261
162869832
58889527
312311210
322970116
314263624
147266744
102135811
322054182
70574577
110550499
293072361
324773373
58210944
82162164
247236170
317426220
244910173
12946762
134197161
11687162
153714796
186831240
327986089
234654138
47882236
200509421
112130763
288830006
215596746
168805067
275418767
121419800
314131845
55479599
214748115
47324645
190810804
157761638
260240814
201214388
6869513
190459922
71358778
135508716
217460414
27827870
9943958
15589926
58015196
325930206
56443762
243770880
138045542
170359070
458434
184259296
36862720
199942798
282142601
132619099
250174322
20430237
327295728
90660294
7015995
125829516
92345519
302152810
89257369
261811092
55690622
81779369
330432658
318847098
175468558
217492745
213865598
287903121
288034662
46895796
155873633
323408522
170180334
254409626
52102758
318826023
211321954
221705459
71521791
227550614
123837797
299219715
46713396
17267893
119379941
36354387
52090999
321990930
273391104
256601301
21106041
120908862
85080866
155974003
30080450
249933366
198300779
103527383
157231304
263277630
6870121
115631016
115199613
271345700
303550254
279112630
81727743
104323264
221512180
151452619
33089244
232148836
219834751
193135504
106825769
32181194
265776520
100603455
248824264
46803379
138064583
314823947
218228382
320898416
146258173
247537111
159841445
99939223
60519647
247105634
199073569
225903793
297323159
182577055
53615966
258631478
196244702
121234388
128048252
270336769
176179404
46761363
61856903
277053898
204428659
296453799
310866367
120443758
215097889
80626425
224047397
94720424
65376327
61085133
47225656
30891008
122701968
233909301
287520804
84440785
324803780
302939272
33248051
106966946
109801086
135784112
158695474
87032969
42776161
292939898
224242545
228640710
309260477
170396928
172976540
114018986
113494363
146268657
7695389
37045883
132647632
147865029
144588638
258755814
190434526
313267196
317227915
190193950
195984732
226579028
13238805
218392456
73495321
310041278
130265774
90603156
16311387
125346176
46278848
142221941
59682303
148167335
149398726
171764772
52805603
85374544
332181968
300222140
232402628
199512622
252982134
149878725
53475076
133949697
65618259
210730641
210131960
277327591
25850083
236143180
91419112
62450422
238306968
177221078
62151638
132764739
110866753
65586260
132067823
332422606
237608166
152366444
245970189
166611027
142979122
290243297
132066062
193071283
144592647
20076173
38889832
186066210
95877032
68779452
288787836
101535722
105460761
183529806
323611175
232637757
35101002
223158958
76634939
306407185
100070563
159711772
4348294
194745960
102557910
178082209
172429031
40836283
129611833
65132869
30467501
165231390
45178949
76590506
87663113
293982060
93984630
227554441
205568967
168926407
244064543
154365990
27678109
246221670
330767966
166022956
234765198
320196632
101073191
48781431
143118969
215881876
50325508
329930497
257223858
250135901
281292317
300731461
299197326
315533656
249921233
52686457
12628517
201580803
67492591
144934138
230954977
41511851
259372899
21474776
90032321
229766087
170922961
259161497
30507380
275216660
100073023
236682193
61915169
274807712
205175196
183285793
32903490
198297885
73669722
260360124
134521074
172784137
127291061
19690853
141134812
284138985
226497737
84244403
293554961
26738843
202183979
118861743
192883740
88620151
212775981
181958293
8941318
147602738
139981929
284981472
293956017
111808816
193716504
82941348
291604393
303233552
132310554
210987529
130522722
78594880
96143540
244276074
156313884
149163753
176374506
96159983
297354601
175754690
255331917
332027679
57783250
253335341
266906735
24644242
302592651
5607212
101217320
201014467
13511092
57207485
39975076
2932349
227281553
68611904
164485331
46483942
315084039
1960100
207958756
79534220
135554470
223256769
2262108
42463450
41431562
16817211
137051543
91810239
255070442
179648592
185379690
119198710
262389866
1306889
91717701
186567713
195922815
267062026
191518679
178232435
166554530
52529650
169069229
34244199
191839387
146611985
166421502
304899614
216729595
102059471
318009790
156528766
203609615
49515722
324910505
181409226
95108020
178224829
31612824
257682105
252436208
59029554
243206671
287691347
206163445
147422576
964102
310917178
309977767
310779111
160101068
107481972
76421209
179856756
300642138
291492253
179557327
260276633
70194395
101861125
5588104
141179122
34207376
166748588
193839995
262003638
256233617
22652059
316325080
1530128
320885377
241025067
5058980
34970975
263425428
230452991
152067757
68206487
245346542
213506024
112240378
331876099
65717525
115270581
53263680
287587640
39476549
167301269
183683843
92199384
176957499
56599519
98444269
108010103
310702981
218686479
54127325
284988025
204120914
96471895
46537286
39487986
321954042
171835381
112874967
203210715
143992364
1788338
44256893
302422503
169680652
66781037
246216667
111921435
194938955
29249958
62106273
19334319
155002327
81005874
70931195
271911849
310800511
139224855
278344108
72983353
92502415
74101555
96438776
114448926
306934026
261988327
151874816
301557969
268593526
158690763
301708702
220944506
193991544
61193322
279199611
145386888
271891924
139003986
53029098
247100503
220846843
157877292
124872613
137074853
325602911
78337746
245168572
107850336
120975011
290094445
16128428
192010793
149462489
54491746
240628030
213657384
159707831
276579598
323216874
271690071
26325892
292606292
157350839
158354186
116309623
100046386
70557560
312141162
32334536
186055345
278679014
232218364
265553099
260454349
53052126
14382826
27800702
6770618
25450268
15461244
327888148
203280056
117965638
295000613
295190862
132524933
73682400
7303380
126973523
324855668
66510821
290334637
47892784
202423777
25083727
149796948
149304252
133823318
246970906
228179765
196667227
1757792
259722153
242654417
198630261
243881387
115782258
266172752
287919284
133562580
106383933
255866847
271392047
300188862
136630073
55697620
165411861
93772866
224981081
244192666
141479523
192403809
248716011
243237131
82681796
214774102
192874903
251952436
154991088
57278624
73690161
81508836
288547209
56046007
148505507
224555894
98554282
91000995
65653036
146306103
220670490
157539102
239168181
218947573
270018303
64171778
190963284
58126234
326314709
120577619
154254833
16381599
71420646
42581088
228589355
37426775
46041399
124007088
183036324
279002686
94389051
257921212
137801262
206339943
324748648
115789366
64548996
280637308
61283164
148721724
220570563
115526064
261054513
114283637
231959784
111297630
100312174
252187609
34473609
189630370
204029720
135422581
267216962
39594364
170033932
285646321
154353061
179596537
166529018
62534226
194710164
21250937
198388389
82233925
143987432
216882316
60358310
62951690
45597053
196108944
11037305
27308665
61341668
235956865
48431785
133160043
196678984
54447652
182329092
53977640
258764847
71541842
243015086
328208091
107499648
159026251
226380561
257995150
56813145
122943874
63234635
328494704
317933784
226382476
196985514
112115204
31993676
8849585
298941906
172264978
205366527
132703608
145032038
155247662
55600498
254280523
151990818
222210587
279814766
169150391
332125090
282325195
196007026
189208616
226006090
40499800
307965986
96226844
57667977
279113606
283878565
26783795
29291839
35743904
73294572
92967984
21555483
27140828
18727595
204600465
176600619
180067290
106337601
106371974
90654205
90986582
162259317
329591968
156347705
9067040
62340480
40316387
239553515
180330793
57333664
231562877
266006733
307786554
178539783
240865437
307051295
55968008
42103653
318619670
128276747
108904410
176154357
216074380
190320898
169647903
220806753
21363697
328272923
41890191
258470955
213177707
51643823
31815208
188791677
95409177
87591234
327662326
195049878
21680503
42341671
213892037
141230222
60991703
324841539
198065351
67263828
131367191
114547340
309004852
227399830
282915678
145065809
125254449
195940405
287820717
235932302
317567410
14042387
250966511
94743440
203680087
282544265
72840105
302344671
257283698
67678130
107523982
90492057
249924141
191657973
317480579
319539942
234652652
308115115
325624410
22466470
315287289
297837107
108193687
113392464
172604589
200405775
248902165
62626393
191760768
250974621
55161996
242504677
318499967
136823652
169111431
262441742
109877835
137300712
290388419
304770902
58933871
5242719
30382146
22927160
273360769
101762984
36343622
83538705
29181289
180457604
15488770
171619014
194531369
180692899
224858777
91500236
318517453
1092276
246512123
123062262
224902959
149961622
300494771
79689566
133605060
109909085
90627088
252882822
253577489
22900670
130395537
169618309
318373474
274227187
218506508
331510842
303810641
179194803
165726623
54131616
181473797
198734729
119421977
309141481
135838039
159338946
176587600
141452734
244467748
277311476
154646836
113176325
232691185
22136126
322005136
166985093
209548985
44231315
109368902
25300615
172107083
107762662
8656900
253832344
181911007
160457948
71312854
325056823
90657176
119725100
109112492
216777425
108103207
259735499
65865839
181805941
240826251
235027413
123070690
227613883
313617695
271958604
246998865
165347848
210536799
102065074
106913178
180055827
125549834
302292317
310490256
328165361
121340847
319458871
162224459
240042142
285256098
71497099
56940411
152612823
147750036
282624066
110414272
10238434
329740151
21378956
225424737
197909073
317088861
99260729
79385080
77749009
13792396
97607124
286077641
204321736
318535080
145912328
72092318
103777611
110358918
48299920
313515403
301811228
237608358
299531961
15199826
89930213
62276900
240090549
100982579
98321627
106364026
257874034
132430296
113882974
212226316
273740484
97800198
119567714
240032108
40416883
62022196
95681182
275245842
67409025
113079884
327547501
1359689
171470154
171995460
287925048
44283419
290517952
331832505
15866308
158509055
34040575
187150281
317202314
68167414
151603702
297507578
205866956
186909366
267932407
3958000
117874735
85791913
286632783
205621617
134396671
220248081
227173775
38778690
204674740
309313813
33886486
41202625
113879169
179858376
306153064
47884419
61489841
267171172
33601721
89039476
258965713
271942249
261471892
204574577
2361643
200239368
252384852
286963218
253741404
1591016
156094255
196988107
227120398
176821993
228945552
104044487
30337521
219888313
112654178
251706019
217623340
74721481
64259865
255015994
213009840
298026269
205786383
217739880
174006276
264792955
216456860
138151081
80128227
4511879
140127910
129031168
302811603
296070323
63505132
226357846
59691166
261769836
174505413
314913429
102603502
261592367
274111406
217690779
320811983
245145290
328393540
202956425
306250500
161325360
50983972
264975431
240609659
35281206
202056904
19020101
42413430
89174990
274955327
330751155
122648088
222647313
260346873
17641347
186147360
145496671
197871484
217775335
168600236
102447717
257025588
148000297
279104212
239702351
190933763
99681082
92844662
302303238
269636208
16989056
111769421
322472753
83273584
7262824
175699570
133972528
263919150
263225529
94275717
147471972
190429959
267920367
274421168
89515967
190141377
851519
127042147
293493461
98331996
164259332
88156039
123685993
31608965
140047498
35558650
149756610
308608
189283295
275027342
218604008
297077552
148361935
54642136
149796261
303469164
221956663
148650424
286540169
317901638
70634453
12287580
267769074
63140922
308455694
246209689
312309345
266300096
91314309
8662393
222652550
133523882
41678496
63348542
173841166
156718952
294476873
202247167
197072278
203913878
9746026
24886589
288298267
233268945
113078938
202637929
6395596
125142690
61646532
56818218
59951469
131375210
97636624
146691074
250201633
152568582
115833269
35789277
40106005
129472405
288068931
114648939
87027564
238291166
174438488
76597544
189341545
14559632
61140922
214602699
208599946
246615164
34231986
305954864
210868562
30438101
295931150
88643445
117467485
242793936
188137820
47735789
71409462
180905815
82644733
240238655
307210309
31445796
26443500
19950586
114896148
204082358
98311996
126457413
330983924
197480540
117779481
97306447
173808347
285631884
214448911
51204157
62956583
257034735
144634597
192477920
300702633
313399772
5118897
37911261
269434126
307423153
22539604
57581269
320965683
169310097
149499106
238434202
322560
202374932
152539109
300106215
1489364
1344797
176048197
226008263
302538684
90519765
189394974
231219576
300902893
30363036
267446671
92827157
72886269
21691347
168394196
158741577
162313586
124113288
229530072
49699338
121329138
159514257
252752011
239564226
290604348
22622541
306711508
113291878
653894
50517548
153129843
45394628
60880236
87649077
114739483
134879837
278440234
275904963
211721686
285054336
48118293
127501828
182968336
253247174
241476974
242998102
251828030
77286102
222707333
90572324
133627651
139511409
158703513
180235649
270771288
164429213
126394731
229329526
311730156
265978199
310198204
322326002
5338390
266896986
228312011
54104728
100688015
157351880
293843257
158471350
46625519
7792861
116596443
71788511
319791417
255916153
24269616
116366941
62204962
128193535
58732074
13812353
213576705
241164015
6018458
100534326
46667917
332223557
221438156
227646832
324364994
236910669
82180343
157247908
237337482
77710465
241433082
146642968
297409086
160918654
135418901
84156599
253074286
330192028
173847409
220006807
68800151
172592024
297658587
207777094
332950097
223501552
187413597
188953825
98925422
62558328
312443804
221080043
32310203
182419270
208988341
145787395
107106863
267322508
327565438
162483395
133746277
265762028
203646939
72592893
166995661
212299382
118340119
307431818
83679627
50733861
90578444
78238233
303726960
270767395
147904264
101816468
137499736
16949589
277298287
25678686
222823511
297033397
298902017
289262525
278628338
93338210
60958885
142102661
99259853
249378478
9733842
98489308
329898858
28089252
314676795
46037297
197116509
229085005
18612409
312540974
115204242
34093404
165810150
331149915
219837450
230006155
141008661
200533058
65573595
249947146
174422095
17834200
192895179
294097855
89980469
272716702
56595912
131822068
188356835
77374236
62043774
112283208
245464739
294526219
18293059
157919299
267380574
182184675
129207403
50598485
86427768
86217514
239493975
242057294
191077480
139538230
135980814
228819138
295668557
20737770
4473632
146003173
63944997
99874640
156238816
284846647
172416972
324226195
153264321
224890727
4399549
260282946
45747641
245440375
271938248
178688203
309198075
332778373
235014248
139622350
248942794
137231716
198632375
124796754
89706145
223145255
34551504
36389229
246494044
29125308
90600185
330633945
217489572
216001614
246560808
26894694
116444457
286089816
213010892
209967424
81190156
88721873
168202513
193123262
243955595
273268830
61539371
48540897
208664824
135853852
178723202
298689090
46989614
24229679
56209105
183830026
98177037
173899115
15835037
286358617
162324474
6256021
105843856
219620817
48709005
324732759
191000925
196819941
93468128
304584109
29378593
316077619
181022579
201559247
144560847
241183788
48868157
302182598
157149779
128205982
122149172
171726211
173548509
261290464
303212302
113220003
28328347
203703009
273905019
42589000
13811745
125416516
242382626
183778179
235107922
303286895
264399856
123030840
244811374
320559788
132151949
203124109
35186329
238809623
270426534
196266411
277238880
309833352
210634840
70014658
306482222
262193464
304210050
37177176
269939075
253219573
15762630
985142
172630666
210085235
285025758
6960297
25014910
320980423
284059959
31869218
291676163
43048527
54304704
43796092
110731678
187667195
62058226
53587124
107954148
76494418
83144166
5789398
156755594
194115297
66095628
258147301
193077384
162065013
134807759
71834434
29794026
276601677
136333017
59370680
316236819
309601950
277438584
265256130
313557044
77658158
174500628
251743230
283394781
141219748
100555641
288288930
115791560
61937857
318369243
121559011
323323817
110872701
36979305
125855819
10472624
198736010
178308501
23669373
320384451
325291881
294743561
133119840
93861652
98421823
122628930
76657900
25201629
230756698
67209174
926700
55802079
16386663
310620611
139333442
301575443
214444627
262620971
61110444
46988516
44331758
313994851
73481762
137671821
87917921
153605303
270169245
269698400
49493166
197823134
312950548
184720981
160715553
85059142
321590893
211689495
21083541
287879344
315162076
157775864
225139475
25673472
150494897
257994362
253976381
243478188
52210408
88083921
257293643
220897908
192337752
191713252
49478253
189110391
203572269
41735830
198467582
218641166
278895704
123743096
108996890
89179660
209179933
14079180
303961057
50028966
61025972
210125694
259440722
160369609
220466663
198267938
259256252
7445202
36978524
42066456
316446509
41701797
184654481
78124512
89953415
259917400
243076641
65659795
27876002
34941384
265463819
267918538
50021990
141159088
259569464
84730239
205330163
320349687
37818223
281199434
332267663
230453656
199877302
327206483
281898483
328607750
102133232
321652242
271912620
320292092
123053600
38316029
160331613
27211681
216289190
113707055
84800298
275450088
17389195
111462360
33231730
44306208
267065757
246319915
257610013
131207004
46890077
261660073
148201571
167125533
286150466
70109696
30619467
195492937
69900060
22854535
291768379
87142304
48821783
193733927
221999884
19043693
113439954
318016977
137466493
39416722
96507634
240683858
288138442
3150172
324217997
171594690
41167296
197807487
275454551
198161494
141973971
7065412
259468209
271920664
230315170
262836222
168100597
66374210
262038046
157619181
328389165
126485782
243955989
3128201
194668729
52375459
191037914
42175002
25540053
270645972
16630373
25302051
154898799
168418527
12915649
248189093
213540590
23136475
194927053
290591184
12378654
146794787
37661946
223920975
92331775
4764072
73412320
200014070
164052044
103375011
39310364
269759695
94367010
57087157
282829126
164844303
135206161
244000968
292756233
113453676
98461447
289086902
216738901
95570830
154663588
11899961
234216604
107816351
293816443
89108261
97261461
309743287
43550986
287656648
94967468
86882158
12557556
241257495
117588698
223708837
187560493
202464372
266093654
34144940
319947646
1157360
222888385
88138352
32230482
194463672
300394483
88142915
227069483
10652157
316974615
171114024
124187541
298914480
290222712
213551962
237336087
79888850
293622258
92363367
321055271
260934763
248513604
159706526
288554311
10258858
65643750
229078636
192857068
111905991
281087836
111127911
116215803
296464949
321403236
24223882
242271401
216797724
45238216
290125388
143401990
6461776
235679474
92406934
298442941
19334538
317553473
144987676
180246526
332823401
13849893
253723885
318052072
272989620
231261495
151937360
93595909
94624257
64870059
199240428
166226255
34127533
326770569
32212522
93869895
124272161
170931505
50626983
144158118
41030499
187117162
100927399
205571505
113327228
71877983
121012633
237871241
112072280
216266335
228601978
76657865
32642390
56559289
309620632
54894172
269477448
256430708
286835224
234838819
39481792
186021125
10507701
182860710
247877431
160808572
33593852
128286203
48889388
141026377
151888806
199289943
232743884
216091295
29026312
141634301
103608178
222845698
282004707
252246995
257909656
49400853
9952748
38606918
127868876
206786183
295965572
228747251
280266658
13578862
111822351
289980901
199928346
177774258
266871578
48971212
137879128
254959317
145752691
235207192
297483518
325788724
58585585
116155068
260685050
314820889
314474361
246425858
249554474
123656705
49173655
280547785
62574131
54909019
318390676
324802409
37012805
73857141
174258955
132606188
138840456
49089971
53137561
60416722
90782707
224977395
308603150
94550840
72954065
69673769
129695727
142420675
223400805
161761360
56571883
38388931
93389095
170724641
87802844
265825171
61410744
20221275
282707405
146343896
255084937
227163094
189155299
74315633
294525660
318321867
24200054
180802869
163232358
240358955
149808546
143286210
15346901
290325543
141561073
116312981
74884719
228888036
91952152
244318078
212289284
82726571
270086716
279340186
152506716
9962259
127111947
232621057
13405449
294594741
29797943
224080191
144109472
291871549
149913810
154998480
26622826
70135761
251163162
43338216
246177549
26022104
256215955
67049344
70587418
205315336
158114549
196472783
117248168
145305618
152314915
203046474
156605
51867004
306864485
217912882
323334192
82256817
245218020
168731525
133654987
201004549
42873422
110264551
141062553
295952381
324928167
147814769
222427937
321588319
81370459
136591555
317937232
315290205
203797836
158438639
53211917
88822378
265715392
53600405
312337822
275044597
92779623
288547700
321322376
193408121
297981464
150006551
64411346
292937186
109254364
239111865
56404692
193745546
226387390
6421817
23420310
52439157
47018706
3429047
316401789
294542422
332677604
173026655
15243947
23122210
160800742
125932597
324489234
267908968
46005711
330374478
136372555
184129724
25447005
194965014
302688105
291041818
233142616
13424655
214154012
113545894
110286559
254858058
77411365
98009388
331477020
149341164
287085969
305335630
9798038
52922911
9038408
24583338
180047705
318044184
126894650
198123714
319418407
260259941
111548784
134744870
219503910
100300252
209897665
271417864
37865754
192998200
107059538
101092914
61157848
233549404
283459169
237922958
290043896
244822137
177871975
258047169
314204452
272930773
137071352
143634908
86358894
91990156
216460754
183475852
122191757
89646114
1322998
306577754
296354665
90261283
173307643
275341208
139439957
154962227
201857767
292287247
123872980
61168110
304446101
121060907
86012458
56668243
236607748
283805009
268991781
156656651
3150863
45136530
47043013
284228765
37232076
243769120
126844245
245991967
330309859
18611819
116500241
101983322
224265965
147354674
14448715
124381920
260760641
269451642
55188549
276240591
318018340
231118946
147618214
50866627
145777273
17586673
136825315
234915313
290718798
204113717
138090702
299801159
11664564
4056688
169724923
264069997
18278940
84672567
146877545
308156697
73771458
263214118
275824274
35563957
271198235
330204982
241195564
178766969
219038905
131217267
327268328
212509255
165652428
105560322
220469943
36801284
89788554
109312344
173558759
244690818
181577715
94889409
241651251
125742087
236378726
171259251
90819720
102389677
190322549
227326443
145714245
214932906
319750744
236589389
66130281
95105970
19846269
4824046
226826144
125063578
148109507
215176560
54658467
320958069
294439434
139961107
8927201
79400526
287892035
283765179
167242004
81863114
151239967
119194578
96681645
110298475
294932688
321353348
146267900
200574866
257529080
11539731
99024020
310796521
314813094
278130832
219069519
115780167
243752949
230816139
166690776
106554103
124570626
250171211
30993743
29342122
318747828
216485537
302549853
171795748
196467701
263664647
45275293
176668636
90413975
190200529
209973688
67151505
114877557
231672480
45478805
13237157
230412224
64010895
92595686
161337086
163919122
24186513
254333464
999354
26505161
74719959
31251622
220734263
245552983
205250412
9162225
233178929
263911408
180703714
216729498
326552414
314475573
36036106
292253676
305840112
245746372
295972009
287817784
258412784
56439147
313387447
234598973
128165443
59978730
183967058
259855336
106273470
163776543
112647082
164189819
222142271
176396285
79987243
61758517
5872804
34970887
123781542
275143164
300525694
205185280
48572982
332839462
193339718
306328380
214263023
262090562
59472238
219461361
72593355
214951597
228640194
1614644
277813133
151909150
42229880
44882798
302351327
137795668
154755961
161383351
121136573
315218210
307055429
273862286
283169523
1556635
318839604
184513835
87297094
25234894
286764503
38090044
146513065
103498901
61783720
143908044
250954115
323341282
89514557
1643778
168810431
252535942
280991002
315837036
255607735
244067106
245422426
91980668
181491220
24805247
85491139
268820432
256202135
43310189
201743313
265735191
132748599
73188622
316081868
304982051
81602772
46718508
332517830
232482117
296090058
649424
159761809
328343872
12867623
86605190
38400280
88443332
158420002
158194224
289738920
136346857
107481745
289539398
148698448
241237979
105239112
226218554
52922881
254199935
134257271
4333141
49534110
45479755
237153178
292369254
293524418
312401590
154162644
178393598
77844768
15110467
31216697
332420694
333271187
321317020
317372017
215474965
6046519
152334623
306842016
74811907
294855700
249866500
143019064
143239928
222179475
99053614
232312869
218681994
136695485
90072214
103815364
70887087
137159804
214771174
133956403
109240802
269075410
282994617
27581530
154098051
242783563
96265207
221611739
185979339
60830161
119460878
94905284
289247406
306021084
192675308
266185102
95972832
60022162
316624097
288334852
90535210
89954355
223341536
251747118
282752191
25321220
191351416
173348374
189447453
253617489
61900756
321098128
14721172
21320836
73162394
58139718
65318928
57058602
235551851
201443909
71890356
221746566
283112823
11477158
47638383
199353569
312855677
203446646
183295295
248902263
64314400
9444068
305793439
189841624
313824208
50060372
272226028
95460600
102143373
24931049
176495363
36376907
56337431
244123303
192732442
33826852
163470031
277230219
331341940
100670719
36744493
128154219
44441737
17898044
12811308
131845739
48184145
30621108
225719183
191377835
156125930
79527735
188258428
27067874
152290028
317896124
173693986
62568713
36959011
270283572
173171051
265936145
137389618
93547435
66017665
223591549
130569701
32682215
164330783
102207073
207519252
7231140
96720259
20909425
231681711
275953184
270903733
46657610
11763675
127727951
105267592
161354398
93697682
304235970
46860176
117195489
275076522
147236656
250704354
46936717
137645386
183019893
63419957
212988211
90971737
79407901
72906387
127065064
57241602
39545249
276887639
128156564
67164815
117533891
181374830
126404297
181301709
130594002
19951497
291839832
32188371
86114877
28126768
173012437
316609884
160136559
82292378
48788505
121111817
244840435
58114107
267295862
9631911
287337944
172910549
191359209
328161993
239537045
326104507
153466299
49350093
28393921
213664000
31237502
278018992
209240019
222969612
22295488
244328208
219626186
130281355
217252306
89205930
62855048
214244255
281114285
46022563
126656295
106208501
12973663
188224538
185376472
194151591
111043232
13291179
94676297
154493801
276265803
266019436
155622592
17784123
223549937
151206820
301715789
270326762
91872566
245384445
233813688
225176926
215851214
324362516
245854611
156668220
202840001
205357978
51585910
274737970
72813239
83608979
35754829
177726514
23353344
27264026
86884671
86342253
279741110
156983967
169947674
169769119
319124926
30570088
11434326
105021066
149613360
315650619
192338242
227572742
53637313
27636766
94667399
225361379
318930723
137968427
222456898
221762498
311868351
279202277
186831961
186288385
96604597
73467492
161205862
330469258
71865273
147478404
263470678
88144726
99469184
167162884
231098138
200675923
185993864
38983508
229067277
230432967
88607419
319062878
164544376
189626832
83977788
310403196
229456356
131165973
259149362
3832442
234233732
164769996
275583188
274781120
90141980
230102709
220451353
109153995
44158973
153579400
192050102
131098126
101334774
298767818
28379167
80081030
238402395
297059108
187766137
319804303
81977033
62435858
204287033
232354913
182060017
229539946
270428161
283173035
307691711
161210400
180951000
298466894
142391927
320319376
146229556
162331474
127426517
196275634
164687982
198975135
10269128
215657277
231352500
140023353
258740901
124087771
82757873
329226454
128704760
37298227
186050995
326272905
235287682
265801663
228772737
232138324
300021835
319504210
30521677
202474416
136853341
192621558
83972493
244651999
123657618
31522883
75668762
278064183
262385525
143249703
270158435
79982043
18946252
214184200
59552005
284544232
226560991
94435688
214678817
292270927
271816553
241324284
3254375
295467672
5865930
111344058
77977754
174172988
183414233
6167012
95939203
246310369
114021959
44276742
158724129
82442781
324552670
134060826
194669323
31852532
70246598
297391424
100640241
198135144
329169317
290290427
124038095
1560609
285645176
12477074
307406661
224915649
327186455
326765193
174417125
229244014
323391786
137387711
80877556
18613256
255717573
115313546
184275786
83286950
209493825
266497054
58580020
321629271
324746767
269951083
295815376
117538334
3614102
148950599
313470538
266155190
155739377
72753894
157977653
61005490
70695791
296044911
215641394
172835402
157210086
115218395
25033537
257535375
116340793
148163144
191889459
242638337
60182996
257002688
164083063
192166043
181317782
207315835
24529597
74888347
269846810
151033608
311303240
269387620
24296769
19176118
236153643
83399057
125981029
256913163
141585661
202572057
252123350
23318984
263450865
103880919
43079548
64359723
243461374
186679564
315235937
277794448
38972040
287184869
291680331
44886304
17382743
106036882
228251362
180912806
306048540
262920105
160038014
87588969
278272135
264401416
71390470
209870226
236662157
237245371
96078906
281859586
31268574
232988316
246359866
113587458
297607985
61391229
321633087
16465738
182217948
82481056
155620598
211351161
282340774
160809701
328368622
179782085
59468558
180774821
288282313
16226517
84873343
229198772
220558311
98047849
320438077
91195007
296620564
48702189
248536426
229134989
105066736
328638687
43294980
311907834
168654528
315041540
63249342
136335494
45028546
327984700
150749355
69599744
278816512
8001386
329142501
204917603
280406248
89174448
320196984
242832258
155376846
38096227
144767116
298924056
25078085
70888265
33332118
190367559
71164621
130328958
221257014
35471034
332751339
303828339
254808939
12783255
331014825
115646962
202993759
221956127
77545527
96072057
187854228
25621915
6319666
290917818
251961993
288864465
272628436
312663287
305185182
144763207
229160577
233167444
9742845
99860190
137577140
309176762
316835408
27502781
147348675
98206491
88775585
238932546
92057880
55292421
228891656
145058148
94244341
199267985
306968161
173483563
188781202
274427786
187622406
293360091
134512917
69791997
123550382
167689287
226376259
176724253
80834014
124652314
131070880
207196191
199580290
266435418
153387890
213749863
183176240
79308996
269726252
324625872
245965068
31103766
329586136
6788642
292119385
260530382
208024297
134495811
221347049
61003822
60819047
317687147
307268105
65371032
97211561
36060683
211233794
214609585
27833623
299498273
211869827
128628410
319471713
27941142
266345414
103636380
158930795
111877860
178710302
244864870
326527532
195916293
55834615
194343724
271346964
110530976
71015595
31544305
211680789
15980398
19885764
300386397
11886679
110028287
317839146
102456806
302510977
142799481
218953290
324757623
220867448
299530998
141729085
3607382
213642245
235374644
310500963
208035361
220212903
253232568
63288228
251879931
252769814
254169807
221474282
45408841
309162178
169521713
7319239
50585697
150513841
139131033
195713265
208832868
85365189
127501976
225956015
197219199
307200571
221228241
140812893
45656141
89570218
278470014
280900757
131208822
160140012
24941984
109413536
36001745
51953973
215586022
68879212
318791360
80163486
82475298
168078723
327305798
161324885
286948940
277817164
122357657
164999976
67992255
75473509
218214237
138003644
20629891
329265005
12436361
98718646
99207483
323040584
100220751
230529775
279580808
60212107
4203938
35372772
7914059
15723314
186738579
187008560
102472969
83304452
190299283
88178302
164090391
28696930
60368737
235654136
311337662
253419274
139489202
37073006
166864284
214801112
213233272
209812877
276880290
50193761
181146851
97206499
28748476
48376008
312004125
279236634
104756069
130265846
251626417
280965071
110854076
133642102
302788154
257161609
8196840
35061974
134263654
289769672
260707083
195490804
117353536
226161771
228419052
266910034
241699283
307348994
297391700
49113690
117572296
41181229
268592990
143820409
314837972
225846797
304036573
104334502
230575218
229474279
238916849
271713424
202765619
6157678
162799139
197038424
166214525
206490071
76535811
150686127
234162395
68514163
43278376
111953752
136533896
272629222
87402066
263605340
25774999
72283307
190200780
69751325
227584721
202753583
304320906
102179392
292818368
3291781
10827668
105488227
203030870
143479409
88351247
173698892
207331449
62563405
108489875
222254803
198818110
163353634
331267814
293130644
219580344
167184852
78322416
293826870
259804493
166358546
155720695
269599741
318731903
157850747
88635175
136471106
23530384
309006589
137615906
43864419
209090075
127253220
182750037
204239829
60761784
179060136
26532176
77499959
233314504
265919187
22041466
123969073
26730307
208438612
303705294
44435164
14036908
194847100
321923381
180422001
202740428
27949708
161319002
137566898
26658405
177542380
246599832
153072035
137225668
80170877
7121087
205545439
19218156
108755441
330890483
12765182
297191411
116590780
44436234
181200735
76820097
55616504
125351004
122107553
93763580
228824883
110637739
150382222
61126215
104592036
257109081
292587293
174289799
12219586
273116151
256974834
6764204
101632850
118004462
8969818
202863503
18293961
284972181
330803363
42200509
73928730
254079220
69485854
272125584
90836031
157429818
258504294
244904453
166007854
115829761
309183068
152947741
289010353
207344748
300146401
178518572
219066465
203232217
209930721
320108328
18451384
205176590
10686988
174071196
70086153
327396780
250846546
156398423
267327928
6878928
31536813
286143628
21269446
7537435
286195395
264738585
106090929
162766772
162821929
59816295
78439914
230311135
71788081
252794049
276411448
299014717
190144530
304361029
319062936
83252826
152602501
25084718
241298034
121735181
101816788
284705392
212222320
8499327
154038165
70180183
77895749
92524462
226930083
109754861
237562545
250207498
179004759
302482499
277217386
11004996
239237333
21258324
130666177
1958268
254561674
141414651
260600887
194109914
66531700
214269035
142657155
263518465
140576285
284472526
2432061
163728690
151042491
176860081
309906298
13688187
162278560
92513932
263396542
287499141
273831149
150401444
308799334
296139505
61624977
87449368
302695193
179297296
163766422
157653874
215486961
14591375
64391954
99089635
62819677
323276000
219317599
315344975
149463574
187041655
180656935
39272180
132491936
319683827
244485585
203856212
54687337
93810667
106441602
225881082
324660898
124812665
179853724
95538476
176539665
102206843
280413724
324726554
69068029
195797383
326801033
129754175
220128147
8801524
250143831
31240609
171372381
152997580
223051375
196750549
37173652
267244636
236253707
323513237
303208265
302809360
315939605
275458536
11742745
234318293
36594965
103544920
257227211
292261361
103692266
256669443
205949712
330476951
207519658
253260417
436548
108275650
51161818
69873651
318356612
93579896
258697923
85675452
286769965
172519443
212731683
252276629
176219537
120954389
8347559
82522523
307713930
103818348
115870895
303705116
221025988
204578320
153876207
287586206
230510973
116659837
91388841
73049669
58411173
83368001
61141860
207118604
203674080
17225241
135834333
204562295
267040192
277287015
75787314
88238167
235524903
47931459
306981674
176156069
86003606
204039380
242237917
144371397
301576150
52687317
291316147
97032398
151317958
262905591
99156056
62995167
45059154
302455522
246114689
161555519
274310471
15714168
96348507
304502825
278088261
64985120
217948200
258199425
242704670
202798845
198495391
254032778
147027658
211808462
81707193
62705759
4330499
242264307
139440787
36177812
44909565
137390928
104635339
256360929
116781210
204487590
172726251
59012096
224830469
309662117
312952126
294965816
107784157
136934889
97386442
308159416
36040702
104807024
72873334
154199758
154026146
295515627
326014155
101412982
295346106
147314594
72405730
100984753
200580343
149716619
253817154
127348903
241702714
233385556
59761325
30315673
30639954
104727402
220365070
118995341
164189134
61176375
59417531
67667781
190555683
267319238
209109019
171041603
266719403
276996248
22856942
217199158
217482197
94430505
249213458
163031390
241561535
98676283
227103265
287299648
121238353
222379656
199398339
129523155
97801093
9663558
258021313
269932442
141964575
193134265
232188034
230766174
89176256
16606287
112633405
34807001
106883966
69927454
91433272
141082416
154570371
35747561
214710153
133591975
62950533
210608245
156065005
330431706
60550509
79904
278834102
164504817
146015925
315767139
87543237
103437423
45650440
224898749
159066101
276765971
186599339
160604158
242694813
246910440
60602594
152704711
90609026
296537546
47621568
318084976
285805739
248728667
307470244
150278749
118220439
10804888
133591152
322095940
54768227
37878937
93022529
17954416
149140080
300546342
143400064
181146800
223025435
149640965
276456080
289359544
50023373
314243351
204005631
104557832
185499694
319065379
13880665
245222709
245062847
246329170
156022979
292002998
43867017
288929509
180234409
8765218
234915052
172719729
214104715
193605655
287117779
90461377
95062688
62094965
183955006
254083652
168319938
164156653
207359655
16257126
134053249
298759406
198649832
71948810
44293601
189251151
266697121
85801798
271045161
149743683
297181029
198999044
3133484
110439545
316105621
145350887
187278330
243265703
252211327
268121544
195732284
180959272
19420517
254782095
55192721
19179880
105787261
3270798
243992808
173947207
265568097
316960356
156452729
316958135
87543886
20171751
270591148
332192483
273534505
27624294
92187483
330070945
287222155
297667983
310878954
50904821
93434507
279124339
268349653
251855439
287000917
150903104
186349445
236061626
129597089
233697699
42110143
277962234
103836770
66774435
37105241
229409625
333281034
305322958
17355344
109498760
20233337
244063832
315013527
318995674
51058406
137043823
175250597
270787494
50646737
196122886
287182535
100786852
281013772
99870133
146660729
137079586
127803924
278034611
293036414
157967484
5033231
313882358
306280288
9457464
30455938
140689039
96553651
329994819
111116019
105050102
73830396
318320400
48261205
121684527
241831401
86519138
151872160
101661299
262491557
252798146
320680217
318856041
243013480
218287237
172535405
332494015
36260959
215446836
116533656
105947525
291579569
59532654
197108326
192607428
292730567
221327827
12242405
309451508
163169813
106849552
90490973
299892353
262576697
120403842
328670421
240528415
102648750
265746887
140491888
10834493
208935779
100784127
166302566
7612229
234756697
174274302
175543469
219838950
113785180
253255539
62355505
249864200
106804755
215871709
286887434
92706099
72607090
122189122
103109784
127609123
18238089
324121277
273808803
278544
30833927
77110392
28628251
284426337
1896044
184575186
19213529
108674388
177423738
218788160
182200165
143391218
287853512
6383034
156728329
129555069
46479784
18437669
243042469
39406299
84684224
178009462
237491399
164146132
67488272
123518759
293335813
56148599
178170167
58505876
49235485
274318229
244037841
62123356
222279381
217915435
2305521
171189615
304826982
276593265
291535801
221787318
183495639
17356242
244237748
248868794
109411642
90731987
269537945
317113826
243768624
35024106
244986595
200915300
51021738
175547676
3407954
283087796
159263434
126287644
43521166
106511513
122789122
183572922
18190877
246209811
230532377
179117199
236440046
110778737
166510228
57240874
189766433
267635752
271197738
43008744
330561004
124983257
15126723
219122846
291073746
295448379
34922416
235761342
165402610
212534340
45088756
45419009
246289712
69205529
219194083
44154451
197756943
154154781
308655676
20314
153224286
303490086
84607830
229702915
50937820
158976147
57330858
182741831
89162884
117149280
175427788
70297924
253436056
191818676
15246019
248356204
315024762
48225452
62115736
229474622
261394760
99865566
124266901
271937281
118802134
93463791
121211521
30060643
157614776
294556717
293965673
215139107
231630474
85195120
278722626
38870544
212337599
117436827
142883552
40152589
44786270
317106628
309127090
234873372
290634444
102774728
61037568
160394869
309563122
131772939
225728126
330946337
131365678
183058269
330905425
71108689
310026872
240459144
77170517
27242718
6564447
149997030
119358380
213539501
178706975
236276588
24474906
244526835
81045132
151704121
2359787
80860825
303300778
155377256
150589089
241753596
233819981
76141584
57422818
106439054
120404567
324395212
224253834
228637619
326134303
72918136
219906174
205396709
86652462
213955352
130291469
254687129
60992523
325405964
95513772
294473764
214785287
20348791
195368173
176781741
253435142
134183358
84140796
159841151
289869650
80884824
176637010
111381955
16415679
237663849
88479709
50156577
220349475
66283406
150568136
301685329
120077017
156857795
195208362
208272491
150358215
124945489
282474208
67610157
184598637
220520984
318857309
128561572
303977464
79681712
304066106
324590824
6592108
266885935
135113738
167682069
220594814
273177548
69352716
217970678
54200719
204587249
244662446
144053374
43027598
203437854
167047408
90489427
297555664
286058796
271331440
94341419
187114780
50449074
21951211
325292908
227042505
106983025
71536491
182719840
284931792
281877946
224708305
11810588
30193761
57423265
96106605
244104571
162937759
127861621
315588396
101548619
331553288
9919229
296605997
207425085
110504290
254337403
112031630
5956578
237130865
46536226
21536778
284813429
74418134
29273040
319611061
207730340
293575711
24858582
179505822
119197406
211394805
176557052
136930294
118268243
127009644
149055321
156178147
118146961
122885554
146416013
219716825
241170311
171565773
310517400
186649221
22677154
39407895
265447101
192347425
319675487
308760078
159219245
2752770
16634745
34518806
113817681
259309477
145797022
3002905
157514591
269418037
194647112
145004734
124026358
92867932
140746519
240572245
189346887
157278383
103810105
149781195
25594146
80507922
223355252
104307131
227676656
196173315
324906082
266578246
14357228
307068743
40535089
324587349
72880289
304045645
783845
170563217
49566443
113280566
305709638
81321879
16090296
22719536
55113001
69497618
215803598
289215767
299512267
136762495
7907821
203298448
67225362
289303478
154724521
226350242
247538304
113165870
77065315
152601485
53078156
282113929
190363897
43686888
116713679
215200094
321839145
269365070
115811604
295076858
142297405
24322081
96195930
298017216
100909548
247104139
224671299
2689665
192682319
84491404
23831771
290084062
92856126
108071147
152201580
191291334
64074648
31242465
199242627
208497227
12296986
233278661
74495880
184528302
96957926
234052210
230128415
259297252
210260204
323047194
48108849
91607784
114860889
244133486
297797991
6654565
237668514
31922284
280929874
3336231
96262341
213135465
260244421
25097384
160906163
59950592
19342932
33666167
310231802
260750795
29333056
151916784
80363595
305689650
313832967
284172088
120405571
190741595
310843591
35763187
297482384
325586462
290069432
281135525
275285562
130197134
112410922
288427346
331492550
163313380
72531925
289724056
108003354
75678820
70308072
61599936
281704046
236833633
59567617
127649061
299993730
265971799
171124111
90217996
6143788
71932835
288047022
149159411
287159987
46960295
110949139
12551057
180672908
238505679
82898457
234240530
154526222
139667668
292232627
198877113
303962055
138980797
88814341
226615795
122724377
327447867
252234700
306010720
214543446
44738674
244107564
70949508
104422440
172790541
142649785
251327786
81765584
233320910
160981341
87235654
218754946
257381956
302519830
180347500
132811346
155551548
44068191
30453538
292559724
156498929
200700310
61895662
262213169
217145055
206545041
92293421
283873072
192733782
75998741
9693444
143069674
219843909
1055515
106132764
94022528
16476542
24437984
219919151
269332007
325266255
5402930
238193329
130793810
103813960
90296316
243825118
253315212
56435491
308217897
178092769
304261374
107214699
22656034
66340667
268595300
177866247
162163749
191512123
37195858
55897322
140722895
153654959
175983961
64445304
6677005
230748215
262399365
231125342
1854419
189987062
299961260
309603311
131410171
273641112
59234555
230994405
114879749
168444221
70464604
110437019
5388309
329366562
201558644
287029815
62513224
320073830
46670601
37209534
1045647
195478157
177108548
208473900
37157760
70873017
306815043
24750552
238946759
332560912
193258670
268949154
104433683
331371182
192699263
45012126
260553138
122910028
81350234
265273003
206893129
129762978
258143180
161879467
100958493
139458810
233211441
160028894
64282922
312685856
162301462
180593115
87727090
29194804
326104926
149244038
167122311
245082247
23097402
118933791
284544600
132073358
135400158
213679703
196094026
41765807
157431781
201822541
196984167
231636097
68306825
320997504
261584075
46284782
266016645
201979046
169172768
184937567
219188990
248805144
214553054
114443941
309939064
291623933
310807469
212069750
81898436
248986710
243573896
332862099
178354393
103629787
126733561
297072437
56178491
227819697
199632166
317052485
312000178
327111593
123527623
226713061
263498189
9580824
58945953
14685146
92155278
277546335
99040738
175849122
12016495
61512746
312920222
181639702
148770534
90262756
193895684
200732079
244171330
236984027
217609559
18758394
290873971
203960882
255901444
63008288
319661224
99583991
100909245
267898783
126596494
3068714
249990890
82122588
277671248
10592650
268487207
173889510
100921126
293976485
99266438
241997732
116144535
136677110
285786242
116884005
312813893
288454386
176564892
49848883
187923036
266041920
307671125
74110030
186773359
109275081
310782461
20430424
268512912
250716960
69037859
171007947
327793840
252363924
221346710
240096763
155926039
251586120
139275990
259920772
296951848
93536790
93943776
252766787
29106141
54249569
26590462
33754514
134139626
275807420
175420880
227977547
307625096
223106426
325652374
117299585
232766598
298648706
210546850
80516319
250205303
27334210
85607531
237501788
305393827
153724606
246309170
102303338
1948026
254953279
227869829
200606214
212219943
126459474
310291028
84930109
314174979
257853069
110361653
60314802
258379355
212047216
40596054
60604014
113015996
38119274
213306686
147463140
173737480
252827773
16838747
61390536
70538440
149185121
75513344
52504514
183723679
307889108
110177749
254339120
267523002
304602165
82893523
15168607
84947409
132504421
109766674
266342133
209758201
156306705
21093729
81543392
157484102
93760178
180480318
75918857
27637922
237052968
180384630
4138545
12637171
60569403
121177792
11595022
277560831
252388040
312311787
220362439
137839155
132356097
191256167
86531662
54818882
317948961
219335712
27519720
322781512
36845263
302463274
268410535
96168707
61731848
17997277
320680560
285059714
158031338
18943928
34163952
332775182
152897518
167553051
17278962
310890450
247789137
30333240
328146245
71598358
49888504
101758875
67325649
77878821
115329998
94789365
324519126
71239316
7149256
184933686
154915582
19330790
240455447
165168444
258250663
27633493
97984273
259945455
32746625
104301659
156666678
280771969
300522676
188528824
16464289
86757059
244296975
272067768
104917094
44534060
321842586
26835933
321617115
222585471
154701677
97923221
130790287
151865032
149010419
118989590
218317529
208974058
225979454
211302317
40605131
88569827
294903940
26328620
192641505
122969348
118053009
106062174
249022281
265795800
296527385
175663234
186049997
135703267
69903699
233089276
126538448
277960442
136179572
208244720
260737711
308221869
91269892
97451770
212743468
288577307
165236824
166844546
261552556
106627099
147362176
68694836
179723451
160460208
233413199
95838895
140218060
223251620
193648766
287099834
129054190
219380788
30728697
175154114
272348751
81443912
112494870
248051971
68096060
226826942
176074706
64517940
293611605
49571246
151068636
318103909
100695486
255012013
159220810
252257933
65559771
183476320
2340579
271538132
152397649
141956158
215877975
119347486
202199020
271763806
118960296
84975837
170170145
290354496
274616216
319741847
275592276
21445077
260103005
34371924
282525804
68180606
94591612
163591866
172091343
316717749
317596445
146969866
215334533
41123303
224980192
111292933
49441311
28690114
163088333
243019801
146706098
72956131
44791498
57033781
165208646
54417095
12392741
116064505
236203948
327072924
19793063
100053262
151837781
304119365
146663766
122347931
8936254
86139746
227522353
285018516
328644883
152614887
310245744
227751955
296957955
117079982
319472313
236118492
139238948
160982630
311470136
155676999
204529204
180082407
20064952
308520678
71629879
16449030
255040490
204947803
96582879
214020187
315556853
82742243
186122103
333042328
211420456
35017367
143485178
324842025
252819151
292299486
173066932
82466268
81060686
186366056
19907738
251421062
216185005
260257205
88832125
94957284
289395205
317393973
317338724
127024706
300076662
210817320
146219436
94370608
302358515
26091130
61031494
274273974
45813087
245450606
175298574
74318908
240880925
273648920
112010767
244948139
2646553
205152314
201437357
46623096
192111119
205172642
138360330
222406427
98515072
217764105
230526583
180619715
49092530
125377314
296672943
251300961
56684362
134343954
254196234
178743259
272465525
56893020
67695727
329133378
289697064
239291423
74774223
140634693
171645540
100139564
92717390
56075899
269818947
79972282
78948040
284545759
160244196
157265256
51299555
233628894
73306159
157618133
208939630
130348520
204443330
134802180
191323263
311375646
118408455
195676091
122038451
109420051
321675448
104299950
148175329
201588444
154050405
241213271
269101084
116962256
123933570
81280234
250895957
149805729
151012527
215262266
242407627
264543334
266780873
305929034
103961916
55008644
205311550
184876895
35441171
211198687
124800362
255392195
69629785
327210202
54244142
63908079
102332792
94176550
287538111
270796471
94726130
241336509
151200604
157131226
326046660
163964156
27763685
10300232
9999444
64005773
291912223
102110397
14323556
297122538
324777924
34139816
143000013
166219757
154936938
99668394
56135920
232064138
323929891
162868500
24079775
70915240
247286120
178174639
60725857
150547064
8277311
184556561
303912379
83205308
163933930
49274623
132137635
24821100
164919358
215455287
272582043
117528345
245318094
303762758
255075267
107571871
281976549
98641647
312223395
311012305
233759494
234713615
172199403
109255685
54237105
70071329
132598602
110134744
114838007
248320025
308867145
65491974
105867373
307225224
179570203
204777264
214277337
293302988
231389923
304822433
167473868
330993236
71004192
11426622
23124790
148151900
289471032
322824665
190959733
140167166
205326373
136334063
150106197
100239678
10377884
192768750
116466343
262051279
325949784
91713776
33095960
201465035
252073468
259615402
188353231
118317498
86359973
57963214
72107218
277765051
104271316
242797242
273070194
128532332
292272388
58338890
145780739
125136180
318157165
272509637
124278509
234752681
279272178
258232667
92102290
133479684
193148628
93389041
281775306
188586649
73271051
306279185
259051589
71954985
219513929
196908757
270610438
180597337
287253662
265433207
296111831
276961075
98319804
102705373
106214469
225359178
180860103
60297756
110024271
274045559
321454574
249278509
44856739
146293872
82680584
165807643
296438560
19252694
152612325
240095301
109207200
296404472
178970835
181572818
244534453
119755349
276536523
33442996
270151442
25332962
84555987
301223978
73038216
280780641
224615950
41638852
225525773
102144748
230076660
303964994
15025924
248167173
193025421
72721638
295286237
292410241
273305368
280609486
236988011
4277295
3472675
294300098
207793452
202357272
302484148
78648160
141400490
132592347
16678200
120993194
29409395
254859266
272558167
23695391
325460867
273189375
72697124
275174116
221538392
185854825
154999146
75333857
271799908
54980401
246136722
246720718
64770777
279483666
193257080
311833828
215986521
209086896
114599416
184538369
128388836
98364899
213293973
84835856
191883054
204563994
235325127
283300774
117488204
147809077
82156407
56101551
67577441
226813438
52045850
215793772
163682660
220118487
148920147
239616410
144632358
270397752
257234092
186526237
268243988
163376414
67611081
48706384
10805359
276432104
299785215
92553299
328880220
141354409
207068392
70101657
108445365
162252195
214209244
219026837
329105635
330965472
69287805
50748238
295804243
40198255
259348526
109631801
110192504
314395611
68136165
327262369
150847140
172867360
16004302
37290680
247647835
49973294
161630747
196362460
46943363
72015643
224780888
326838920
188828898
5334925
282733246
212234565
120066538
172730299
38596689
29370598
14811823
331256770
177389739
210885391
280989994
284360729
271325072
172727046
3830238
257226885
307211009
49301161
61625146
329096209
55137415
257162688
327098633
55529067
216733526
229129341
93385384
126215593
94783976
262833357
135680313
211879277
116929260
138686481
326675411
203434722
24923629
3648632
201402433
255546076
331464631
118010786
253229376
68704232
131877136
304080296
112999726
91719419
135391768
203021474
172100164
318054196
190344243
286828041
176920569
45077393
262432061
2908799
290213974
327051293
21595343
277126492
80807484
317986351
132908102
186345664
10099992
301810465
203673213
272095250
107915643
142744987
278493550
172659232
4284031
270891745
225433921
312145356
172888377
304129351
328983326
315289281
268751166
306787898
176892904
194282554
124890582
186697829
3415712
131526546
321506214
200189870
262990278
228419034
34542141
108311915
147960811
66564375
327949023
171860703
325103738
222699663
243993556
31442965
147374275
68160095
176755866
170527449
154620048
278884332
67374258
271823295
169244701
322151753
302704210
53749804
19077822
105928898
189841122
199252135
272616272
292889466
324449957
53091096
280898772
203702358
264623826
32349658
208600037
134158665
283813615
5889337
239758748
43506997
17437926
43228606
268169894
199441847
38216641
211980059
177469291
320581146
256603109
54481876
288888561
43130271
171503282
299677509
166442385
267794388
325757222
245068817
293319064
299291085
167139866
6490518
54695812
274550416
302748739
242179245
229659927
278197964
324305500
107543945
269752608
108214737
247753283
256443235
280660403
52038338
165432856
100979159
300820515
324457550
28034505
196664556
15039541
81615588
259271140
114182659
137007073
30564802
97547631
182716588
129180581
74622573
213511201
110666926
47598149
62900307
144459512
15172138
14517527
203796549
129837514
87057099
167172623
40970017
95002410
119908655
193030370
284489192
217554974
272083729
259099882
49684363
285518002
76254790
167706634
82783012
73532900
240617051
220405464
115970445
163167036
32169342
72681236
177930183
288485206
294429677
182414272
332696404
120730389
284281019
209680399
214234028
138687607
328785875
114052028
91702925
2008973
193789837
231513438
162212061
255356351
35598547
193946817
192125656
246458891
308181888
258387815
275038112
24284374
6053109
189084872
29579101
232559953
29869868
314656637
111990987
147825366
49798833
61490301
99060650
71022960
159597263
232149103
253329736
315297376
11750049
69124573
232408828
41257696
148377883
121909158
206507150
70520401
124559183
221365582
8913658
312833434
26530256
158754850
219478249
178474351
29218346
41011412
302654167
210476106
75527270
91784778
93516559
220820703
224854910
232479971
109749847
97230928
16907807
74981636
231230373
153071919
6197827
55684033
89730834
205192998
180366775
4112398
115406042
223576404
327771765
106942806
318381550
52450356
262312913
308295824
60930891
237171421
283428397
270624488
104173221
124789591
87755273
247778786
131644011
227787052
248225444
161819342
193485313
83445865
50310656
306140619
209424221
331717654
90320403
107418230
218754102
273128758
157001068
120221774
181735443
217092153
156328454
216145624
239384284
325114471
226022980
239476652
24149319
281453856
71573538
281151039
204662562
325279866
296791823
169325231
44825578
16323990
280720765
220175725
331734273
222532932
276473715
44750358
108620164
44454357
101613836
142040462
300377091
81849632
148761975
265231733
144372880
54815837
169983401
245939874
24755454
314290791
112890048
286105698
323952197
35696572
230554948
247180846
12510399
323685279
228135314
236989914
259907515
81172355
60032209
288360875
205096123
98577004
107997956
125080181
111333094
169838828
215283612
103969889
73266695
108875659
92493668
204099461
49366227
184596866
120103707
133040819
169318159
108864864
207494754
101334467
189258493
111854941
88012506
226961302
285522253
283946326
203468947
146611950
216376385
144027780
144679427
271634195
213980742
244091377
98621024
311950914
160825371
175525794
79425946
25038284
81615424
130945165
229572650
88970425
107569012
224841612
333123928
129735952
111613852
53894000
141123416
289858208
5794749
277255011
268503998
307416260
13259630
246916156
132714594
110259195
276254813
157939025
72212999
295964917
273624957
321844092
115036409
171575011
170547093
91617789
17447544
325261732
221664038
241041312
159461443
134341191
83879058
70328589
130590670
223006869
225298438
92937527
143534387
264013064
122656799
143124162
224693992
141793424
98922087
96441221
157226847
27717154
125573106
227329371
148052900
72319577
96602099
12898325
90129176
248482683
220752391
320748629
126397582
113741388
190367920
330467116
188913662
128663057
246092625
249316391
41924376
178480121
323870430
139579352
97209358
12419672
237669709
221602943
41831249
12087721
315107236
172539223
261960822
204796461
27308223
210820560
24814149
175460144
322437641
45484778
200554862
125751689
50473547
20855734
126600052
170196007
57630719
98207872
59393907
212716311
25897259
117381647
303772569
246968699
290887791
271751084
202838116
322569959
125523392
310298040
161221790
308671578
168509881
277290209
302534618
12953074
152640984
227915034
48744032
301125662
185298309
185051910
291001074
37159700
102007193
140460493
136320329
2806010
206975837
247757881
289809085
57445205
282176317
16498862
203237147
289391142
53202147
86577792
98318766
88601627
221131245
83913830
179264432
143649396
163222710
84721737
197570162
9148512
66766199
302637938
119853042
237887476
308154389
330352024
309584459
115074277
198883395
262703992
88885374
267517112
54864977
96546562
184283113
55676671
19322076
315336322
64743709
80393520
258825236
106081670
267017684
118983741
101322050
167117018
175361115
296934002
109974109
99384427
78108315
71788177
53687767
248338156
124216361
58330512
297042242
10876031
145605009
197515010
44365642
234150724
90046066
318154919
118702641
104694692
11732853
87238281
295230981
15522899
141321448
279706958
292517880
45790473
211805428
17239960
171848835
173979619
320043640
226770342
54247759
203702362
132285833
71368498
20524789
30485577
104906960
264172795
142577028
286809094
257112011
303765547
210486521
278150444
212259516
116741952
69663433
160949033
263576895
63649840
13154486
82992679
167147844
106205680
165081678
106125369
251923920
75959172
284527670
103223065
251062851
234009047
78898382
29736838
19105397
234126151
174903585
58067176
170386252
205958553
139894680
128814254
187373560
219398546
214819583
166264939
313721279
55687595
320515361
274768576
170658785
116832529
134944815
225072590
11102895
171245544
323120323
137089678
215862635
329443305
324441169
31536703
249716801
210304871
18242751
263606605
291956371
45991680
232217829
31220337
320845924
261455586
205840101
218715229
157942556
257116714
215005197
192293841
321711462
243063810
74842344
30576026
279647742
98269109
67632461
152805064
165672915
170349256
247468498
293155802
169529045
37608695
24734529
31452257
70404148
112323006
111697603
253457495
253809030
76576474
218605133
145846561
135949855
175238948
187762293
133471187
175297160
273648885
158193913
277087387
72390694
6145349
259314151
18562763
323954972
270605934
79441127
98256854
116628634
324542761
181933080
294194050
306898728
290320275
58115892
109208126
240341231
178076559
170430889
82514657
5399674
38563425
278345747
44208930
57401666
248668275
238626338
45160611
231943062
319434978
134886959
177058753
189654463
188705524
223660263
60889191
129112532
1727652
181625891
134014885
184606798
291707941
32864774
203712462
72699328
128561167
167406177
56170367
158466229
85333067
319455433
4947355
43417907
20365362
254987110
51305324
66502009
217241372
6180246
65274609
311126450
283970237
59224679
93826857
278594914
231774875
251276567
127828304
157408088
259177447
294945732
43710791
224695078
53421640
24204694
294818488
155321142
146261591
239720107
308586453
88413829
132842268
158525017
248018170
302383297
236112412
299855426
114065832
228417432
61762102
139820749
310954571
34251846
223054057
244234140
100747072
44489549
11940888
280583921
137747118
300810568
1034829
248739509
316616392
151979336
84613506
160694510
150885442
234575212
169335278
27132737
298164465
286468783
209569227
61269966
15084481
120260561
82157666
59800973
94926320
319906996
58169749
176078025
43416034
274438216
280525934
215434758
248623179
214025194
229727086
238916949
195749962
325480930
273208015
6886305
129746318
86199664
240484157
236569165
317794084
90252355
220830586
168340531
297668029
254950473
106165207
130657305
243916904
199511110
208801003
14526124
75353343
309775327
275858863
91955167
18855740
257355014
306664475
54354964
329976071
297606232
216847706
58663445
154614395
220679711
220803448
104200004
61745569
69181664
9924279
43288027
302844655
282196329
118397387
139924995
211159297
119766176
186610430
238352938
171183969
303736476
17498365
176758856
21976661
283876393
96500922
213646968
134945083
116445465
66825712
64587355
105588211
79530036
217630989
205155980
274706656
112770989
303890451
225722869
131535313
314201988
251458669
166325598
91388225
289899878
84046932
27415319
158265805
255486695
50044776
64074600
189767715
313140162
215870690
162263771
59123286
150104324
160524637
262513213
219537335
164463842
99467318
209138039
279684943
228923969
215028555
284190759
238037055
302457700
135349450
143855954
221300686
98313639
505971
137534833
34457881
280955152
209930231
52205205
46461591
50488326
288708256
91561331
266994348
68867913
65083505
175392079
80779617
182690976
109701138
111668597
266181508
227911903
175354394
236384991
187862269
170367896
279112622
215418877
144228984
197836588
120365789
76065496
146929775
87732540
177190615
97541682
261330399
102967484
29255361
149234381
225015741
303076910
268968446
105963069
248980556
20964882
11314982
322913184
135315559
110947874
327969561
169429272
141113277
64875964
317916021
158586211
117383827
171096940
231585575
149498578
151837515
44167717
172329187
129361846
305859948
65438661
295479962
174022164
241377780
113503561
37780896
26103793
179070899
306735308
161022778
110790629
174453277
238291926
209157327
61586062
205902198
35380542
298751101
210780218
141956764
182648345
295719713
204898173
182058274
298595966
276350420
462585
294430697
232690202
316837276
175602388
202113797
84122257
97400079
119760793
246626236
230288652
123291432
209984627
227190554
307749483
109644710
245182709
164927121
116000583
42238197
153385511
30152769
294209050
327979095
191398861
252665059
127220975
233188377
137194877
244961581
211536120
249627706
40104527
310608525
159139910
229798355
264870421
327722703
16141300
178237632
22270917
30297580
199425776
166482511
45051762
233412946
296191124
134695773
176154917
4107521
85291030
184830857
147282829
60131007
131689603
6378405
21782132
307208997
253313175
243386227
93853080
62159744
328192240
5248231
139854822
331464208
257444400
17307354
63834999
213450185
240921108
137614528
166032932
76086340
277371653
12095755
122169243
125609901
42762593
302687790
106420017
312877049
1456395
321279402
83418363
197983987
207428613
229897248
97322828
326944451
279456738
154592476
298566387
320320048
41148276
330615281
273265684
214505291
171289707
321300451
72809288
291192428
55198758
78839031
71603276
123764055
285417254
314237452
240536103
241268794
142026587
215073103
304814336
53841341
69384675
170993663
145725291
303156293
328325203
223964369
267442313
196392470
274387687
289735161
51941928
192241327
280152560
297154604
249554010
208226099
67337030
122896829
46414707
152947476
104875690
198938531
307776722
320785276
132710738
94043821
93101008
80111929
213221715
117683435
56650063
171593493
107169846
227197927
137263451
193675753
206710186
49513297
323880132
155715080
101474941
136863528
79394044
281271450
63743400
283238033
315269735
240489346
256826043
107987680
48744908
289563449
281055568
18048437
27730650
240082191
113545030
186377341
13549376
212352202
19273955
296712743
201151542
302418100
89633839
296478687
168707358
67984108
282068048
206847183
209585296
123819104
30714798
111812046
245926473
314896601
163127160
155051555
73042867
242620433
260971218
248449391
2407152
93599533
36315318
287781607
68531849
84372015
311683354
295457240
271799122
114795862
223091057
254077181
287134302
220745686
316062434
52539156
291095585
313667451
168165812
327890345
75721254
233185508
306879848
282941720
118353485
330711818
291955766
276710636
140034427
231177020
315200302
42400859
99256529
190702489
321198757
237821033
240083300
231680968
67320993
63977882
21374936
154723397
243401600
290192163
263674628
303524861
188222429
18426835
152435299
10979614
120171739
58133794
144816510
331877004
57601935
48195781
158678843
323778621
17815909
13536409
192092464
283023579
204834105
257003628
10981895
300184332
309420214
108369718
242358007
258367059
97509016
118730234
150525306
318974094
284975925
308930457
311114755
40293709
19984567
171835321
219431003
236003584
11079866
197298748
27919133
278827846
91137646
94510613
88800632
192067886
235046300
75377323
114545617
122368490
212330406
197320370
171286677
70928104
263808181
243974747
170799399
308209047
8694959
131396152
216783542
64451419
53022987
266954404
57990005
132323208
258263038
44037598
221231493
97112118
269723965
70370569
255487860
296906468
138167187
12888207
14675659
242686545
205630837
49354759
169936624
292255829
237288798
152675561
35061922
220760713
258649002
274951684
57902207
77201180
254433521
332351152
360809
330261429
316755892
290372371
196390263
270861605
330517434
198047855
71540441
94834301
93539803
256756462
196428356
52913022
227357712
298043906
237025211
326692418
269746510
156447183
270053575
330769095
90726216
117106208
318094897
143377839
226034743
162297727
322545352
274105431
223299957
10046383
41251342
95056552
256002148
188489702
118478976
305539427
269863157
259281696
301485670
124029775
328109128
57981343
316832622
177909603
22734061
102078996
296377607
166357422
11930075
218634027
330121788
212287807
267437286
275316568
45930187
115261772
297056227
224797888
272318729
78558385
194764626
321073549
279155006
293119740
329661197
190118890
329814569
204181773
18371468
62015682
242266444
226282137
215188247
104280085
322256503
186019862
95376834
198996992
55972853
14003272
148864862
195525245
212292887
109927197
226855746
289240398
246595416
161034
34780470
17916989
269769628
126007132
81879790
233855224
326108926
254186521
120563324
134535759
300098713
55870489
315630374
274152559
251286330
111783807
76828582
67369053
140058784
105943679
222933823
41101195
77612019
41999702
61966335
170661557
223075046
189026360
224863130
129796841
332808436
82834782
172986416
140151577
53633312
273053097
4214117
310433931
185041962
249491137
301979928
37511551
199855591
284999086
254504937
183867510
185473633
185317015
223784954
263101212
156018007
181153354
55421438
325396764
314796300
5533934
140428558
261085844
274474294
227851057
159350648
87635405
219724330
300721662
196138828
98033096
222821060
123746599
253403271
296176221
5600224
126190643
195360626
